This file contains any messages produced by compilers while
running configure, to aid debugging if configure makes a mistake.

It was created by Cbc configure 2.10.12, which was
generated by GNU Autoconf 2.59.  Invocation command line was

  $ /Users/hiruse/Desktop/menu-app/Cbc/Cbc/configure --disable-dependency-tracking --disable-option-checking --prefix=/Users/hiruse/cbc --enable-cbc-parallel --with-coin-instdir=/Users/hiruse/cbc

## --------- ##
## Platform. ##
## --------- ##

hostname = hirosemoehananoMacBook-Pro.local
uname -m = x86_64
uname -r = 21.6.0
uname -s = Darwin
uname -v = Darwin Kernel Version 21.6.0: Wed Apr 24 06:02:02 PDT 2024; root:xnu-8020.240.18.708.4~1/RELEASE_X86_64

/usr/bin/uname -p = i386
/bin/uname -X     = unknown

/bin/arch              = unknown
/usr/bin/arch -k       = unknown
/usr/convex/getsysinfo = unknown
hostinfo               = Mach kernel version:
	 Darwin Kernel Version 21.6.0: Wed Apr 24 06:02:02 PDT 2024; root:xnu-8020.240.18.708.4~1/RELEASE_X86_64
Kernel configured for up to 8 processors.
4 processors are physically available.
8 processors are logically available.
Processor type: x86_64h (Intel x86-64h Haswell)
Processors active: 0 1 2 3 4 5 6 7
Primary memory available: 16.00 gigabytes
Default processor set: 800 tasks, 4340 threads, 8 processors
Load average: 3.91, Mach factor: 4.08
/bin/machine           = unknown
/usr/bin/oslevel       = unknown
/bin/universe          = unknown

PATH: /Users/hiruse/.pyenv/shims
PATH: /Users/hiruse/.local/bin
PATH: /Users/hiruse/google-cloud-sdk/bin
PATH: /usr/local/bin
PATH: /usr/bin
PATH: /bin
PATH: /usr/sbin
PATH: /sbin
PATH: /Users/hiruse/go/bin
PATH: /usr/local/opt/llvm/bin
PATH: /Users/hiruse/bin
PATH: /Users/hiruse/.local/bin
PATH: /Users/hiruse/.goenv/shims
PATH: /Users/hiruse/.nodenv/shims


## ----------- ##
## Core tests. ##
## ----------- ##

configure:1732: checking build system type
configure:1750: result: x86_64-apple-darwin21.6.0
configure:1823: checking for svnversion
configure:1850: result: no
configure:1879: checking whether we want to compile in debug mode
configure:1925: result: no
configure:2175: checking for clang
configure:2191: found /usr/bin/clang
configure:2201: result: clang
configure:2222: checking for C compiler version
configure:2225: clang --version </dev/null >&5
Apple clang version 14.0.0 (clang-1400.0.29.202)
Target: x86_64-apple-darwin21.6.0
Thread model: posix
InstalledDir: /Library/Developer/CommandLineTools/usr/bin
configure:2228: $? = 0
configure:2230: clang -v </dev/null >&5
Apple clang version 14.0.0 (clang-1400.0.29.202)
Target: x86_64-apple-darwin21.6.0
Thread model: posix
InstalledDir: /Library/Developer/CommandLineTools/usr/bin
configure:2233: $? = 0
configure:2235: clang -V </dev/null >&5
clang: error: argument to '-V' is missing (expected 1 value)
clang: error: no input files
configure:2238: $? = 1
configure:2261: checking for C compiler default output file name
configure:2264: clang    conftest.c  >&5
configure:2267: $? = 0
configure:2313: result: a.out
configure:2318: checking whether the C compiler works
configure:2324: ./a.out
configure:2327: $? = 0
configure:2344: result: yes
configure:2351: checking whether we are cross compiling
configure:2353: result: no
configure:2356: checking for suffix of executables
configure:2358: clang -o conftest    conftest.c  >&5
configure:2361: $? = 0
configure:2386: result: 
configure:2392: checking for suffix of object files
configure:2413: clang -c   conftest.c >&5
configure:2416: $? = 0
configure:2438: result: o
configure:2442: checking whether we are using the GNU C compiler
configure:2466: clang -c   conftest.c >&5
configure:2472: $? = 0
configure:2476: test -z 
			 || test ! -s conftest.err
configure:2479: $? = 0
configure:2482: test -s conftest.o
configure:2485: $? = 0
configure:2498: result: yes
configure:2504: checking whether clang accepts -g
configure:2525: clang -c -g  conftest.c >&5
configure:2531: $? = 0
configure:2535: test -z 
			 || test ! -s conftest.err
configure:2538: $? = 0
configure:2541: test -s conftest.o
configure:2544: $? = 0
configure:2555: result: yes
configure:2572: checking for clang option to accept ANSI C
configure:2642: clang  -c -g -O2  conftest.c >&5
configure:2648: $? = 0
configure:2652: test -z 
			 || test ! -s conftest.err
configure:2655: $? = 0
configure:2658: test -s conftest.o
configure:2661: $? = 0
configure:2679: result: none needed
configure:2697: clang -c -g -O2  conftest.c >&5
conftest.c:2:3: error: unknown type name 'choke'
  choke me
  ^
conftest.c:2:11: error: expected ';' after top level declarator
  choke me
          ^
          ;
2 errors generated.
configure:2703: $? = 1
configure: failed program was:
| #ifndef __cplusplus
|   choke me
| #endif
configure:3124: clang -o conftest -O3 -pipe -DNDEBUG -Wimplicit -Wparentheses -Wsequence-point -Wreturn-type -Wcast-qual -Wall -Wno-unknown-pragmas -Wno-long-long   -DCBC_BUILD   conftest.c  >&5
configure:3130: $? = 0
configure:3134: test -z 
			 || test ! -s conftest.err
configure:3137: $? = 0
configure:3140: test -s conftest
configure:3143: $? = 0
configure:3210: C compiler options are: -O3 -pipe -DNDEBUG -Wimplicit -Wparentheses -Wsequence-point -Wreturn-type -Wcast-qual -Wall -Wno-unknown-pragmas -Wno-long-long   -DCBC_BUILD
configure:3325: checking for clang++
configure:3341: found /usr/bin/clang++
configure:3351: result: clang++
configure:3367: checking for C++ compiler version
configure:3370: clang++ --version </dev/null >&5
Apple clang version 14.0.0 (clang-1400.0.29.202)
Target: x86_64-apple-darwin21.6.0
Thread model: posix
InstalledDir: /Library/Developer/CommandLineTools/usr/bin
configure:3373: $? = 0
configure:3375: clang++ -v </dev/null >&5
Apple clang version 14.0.0 (clang-1400.0.29.202)
Target: x86_64-apple-darwin21.6.0
Thread model: posix
InstalledDir: /Library/Developer/CommandLineTools/usr/bin
configure:3378: $? = 0
configure:3380: clang++ -V </dev/null >&5
clang: error: argument to '-V' is missing (expected 1 value)
clang: error: no input files
configure:3383: $? = 1
configure:3386: checking whether we are using the GNU C++ compiler
configure:3410: clang++ -c   conftest.cc >&5
configure:3416: $? = 0
configure:3420: test -z 
			 || test ! -s conftest.err
configure:3423: $? = 0
configure:3426: test -s conftest.o
configure:3429: $? = 0
configure:3442: result: yes
configure:3448: checking whether clang++ accepts -g
configure:3469: clang++ -c -g  conftest.cc >&5
configure:3475: $? = 0
configure:3479: test -z 
			 || test ! -s conftest.err
configure:3482: $? = 0
configure:3485: test -s conftest.o
configure:3488: $? = 0
configure:3499: result: yes
configure:3541: clang++ -c -g -O2  conftest.cc >&5
configure:3547: $? = 0
configure:3551: test -z 
			 || test ! -s conftest.err
configure:3554: $? = 0
configure:3557: test -s conftest.o
configure:3560: $? = 0
configure:3586: clang++ -c -g -O2  conftest.cc >&5
conftest.cc:19:1: error: use of undeclared identifier 'exit'
exit (42);
^
1 error generated.
configure:3592: $? = 1
configure: failed program was:
| /* confdefs.h.  */
| 
| #define PACKAGE_NAME "Cbc"
| #define PACKAGE_TARNAME "cbc"
| #define PACKAGE_VERSION "2.10.12"
| #define PACKAGE_STRING "Cbc 2.10.12"
| #define PACKAGE_BUGREPORT "cbc@lists.coin-or.org"
| #define CBC_VERSION "2.10.12"
| #define CBC_VERSION_MAJOR 2
| #define CBC_VERSION_MINOR 10
| #define CBC_VERSION_RELEASE 12
| #define COIN_CBC_VERBOSITY 0
| #define COIN_CBC_CHECKLEVEL 0
| /* end confdefs.h.  */
| 
| int
| main ()
| {
| exit (42);
|   ;
|   return 0;
| }
configure:3541: clang++ -c -g -O2  conftest.cc >&5
conftest.cc:15:17: error: use of undeclared identifier 'std'
extern "C" void std::exit (int) throw (); using std::exit;
                ^
conftest.cc:15:49: error: use of undeclared identifier 'std'
extern "C" void std::exit (int) throw (); using std::exit;
                                                ^
2 errors generated.
configure:3547: $? = 1
configure: failed program was:
| /* confdefs.h.  */
| 
| #define PACKAGE_NAME "Cbc"
| #define PACKAGE_TARNAME "cbc"
| #define PACKAGE_VERSION "2.10.12"
| #define PACKAGE_STRING "Cbc 2.10.12"
| #define PACKAGE_BUGREPORT "cbc@lists.coin-or.org"
| #define CBC_VERSION "2.10.12"
| #define CBC_VERSION_MAJOR 2
| #define CBC_VERSION_MINOR 10
| #define CBC_VERSION_RELEASE 12
| #define COIN_CBC_VERBOSITY 0
| #define COIN_CBC_CHECKLEVEL 0
| /* end confdefs.h.  */
| extern "C" void std::exit (int) throw (); using std::exit;
| #include <stdlib.h>
| int
| main ()
| {
| exit (42);
|   ;
|   return 0;
| }
configure:3541: clang++ -c -g -O2  conftest.cc >&5
conftest.cc:15:17: error: use of undeclared identifier 'std'
extern "C" void std::exit (int); using std::exit;
                ^
conftest.cc:15:40: error: use of undeclared identifier 'std'
extern "C" void std::exit (int); using std::exit;
                                       ^
2 errors generated.
configure:3547: $? = 1
configure: failed program was:
| /* confdefs.h.  */
| 
| #define PACKAGE_NAME "Cbc"
| #define PACKAGE_TARNAME "cbc"
| #define PACKAGE_VERSION "2.10.12"
| #define PACKAGE_STRING "Cbc 2.10.12"
| #define PACKAGE_BUGREPORT "cbc@lists.coin-or.org"
| #define CBC_VERSION "2.10.12"
| #define CBC_VERSION_MAJOR 2
| #define CBC_VERSION_MINOR 10
| #define CBC_VERSION_RELEASE 12
| #define COIN_CBC_VERBOSITY 0
| #define COIN_CBC_CHECKLEVEL 0
| /* end confdefs.h.  */
| extern "C" void std::exit (int); using std::exit;
| #include <stdlib.h>
| int
| main ()
| {
| exit (42);
|   ;
|   return 0;
| }
configure:3541: clang++ -c -g -O2  conftest.cc >&5
In file included from conftest.cc:16:
In file included from /Library/Developer/CommandLineTools/SDKs/MacOSX.sdk/usr/include/c++/v1/stdlib.h:93:
/Library/Developer/CommandLineTools/SDKs/MacOSX.sdk/usr/include/stdlib.h:145:7: error: 'exit' is missing exception specification 'throw()'
void     exit(int) __dead2;
         ^
conftest.cc:15:17: note: previous declaration is here
extern "C" void exit (int) throw ();
                ^
1 error generated.
configure:3547: $? = 1
configure: failed program was:
| /* confdefs.h.  */
| 
| #define PACKAGE_NAME "Cbc"
| #define PACKAGE_TARNAME "cbc"
| #define PACKAGE_VERSION "2.10.12"
| #define PACKAGE_STRING "Cbc 2.10.12"
| #define PACKAGE_BUGREPORT "cbc@lists.coin-or.org"
| #define CBC_VERSION "2.10.12"
| #define CBC_VERSION_MAJOR 2
| #define CBC_VERSION_MINOR 10
| #define CBC_VERSION_RELEASE 12
| #define COIN_CBC_VERBOSITY 0
| #define COIN_CBC_CHECKLEVEL 0
| /* end confdefs.h.  */
| extern "C" void exit (int) throw ();
| #include <stdlib.h>
| int
| main ()
| {
| exit (42);
|   ;
|   return 0;
| }
configure:3541: clang++ -c -g -O2  conftest.cc >&5
configure:3547: $? = 0
configure:3551: test -z 
			 || test ! -s conftest.err
configure:3554: $? = 0
configure:3557: test -s conftest.o
configure:3560: $? = 0
configure:3586: clang++ -c -g -O2  conftest.cc >&5
configure:3592: $? = 0
configure:3596: test -z 
			 || test ! -s conftest.err
configure:3599: $? = 0
configure:3602: test -s conftest.o
configure:3605: $? = 0
configure:3637: checking whether C++ compiler clang++ works
configure:3655: clang++ -c -g -O2  conftest.cc >&5
configure:3661: $? = 0
configure:3665: test -z 
			 || test ! -s conftest.err
configure:3668: $? = 0
configure:3671: test -s conftest.o
configure:3674: $? = 0
configure:3676: result: yes
configure:3997: clang++ -o conftest -O3 -pipe -DNDEBUG -Wparentheses -Wreturn-type -Wcast-qual -Wall -Wpointer-arith -Wwrite-strings -Wconversion -Wno-unknown-pragmas -Wno-long-long   -DCBC_BUILD   conftest.cc  >&5
configure:4003: $? = 0
configure:4007: test -z 
			 || test ! -s conftest.err
configure:4010: $? = 0
configure:4013: test -s conftest
configure:4016: $? = 0
configure:4083: C++ compiler options are: -O3 -pipe -DNDEBUG -Wparentheses -Wreturn-type -Wcast-qual -Wall -Wpointer-arith -Wwrite-strings -Wconversion -Wno-unknown-pragmas -Wno-long-long   -DCBC_BUILD
configure:4202: checking for egrep
configure:4212: result: grep -E
configure:4217: checking whether ln -s works
configure:4221: result: yes
configure:4242: checking for a BSD-compatible install
configure:4297: result: /usr/bin/install -c
configure:4308: checking whether build environment is sane
configure:4351: result: yes
configure:4416: checking for gawk
configure:4445: result: no
configure:4416: checking for mawk
configure:4445: result: no
configure:4416: checking for nawk
configure:4445: result: no
configure:4416: checking for awk
configure:4432: found /usr/bin/awk
configure:4442: result: awk
configure:4452: checking whether make sets $(MAKE)
configure:4472: result: yes
configure:4502: checking for style of include used by make
configure:4530: result: GNU
configure:4711: checking dependency style of clang
configure:4801: result: none
configure:4820: checking dependency style of clang++
configure:4910: result: none
configure:4928: checking whether to enable maintainer-specific portions of Makefiles
configure:4937: result: no
configure:5385: checking host system type
configure:5399: result: x86_64-apple-darwin21.6.0
configure:5407: checking for a sed that does not truncate output
configure:5461: result: /usr/bin/sed
configure:5475: checking for ld used by clang
configure:5542: result: /Library/Developer/CommandLineTools/usr/bin/ld
configure:5551: checking if the linker (/Library/Developer/CommandLineTools/usr/bin/ld) is GNU ld
configure:5566: result: no
configure:5571: checking for /Library/Developer/CommandLineTools/usr/bin/ld option to reload object files
configure:5578: result: -r
configure:5596: checking for BSD-compatible nm
configure:5645: result: /usr/bin/nm -B
configure:5649: checking how to recognise dependent libraries
configure:5825: result: pass_all
configure:6061: checking how to run the C preprocessor
configure:6096: clang -E  conftest.c
configure:6102: $? = 0
configure:6134: clang -E  conftest.c
conftest.c:20:10: fatal error: 'ac_nonexistent.h' file not found
#include <ac_nonexistent.h>
         ^~~~~~~~~~~~~~~~~~
1 error generated.
configure:6140: $? = 1
configure: failed program was:
| /* confdefs.h.  */
| 
| #define PACKAGE_NAME "Cbc"
| #define PACKAGE_TARNAME "cbc"
| #define PACKAGE_VERSION "2.10.12"
| #define PACKAGE_STRING "Cbc 2.10.12"
| #define PACKAGE_BUGREPORT "cbc@lists.coin-or.org"
| #define CBC_VERSION "2.10.12"
| #define CBC_VERSION_MAJOR 2
| #define CBC_VERSION_MINOR 10
| #define CBC_VERSION_RELEASE 12
| #define COIN_CBC_VERBOSITY 0
| #define COIN_CBC_CHECKLEVEL 0
| #ifdef __cplusplus
| extern "C" void exit (int);
| #endif
| #define PACKAGE "cbc"
| #define VERSION "2.10.12"
| /* end confdefs.h.  */
| #include <ac_nonexistent.h>
configure:6179: result: clang -E
configure:6203: clang -E  conftest.c
configure:6209: $? = 0
configure:6241: clang -E  conftest.c
conftest.c:20:10: fatal error: 'ac_nonexistent.h' file not found
#include <ac_nonexistent.h>
         ^~~~~~~~~~~~~~~~~~
1 error generated.
configure:6247: $? = 1
configure: failed program was:
| /* confdefs.h.  */
| 
| #define PACKAGE_NAME "Cbc"
| #define PACKAGE_TARNAME "cbc"
| #define PACKAGE_VERSION "2.10.12"
| #define PACKAGE_STRING "Cbc 2.10.12"
| #define PACKAGE_BUGREPORT "cbc@lists.coin-or.org"
| #define CBC_VERSION "2.10.12"
| #define CBC_VERSION_MAJOR 2
| #define CBC_VERSION_MINOR 10
| #define CBC_VERSION_RELEASE 12
| #define COIN_CBC_VERBOSITY 0
| #define COIN_CBC_CHECKLEVEL 0
| #ifdef __cplusplus
| extern "C" void exit (int);
| #endif
| #define PACKAGE "cbc"
| #define VERSION "2.10.12"
| /* end confdefs.h.  */
| #include <ac_nonexistent.h>
configure:6291: checking for ANSI C header files
configure:6316: clang -c -O3 -pipe -DNDEBUG -Wimplicit -Wparentheses -Wsequence-point -Wreturn-type -Wcast-qual -Wall -Wno-unknown-pragmas -Wno-long-long   -DCBC_BUILD  conftest.c >&5
configure:6322: $? = 0
configure:6326: test -z 
			 || test ! -s conftest.err
configure:6329: $? = 0
configure:6332: test -s conftest.o
configure:6335: $? = 0
configure:6424: clang -o conftest -O3 -pipe -DNDEBUG -Wimplicit -Wparentheses -Wsequence-point -Wreturn-type -Wcast-qual -Wall -Wno-unknown-pragmas -Wno-long-long   -DCBC_BUILD   conftest.c  >&5
conftest.c:37:7: error: implicitly declaring library function 'exit' with type 'void (int) __attribute__((noreturn))' [-Werror,-Wimplicit-function-declaration]
      exit(2);
      ^
conftest.c:37:7: note: include the header <stdlib.h> or explicitly provide a declaration for 'exit'
1 error generated.
configure:6427: $? = 1
configure: program exited with status 1
configure: failed program was:
| /* confdefs.h.  */
| 
| #define PACKAGE_NAME "Cbc"
| #define PACKAGE_TARNAME "cbc"
| #define PACKAGE_VERSION "2.10.12"
| #define PACKAGE_STRING "Cbc 2.10.12"
| #define PACKAGE_BUGREPORT "cbc@lists.coin-or.org"
| #define CBC_VERSION "2.10.12"
| #define CBC_VERSION_MAJOR 2
| #define CBC_VERSION_MINOR 10
| #define CBC_VERSION_RELEASE 12
| #define COIN_CBC_VERBOSITY 0
| #define COIN_CBC_CHECKLEVEL 0
| #ifdef __cplusplus
| extern "C" void exit (int);
| #endif
| #define PACKAGE "cbc"
| #define VERSION "2.10.12"
| /* end confdefs.h.  */
| #include <ctype.h>
| #if ((' ' & 0x0FF) == 0x020)
| # define ISLOWER(c) ('a' <= (c) && (c) <= 'z')
| # define TOUPPER(c) (ISLOWER(c) ? 'A' + ((c) - 'a') : (c))
| #else
| # define ISLOWER(c) 		   (('a' <= (c) && (c) <= 'i') 		     || ('j' <= (c) && (c) <= 'r') 		     || ('s' <= (c) && (c) <= 'z'))
| # define TOUPPER(c) (ISLOWER(c) ? ((c) | 0x40) : (c))
| #endif
| 
| #define XOR(e, f) (((e) && !(f)) || (!(e) && (f)))
| int
| main ()
| {
|   int i;
|   for (i = 0; i < 256; i++)
|     if (XOR (islower (i), ISLOWER (i))
| 	|| toupper (i) != TOUPPER (i))
|       exit(2);
|   exit (0);
| }
configure:6447: result: no
configure:6471: checking for sys/types.h
configure:6487: clang -c -O3 -pipe -DNDEBUG -Wimplicit -Wparentheses -Wsequence-point -Wreturn-type -Wcast-qual -Wall -Wno-unknown-pragmas -Wno-long-long   -DCBC_BUILD  conftest.c >&5
configure:6493: $? = 0
configure:6497: test -z 
			 || test ! -s conftest.err
configure:6500: $? = 0
configure:6503: test -s conftest.o
configure:6506: $? = 0
configure:6517: result: yes
configure:6471: checking for sys/stat.h
configure:6487: clang -c -O3 -pipe -DNDEBUG -Wimplicit -Wparentheses -Wsequence-point -Wreturn-type -Wcast-qual -Wall -Wno-unknown-pragmas -Wno-long-long   -DCBC_BUILD  conftest.c >&5
configure:6493: $? = 0
configure:6497: test -z 
			 || test ! -s conftest.err
configure:6500: $? = 0
configure:6503: test -s conftest.o
configure:6506: $? = 0
configure:6517: result: yes
configure:6471: checking for stdlib.h
configure:6487: clang -c -O3 -pipe -DNDEBUG -Wimplicit -Wparentheses -Wsequence-point -Wreturn-type -Wcast-qual -Wall -Wno-unknown-pragmas -Wno-long-long   -DCBC_BUILD  conftest.c >&5
configure:6493: $? = 0
configure:6497: test -z 
			 || test ! -s conftest.err
configure:6500: $? = 0
configure:6503: test -s conftest.o
configure:6506: $? = 0
configure:6517: result: yes
configure:6471: checking for string.h
configure:6487: clang -c -O3 -pipe -DNDEBUG -Wimplicit -Wparentheses -Wsequence-point -Wreturn-type -Wcast-qual -Wall -Wno-unknown-pragmas -Wno-long-long   -DCBC_BUILD  conftest.c >&5
configure:6493: $? = 0
configure:6497: test -z 
			 || test ! -s conftest.err
configure:6500: $? = 0
configure:6503: test -s conftest.o
configure:6506: $? = 0
configure:6517: result: yes
configure:6471: checking for memory.h
configure:6487: clang -c -O3 -pipe -DNDEBUG -Wimplicit -Wparentheses -Wsequence-point -Wreturn-type -Wcast-qual -Wall -Wno-unknown-pragmas -Wno-long-long   -DCBC_BUILD  conftest.c >&5
configure:6493: $? = 0
configure:6497: test -z 
			 || test ! -s conftest.err
configure:6500: $? = 0
configure:6503: test -s conftest.o
configure:6506: $? = 0
configure:6517: result: yes
configure:6471: checking for strings.h
configure:6487: clang -c -O3 -pipe -DNDEBUG -Wimplicit -Wparentheses -Wsequence-point -Wreturn-type -Wcast-qual -Wall -Wno-unknown-pragmas -Wno-long-long   -DCBC_BUILD  conftest.c >&5
configure:6493: $? = 0
configure:6497: test -z 
			 || test ! -s conftest.err
configure:6500: $? = 0
configure:6503: test -s conftest.o
configure:6506: $? = 0
configure:6517: result: yes
configure:6471: checking for inttypes.h
configure:6487: clang -c -O3 -pipe -DNDEBUG -Wimplicit -Wparentheses -Wsequence-point -Wreturn-type -Wcast-qual -Wall -Wno-unknown-pragmas -Wno-long-long   -DCBC_BUILD  conftest.c >&5
configure:6493: $? = 0
configure:6497: test -z 
			 || test ! -s conftest.err
configure:6500: $? = 0
configure:6503: test -s conftest.o
configure:6506: $? = 0
configure:6517: result: yes
configure:6471: checking for stdint.h
configure:6487: clang -c -O3 -pipe -DNDEBUG -Wimplicit -Wparentheses -Wsequence-point -Wreturn-type -Wcast-qual -Wall -Wno-unknown-pragmas -Wno-long-long   -DCBC_BUILD  conftest.c >&5
configure:6493: $? = 0
configure:6497: test -z 
			 || test ! -s conftest.err
configure:6500: $? = 0
configure:6503: test -s conftest.o
configure:6506: $? = 0
configure:6517: result: yes
configure:6471: checking for unistd.h
configure:6487: clang -c -O3 -pipe -DNDEBUG -Wimplicit -Wparentheses -Wsequence-point -Wreturn-type -Wcast-qual -Wall -Wno-unknown-pragmas -Wno-long-long   -DCBC_BUILD  conftest.c >&5
configure:6493: $? = 0
configure:6497: test -z 
			 || test ! -s conftest.err
configure:6500: $? = 0
configure:6503: test -s conftest.o
configure:6506: $? = 0
configure:6517: result: yes
configure:6543: checking dlfcn.h usability
configure:6555: clang -c -O3 -pipe -DNDEBUG -Wimplicit -Wparentheses -Wsequence-point -Wreturn-type -Wcast-qual -Wall -Wno-unknown-pragmas -Wno-long-long   -DCBC_BUILD  conftest.c >&5
configure:6561: $? = 0
configure:6565: test -z 
			 || test ! -s conftest.err
configure:6568: $? = 0
configure:6571: test -s conftest.o
configure:6574: $? = 0
configure:6584: result: yes
configure:6588: checking dlfcn.h presence
configure:6598: clang -E  conftest.c
configure:6604: $? = 0
configure:6624: result: yes
configure:6659: checking for dlfcn.h
configure:6666: result: yes
configure:6689: checking how to run the C++ preprocessor
configure:6720: clang++ -E  conftest.cc
configure:6726: $? = 0
configure:6758: clang++ -E  conftest.cc
conftest.cc:30:10: fatal error: 'ac_nonexistent.h' file not found
#include <ac_nonexistent.h>
         ^~~~~~~~~~~~~~~~~~
1 error generated.
configure:6764: $? = 1
configure: failed program was:
| /* confdefs.h.  */
| 
| #define PACKAGE_NAME "Cbc"
| #define PACKAGE_TARNAME "cbc"
| #define PACKAGE_VERSION "2.10.12"
| #define PACKAGE_STRING "Cbc 2.10.12"
| #define PACKAGE_BUGREPORT "cbc@lists.coin-or.org"
| #define CBC_VERSION "2.10.12"
| #define CBC_VERSION_MAJOR 2
| #define CBC_VERSION_MINOR 10
| #define CBC_VERSION_RELEASE 12
| #define COIN_CBC_VERBOSITY 0
| #define COIN_CBC_CHECKLEVEL 0
| #ifdef __cplusplus
| extern "C" void exit (int);
| #endif
| #define PACKAGE "cbc"
| #define VERSION "2.10.12"
| #define HAVE_SYS_TYPES_H 1
| #define HAVE_SYS_STAT_H 1
| #define HAVE_STDLIB_H 1
| #define HAVE_STRING_H 1
| #define HAVE_MEMORY_H 1
| #define HAVE_STRINGS_H 1
| #define HAVE_INTTYPES_H 1
| #define HAVE_STDINT_H 1
| #define HAVE_UNISTD_H 1
| #define HAVE_DLFCN_H 1
| /* end confdefs.h.  */
| #include <ac_nonexistent.h>
configure:6803: result: clang++ -E
configure:6827: clang++ -E  conftest.cc
configure:6833: $? = 0
configure:6865: clang++ -E  conftest.cc
conftest.cc:30:10: fatal error: 'ac_nonexistent.h' file not found
#include <ac_nonexistent.h>
         ^~~~~~~~~~~~~~~~~~
1 error generated.
configure:6871: $? = 1
configure: failed program was:
| /* confdefs.h.  */
| 
| #define PACKAGE_NAME "Cbc"
| #define PACKAGE_TARNAME "cbc"
| #define PACKAGE_VERSION "2.10.12"
| #define PACKAGE_STRING "Cbc 2.10.12"
| #define PACKAGE_BUGREPORT "cbc@lists.coin-or.org"
| #define CBC_VERSION "2.10.12"
| #define CBC_VERSION_MAJOR 2
| #define CBC_VERSION_MINOR 10
| #define CBC_VERSION_RELEASE 12
| #define COIN_CBC_VERBOSITY 0
| #define COIN_CBC_CHECKLEVEL 0
| #ifdef __cplusplus
| extern "C" void exit (int);
| #endif
| #define PACKAGE "cbc"
| #define VERSION "2.10.12"
| #define HAVE_SYS_TYPES_H 1
| #define HAVE_SYS_STAT_H 1
| #define HAVE_STDLIB_H 1
| #define HAVE_STRING_H 1
| #define HAVE_MEMORY_H 1
| #define HAVE_STRINGS_H 1
| #define HAVE_INTTYPES_H 1
| #define HAVE_STDINT_H 1
| #define HAVE_UNISTD_H 1
| #define HAVE_DLFCN_H 1
| /* end confdefs.h.  */
| #include <ac_nonexistent.h>
configure:6967: checking for g77
configure:6996: result: no
configure:6967: checking for f77
configure:6996: result: no
configure:6967: checking for xlf
configure:6996: result: no
configure:6967: checking for frt
configure:6996: result: no
configure:6967: checking for pgf77
configure:6996: result: no
configure:6967: checking for fort77
configure:6996: result: no
configure:6967: checking for fl32
configure:6996: result: no
configure:6967: checking for af77
configure:6996: result: no
configure:6967: checking for f90
configure:6996: result: no
configure:6967: checking for xlf90
configure:6996: result: no
configure:6967: checking for pgf90
configure:6996: result: no
configure:6967: checking for epcf90
configure:6996: result: no
configure:6967: checking for f95
configure:6996: result: no
configure:6967: checking for fort
configure:6996: result: no
configure:6967: checking for xlf95
configure:6996: result: no
configure:6967: checking for ifc
configure:6996: result: no
configure:6967: checking for efc
configure:6996: result: no
configure:6967: checking for pgf95
configure:6996: result: no
configure:6967: checking for lf95
configure:6996: result: no
configure:6967: checking for gfortran
configure:6996: result: no
configure:7008: checking for Fortran 77 compiler version
configure:7011:  --version </dev/null >&5
/Users/hiruse/Desktop/menu-app/Cbc/Cbc/configure: line 7012: --version: command not found
configure:7014: $? = 127
configure:7016:  -v </dev/null >&5
/Users/hiruse/Desktop/menu-app/Cbc/Cbc/configure: line 7017: -v: command not found
configure:7019: $? = 127
configure:7021:  -V </dev/null >&5
/Users/hiruse/Desktop/menu-app/Cbc/Cbc/configure: line 7022: -V: command not found
configure:7024: $? = 127
configure:7032: checking whether we are using the GNU Fortran 77 compiler
configure:7046:  -c  conftest.F >&5
/Users/hiruse/Desktop/menu-app/Cbc/Cbc/configure: line 7047: -c: command not found
configure:7052: $? = 127
configure: failed program was:
|       program main
| #ifndef __GNUC__
|        choke me
| #endif
| 
|       end
configure:7078: result: no
configure:7084: checking whether  accepts -g
configure:7096:  -c -g conftest.f >&5
/Users/hiruse/Desktop/menu-app/Cbc/Cbc/configure: line 7097: -c: command not found
configure:7102: $? = 127
configure: failed program was:
|       program main
| 
|       end
configure:7127: result: no
configure:7157: checking the maximum length of command line arguments
configure:7266: result: 786432
configure:7277: checking command to parse /usr/bin/nm -B output from clang object
configure:7382: clang -c -O3 -pipe -DNDEBUG -Wimplicit -Wparentheses -Wsequence-point -Wreturn-type -Wcast-qual -Wall -Wno-unknown-pragmas -Wno-long-long   -DCBC_BUILD  conftest.c >&5
configure:7385: $? = 0
configure:7389: /usr/bin/nm -B conftest.o \| sed -n -e 's/^.*[ 	]\([ABCDGIRSTW][ABCDGIRSTW]*\)[ 	][ 	]*\([_A-Za-z][_A-Za-z0-9]*\)$/\1 \2 \2/p' \> conftest.nm
configure:7392: $? = 0
cannot find nm_test_var in conftest.nm
configure:7382: clang -c -O3 -pipe -DNDEBUG -Wimplicit -Wparentheses -Wsequence-point -Wreturn-type -Wcast-qual -Wall -Wno-unknown-pragmas -Wno-long-long   -DCBC_BUILD  conftest.c >&5
configure:7385: $? = 0
configure:7389: /usr/bin/nm -B conftest.o \| sed -n -e 's/^.*[ 	]\([ABCDGIRSTW][ABCDGIRSTW]*\)[ 	][ 	]*_\([_A-Za-z][_A-Za-z0-9]*\)$/\1 _\2 \2/p' \> conftest.nm
configure:7392: $? = 0
configure:7444: clang -o conftest -O3 -pipe -DNDEBUG -Wimplicit -Wparentheses -Wsequence-point -Wreturn-type -Wcast-qual -Wall -Wno-unknown-pragmas -Wno-long-long   -DCBC_BUILD   conftest.c conftstm.o >&5
configure:7447: $? = 0
configure:7485: result: ok
configure:7489: checking for objdir
configure:7504: result: .libs
configure:7594: checking for ar
configure:7610: found /usr/bin/ar
configure:7621: result: ar
configure:7674: checking for ranlib
configure:7690: found /usr/bin/ranlib
configure:7701: result: ranlib
configure:7754: checking for strip
configure:7770: found /usr/bin/strip
configure:7781: result: strip
configure:8057: checking if clang supports -fno-rtti -fno-exceptions
configure:8075: clang -c -O3 -pipe -DNDEBUG -Wimplicit -Wparentheses -Wsequence-point -Wreturn-type -Wcast-qual -Wall -Wno-unknown-pragmas -Wno-long-long   -DCBC_BUILD  -fno-rtti -fno-exceptions conftest.c >&5
configure:8079: $? = 0
configure:8092: result: yes
configure:8107: checking for clang option to produce PIC
configure:8317: result: -fno-common
configure:8325: checking if clang PIC flag -fno-common works
configure:8343: clang -c -O3 -pipe -DNDEBUG -Wimplicit -Wparentheses -Wsequence-point -Wreturn-type -Wcast-qual -Wall -Wno-unknown-pragmas -Wno-long-long   -DCBC_BUILD  -fno-common -DPIC conftest.c >&5
configure:8347: $? = 0
configure:8360: result: yes
configure:8388: checking if clang static flag -static works
configure:8416: result: no
configure:8426: checking if clang supports -c -o file.o
configure:8447: clang -c -O3 -pipe -DNDEBUG -Wimplicit -Wparentheses -Wsequence-point -Wreturn-type -Wcast-qual -Wall -Wno-unknown-pragmas -Wno-long-long   -DCBC_BUILD  -o out/conftest2.o conftest.c >&5
configure:8451: $? = 0
configure:8473: result: yes
configure:8499: checking whether the clang linker (/Library/Developer/CommandLineTools/usr/bin/ld) supports shared libraries
configure:9457: result: yes
configure:9524: checking dynamic linker characteristics
configure:10112: result: darwin21.6.0 dyld
configure:10121: checking how to hardcode library paths into programs
configure:10146: result: immediate
configure:10160: checking whether stripping libraries is possible
configure:10173: result: yes
configure:10999: checking if libtool supports shared libraries
configure:11001: result: yes
configure:11004: checking whether to build shared libraries
configure:11025: result: yes
configure:11028: checking whether to build static libraries
configure:11032: result: no
configure:11124: creating libtool
configure:11712: checking for ld used by clang++
configure:11779: result: /Library/Developer/CommandLineTools/usr/bin/ld
configure:11788: checking if the linker (/Library/Developer/CommandLineTools/usr/bin/ld) is GNU ld
configure:11803: result: no
configure:11854: checking whether the clang++ linker (/Library/Developer/CommandLineTools/usr/bin/ld) supports shared libraries
configure:12792: result: yes
configure:12814: clang++ -c -O3 -pipe -DNDEBUG -Wparentheses -Wreturn-type -Wcast-qual -Wall -Wpointer-arith -Wwrite-strings -Wconversion -Wno-unknown-pragmas -Wno-long-long   -DCBC_BUILD  conftest.cpp >&5
configure:12817: $? = 0
configure:12936: checking for clang++ option to produce PIC
configure:13210: result: -fno-common
configure:13218: checking if clang++ PIC flag -fno-common works
configure:13236: clang++ -c -O3 -pipe -DNDEBUG -Wparentheses -Wreturn-type -Wcast-qual -Wall -Wpointer-arith -Wwrite-strings -Wconversion -Wno-unknown-pragmas -Wno-long-long   -DCBC_BUILD  -fno-common -DPIC conftest.cpp >&5
configure:13240: $? = 0
configure:13253: result: yes
configure:13281: checking if clang++ static flag -static works
configure:13309: result: no
configure:13319: checking if clang++ supports -c -o file.o
configure:13340: clang++ -c -O3 -pipe -DNDEBUG -Wparentheses -Wreturn-type -Wcast-qual -Wall -Wpointer-arith -Wwrite-strings -Wconversion -Wno-unknown-pragmas -Wno-long-long   -DCBC_BUILD  -o out/conftest2.o conftest.cpp >&5
configure:13344: $? = 0
configure:13366: result: yes
configure:13392: checking whether the clang++ linker (/Library/Developer/CommandLineTools/usr/bin/ld) supports shared libraries
configure:13417: result: yes
configure:13484: checking dynamic linker characteristics
configure:14072: result: darwin21.6.0 dyld
configure:14081: checking how to hardcode library paths into programs
configure:14106: result: immediate
configure:20279: Build is "x86_64-apple-darwin21.6.0".
configure:20283: checking for dos2unix
configure:20312: result: no
configure:20572: checking if library version is set
configure:20576: result: 13:12:10
configure:20649: checking for pkg-config
configure:20665: found /usr/local/bin/pkg-config
configure:20675: result: pkg-config
configure:20690: checking pkg-config is at least version 0.16.0
configure:20693: result: yes
configure:20800: checking for COIN-OR package CoinDepend
configure:20953: result: yes: 0.60.9 
configure:21348: checking for COIN-OR package Clp
configure:21501: result: yes: 1.17.10 
configure:21896: checking for COIN-OR package OsiTests
configure:22027: result: yes: 0.108.11 
configure:22376: checking for COIN-OR package Sample
configure:22507: result: yes: 1.2.13 
configure:22856: checking for COIN-OR package Netlib
configure:23005: result: not given: Package 'coindatanetlib' not found
configure:23336: checking for COIN-OR package Miplib3
configure:23467: result: yes: 1.2.9 
configure:23846: checking cmath usability
configure:23858: clang++ -c -O3 -pipe -DNDEBUG -Wparentheses -Wreturn-type -Wcast-qual -Wall -Wpointer-arith -Wwrite-strings -Wconversion -Wno-unknown-pragmas -Wno-long-long   -DCBC_BUILD  conftest.cc >&5
configure:23864: $? = 0
configure:23868: test -z 
			 || test ! -s conftest.err
configure:23871: $? = 0
configure:23874: test -s conftest.o
configure:23877: $? = 0
configure:23887: result: yes
configure:23891: checking cmath presence
configure:23901: clang++ -E  conftest.cc
configure:23907: $? = 0
configure:23927: result: yes
configure:23962: checking for cmath
configure:23969: result: yes
configure:24175: checking cfloat usability
configure:24187: clang++ -c -O3 -pipe -DNDEBUG -Wparentheses -Wreturn-type -Wcast-qual -Wall -Wpointer-arith -Wwrite-strings -Wconversion -Wno-unknown-pragmas -Wno-long-long   -DCBC_BUILD  conftest.cc >&5
configure:24193: $? = 0
configure:24197: test -z 
			 || test ! -s conftest.err
configure:24200: $? = 0
configure:24203: test -s conftest.o
configure:24206: $? = 0
configure:24216: result: yes
configure:24220: checking cfloat presence
configure:24230: clang++ -E  conftest.cc
configure:24236: $? = 0
configure:24256: result: yes
configure:24291: checking for cfloat
configure:24298: result: yes
configure:24504: checking cieeefp usability
configure:24516: clang++ -c -O3 -pipe -DNDEBUG -Wparentheses -Wreturn-type -Wcast-qual -Wall -Wpointer-arith -Wwrite-strings -Wconversion -Wno-unknown-pragmas -Wno-long-long   -DCBC_BUILD  conftest.cc >&5
conftest.cc:71:10: fatal error: 'cieeefp' file not found
#include <cieeefp>
         ^~~~~~~~~
1 error generated.
configure:24522: $? = 1
configure: failed program was:
| /* confdefs.h.  */
| 
| #define PACKAGE_NAME "Cbc"
| #define PACKAGE_TARNAME "cbc"
| #define PACKAGE_VERSION "2.10.12"
| #define PACKAGE_STRING "Cbc 2.10.12"
| #define PACKAGE_BUGREPORT "cbc@lists.coin-or.org"
| #define CBC_VERSION "2.10.12"
| #define CBC_VERSION_MAJOR 2
| #define CBC_VERSION_MINOR 10
| #define CBC_VERSION_RELEASE 12
| #define COIN_CBC_VERBOSITY 0
| #define COIN_CBC_CHECKLEVEL 0
| #ifdef __cplusplus
| extern "C" void exit (int);
| #endif
| #define PACKAGE "cbc"
| #define VERSION "2.10.12"
| #define HAVE_SYS_TYPES_H 1
| #define HAVE_SYS_STAT_H 1
| #define HAVE_STDLIB_H 1
| #define HAVE_STRING_H 1
| #define HAVE_MEMORY_H 1
| #define HAVE_STRINGS_H 1
| #define HAVE_INTTYPES_H 1
| #define HAVE_STDINT_H 1
| #define HAVE_UNISTD_H 1
| #define HAVE_DLFCN_H 1
| #define COIN_HAS_COINDEPEND 1
| #define COIN_HAS_CLP 1
| #define COIN_HAS_OSITESTS 1
| #define COIN_HAS_SAMPLE 1
| #define COIN_HAS_MIPLIB3 1
| #define HAVE_CMATH 1
| #define HAVE_CFLOAT 1
| /* end confdefs.h.  */
| #include <stdio.h>
| #if HAVE_SYS_TYPES_H
| # include <sys/types.h>
| #endif
| #if HAVE_SYS_STAT_H
| # include <sys/stat.h>
| #endif
| #if STDC_HEADERS
| # include <stdlib.h>
| # include <stddef.h>
| #else
| # if HAVE_STDLIB_H
| #  include <stdlib.h>
| # endif
| #endif
| #if HAVE_STRING_H
| # if !STDC_HEADERS && HAVE_MEMORY_H
| #  include <memory.h>
| # endif
| # include <string.h>
| #endif
| #if HAVE_STRINGS_H
| # include <strings.h>
| #endif
| #if HAVE_INTTYPES_H
| # include <inttypes.h>
| #else
| # if HAVE_STDINT_H
| #  include <stdint.h>
| # endif
| #endif
| #if HAVE_UNISTD_H
| # include <unistd.h>
| #endif
| #include <cieeefp>
configure:24545: result: no
configure:24549: checking cieeefp presence
configure:24559: clang++ -E  conftest.cc
conftest.cc:37:10: fatal error: 'cieeefp' file not found
#include <cieeefp>
         ^~~~~~~~~
1 error generated.
configure:24565: $? = 1
configure: failed program was:
| /* confdefs.h.  */
| 
| #define PACKAGE_NAME "Cbc"
| #define PACKAGE_TARNAME "cbc"
| #define PACKAGE_VERSION "2.10.12"
| #define PACKAGE_STRING "Cbc 2.10.12"
| #define PACKAGE_BUGREPORT "cbc@lists.coin-or.org"
| #define CBC_VERSION "2.10.12"
| #define CBC_VERSION_MAJOR 2
| #define CBC_VERSION_MINOR 10
| #define CBC_VERSION_RELEASE 12
| #define COIN_CBC_VERBOSITY 0
| #define COIN_CBC_CHECKLEVEL 0
| #ifdef __cplusplus
| extern "C" void exit (int);
| #endif
| #define PACKAGE "cbc"
| #define VERSION "2.10.12"
| #define HAVE_SYS_TYPES_H 1
| #define HAVE_SYS_STAT_H 1
| #define HAVE_STDLIB_H 1
| #define HAVE_STRING_H 1
| #define HAVE_MEMORY_H 1
| #define HAVE_STRINGS_H 1
| #define HAVE_INTTYPES_H 1
| #define HAVE_STDINT_H 1
| #define HAVE_UNISTD_H 1
| #define HAVE_DLFCN_H 1
| #define COIN_HAS_COINDEPEND 1
| #define COIN_HAS_CLP 1
| #define COIN_HAS_OSITESTS 1
| #define COIN_HAS_SAMPLE 1
| #define COIN_HAS_MIPLIB3 1
| #define HAVE_CMATH 1
| #define HAVE_CFLOAT 1
| /* end confdefs.h.  */
| #include <cieeefp>
configure:24585: result: no
configure:24620: checking for cieeefp
configure:24627: result: no
configure:24662: checking ieeefp.h usability
configure:24674: clang++ -c -O3 -pipe -DNDEBUG -Wparentheses -Wreturn-type -Wcast-qual -Wall -Wpointer-arith -Wwrite-strings -Wconversion -Wno-unknown-pragmas -Wno-long-long   -DCBC_BUILD  conftest.cc >&5
conftest.cc:71:10: fatal error: 'ieeefp.h' file not found
#include <ieeefp.h>
         ^~~~~~~~~~
1 error generated.
configure:24680: $? = 1
configure: failed program was:
| /* confdefs.h.  */
| 
| #define PACKAGE_NAME "Cbc"
| #define PACKAGE_TARNAME "cbc"
| #define PACKAGE_VERSION "2.10.12"
| #define PACKAGE_STRING "Cbc 2.10.12"
| #define PACKAGE_BUGREPORT "cbc@lists.coin-or.org"
| #define CBC_VERSION "2.10.12"
| #define CBC_VERSION_MAJOR 2
| #define CBC_VERSION_MINOR 10
| #define CBC_VERSION_RELEASE 12
| #define COIN_CBC_VERBOSITY 0
| #define COIN_CBC_CHECKLEVEL 0
| #ifdef __cplusplus
| extern "C" void exit (int);
| #endif
| #define PACKAGE "cbc"
| #define VERSION "2.10.12"
| #define HAVE_SYS_TYPES_H 1
| #define HAVE_SYS_STAT_H 1
| #define HAVE_STDLIB_H 1
| #define HAVE_STRING_H 1
| #define HAVE_MEMORY_H 1
| #define HAVE_STRINGS_H 1
| #define HAVE_INTTYPES_H 1
| #define HAVE_STDINT_H 1
| #define HAVE_UNISTD_H 1
| #define HAVE_DLFCN_H 1
| #define COIN_HAS_COINDEPEND 1
| #define COIN_HAS_CLP 1
| #define COIN_HAS_OSITESTS 1
| #define COIN_HAS_SAMPLE 1
| #define COIN_HAS_MIPLIB3 1
| #define HAVE_CMATH 1
| #define HAVE_CFLOAT 1
| /* end confdefs.h.  */
| #include <stdio.h>
| #if HAVE_SYS_TYPES_H
| # include <sys/types.h>
| #endif
| #if HAVE_SYS_STAT_H
| # include <sys/stat.h>
| #endif
| #if STDC_HEADERS
| # include <stdlib.h>
| # include <stddef.h>
| #else
| # if HAVE_STDLIB_H
| #  include <stdlib.h>
| # endif
| #endif
| #if HAVE_STRING_H
| # if !STDC_HEADERS && HAVE_MEMORY_H
| #  include <memory.h>
| # endif
| # include <string.h>
| #endif
| #if HAVE_STRINGS_H
| # include <strings.h>
| #endif
| #if HAVE_INTTYPES_H
| # include <inttypes.h>
| #else
| # if HAVE_STDINT_H
| #  include <stdint.h>
| # endif
| #endif
| #if HAVE_UNISTD_H
| # include <unistd.h>
| #endif
| #include <ieeefp.h>
configure:24703: result: no
configure:24707: checking ieeefp.h presence
configure:24717: clang++ -E  conftest.cc
conftest.cc:37:10: fatal error: 'ieeefp.h' file not found
#include <ieeefp.h>
         ^~~~~~~~~~
1 error generated.
configure:24723: $? = 1
configure: failed program was:
| /* confdefs.h.  */
| 
| #define PACKAGE_NAME "Cbc"
| #define PACKAGE_TARNAME "cbc"
| #define PACKAGE_VERSION "2.10.12"
| #define PACKAGE_STRING "Cbc 2.10.12"
| #define PACKAGE_BUGREPORT "cbc@lists.coin-or.org"
| #define CBC_VERSION "2.10.12"
| #define CBC_VERSION_MAJOR 2
| #define CBC_VERSION_MINOR 10
| #define CBC_VERSION_RELEASE 12
| #define COIN_CBC_VERBOSITY 0
| #define COIN_CBC_CHECKLEVEL 0
| #ifdef __cplusplus
| extern "C" void exit (int);
| #endif
| #define PACKAGE "cbc"
| #define VERSION "2.10.12"
| #define HAVE_SYS_TYPES_H 1
| #define HAVE_SYS_STAT_H 1
| #define HAVE_STDLIB_H 1
| #define HAVE_STRING_H 1
| #define HAVE_MEMORY_H 1
| #define HAVE_STRINGS_H 1
| #define HAVE_INTTYPES_H 1
| #define HAVE_STDINT_H 1
| #define HAVE_UNISTD_H 1
| #define HAVE_DLFCN_H 1
| #define COIN_HAS_COINDEPEND 1
| #define COIN_HAS_CLP 1
| #define COIN_HAS_OSITESTS 1
| #define COIN_HAS_SAMPLE 1
| #define COIN_HAS_MIPLIB3 1
| #define HAVE_CMATH 1
| #define HAVE_CFLOAT 1
| /* end confdefs.h.  */
| #include <ieeefp.h>
configure:24743: result: no
configure:24778: checking for ieeefp.h
configure:24785: result: no
configure:25128: checking for COIN-OR package DyLP
configure:25292: result: not given: Package 'osi-dylp' not found
configure:25638: checking for COIN-OR package Vol
configure:25787: result: not given: Package 'osi-vol' not found
configure:26118: checking for COIN-OR package Cpx
configure:26297: result: not given: Package 'osi-cplex' not found
configure:26658: checking for COIN-OR package Glpk
configure:26822: result: not given: Package 'osi-glpk' not found
configure:27168: checking for COIN-OR package Grb
configure:27317: result: not given: Package 'osi-gurobi' not found
configure:27648: checking for COIN-OR package Highs
configure:27812: result: not given: Package 'osi-highs' not found
configure:28158: checking for COIN-OR package Msk
configure:28322: result: not given: Package 'osi-mosek' not found
configure:28668: checking for COIN-OR package Spx
configure:28832: result: not given: Package 'osi-soplex' not found
configure:29178: checking for COIN-OR package Xpr
configure:29327: result: not given: Package 'osi-xpress' not found
configure:29664: checking for COIN-OR package ASL
configure:29843: result: not given: Package 'coinasl' not found
configure:30206: checking for COIN-OR package Mumps
configure:30355: result: not given: Package 'coinmumps' not found
configure:30694: checking if user provides library for Nauty
configure:30739: result: no
configure:30926: checking for cbc-generic default solver
configure:30936: result: clp
configure:31007: checking for clock_gettime in -lrt
configure:31037: clang -o conftest -O3 -pipe -DNDEBUG -Wimplicit -Wparentheses -Wsequence-point -Wreturn-type -Wcast-qual -Wall -Wno-unknown-pragmas -Wno-long-long   -DCBC_BUILD   conftest.c -lrt   >&5
ld: library not found for -lrt
clang: error: linker command failed with exit code 1 (use -v to see invocation)
configure:31043: $? = 1
configure: failed program was:
| /* confdefs.h.  */
| 
| #define PACKAGE_NAME "Cbc"
| #define PACKAGE_TARNAME "cbc"
| #define PACKAGE_VERSION "2.10.12"
| #define PACKAGE_STRING "Cbc 2.10.12"
| #define PACKAGE_BUGREPORT "cbc@lists.coin-or.org"
| #define CBC_VERSION "2.10.12"
| #define CBC_VERSION_MAJOR 2
| #define CBC_VERSION_MINOR 10
| #define CBC_VERSION_RELEASE 12
| #define COIN_CBC_VERBOSITY 0
| #define COIN_CBC_CHECKLEVEL 0
| #ifdef __cplusplus
| extern "C" void exit (int);
| #endif
| #define PACKAGE "cbc"
| #define VERSION "2.10.12"
| #define HAVE_SYS_TYPES_H 1
| #define HAVE_SYS_STAT_H 1
| #define HAVE_STDLIB_H 1
| #define HAVE_STRING_H 1
| #define HAVE_MEMORY_H 1
| #define HAVE_STRINGS_H 1
| #define HAVE_INTTYPES_H 1
| #define HAVE_STDINT_H 1
| #define HAVE_UNISTD_H 1
| #define HAVE_DLFCN_H 1
| #define COIN_HAS_COINDEPEND 1
| #define COIN_HAS_CLP 1
| #define COIN_HAS_OSITESTS 1
| #define COIN_HAS_SAMPLE 1
| #define COIN_HAS_MIPLIB3 1
| #define HAVE_CMATH 1
| #define HAVE_CFLOAT 1
| #define CBC_DEFAULT_SOLVER "clp"
| #define CBC_THREAD 1
| /* end confdefs.h.  */
| 
| /* Override any gcc2 internal prototype to avoid an error.  */
| #ifdef __cplusplus
| extern "C"
| #endif
| /* We use char because int might match the return type of a gcc2
|    builtin and then its argument prototype would still apply.  */
| char clock_gettime ();
| int
| main ()
| {
| clock_gettime ();
|   ;
|   return 0;
| }
configure:31069: result: no
configure:31081: WARNING: --enable-cbc-parallel selected, but -lrt unavailable; using gettimeofday instead of clock_gettime
configure:31085: checking for pthread_create in -lpthread
configure:31115: clang -o conftest -O3 -pipe -DNDEBUG -Wimplicit -Wparentheses -Wsequence-point -Wreturn-type -Wcast-qual -Wall -Wno-unknown-pragmas -Wno-long-long   -DCBC_BUILD   conftest.c -lpthread   >&5
configure:31121: $? = 0
configure:31125: test -z 
			 || test ! -s conftest.err
configure:31128: $? = 0
configure:31131: test -s conftest
configure:31134: $? = 0
configure:31147: result: yes
configure:31160: Cbc multithreading enabled
configure:31286: OsiCbc default solver is clp
configure:31428: checking whether this is a VPATH configuration
configure:31435: result: yes
configure:31475: configuring doxygen documentation options
configure:31482: checking for doxygen
configure:31509: result: no
configure:31518: checking for latex
configure:31545: result: no
configure:31573: checking for dot
configure:31600: result: NO
configure:31651: checking for doxygen doc'n for CoinUtils 
configure:31683: result: /Users/hiruse/cbc/share/coin/doc/CoinUtils/doxydoc (tag)
configure:31651: checking for doxygen doc'n for Osi 
configure:31683: result: /Users/hiruse/cbc/share/coin/doc/Osi/doxydoc (tag)
configure:31651: checking for doxygen doc'n for Clp 
configure:31683: result: /Users/hiruse/cbc/share/coin/doc/Clp/doxydoc (tag)
configure:31651: checking for doxygen doc'n for DyLP 
configure:31683: result: /Users/hiruse/cbc/share/coin/doc/DyLP/doxydoc (tag)
configure:31651: checking for doxygen doc'n for Cgl 
configure:31683: result: /Users/hiruse/cbc/share/coin/doc/Cgl/doxydoc (tag)
configure:31651: checking for doxygen doc'n for Vol 
configure:31683: result: /Users/hiruse/cbc/share/coin/doc/Vol/doxydoc (tag)
configure:31712: checking which command should be used to link input files
configure:31720: result: ln -s
configure:32278: creating ./config.status

## ---------------------- ##
## Running config.status. ##
## ---------------------- ##

This file was extended by Cbc config.status 2.10.12, which was
generated by GNU Autoconf 2.59.  Invocation command line was

  CONFIG_FILES    = 
  CONFIG_HEADERS  = 
  CONFIG_LINKS    = 
  CONFIG_COMMANDS = 
  $ ./config.status 

on hirosemoehananoMacBook-Pro.local

config.status:980: creating Makefile
config.status:980: creating examples/Makefile
config.status:980: creating src/Makefile
config.status:980: creating src/OsiCbc/Makefile
config.status:980: creating test/Makefile
config.status:980: creating cbc.pc
config.status:980: creating cbc-uninstalled.pc
config.status:980: creating osi-cbc.pc
config.status:980: creating osi-cbc-uninstalled.pc
config.status:980: creating doxydoc/doxygen.conf
config.status:1077: creating src/config.h
config.status:1077: creating src/config_cbc.h
config.status:1399: executing depfiles commands
configure:33861: Creating VPATH links for data files
configure:33909: In case of trouble, first consult the troubleshooting page at https://github.com/coin-or-tools/BuildTools/wiki/user-troubleshooting
configure:33912: Configuration of Cbc successful

## ---------------- ##
## Cache variables. ##
## ---------------- ##

ac_cv_build=x86_64-apple-darwin21.6.0
ac_cv_build_alias=x86_64-apple-darwin21.6.0
ac_cv_c_compiler_gnu=yes
ac_cv_cxx_compiler_gnu=yes
ac_cv_env_ADD_CFLAGS_set=
ac_cv_env_ADD_CFLAGS_value=
ac_cv_env_ADD_CXXFLAGS_set=
ac_cv_env_ADD_CXXFLAGS_value=
ac_cv_env_CC_set=
ac_cv_env_CC_value=
ac_cv_env_CDEFS_set=
ac_cv_env_CDEFS_value=
ac_cv_env_CFLAGS_set=
ac_cv_env_CFLAGS_value=
ac_cv_env_CPPFLAGS_set=
ac_cv_env_CPPFLAGS_value=
ac_cv_env_CPP_set=
ac_cv_env_CPP_value=
ac_cv_env_CXXCPP_set=
ac_cv_env_CXXCPP_value=
ac_cv_env_CXXDEFS_set=
ac_cv_env_CXXDEFS_value=
ac_cv_env_CXXFLAGS_set=
ac_cv_env_CXXFLAGS_value=
ac_cv_env_CXX_set=
ac_cv_env_CXX_value=
ac_cv_env_DBG_CFLAGS_set=
ac_cv_env_DBG_CFLAGS_value=
ac_cv_env_DBG_CXXFLAGS_set=
ac_cv_env_DBG_CXXFLAGS_value=
ac_cv_env_F77_set=
ac_cv_env_F77_value=
ac_cv_env_FFLAGS_set=
ac_cv_env_FFLAGS_value=
ac_cv_env_LDFLAGS_set=
ac_cv_env_LDFLAGS_value=
ac_cv_env_LT_LDFLAGS_set=
ac_cv_env_LT_LDFLAGS_value=
ac_cv_env_MPICC_set=
ac_cv_env_MPICC_value=
ac_cv_env_MPICXX_set=
ac_cv_env_MPICXX_value=
ac_cv_env_OPT_CFLAGS_set=
ac_cv_env_OPT_CFLAGS_value=
ac_cv_env_OPT_CXXFLAGS_set=
ac_cv_env_OPT_CXXFLAGS_value=
ac_cv_env_PKG_CONFIG_set=
ac_cv_env_PKG_CONFIG_value=
ac_cv_env_build_alias_set=
ac_cv_env_build_alias_value=
ac_cv_env_host_alias_set=
ac_cv_env_host_alias_value=
ac_cv_env_target_alias_set=
ac_cv_env_target_alias_value=
ac_cv_exeext=
ac_cv_f77_compiler_gnu=no
ac_cv_header_cfloat=yes
ac_cv_header_cieeefp=no
ac_cv_header_cmath=yes
ac_cv_header_dlfcn_h=yes
ac_cv_header_ieeefp_h=no
ac_cv_header_inttypes_h=yes
ac_cv_header_memory_h=yes
ac_cv_header_stdc=no
ac_cv_header_stdint_h=yes
ac_cv_header_stdlib_h=yes
ac_cv_header_string_h=yes
ac_cv_header_strings_h=yes
ac_cv_header_sys_stat_h=yes
ac_cv_header_sys_types_h=yes
ac_cv_header_unistd_h=yes
ac_cv_host=x86_64-apple-darwin21.6.0
ac_cv_host_alias=x86_64-apple-darwin21.6.0
ac_cv_lib_pthread_pthread_create=yes
ac_cv_lib_rt_clock_gettime=no
ac_cv_objext=o
ac_cv_path_install='/usr/bin/install -c'
ac_cv_prog_AWK=awk
ac_cv_prog_CPP='clang -E'
ac_cv_prog_CXXCPP='clang++ -E'
ac_cv_prog_ac_ct_AR=ar
ac_cv_prog_ac_ct_CC=clang
ac_cv_prog_ac_ct_CXX=clang++
ac_cv_prog_ac_ct_PKG_CONFIG=pkg-config
ac_cv_prog_ac_ct_RANLIB=ranlib
ac_cv_prog_ac_ct_STRIP=strip
ac_cv_prog_cc_g=yes
ac_cv_prog_cc_stdc=
ac_cv_prog_coin_doxy_usedot=NO
ac_cv_prog_coin_have_doxygen=no
ac_cv_prog_coin_have_latex=no
ac_cv_prog_cxx_g=yes
ac_cv_prog_egrep='grep -E'
ac_cv_prog_f77_g=no
ac_cv_prog_have_svnversion=no
ac_cv_prog_make_make_set=yes
am_cv_CC_dependencies_compiler_type=none
am_cv_CXX_dependencies_compiler_type=none
lt_cv_deplibs_check_method=pass_all
lt_cv_file_magic_cmd='$MAGIC_CMD'
lt_cv_file_magic_test_file=
lt_cv_ld_reload_flag=-r
lt_cv_objdir=.libs
lt_cv_path_LD=/Library/Developer/CommandLineTools/usr/bin/ld
lt_cv_path_LDCXX=/Library/Developer/CommandLineTools/usr/bin/ld
lt_cv_path_NM='/usr/bin/nm -B'
lt_cv_path_SED=/usr/bin/sed
lt_cv_prog_compiler_c_o=yes
lt_cv_prog_compiler_c_o_CXX=yes
lt_cv_prog_compiler_rtti_exceptions=yes
lt_cv_prog_gnu_ld=no
lt_cv_prog_gnu_ldcxx=no
lt_cv_sys_global_symbol_pipe='sed -n -e '\''s/^.*[ 	]\([ABCDGIRSTW][ABCDGIRSTW]*\)[ 	][ 	]*_\([_A-Za-z][_A-Za-z0-9]*\)$/\1 _\2 \2/p'\'''
lt_cv_sys_global_symbol_to_c_name_address='sed -n -e '\''s/^: \([^ ]*\) $/  {\"\1\", (lt_ptr) 0},/p'\'' -e '\''s/^[BCDEGRST] \([^ ]*\) \([^ ]*\)$/  {"\2", (lt_ptr) \&\2},/p'\'''
lt_cv_sys_global_symbol_to_cdecl='sed -n -e '\''s/^. .* \(.*\)$/extern int \1;/p'\'''
lt_cv_sys_max_cmd_len=786432
lt_lt_cv_prog_compiler_c_o='"yes"'
lt_lt_cv_prog_compiler_c_o_CXX='"yes"'
lt_lt_cv_sys_global_symbol_pipe='"sed -n -e '\''s/^.*[ 	]\\([ABCDGIRSTW][ABCDGIRSTW]*\\)[ 	][ 	]*_\\([_A-Za-z][_A-Za-z0-9]*\\)\$/\\1 _\\2 \\2/p'\''"'
lt_lt_cv_sys_global_symbol_to_c_name_address='"sed -n -e '\''s/^: \\([^ ]*\\) \$/  {\\\"\\1\\\", (lt_ptr) 0},/p'\'' -e '\''s/^[BCDEGRST] \\([^ ]*\\) \\([^ ]*\\)\$/  {\"\\2\", (lt_ptr) \\&\\2},/p'\''"'
lt_lt_cv_sys_global_symbol_to_cdecl='"sed -n -e '\''s/^. .* \\(.*\\)\$/extern int \\1;/p'\''"'

## ----------------- ##
## Output variables. ##
## ----------------- ##

ABSBUILDDIR='/Users/hiruse/Desktop/menu-app/build/Cbc/2.10.12'
ACLOCAL='${SHELL} /Users/hiruse/Desktop/menu-app/Cbc/Cbc/missing --run aclocal-1.9'
ADD_CFLAGS=''
ADD_CXXFLAGS=''
ALWAYS_FALSE_FALSE=''
ALWAYS_FALSE_TRUE='#'
AMDEPBACKSLASH=''
AMDEP_FALSE=''
AMDEP_TRUE='#'
AMTAR='${SHELL} /Users/hiruse/Desktop/menu-app/Cbc/Cbc/missing --run tar'
AR='ar'
ASL_CFLAGS=''
ASL_CFLAGS_INSTALLED=''
ASL_DATA=''
ASL_DATA_INSTALLED=''
ASL_DEPENDENCIES=''
ASL_LIBS=''
ASL_LIBS_INSTALLED=''
AUTOCONF='${SHELL} /Users/hiruse/Desktop/menu-app/Cbc/Cbc/missing --run autoconf'
AUTOHEADER='${SHELL} /Users/hiruse/Desktop/menu-app/Cbc/Cbc/missing --run autoheader'
AUTOMAKE='${SHELL} /Users/hiruse/Desktop/menu-app/Cbc/Cbc/missing --run automake-1.9'
AUX_DIR=''
AWK='awk'
BUILDTOOLSDIR=''
CBCGENERIC_CFLAGS='-I/Users/hiruse/cbc/include/coin -I/Users/hiruse/cbc/include/coin '
CBCGENERIC_CFLAGS_INSTALLED=''
CBCGENERIC_DEPENDENCIES='  '
CBCGENERIC_LIBS='-L/Users/hiruse/cbc/lib -lOsiClp -lClpSolver -lClp -lOsi -lCoinUtils -lbz2 -lz -lm -L/Users/hiruse/cbc/lib -lCgl -lOsiClp -lClpSolver -lClp -lOsi -lCoinUtils -lbz2 -lz -lm '
CBCGENERIC_LIBS_INSTALLED=''
CBCGENERIC_PCLIBS=''
CBCGENERIC_PCREQUIRES='clp osi-clp cgl osi coinutils '
CBCLIB_CFLAGS='-I/Users/hiruse/cbc/include/coin -I/Users/hiruse/cbc/include/coin '
CBCLIB_CFLAGS_INSTALLED=''
CBCLIB_DEPENDENCIES='  '
CBCLIB_LIBS='-lpthread -L/Users/hiruse/cbc/lib -lOsiClp -lClpSolver -lClp -lOsi -lCoinUtils -lbz2 -lz -lm -L/Users/hiruse/cbc/lib -lCgl -lOsiClp -lClpSolver -lClp -lOsi -lCoinUtils -lbz2 -lz -lm '
CBCLIB_LIBS_INSTALLED=''
CBCLIB_PCLIBS='-lpthread '
CBCLIB_PCREQUIRES='clp osi-clp cgl osi coinutils '
CBC_BUILD_CBC_GENERIC_FALSE=''
CBC_BUILD_CBC_GENERIC_TRUE='#'
CBC_SVN_REV=''
CC='clang'
CCDEPMODE='depmode=none'
CDEFS=''
CFLAGS='-O3 -pipe -DNDEBUG -Wimplicit -Wparentheses -Wsequence-point -Wreturn-type -Wcast-qual -Wall -Wno-unknown-pragmas -Wno-long-long   -DCBC_BUILD'
CLP_CFLAGS='-I/Users/hiruse/cbc/include/coin'
CLP_CFLAGS_INSTALLED=''
CLP_DATA=''
CLP_DATA_INSTALLED=''
CLP_DEPENDENCIES=''
CLP_LIBS='-L/Users/hiruse/cbc/lib -lOsiClp -lClpSolver -lClp -lOsi -lCoinUtils -lbz2 -lz -lm'
CLP_LIBS_INSTALLED=''
COINDEPEND_CFLAGS='-I/Users/hiruse/cbc/include/coin'
COINDEPEND_CFLAGS_INSTALLED=''
COINDEPEND_DATA=''
COINDEPEND_DATA_INSTALLED=''
COINDEPEND_DEPENDENCIES=''
COINDEPEND_LIBS='-L/Users/hiruse/cbc/lib -lCgl -lOsiClp -lClpSolver -lClp -lOsi -lCoinUtils -lbz2 -lz -lm'
COINDEPEND_LIBS_INSTALLED=''
COIN_CC_IS_CL_FALSE=''
COIN_CC_IS_CL_TRUE='#'
COIN_CXX_IS_CL_FALSE=''
COIN_CXX_IS_CL_TRUE='#'
COIN_HAS_ASL_FALSE=''
COIN_HAS_ASL_TRUE='#'
COIN_HAS_CLP_FALSE='#'
COIN_HAS_CLP_TRUE=''
COIN_HAS_COINDEPEND_FALSE='#'
COIN_HAS_COINDEPEND_TRUE=''
COIN_HAS_CPX_FALSE=''
COIN_HAS_CPX_TRUE='#'
COIN_HAS_DOXYGEN_FALSE=''
COIN_HAS_DOXYGEN_TRUE='#'
COIN_HAS_DYLP_FALSE=''
COIN_HAS_DYLP_TRUE='#'
COIN_HAS_GLPK_FALSE=''
COIN_HAS_GLPK_TRUE='#'
COIN_HAS_GRB_FALSE=''
COIN_HAS_GRB_TRUE='#'
COIN_HAS_HIGHS_FALSE=''
COIN_HAS_HIGHS_TRUE='#'
COIN_HAS_LATEX_FALSE=''
COIN_HAS_LATEX_TRUE='#'
COIN_HAS_MIPLIB3_FALSE='#'
COIN_HAS_MIPLIB3_TRUE=''
COIN_HAS_MSK_FALSE=''
COIN_HAS_MSK_TRUE='#'
COIN_HAS_MUMPS_FALSE=''
COIN_HAS_MUMPS_TRUE='#'
COIN_HAS_NETLIB_FALSE=''
COIN_HAS_NETLIB_TRUE='#'
COIN_HAS_NTY_FALSE=''
COIN_HAS_NTY_TRUE='#'
COIN_HAS_OSITESTS_FALSE='#'
COIN_HAS_OSITESTS_TRUE=''
COIN_HAS_PKGCONFIG_FALSE='#'
COIN_HAS_PKGCONFIG_TRUE=''
COIN_HAS_SAMPLE_FALSE='#'
COIN_HAS_SAMPLE_TRUE=''
COIN_HAS_SPX_FALSE=''
COIN_HAS_SPX_TRUE='#'
COIN_HAS_VOL_FALSE=''
COIN_HAS_VOL_TRUE='#'
COIN_HAS_XPR_FALSE=''
COIN_HAS_XPR_TRUE='#'
COIN_PKG_CONFIG_PATH='/Users/hiruse/cbc/lib/pkgconfig:/Users/hiruse/cbc/share/pkgconfig:/Users/hiruse/cbc/lib64/pkgconfig:/Users/hiruse/cbc/lib/pkgconfig:/Users/hiruse/cbc/share/pkgconfig:'
COIN_PKG_CONFIG_PATH_UNINSTALLED='/Users/hiruse/Desktop/menu-app/build/Cbc/2.10.12:/Users/hiruse/Desktop/menu-app/build/Cgl/0.60.9:/Users/hiruse/Desktop/menu-app/build/Clp/1.17.10:/Users/hiruse/Desktop/menu-app/build/Osi/0.108.11:/Users/hiruse/Desktop/menu-app/build/CoinUtils/2.11.12:/Users/hiruse/Desktop/menu-app/build/Data/miplib3/1.2.9:/Users/hiruse/Desktop/menu-app/build/Data/Sample/1.2.13:'
CPP='clang -E'
CPPFLAGS=''
CPX_CFLAGS=''
CPX_CFLAGS_INSTALLED=''
CPX_DATA=''
CPX_DATA_INSTALLED=''
CPX_DEPENDENCIES=''
CPX_LIBS=''
CPX_LIBS_INSTALLED=''
CXX='clang++'
CXXCPP='clang++ -E'
CXXDEFS=''
CXXDEPMODE='depmode=none'
CXXFLAGS='-O3 -pipe -DNDEBUG -Wparentheses -Wreturn-type -Wcast-qual -Wall -Wpointer-arith -Wwrite-strings -Wconversion -Wno-unknown-pragmas -Wno-long-long   -DCBC_BUILD'
CYGPATH_W='echo'
DBG_CFLAGS='-g -O0 -pipe -Wimplicit -Wparentheses -Wsequence-point -Wreturn-type -Wcast-qual -Wall -Wno-unknown-pragmas -Wno-long-long  '
DBG_CXXFLAGS='-g -O0 -pipe -Wparentheses -Wreturn-type -Wcast-qual -Wall -Wpointer-arith -Wwrite-strings -Wconversion -Wno-unknown-pragmas -Wno-long-long  '
DEFS='-DHAVE_CONFIG_H'
DEPDIR='.deps'
DEPENDENCY_LINKING_FALSE='#'
DEPENDENCY_LINKING_TRUE=''
DYLP_CFLAGS=''
DYLP_CFLAGS_INSTALLED=''
DYLP_DATA=''
DYLP_DATA_INSTALLED=''
DYLP_DEPENDENCIES=''
DYLP_LIBS=''
DYLP_LIBS_INSTALLED=''
ECHO='/bin/echo'
ECHO_C='ECHO_N=''
ECHO_T=''
EGREP='grep -E'
EXEEXT=''
F77=''
FFLAGS=''
GLPK_CFLAGS=''
GLPK_CFLAGS_INSTALLED=''
GLPK_DATA=''
GLPK_DATA_INSTALLED=''
GLPK_DEPENDENCIES=''
GLPK_LIBS=''
GLPK_LIBS_INSTALLED=''
GRB_CFLAGS=''
GRB_CFLAGS_INSTALLED=''
GRB_DATA=''
GRB_DATA_INSTALLED=''
GRB_DEPENDENCIES=''
GRB_LIBS=''
GRB_LIBS_INSTALLED=''
HAVE_EXTERNALS_FALSE=''
HAVE_EXTERNALS_TRUE='#'
HIGHS_CFLAGS=''
HIGHS_CFLAGS_INSTALLED=''
HIGHS_DATA=''
HIGHS_DATA_INSTALLED=''
HIGHS_DEPENDENCIES=''
HIGHS_LIBS=''
HIGHS_LIBS_INSTALLED=''
INSTALL_DATA='${INSTALL} -m 644'
INSTALL_PROGRAM='${INSTALL}'
INSTALL_SCRIPT='${INSTALL}'
INSTALL_STRIP_PROGRAM='${SHELL} $(install_sh) -c -s'
LDFLAGS=''
LIBEXT='a'
LIBOBJS=''
LIBS=''
LIBTOOL='$(SHELL) $(top_builddir)/libtool'
LIBTOOLM4=''
LN_S='ln -s'
LTLIBOBJS=''
LT_LDFLAGS=' -no-undefined -version-info 13:12:10'
MAINT='#'
MAINTAINER_MODE_FALSE=''
MAINTAINER_MODE_TRUE='#'
MAKEINFO='${SHELL} /Users/hiruse/Desktop/menu-app/Cbc/Cbc/missing --run makeinfo'
MIPLIB3_CFLAGS=''
MIPLIB3_CFLAGS_INSTALLED=''
MIPLIB3_DATA='/Users/hiruse/cbc/share/coin/Data/miplib3'
MIPLIB3_DATA_INSTALLED=''
MIPLIB3_DEPENDENCIES=' '
MIPLIB3_LIBS=''
MIPLIB3_LIBS_INSTALLED=''
MPICC=''
MPICXX=''
MSK_CFLAGS=''
MSK_CFLAGS_INSTALLED=''
MSK_DATA=''
MSK_DATA_INSTALLED=''
MSK_DEPENDENCIES=''
MSK_LIBS=''
MSK_LIBS_INSTALLED=''
MUMPS_CFLAGS=''
MUMPS_CFLAGS_INSTALLED=''
MUMPS_DATA=''
MUMPS_DATA_INSTALLED=''
MUMPS_DEPENDENCIES=''
MUMPS_LIBS=''
MUMPS_LIBS_INSTALLED=''
NETLIB_CFLAGS=''
NETLIB_CFLAGS_INSTALLED=''
NETLIB_DATA=''
NETLIB_DATA_INSTALLED=''
NETLIB_DEPENDENCIES=''
NETLIB_LIBS=''
NETLIB_LIBS_INSTALLED=''
NTYINCDIR=''
NTYLIB=''
OBJEXT='o'
OPT_CFLAGS='-O3 -pipe -DNDEBUG -Wimplicit -Wparentheses -Wsequence-point -Wreturn-type -Wcast-qual -Wall -Wno-unknown-pragmas -Wno-long-long  '
OPT_CXXFLAGS='-O3 -pipe -DNDEBUG -Wparentheses -Wreturn-type -Wcast-qual -Wall -Wpointer-arith -Wwrite-strings -Wconversion -Wno-unknown-pragmas -Wno-long-long  '
OSICBC_DFLT_SOLVER_CLP_FALSE='#'
OSICBC_DFLT_SOLVER_CLP_TRUE=''
OSICBC_DFLT_SOLVER_CPX_FALSE=''
OSICBC_DFLT_SOLVER_CPX_TRUE='#'
OSICBC_DFLT_SOLVER_DYLP_FALSE=''
OSICBC_DFLT_SOLVER_DYLP_TRUE='#'
OSICBC_DFLT_SOLVER_GLPK_FALSE=''
OSICBC_DFLT_SOLVER_GLPK_TRUE='#'
OSICBC_DFLT_SOLVER_GRB_FALSE=''
OSICBC_DFLT_SOLVER_GRB_TRUE='#'
OSICBC_DFLT_SOLVER_HIGHS_FALSE=''
OSICBC_DFLT_SOLVER_HIGHS_TRUE='#'
OSICBC_DFLT_SOLVER_MSK_FALSE=''
OSICBC_DFLT_SOLVER_MSK_TRUE='#'
OSICBC_DFLT_SOLVER_SPX_FALSE=''
OSICBC_DFLT_SOLVER_SPX_TRUE='#'
OSICBC_DFLT_SOLVER_SYM_FALSE=''
OSICBC_DFLT_SOLVER_SYM_TRUE='#'
OSICBC_DFLT_SOLVER_VOL_FALSE=''
OSICBC_DFLT_SOLVER_VOL_TRUE='#'
OSICBC_DFLT_SOLVER_XPR_FALSE=''
OSICBC_DFLT_SOLVER_XPR_TRUE='#'
OSITESTS_CFLAGS='-I/Users/hiruse/cbc/include/coin'
OSITESTS_CFLAGS_INSTALLED=''
OSITESTS_DATA=''
OSITESTS_DATA_INSTALLED=''
OSITESTS_DEPENDENCIES=''
OSITESTS_LIBS='-L/Users/hiruse/cbc/lib -lOsiCommonTests -lOsi -lCoinUtils -lbz2 -lz -lm'
OSITESTS_LIBS_INSTALLED=''
PACKAGE='cbc'
PACKAGE_BUGREPORT='cbc@lists.coin-or.org'
PACKAGE_NAME='Cbc'
PACKAGE_STRING='Cbc 2.10.12'
PACKAGE_TARNAME='cbc'
PACKAGE_VERSION='2.10.12'
PATH_SEPARATOR=':'
PKG_CONFIG='pkg-config'
RANLIB='ranlib'
RPATH_FLAGS=''
SAMPLE_CFLAGS=''
SAMPLE_CFLAGS_INSTALLED=''
SAMPLE_DATA='/Users/hiruse/cbc/share/coin/Data/Sample'
SAMPLE_DATA_INSTALLED=''
SAMPLE_DEPENDENCIES=' '
SAMPLE_LIBS=''
SAMPLE_LIBS_INSTALLED=''
SET_MAKE=''
SHELL='/bin/sh'
SPX_CFLAGS=''
SPX_CFLAGS_INSTALLED=''
SPX_DATA=''
SPX_DATA_INSTALLED=''
SPX_DEPENDENCIES=''
SPX_LIBS=''
SPX_LIBS_INSTALLED=''
STRIP='strip'
VERSION='2.10.12'
VOL_CFLAGS=''
VOL_CFLAGS_INSTALLED=''
VOL_DATA=''
VOL_DATA_INSTALLED=''
VOL_DEPENDENCIES=''
VOL_LIBS=''
VOL_LIBS_INSTALLED=''
VPATH_DISTCLEANFILES=' examples/sudoku_sample.csv examples/quad.mps examples/quad2.mps'
XPR_CFLAGS=''
XPR_CFLAGS_INSTALLED=''
XPR_DATA=''
XPR_DATA_INSTALLED=''
XPR_DEPENDENCIES=''
XPR_LIBS=''
XPR_LIBS_INSTALLED=''
abs_bin_dir='/Users/hiruse/cbc/bin'
abs_include_dir='/Users/hiruse/cbc/include'
abs_lib_dir='/Users/hiruse/cbc/lib'
abs_source_dir='/Users/hiruse/Desktop/menu-app/Cbc/Cbc'
ac_c_preproc_warn_flag=''
ac_ct_AR='ar'
ac_ct_CC='clang'
ac_ct_CXX='clang++'
ac_ct_F77=''
ac_ct_PKG_CONFIG='pkg-config'
ac_ct_RANLIB='ranlib'
ac_ct_STRIP='strip'
ac_cxx_preproc_warn_flag=''
am__fastdepCC_FALSE=''
am__fastdepCC_TRUE='#'
am__fastdepCXX_FALSE=''
am__fastdepCXX_TRUE='#'
am__include='include'
am__leading_dot='.'
am__quote=''
am__tar='${AMTAR} chof - "$$tardir"'
am__untar='${AMTAR} xf -'
bindir='${exec_prefix}/bin'
build='x86_64-apple-darwin21.6.0'
build_alias=''
build_cpu='x86_64'
build_os='darwin21.6.0'
build_vendor='apple'
coin_doxy_excludes=''
coin_doxy_logname='doxydoc/cbc_doxy.log'
coin_doxy_tagfiles=' /Users/hiruse/cbc/share/coin/doc/CoinUtils/doxydoc/coinutils_doxy.tag=/Users/hiruse/cbc/share/coin/doc/CoinUtils/doxydoc/html /Users/hiruse/cbc/share/coin/doc/Osi/doxydoc/osi_doxy.tag=/Users/hiruse/cbc/share/coin/doc/Osi/doxydoc/html /Users/hiruse/cbc/share/coin/doc/Clp/doxydoc/clp_doxy.tag=/Users/hiruse/cbc/share/coin/doc/Clp/doxydoc/html /Users/hiruse/cbc/share/coin/doc/DyLP/doxydoc/dylp_doxy.tag=/Users/hiruse/cbc/share/coin/doc/DyLP/doxydoc/html /Users/hiruse/cbc/share/coin/doc/Cgl/doxydoc/cgl_doxy.tag=/Users/hiruse/cbc/share/coin/doc/Cgl/doxydoc/html /Users/hiruse/cbc/share/coin/doc/Vol/doxydoc/vol_doxy.tag=/Users/hiruse/cbc/share/coin/doc/Vol/doxydoc/html'
coin_doxy_tagname='doxydoc/cbc_doxy.tag'
coin_doxy_usedot='NO'
coin_have_doxygen='no'
coin_have_latex='no'
datadir='${prefix}/share'
dos2unix=''
exec_prefix='${prefix}'
have_autoconf=''
have_automake=''
have_svn=''
have_svnversion='no'
host='x86_64-apple-darwin21.6.0'
host_alias=''
host_cpu='x86_64'
host_os='darwin21.6.0'
host_vendor='apple'
includedir='${prefix}/include'
infodir='${prefix}/info'
install_sh='/Users/hiruse/Desktop/menu-app/Cbc/Cbc/install-sh'
libdir='${exec_prefix}/lib'
libexecdir='${exec_prefix}/libexec'
localstatedir='${prefix}/var'
mandir='${prefix}/man'
mkdir_p='$(install_sh) -d'
oldincludedir='/usr/include'
prefix='/Users/hiruse/cbc'
program_transform_name='s,x,x,'
sbindir='${exec_prefix}/sbin'
sharedstatedir='${prefix}/com'
sol_cc_compiler=''
sysconfdir='${prefix}/etc'
target_alias=''

## ----------- ##
## confdefs.h. ##
## ----------- ##

#define CBC_DEFAULT_SOLVER "clp"
#define CBC_THREAD 1
#define CBC_VERSION "2.10.12"
#define CBC_VERSION_MAJOR 2
#define CBC_VERSION_MINOR 10
#define CBC_VERSION_RELEASE 12
#define COIN_CBC_CHECKLEVEL 0
#define COIN_CBC_VERBOSITY 0
#define COIN_HAS_CLP 1
#define COIN_HAS_COINDEPEND 1
#define COIN_HAS_MIPLIB3 1
#define COIN_HAS_OSITESTS 1
#define COIN_HAS_SAMPLE 1
#define HAVE_CFLOAT 1
#define HAVE_CMATH 1
#define HAVE_DLFCN_H 1
#define HAVE_INTTYPES_H 1
#define HAVE_MEMORY_H 1
#define HAVE_STDINT_H 1
#define HAVE_STDLIB_H 1
#define HAVE_STRINGS_H 1
#define HAVE_STRING_H 1
#define HAVE_SYS_STAT_H 1
#define HAVE_SYS_TYPES_H 1
#define HAVE_UNISTD_H 1
#define OSICBC_DFLT_SOLVER OsiClpSolverInterface
#define OSICBC_DFLT_SOLVER_CLP 1
#define OSICBC_DFLT_SOLVER_HPP "OsiClpSolverInterface.hpp"
#define PACKAGE "cbc"
#define PACKAGE_BUGREPORT "cbc@lists.coin-or.org"
#define PACKAGE_NAME "Cbc"
#define PACKAGE_STRING "Cbc 2.10.12"
#define PACKAGE_TARNAME "cbc"
#define PACKAGE_VERSION "2.10.12"
#define VERSION "2.10.12"
#endif
#ifdef __cplusplus
extern "C" void exit (int);

configure: exit 0
