This file contains any messages produced by compilers while
running configure, to aid debugging if configure makes a mistake.

It was created by Osi configure 0.108.11, which was
generated by GNU Autoconf 2.59.  Invocation command line was

  $ /Users/hiruse/Desktop/menu-app/Osi/Osi/configure --disable-dependency-tracking --disable-option-checking --prefix=/Users/hiruse/cbc --enable-cbc-parallel --with-coin-instdir=/Users/hiruse/cbc

## --------- ##
## Platform. ##
## --------- ##

hostname = hirosemoehananoMacBook-Pro.local
uname -m = x86_64
uname -r = 21.6.0
uname -s = Darwin
uname -v = Darwin Kernel Version 21.6.0: Wed Apr 24 06:02:02 PDT 2024; root:xnu-8020.240.18.708.4~1/RELEASE_X86_64

/usr/bin/uname -p = i386
/bin/uname -X     = unknown

/bin/arch              = unknown
/usr/bin/arch -k       = unknown
/usr/convex/getsysinfo = unknown
hostinfo               = Mach kernel version:
	 Darwin Kernel Version 21.6.0: Wed Apr 24 06:02:02 PDT 2024; root:xnu-8020.240.18.708.4~1/RELEASE_X86_64
Kernel configured for up to 8 processors.
4 processors are physically available.
8 processors are logically available.
Processor type: x86_64h (Intel x86-64h Haswell)
Processors active: 0 1 2 3 4 5 6 7
Primary memory available: 16.00 gigabytes
Default processor set: 799 tasks, 4318 threads, 8 processors
Load average: 8.55, Mach factor: 1.62
/bin/machine           = unknown
/usr/bin/oslevel       = unknown
/bin/universe          = unknown

PATH: /Users/hiruse/.pyenv/shims
PATH: /Users/hiruse/.local/bin
PATH: /Users/hiruse/google-cloud-sdk/bin
PATH: /usr/local/bin
PATH: /usr/bin
PATH: /bin
PATH: /usr/sbin
PATH: /sbin
PATH: /Users/hiruse/go/bin
PATH: /usr/local/opt/llvm/bin
PATH: /Users/hiruse/bin
PATH: /Users/hiruse/.local/bin
PATH: /Users/hiruse/.goenv/shims
PATH: /Users/hiruse/.nodenv/shims


## ----------- ##
## Core tests. ##
## ----------- ##

configure:1693: checking build system type
configure:1711: result: x86_64-apple-darwin21.6.0
configure:1781: checking for svnversion
configure:1808: result: no
configure:1837: checking whether we want to compile in debug mode
configure:1883: result: no
configure:2133: checking for clang
configure:2149: found /usr/bin/clang
configure:2159: result: clang
configure:2180: checking for C compiler version
configure:2183: clang --version </dev/null >&5
Apple clang version 14.0.0 (clang-1400.0.29.202)
Target: x86_64-apple-darwin21.6.0
Thread model: posix
InstalledDir: /Library/Developer/CommandLineTools/usr/bin
configure:2186: $? = 0
configure:2188: clang -v </dev/null >&5
Apple clang version 14.0.0 (clang-1400.0.29.202)
Target: x86_64-apple-darwin21.6.0
Thread model: posix
InstalledDir: /Library/Developer/CommandLineTools/usr/bin
configure:2191: $? = 0
configure:2193: clang -V </dev/null >&5
clang: error: argument to '-V' is missing (expected 1 value)
clang: error: no input files
configure:2196: $? = 1
configure:2219: checking for C compiler default output file name
configure:2222: clang    conftest.c  >&5
configure:2225: $? = 0
configure:2271: result: a.out
configure:2276: checking whether the C compiler works
configure:2282: ./a.out
configure:2285: $? = 0
configure:2302: result: yes
configure:2309: checking whether we are cross compiling
configure:2311: result: no
configure:2314: checking for suffix of executables
configure:2316: clang -o conftest    conftest.c  >&5
configure:2319: $? = 0
configure:2344: result: 
configure:2350: checking for suffix of object files
configure:2371: clang -c   conftest.c >&5
configure:2374: $? = 0
configure:2396: result: o
configure:2400: checking whether we are using the GNU C compiler
configure:2424: clang -c   conftest.c >&5
configure:2430: $? = 0
configure:2434: test -z 
			 || test ! -s conftest.err
configure:2437: $? = 0
configure:2440: test -s conftest.o
configure:2443: $? = 0
configure:2456: result: yes
configure:2462: checking whether clang accepts -g
configure:2483: clang -c -g  conftest.c >&5
configure:2489: $? = 0
configure:2493: test -z 
			 || test ! -s conftest.err
configure:2496: $? = 0
configure:2499: test -s conftest.o
configure:2502: $? = 0
configure:2513: result: yes
configure:2530: checking for clang option to accept ANSI C
configure:2600: clang  -c -g -O2  conftest.c >&5
configure:2606: $? = 0
configure:2610: test -z 
			 || test ! -s conftest.err
configure:2613: $? = 0
configure:2616: test -s conftest.o
configure:2619: $? = 0
configure:2637: result: none needed
configure:2655: clang -c -g -O2  conftest.c >&5
conftest.c:2:3: error: unknown type name 'choke'
  choke me
  ^
conftest.c:2:11: error: expected ';' after top level declarator
  choke me
          ^
          ;
2 errors generated.
configure:2661: $? = 1
configure: failed program was:
| #ifndef __cplusplus
|   choke me
| #endif
configure:3082: clang -o conftest -O3 -pipe -DNDEBUG -Wimplicit -Wparentheses -Wsequence-point -Wreturn-type -Wcast-qual -Wall -Wno-unknown-pragmas -Wno-long-long   -DOSI_BUILD   conftest.c  >&5
configure:3088: $? = 0
configure:3092: test -z 
			 || test ! -s conftest.err
configure:3095: $? = 0
configure:3098: test -s conftest
configure:3101: $? = 0
configure:3168: C compiler options are: -O3 -pipe -DNDEBUG -Wimplicit -Wparentheses -Wsequence-point -Wreturn-type -Wcast-qual -Wall -Wno-unknown-pragmas -Wno-long-long   -DOSI_BUILD
configure:3283: checking for clang++
configure:3299: found /usr/bin/clang++
configure:3309: result: clang++
configure:3325: checking for C++ compiler version
configure:3328: clang++ --version </dev/null >&5
Apple clang version 14.0.0 (clang-1400.0.29.202)
Target: x86_64-apple-darwin21.6.0
Thread model: posix
InstalledDir: /Library/Developer/CommandLineTools/usr/bin
configure:3331: $? = 0
configure:3333: clang++ -v </dev/null >&5
Apple clang version 14.0.0 (clang-1400.0.29.202)
Target: x86_64-apple-darwin21.6.0
Thread model: posix
InstalledDir: /Library/Developer/CommandLineTools/usr/bin
configure:3336: $? = 0
configure:3338: clang++ -V </dev/null >&5
clang: error: argument to '-V' is missing (expected 1 value)
clang: error: no input files
configure:3341: $? = 1
configure:3344: checking whether we are using the GNU C++ compiler
configure:3368: clang++ -c   conftest.cc >&5
configure:3374: $? = 0
configure:3378: test -z 
			 || test ! -s conftest.err
configure:3381: $? = 0
configure:3384: test -s conftest.o
configure:3387: $? = 0
configure:3400: result: yes
configure:3406: checking whether clang++ accepts -g
configure:3427: clang++ -c -g  conftest.cc >&5
configure:3433: $? = 0
configure:3437: test -z 
			 || test ! -s conftest.err
configure:3440: $? = 0
configure:3443: test -s conftest.o
configure:3446: $? = 0
configure:3457: result: yes
configure:3499: clang++ -c -g -O2  conftest.cc >&5
configure:3505: $? = 0
configure:3509: test -z 
			 || test ! -s conftest.err
configure:3512: $? = 0
configure:3515: test -s conftest.o
configure:3518: $? = 0
configure:3544: clang++ -c -g -O2  conftest.cc >&5
conftest.cc:19:1: error: use of undeclared identifier 'exit'
exit (42);
^
1 error generated.
configure:3550: $? = 1
configure: failed program was:
| /* confdefs.h.  */
| 
| #define PACKAGE_NAME "Osi"
| #define PACKAGE_TARNAME "osi"
| #define PACKAGE_VERSION "0.108.11"
| #define PACKAGE_STRING "Osi 0.108.11"
| #define PACKAGE_BUGREPORT "osi@list.coin-or.org"
| #define OSI_VERSION "0.108.11"
| #define OSI_VERSION_MAJOR 0
| #define OSI_VERSION_MINOR 108
| #define OSI_VERSION_RELEASE 11
| #define COIN_OSI_VERBOSITY 0
| #define COIN_OSI_CHECKLEVEL 0
| /* end confdefs.h.  */
| 
| int
| main ()
| {
| exit (42);
|   ;
|   return 0;
| }
configure:3499: clang++ -c -g -O2  conftest.cc >&5
conftest.cc:15:17: error: use of undeclared identifier 'std'
extern "C" void std::exit (int) throw (); using std::exit;
                ^
conftest.cc:15:49: error: use of undeclared identifier 'std'
extern "C" void std::exit (int) throw (); using std::exit;
                                                ^
2 errors generated.
configure:3505: $? = 1
configure: failed program was:
| /* confdefs.h.  */
| 
| #define PACKAGE_NAME "Osi"
| #define PACKAGE_TARNAME "osi"
| #define PACKAGE_VERSION "0.108.11"
| #define PACKAGE_STRING "Osi 0.108.11"
| #define PACKAGE_BUGREPORT "osi@list.coin-or.org"
| #define OSI_VERSION "0.108.11"
| #define OSI_VERSION_MAJOR 0
| #define OSI_VERSION_MINOR 108
| #define OSI_VERSION_RELEASE 11
| #define COIN_OSI_VERBOSITY 0
| #define COIN_OSI_CHECKLEVEL 0
| /* end confdefs.h.  */
| extern "C" void std::exit (int) throw (); using std::exit;
| #include <stdlib.h>
| int
| main ()
| {
| exit (42);
|   ;
|   return 0;
| }
configure:3499: clang++ -c -g -O2  conftest.cc >&5
conftest.cc:15:17: error: use of undeclared identifier 'std'
extern "C" void std::exit (int); using std::exit;
                ^
conftest.cc:15:40: error: use of undeclared identifier 'std'
extern "C" void std::exit (int); using std::exit;
                                       ^
2 errors generated.
configure:3505: $? = 1
configure: failed program was:
| /* confdefs.h.  */
| 
| #define PACKAGE_NAME "Osi"
| #define PACKAGE_TARNAME "osi"
| #define PACKAGE_VERSION "0.108.11"
| #define PACKAGE_STRING "Osi 0.108.11"
| #define PACKAGE_BUGREPORT "osi@list.coin-or.org"
| #define OSI_VERSION "0.108.11"
| #define OSI_VERSION_MAJOR 0
| #define OSI_VERSION_MINOR 108
| #define OSI_VERSION_RELEASE 11
| #define COIN_OSI_VERBOSITY 0
| #define COIN_OSI_CHECKLEVEL 0
| /* end confdefs.h.  */
| extern "C" void std::exit (int); using std::exit;
| #include <stdlib.h>
| int
| main ()
| {
| exit (42);
|   ;
|   return 0;
| }
configure:3499: clang++ -c -g -O2  conftest.cc >&5
In file included from conftest.cc:16:
In file included from /Library/Developer/CommandLineTools/SDKs/MacOSX.sdk/usr/include/c++/v1/stdlib.h:93:
/Library/Developer/CommandLineTools/SDKs/MacOSX.sdk/usr/include/stdlib.h:145:7: error: 'exit' is missing exception specification 'throw()'
void     exit(int) __dead2;
         ^
conftest.cc:15:17: note: previous declaration is here
extern "C" void exit (int) throw ();
                ^
1 error generated.
configure:3505: $? = 1
configure: failed program was:
| /* confdefs.h.  */
| 
| #define PACKAGE_NAME "Osi"
| #define PACKAGE_TARNAME "osi"
| #define PACKAGE_VERSION "0.108.11"
| #define PACKAGE_STRING "Osi 0.108.11"
| #define PACKAGE_BUGREPORT "osi@list.coin-or.org"
| #define OSI_VERSION "0.108.11"
| #define OSI_VERSION_MAJOR 0
| #define OSI_VERSION_MINOR 108
| #define OSI_VERSION_RELEASE 11
| #define COIN_OSI_VERBOSITY 0
| #define COIN_OSI_CHECKLEVEL 0
| /* end confdefs.h.  */
| extern "C" void exit (int) throw ();
| #include <stdlib.h>
| int
| main ()
| {
| exit (42);
|   ;
|   return 0;
| }
configure:3499: clang++ -c -g -O2  conftest.cc >&5
configure:3505: $? = 0
configure:3509: test -z 
			 || test ! -s conftest.err
configure:3512: $? = 0
configure:3515: test -s conftest.o
configure:3518: $? = 0
configure:3544: clang++ -c -g -O2  conftest.cc >&5
configure:3550: $? = 0
configure:3554: test -z 
			 || test ! -s conftest.err
configure:3557: $? = 0
configure:3560: test -s conftest.o
configure:3563: $? = 0
configure:3595: checking whether C++ compiler clang++ works
configure:3613: clang++ -c -g -O2  conftest.cc >&5
configure:3619: $? = 0
configure:3623: test -z 
			 || test ! -s conftest.err
configure:3626: $? = 0
configure:3629: test -s conftest.o
configure:3632: $? = 0
configure:3634: result: yes
configure:3955: clang++ -o conftest -O3 -pipe -DNDEBUG -Wparentheses -Wreturn-type -Wcast-qual -Wall -Wpointer-arith -Wwrite-strings -Wconversion -Wno-unknown-pragmas -Wno-long-long   -DOSI_BUILD   conftest.cc  >&5
configure:3961: $? = 0
configure:3965: test -z 
			 || test ! -s conftest.err
configure:3968: $? = 0
configure:3971: test -s conftest
configure:3974: $? = 0
configure:4041: C++ compiler options are: -O3 -pipe -DNDEBUG -Wparentheses -Wreturn-type -Wcast-qual -Wall -Wpointer-arith -Wwrite-strings -Wconversion -Wno-unknown-pragmas -Wno-long-long   -DOSI_BUILD
configure:4160: checking for egrep
configure:4170: result: grep -E
configure:4175: checking whether ln -s works
configure:4179: result: yes
configure:4200: checking for a BSD-compatible install
configure:4255: result: /usr/bin/install -c
configure:4266: checking whether build environment is sane
configure:4309: result: yes
configure:4374: checking for gawk
configure:4403: result: no
configure:4374: checking for mawk
configure:4403: result: no
configure:4374: checking for nawk
configure:4403: result: no
configure:4374: checking for awk
configure:4390: found /usr/bin/awk
configure:4400: result: awk
configure:4410: checking whether make sets $(MAKE)
configure:4430: result: yes
configure:4460: checking for style of include used by make
configure:4488: result: GNU
configure:4669: checking dependency style of clang
configure:4759: result: none
configure:4778: checking dependency style of clang++
configure:4868: result: none
configure:4886: checking whether to enable maintainer-specific portions of Makefiles
configure:4895: result: no
configure:5343: checking host system type
configure:5357: result: x86_64-apple-darwin21.6.0
configure:5365: checking for a sed that does not truncate output
configure:5419: result: /usr/bin/sed
configure:5433: checking for ld used by clang
configure:5500: result: /Library/Developer/CommandLineTools/usr/bin/ld
configure:5509: checking if the linker (/Library/Developer/CommandLineTools/usr/bin/ld) is GNU ld
configure:5524: result: no
configure:5529: checking for /Library/Developer/CommandLineTools/usr/bin/ld option to reload object files
configure:5536: result: -r
configure:5554: checking for BSD-compatible nm
configure:5603: result: /usr/bin/nm -B
configure:5607: checking how to recognise dependent libraries
configure:5783: result: pass_all
configure:6019: checking how to run the C preprocessor
configure:6054: clang -E  conftest.c
configure:6060: $? = 0
configure:6092: clang -E  conftest.c
conftest.c:20:10: fatal error: 'ac_nonexistent.h' file not found
#include <ac_nonexistent.h>
         ^~~~~~~~~~~~~~~~~~
1 error generated.
configure:6098: $? = 1
configure: failed program was:
| /* confdefs.h.  */
| 
| #define PACKAGE_NAME "Osi"
| #define PACKAGE_TARNAME "osi"
| #define PACKAGE_VERSION "0.108.11"
| #define PACKAGE_STRING "Osi 0.108.11"
| #define PACKAGE_BUGREPORT "osi@list.coin-or.org"
| #define OSI_VERSION "0.108.11"
| #define OSI_VERSION_MAJOR 0
| #define OSI_VERSION_MINOR 108
| #define OSI_VERSION_RELEASE 11
| #define COIN_OSI_VERBOSITY 0
| #define COIN_OSI_CHECKLEVEL 0
| #ifdef __cplusplus
| extern "C" void exit (int);
| #endif
| #define PACKAGE "osi"
| #define VERSION "0.108.11"
| /* end confdefs.h.  */
| #include <ac_nonexistent.h>
configure:6137: result: clang -E
configure:6161: clang -E  conftest.c
configure:6167: $? = 0
configure:6199: clang -E  conftest.c
conftest.c:20:10: fatal error: 'ac_nonexistent.h' file not found
#include <ac_nonexistent.h>
         ^~~~~~~~~~~~~~~~~~
1 error generated.
configure:6205: $? = 1
configure: failed program was:
| /* confdefs.h.  */
| 
| #define PACKAGE_NAME "Osi"
| #define PACKAGE_TARNAME "osi"
| #define PACKAGE_VERSION "0.108.11"
| #define PACKAGE_STRING "Osi 0.108.11"
| #define PACKAGE_BUGREPORT "osi@list.coin-or.org"
| #define OSI_VERSION "0.108.11"
| #define OSI_VERSION_MAJOR 0
| #define OSI_VERSION_MINOR 108
| #define OSI_VERSION_RELEASE 11
| #define COIN_OSI_VERBOSITY 0
| #define COIN_OSI_CHECKLEVEL 0
| #ifdef __cplusplus
| extern "C" void exit (int);
| #endif
| #define PACKAGE "osi"
| #define VERSION "0.108.11"
| /* end confdefs.h.  */
| #include <ac_nonexistent.h>
configure:6249: checking for ANSI C header files
configure:6274: clang -c -O3 -pipe -DNDEBUG -Wimplicit -Wparentheses -Wsequence-point -Wreturn-type -Wcast-qual -Wall -Wno-unknown-pragmas -Wno-long-long   -DOSI_BUILD  conftest.c >&5
configure:6280: $? = 0
configure:6284: test -z 
			 || test ! -s conftest.err
configure:6287: $? = 0
configure:6290: test -s conftest.o
configure:6293: $? = 0
configure:6382: clang -o conftest -O3 -pipe -DNDEBUG -Wimplicit -Wparentheses -Wsequence-point -Wreturn-type -Wcast-qual -Wall -Wno-unknown-pragmas -Wno-long-long   -DOSI_BUILD   conftest.c  >&5
conftest.c:37:7: error: implicitly declaring library function 'exit' with type 'void (int) __attribute__((noreturn))' [-Werror,-Wimplicit-function-declaration]
      exit(2);
      ^
conftest.c:37:7: note: include the header <stdlib.h> or explicitly provide a declaration for 'exit'
1 error generated.
configure:6385: $? = 1
configure: program exited with status 1
configure: failed program was:
| /* confdefs.h.  */
| 
| #define PACKAGE_NAME "Osi"
| #define PACKAGE_TARNAME "osi"
| #define PACKAGE_VERSION "0.108.11"
| #define PACKAGE_STRING "Osi 0.108.11"
| #define PACKAGE_BUGREPORT "osi@list.coin-or.org"
| #define OSI_VERSION "0.108.11"
| #define OSI_VERSION_MAJOR 0
| #define OSI_VERSION_MINOR 108
| #define OSI_VERSION_RELEASE 11
| #define COIN_OSI_VERBOSITY 0
| #define COIN_OSI_CHECKLEVEL 0
| #ifdef __cplusplus
| extern "C" void exit (int);
| #endif
| #define PACKAGE "osi"
| #define VERSION "0.108.11"
| /* end confdefs.h.  */
| #include <ctype.h>
| #if ((' ' & 0x0FF) == 0x020)
| # define ISLOWER(c) ('a' <= (c) && (c) <= 'z')
| # define TOUPPER(c) (ISLOWER(c) ? 'A' + ((c) - 'a') : (c))
| #else
| # define ISLOWER(c) 		   (('a' <= (c) && (c) <= 'i') 		     || ('j' <= (c) && (c) <= 'r') 		     || ('s' <= (c) && (c) <= 'z'))
| # define TOUPPER(c) (ISLOWER(c) ? ((c) | 0x40) : (c))
| #endif
| 
| #define XOR(e, f) (((e) && !(f)) || (!(e) && (f)))
| int
| main ()
| {
|   int i;
|   for (i = 0; i < 256; i++)
|     if (XOR (islower (i), ISLOWER (i))
| 	|| toupper (i) != TOUPPER (i))
|       exit(2);
|   exit (0);
| }
configure:6405: result: no
configure:6429: checking for sys/types.h
configure:6445: clang -c -O3 -pipe -DNDEBUG -Wimplicit -Wparentheses -Wsequence-point -Wreturn-type -Wcast-qual -Wall -Wno-unknown-pragmas -Wno-long-long   -DOSI_BUILD  conftest.c >&5
configure:6451: $? = 0
configure:6455: test -z 
			 || test ! -s conftest.err
configure:6458: $? = 0
configure:6461: test -s conftest.o
configure:6464: $? = 0
configure:6475: result: yes
configure:6429: checking for sys/stat.h
configure:6445: clang -c -O3 -pipe -DNDEBUG -Wimplicit -Wparentheses -Wsequence-point -Wreturn-type -Wcast-qual -Wall -Wno-unknown-pragmas -Wno-long-long   -DOSI_BUILD  conftest.c >&5
configure:6451: $? = 0
configure:6455: test -z 
			 || test ! -s conftest.err
configure:6458: $? = 0
configure:6461: test -s conftest.o
configure:6464: $? = 0
configure:6475: result: yes
configure:6429: checking for stdlib.h
configure:6445: clang -c -O3 -pipe -DNDEBUG -Wimplicit -Wparentheses -Wsequence-point -Wreturn-type -Wcast-qual -Wall -Wno-unknown-pragmas -Wno-long-long   -DOSI_BUILD  conftest.c >&5
configure:6451: $? = 0
configure:6455: test -z 
			 || test ! -s conftest.err
configure:6458: $? = 0
configure:6461: test -s conftest.o
configure:6464: $? = 0
configure:6475: result: yes
configure:6429: checking for string.h
configure:6445: clang -c -O3 -pipe -DNDEBUG -Wimplicit -Wparentheses -Wsequence-point -Wreturn-type -Wcast-qual -Wall -Wno-unknown-pragmas -Wno-long-long   -DOSI_BUILD  conftest.c >&5
configure:6451: $? = 0
configure:6455: test -z 
			 || test ! -s conftest.err
configure:6458: $? = 0
configure:6461: test -s conftest.o
configure:6464: $? = 0
configure:6475: result: yes
configure:6429: checking for memory.h
configure:6445: clang -c -O3 -pipe -DNDEBUG -Wimplicit -Wparentheses -Wsequence-point -Wreturn-type -Wcast-qual -Wall -Wno-unknown-pragmas -Wno-long-long   -DOSI_BUILD  conftest.c >&5
configure:6451: $? = 0
configure:6455: test -z 
			 || test ! -s conftest.err
configure:6458: $? = 0
configure:6461: test -s conftest.o
configure:6464: $? = 0
configure:6475: result: yes
configure:6429: checking for strings.h
configure:6445: clang -c -O3 -pipe -DNDEBUG -Wimplicit -Wparentheses -Wsequence-point -Wreturn-type -Wcast-qual -Wall -Wno-unknown-pragmas -Wno-long-long   -DOSI_BUILD  conftest.c >&5
configure:6451: $? = 0
configure:6455: test -z 
			 || test ! -s conftest.err
configure:6458: $? = 0
configure:6461: test -s conftest.o
configure:6464: $? = 0
configure:6475: result: yes
configure:6429: checking for inttypes.h
configure:6445: clang -c -O3 -pipe -DNDEBUG -Wimplicit -Wparentheses -Wsequence-point -Wreturn-type -Wcast-qual -Wall -Wno-unknown-pragmas -Wno-long-long   -DOSI_BUILD  conftest.c >&5
configure:6451: $? = 0
configure:6455: test -z 
			 || test ! -s conftest.err
configure:6458: $? = 0
configure:6461: test -s conftest.o
configure:6464: $? = 0
configure:6475: result: yes
configure:6429: checking for stdint.h
configure:6445: clang -c -O3 -pipe -DNDEBUG -Wimplicit -Wparentheses -Wsequence-point -Wreturn-type -Wcast-qual -Wall -Wno-unknown-pragmas -Wno-long-long   -DOSI_BUILD  conftest.c >&5
configure:6451: $? = 0
configure:6455: test -z 
			 || test ! -s conftest.err
configure:6458: $? = 0
configure:6461: test -s conftest.o
configure:6464: $? = 0
configure:6475: result: yes
configure:6429: checking for unistd.h
configure:6445: clang -c -O3 -pipe -DNDEBUG -Wimplicit -Wparentheses -Wsequence-point -Wreturn-type -Wcast-qual -Wall -Wno-unknown-pragmas -Wno-long-long   -DOSI_BUILD  conftest.c >&5
configure:6451: $? = 0
configure:6455: test -z 
			 || test ! -s conftest.err
configure:6458: $? = 0
configure:6461: test -s conftest.o
configure:6464: $? = 0
configure:6475: result: yes
configure:6501: checking dlfcn.h usability
configure:6513: clang -c -O3 -pipe -DNDEBUG -Wimplicit -Wparentheses -Wsequence-point -Wreturn-type -Wcast-qual -Wall -Wno-unknown-pragmas -Wno-long-long   -DOSI_BUILD  conftest.c >&5
configure:6519: $? = 0
configure:6523: test -z 
			 || test ! -s conftest.err
configure:6526: $? = 0
configure:6529: test -s conftest.o
configure:6532: $? = 0
configure:6542: result: yes
configure:6546: checking dlfcn.h presence
configure:6556: clang -E  conftest.c
configure:6562: $? = 0
configure:6582: result: yes
configure:6617: checking for dlfcn.h
configure:6624: result: yes
configure:6647: checking how to run the C++ preprocessor
configure:6678: clang++ -E  conftest.cc
configure:6684: $? = 0
configure:6716: clang++ -E  conftest.cc
conftest.cc:30:10: fatal error: 'ac_nonexistent.h' file not found
#include <ac_nonexistent.h>
         ^~~~~~~~~~~~~~~~~~
1 error generated.
configure:6722: $? = 1
configure: failed program was:
| /* confdefs.h.  */
| 
| #define PACKAGE_NAME "Osi"
| #define PACKAGE_TARNAME "osi"
| #define PACKAGE_VERSION "0.108.11"
| #define PACKAGE_STRING "Osi 0.108.11"
| #define PACKAGE_BUGREPORT "osi@list.coin-or.org"
| #define OSI_VERSION "0.108.11"
| #define OSI_VERSION_MAJOR 0
| #define OSI_VERSION_MINOR 108
| #define OSI_VERSION_RELEASE 11
| #define COIN_OSI_VERBOSITY 0
| #define COIN_OSI_CHECKLEVEL 0
| #ifdef __cplusplus
| extern "C" void exit (int);
| #endif
| #define PACKAGE "osi"
| #define VERSION "0.108.11"
| #define HAVE_SYS_TYPES_H 1
| #define HAVE_SYS_STAT_H 1
| #define HAVE_STDLIB_H 1
| #define HAVE_STRING_H 1
| #define HAVE_MEMORY_H 1
| #define HAVE_STRINGS_H 1
| #define HAVE_INTTYPES_H 1
| #define HAVE_STDINT_H 1
| #define HAVE_UNISTD_H 1
| #define HAVE_DLFCN_H 1
| /* end confdefs.h.  */
| #include <ac_nonexistent.h>
configure:6761: result: clang++ -E
configure:6785: clang++ -E  conftest.cc
configure:6791: $? = 0
configure:6823: clang++ -E  conftest.cc
conftest.cc:30:10: fatal error: 'ac_nonexistent.h' file not found
#include <ac_nonexistent.h>
         ^~~~~~~~~~~~~~~~~~
1 error generated.
configure:6829: $? = 1
configure: failed program was:
| /* confdefs.h.  */
| 
| #define PACKAGE_NAME "Osi"
| #define PACKAGE_TARNAME "osi"
| #define PACKAGE_VERSION "0.108.11"
| #define PACKAGE_STRING "Osi 0.108.11"
| #define PACKAGE_BUGREPORT "osi@list.coin-or.org"
| #define OSI_VERSION "0.108.11"
| #define OSI_VERSION_MAJOR 0
| #define OSI_VERSION_MINOR 108
| #define OSI_VERSION_RELEASE 11
| #define COIN_OSI_VERBOSITY 0
| #define COIN_OSI_CHECKLEVEL 0
| #ifdef __cplusplus
| extern "C" void exit (int);
| #endif
| #define PACKAGE "osi"
| #define VERSION "0.108.11"
| #define HAVE_SYS_TYPES_H 1
| #define HAVE_SYS_STAT_H 1
| #define HAVE_STDLIB_H 1
| #define HAVE_STRING_H 1
| #define HAVE_MEMORY_H 1
| #define HAVE_STRINGS_H 1
| #define HAVE_INTTYPES_H 1
| #define HAVE_STDINT_H 1
| #define HAVE_UNISTD_H 1
| #define HAVE_DLFCN_H 1
| /* end confdefs.h.  */
| #include <ac_nonexistent.h>
configure:6925: checking for g77
configure:6954: result: no
configure:6925: checking for f77
configure:6954: result: no
configure:6925: checking for xlf
configure:6954: result: no
configure:6925: checking for frt
configure:6954: result: no
configure:6925: checking for pgf77
configure:6954: result: no
configure:6925: checking for fort77
configure:6954: result: no
configure:6925: checking for fl32
configure:6954: result: no
configure:6925: checking for af77
configure:6954: result: no
configure:6925: checking for f90
configure:6954: result: no
configure:6925: checking for xlf90
configure:6954: result: no
configure:6925: checking for pgf90
configure:6954: result: no
configure:6925: checking for epcf90
configure:6954: result: no
configure:6925: checking for f95
configure:6954: result: no
configure:6925: checking for fort
configure:6954: result: no
configure:6925: checking for xlf95
configure:6954: result: no
configure:6925: checking for ifc
configure:6954: result: no
configure:6925: checking for efc
configure:6954: result: no
configure:6925: checking for pgf95
configure:6954: result: no
configure:6925: checking for lf95
configure:6954: result: no
configure:6925: checking for gfortran
configure:6954: result: no
configure:6966: checking for Fortran 77 compiler version
configure:6969:  --version </dev/null >&5
/Users/hiruse/Desktop/menu-app/Osi/Osi/configure: line 6970: --version: command not found
configure:6972: $? = 127
configure:6974:  -v </dev/null >&5
/Users/hiruse/Desktop/menu-app/Osi/Osi/configure: line 6975: -v: command not found
configure:6977: $? = 127
configure:6979:  -V </dev/null >&5
/Users/hiruse/Desktop/menu-app/Osi/Osi/configure: line 6980: -V: command not found
configure:6982: $? = 127
configure:6990: checking whether we are using the GNU Fortran 77 compiler
configure:7004:  -c  conftest.F >&5
/Users/hiruse/Desktop/menu-app/Osi/Osi/configure: line 7005: -c: command not found
configure:7010: $? = 127
configure: failed program was:
|       program main
| #ifndef __GNUC__
|        choke me
| #endif
| 
|       end
configure:7036: result: no
configure:7042: checking whether  accepts -g
configure:7054:  -c -g conftest.f >&5
/Users/hiruse/Desktop/menu-app/Osi/Osi/configure: line 7055: -c: command not found
configure:7060: $? = 127
configure: failed program was:
|       program main
| 
|       end
configure:7085: result: no
configure:7115: checking the maximum length of command line arguments
configure:7224: result: 786432
configure:7235: checking command to parse /usr/bin/nm -B output from clang object
configure:7340: clang -c -O3 -pipe -DNDEBUG -Wimplicit -Wparentheses -Wsequence-point -Wreturn-type -Wcast-qual -Wall -Wno-unknown-pragmas -Wno-long-long   -DOSI_BUILD  conftest.c >&5
configure:7343: $? = 0
configure:7347: /usr/bin/nm -B conftest.o \| sed -n -e 's/^.*[ 	]\([ABCDGIRSTW][ABCDGIRSTW]*\)[ 	][ 	]*\([_A-Za-z][_A-Za-z0-9]*\)$/\1 \2 \2/p' \> conftest.nm
configure:7350: $? = 0
cannot find nm_test_var in conftest.nm
configure:7340: clang -c -O3 -pipe -DNDEBUG -Wimplicit -Wparentheses -Wsequence-point -Wreturn-type -Wcast-qual -Wall -Wno-unknown-pragmas -Wno-long-long   -DOSI_BUILD  conftest.c >&5
configure:7343: $? = 0
configure:7347: /usr/bin/nm -B conftest.o \| sed -n -e 's/^.*[ 	]\([ABCDGIRSTW][ABCDGIRSTW]*\)[ 	][ 	]*_\([_A-Za-z][_A-Za-z0-9]*\)$/\1 _\2 \2/p' \> conftest.nm
configure:7350: $? = 0
configure:7402: clang -o conftest -O3 -pipe -DNDEBUG -Wimplicit -Wparentheses -Wsequence-point -Wreturn-type -Wcast-qual -Wall -Wno-unknown-pragmas -Wno-long-long   -DOSI_BUILD   conftest.c conftstm.o >&5
configure:7405: $? = 0
configure:7443: result: ok
configure:7447: checking for objdir
configure:7462: result: .libs
configure:7552: checking for ar
configure:7568: found /usr/bin/ar
configure:7579: result: ar
configure:7632: checking for ranlib
configure:7648: found /usr/bin/ranlib
configure:7659: result: ranlib
configure:7712: checking for strip
configure:7728: found /usr/bin/strip
configure:7739: result: strip
configure:8015: checking if clang supports -fno-rtti -fno-exceptions
configure:8033: clang -c -O3 -pipe -DNDEBUG -Wimplicit -Wparentheses -Wsequence-point -Wreturn-type -Wcast-qual -Wall -Wno-unknown-pragmas -Wno-long-long   -DOSI_BUILD  -fno-rtti -fno-exceptions conftest.c >&5
configure:8037: $? = 0
configure:8050: result: yes
configure:8065: checking for clang option to produce PIC
configure:8275: result: -fno-common
configure:8283: checking if clang PIC flag -fno-common works
configure:8301: clang -c -O3 -pipe -DNDEBUG -Wimplicit -Wparentheses -Wsequence-point -Wreturn-type -Wcast-qual -Wall -Wno-unknown-pragmas -Wno-long-long   -DOSI_BUILD  -fno-common -DPIC conftest.c >&5
configure:8305: $? = 0
configure:8318: result: yes
configure:8346: checking if clang static flag -static works
configure:8374: result: no
configure:8384: checking if clang supports -c -o file.o
configure:8405: clang -c -O3 -pipe -DNDEBUG -Wimplicit -Wparentheses -Wsequence-point -Wreturn-type -Wcast-qual -Wall -Wno-unknown-pragmas -Wno-long-long   -DOSI_BUILD  -o out/conftest2.o conftest.c >&5
configure:8409: $? = 0
configure:8431: result: yes
configure:8457: checking whether the clang linker (/Library/Developer/CommandLineTools/usr/bin/ld) supports shared libraries
configure:9415: result: yes
configure:9482: checking dynamic linker characteristics
configure:10070: result: darwin21.6.0 dyld
configure:10079: checking how to hardcode library paths into programs
configure:10104: result: immediate
configure:10118: checking whether stripping libraries is possible
configure:10131: result: yes
configure:10957: checking if libtool supports shared libraries
configure:10959: result: yes
configure:10962: checking whether to build shared libraries
configure:10983: result: yes
configure:10986: checking whether to build static libraries
configure:10990: result: no
configure:11082: creating libtool
configure:11670: checking for ld used by clang++
configure:11737: result: /Library/Developer/CommandLineTools/usr/bin/ld
configure:11746: checking if the linker (/Library/Developer/CommandLineTools/usr/bin/ld) is GNU ld
configure:11761: result: no
configure:11812: checking whether the clang++ linker (/Library/Developer/CommandLineTools/usr/bin/ld) supports shared libraries
configure:12750: result: yes
configure:12772: clang++ -c -O3 -pipe -DNDEBUG -Wparentheses -Wreturn-type -Wcast-qual -Wall -Wpointer-arith -Wwrite-strings -Wconversion -Wno-unknown-pragmas -Wno-long-long   -DOSI_BUILD  conftest.cpp >&5
configure:12775: $? = 0
configure:12894: checking for clang++ option to produce PIC
configure:13168: result: -fno-common
configure:13176: checking if clang++ PIC flag -fno-common works
configure:13194: clang++ -c -O3 -pipe -DNDEBUG -Wparentheses -Wreturn-type -Wcast-qual -Wall -Wpointer-arith -Wwrite-strings -Wconversion -Wno-unknown-pragmas -Wno-long-long   -DOSI_BUILD  -fno-common -DPIC conftest.cpp >&5
configure:13198: $? = 0
configure:13211: result: yes
configure:13239: checking if clang++ static flag -static works
configure:13267: result: no
configure:13277: checking if clang++ supports -c -o file.o
configure:13298: clang++ -c -O3 -pipe -DNDEBUG -Wparentheses -Wreturn-type -Wcast-qual -Wall -Wpointer-arith -Wwrite-strings -Wconversion -Wno-unknown-pragmas -Wno-long-long   -DOSI_BUILD  -o out/conftest2.o conftest.cpp >&5
configure:13302: $? = 0
configure:13324: result: yes
configure:13350: checking whether the clang++ linker (/Library/Developer/CommandLineTools/usr/bin/ld) supports shared libraries
configure:13375: result: yes
configure:13442: checking dynamic linker characteristics
configure:14030: result: darwin21.6.0 dyld
configure:14039: checking how to hardcode library paths into programs
configure:14064: result: immediate
configure:20237: Build is "x86_64-apple-darwin21.6.0".
configure:20241: checking for dos2unix
configure:20270: result: no
configure:20530: checking if library version is set
configure:20534: result: 14:11:13
configure:20607: checking for pkg-config
configure:20623: found /usr/local/bin/pkg-config
configure:20633: result: pkg-config
configure:20648: checking pkg-config is at least version 0.16.0
configure:20651: result: yes
configure:20758: checking for COIN-OR package CoinUtils
configure:20900: result: yes: 2.11.12 
configure:21273: checking for COIN-OR package Glpk
configure:21437: result: not given: Package 'coinglpk' not found
configure:21783: checking for COIN-OR package SoPlex
configure:21947: result: not given: Package 'coinsoplex' not found
configure:22293: checking for COIN-OR package Sample
configure:22424: result: yes: 1.2.13 
configure:22773: checking for COIN-OR package Netlib
configure:22922: result: not given: Package 'coindatanetlib' not found
configure:23263: checking if user provides library for Cplex
configure:23308: result: no
configure:23446: checking if user provides library for Mosek
configure:23491: result: no
configure:23629: checking if user provides library for Xpress
configure:23674: result: no
configure:23812: checking if user provides library for Gurobi
configure:23857: result: no
configure:24032: WARNING: No solver available, examples will not work.
configure:24069: configuring doxygen documentation options
configure:24076: checking for doxygen
configure:24103: result: no
configure:24112: checking for latex
configure:24139: result: no
configure:24167: checking for dot
configure:24194: result: NO
configure:24245: checking for doxygen doc'n for CoinUtils 
configure:24277: result: /Users/hiruse/cbc/share/coin/doc/CoinUtils/doxydoc (tag)
configure:24317: checking cmath usability
configure:24329: clang++ -c -O3 -pipe -DNDEBUG -Wparentheses -Wreturn-type -Wcast-qual -Wall -Wpointer-arith -Wwrite-strings -Wconversion -Wno-unknown-pragmas -Wno-long-long   -DOSI_BUILD  conftest.cc >&5
configure:24335: $? = 0
configure:24339: test -z 
			 || test ! -s conftest.err
configure:24342: $? = 0
configure:24345: test -s conftest.o
configure:24348: $? = 0
configure:24358: result: yes
configure:24362: checking cmath presence
configure:24372: clang++ -E  conftest.cc
configure:24378: $? = 0
configure:24398: result: yes
configure:24433: checking for cmath
configure:24440: result: yes
configure:24646: checking cfloat usability
configure:24658: clang++ -c -O3 -pipe -DNDEBUG -Wparentheses -Wreturn-type -Wcast-qual -Wall -Wpointer-arith -Wwrite-strings -Wconversion -Wno-unknown-pragmas -Wno-long-long   -DOSI_BUILD  conftest.cc >&5
configure:24664: $? = 0
configure:24668: test -z 
			 || test ! -s conftest.err
configure:24671: $? = 0
configure:24674: test -s conftest.o
configure:24677: $? = 0
configure:24687: result: yes
configure:24691: checking cfloat presence
configure:24701: clang++ -E  conftest.cc
configure:24707: $? = 0
configure:24727: result: yes
configure:24762: checking for cfloat
configure:24769: result: yes
configure:24975: checking cieeefp usability
configure:24987: clang++ -c -O3 -pipe -DNDEBUG -Wparentheses -Wreturn-type -Wcast-qual -Wall -Wpointer-arith -Wwrite-strings -Wconversion -Wno-unknown-pragmas -Wno-long-long   -DOSI_BUILD  conftest.cc >&5
conftest.cc:69:10: fatal error: 'cieeefp' file not found
#include <cieeefp>
         ^~~~~~~~~
1 error generated.
configure:24993: $? = 1
configure: failed program was:
| /* confdefs.h.  */
| 
| #define PACKAGE_NAME "Osi"
| #define PACKAGE_TARNAME "osi"
| #define PACKAGE_VERSION "0.108.11"
| #define PACKAGE_STRING "Osi 0.108.11"
| #define PACKAGE_BUGREPORT "osi@list.coin-or.org"
| #define OSI_VERSION "0.108.11"
| #define OSI_VERSION_MAJOR 0
| #define OSI_VERSION_MINOR 108
| #define OSI_VERSION_RELEASE 11
| #define COIN_OSI_VERBOSITY 0
| #define COIN_OSI_CHECKLEVEL 0
| #ifdef __cplusplus
| extern "C" void exit (int);
| #endif
| #define PACKAGE "osi"
| #define VERSION "0.108.11"
| #define HAVE_SYS_TYPES_H 1
| #define HAVE_SYS_STAT_H 1
| #define HAVE_STDLIB_H 1
| #define HAVE_STRING_H 1
| #define HAVE_MEMORY_H 1
| #define HAVE_STRINGS_H 1
| #define HAVE_INTTYPES_H 1
| #define HAVE_STDINT_H 1
| #define HAVE_UNISTD_H 1
| #define HAVE_DLFCN_H 1
| #define COIN_HAS_COINUTILS 1
| #define COIN_HAS_SAMPLE 1
| #define GLPK_HAS_INTOPT 1
| #define HAVE_CMATH 1
| #define HAVE_CFLOAT 1
| /* end confdefs.h.  */
| #include <stdio.h>
| #if HAVE_SYS_TYPES_H
| # include <sys/types.h>
| #endif
| #if HAVE_SYS_STAT_H
| # include <sys/stat.h>
| #endif
| #if STDC_HEADERS
| # include <stdlib.h>
| # include <stddef.h>
| #else
| # if HAVE_STDLIB_H
| #  include <stdlib.h>
| # endif
| #endif
| #if HAVE_STRING_H
| # if !STDC_HEADERS && HAVE_MEMORY_H
| #  include <memory.h>
| # endif
| # include <string.h>
| #endif
| #if HAVE_STRINGS_H
| # include <strings.h>
| #endif
| #if HAVE_INTTYPES_H
| # include <inttypes.h>
| #else
| # if HAVE_STDINT_H
| #  include <stdint.h>
| # endif
| #endif
| #if HAVE_UNISTD_H
| # include <unistd.h>
| #endif
| #include <cieeefp>
configure:25016: result: no
configure:25020: checking cieeefp presence
configure:25030: clang++ -E  conftest.cc
conftest.cc:35:10: fatal error: 'cieeefp' file not found
#include <cieeefp>
         ^~~~~~~~~
1 error generated.
configure:25036: $? = 1
configure: failed program was:
| /* confdefs.h.  */
| 
| #define PACKAGE_NAME "Osi"
| #define PACKAGE_TARNAME "osi"
| #define PACKAGE_VERSION "0.108.11"
| #define PACKAGE_STRING "Osi 0.108.11"
| #define PACKAGE_BUGREPORT "osi@list.coin-or.org"
| #define OSI_VERSION "0.108.11"
| #define OSI_VERSION_MAJOR 0
| #define OSI_VERSION_MINOR 108
| #define OSI_VERSION_RELEASE 11
| #define COIN_OSI_VERBOSITY 0
| #define COIN_OSI_CHECKLEVEL 0
| #ifdef __cplusplus
| extern "C" void exit (int);
| #endif
| #define PACKAGE "osi"
| #define VERSION "0.108.11"
| #define HAVE_SYS_TYPES_H 1
| #define HAVE_SYS_STAT_H 1
| #define HAVE_STDLIB_H 1
| #define HAVE_STRING_H 1
| #define HAVE_MEMORY_H 1
| #define HAVE_STRINGS_H 1
| #define HAVE_INTTYPES_H 1
| #define HAVE_STDINT_H 1
| #define HAVE_UNISTD_H 1
| #define HAVE_DLFCN_H 1
| #define COIN_HAS_COINUTILS 1
| #define COIN_HAS_SAMPLE 1
| #define GLPK_HAS_INTOPT 1
| #define HAVE_CMATH 1
| #define HAVE_CFLOAT 1
| /* end confdefs.h.  */
| #include <cieeefp>
configure:25056: result: no
configure:25091: checking for cieeefp
configure:25098: result: no
configure:25133: checking ieeefp.h usability
configure:25145: clang++ -c -O3 -pipe -DNDEBUG -Wparentheses -Wreturn-type -Wcast-qual -Wall -Wpointer-arith -Wwrite-strings -Wconversion -Wno-unknown-pragmas -Wno-long-long   -DOSI_BUILD  conftest.cc >&5
conftest.cc:69:10: fatal error: 'ieeefp.h' file not found
#include <ieeefp.h>
         ^~~~~~~~~~
1 error generated.
configure:25151: $? = 1
configure: failed program was:
| /* confdefs.h.  */
| 
| #define PACKAGE_NAME "Osi"
| #define PACKAGE_TARNAME "osi"
| #define PACKAGE_VERSION "0.108.11"
| #define PACKAGE_STRING "Osi 0.108.11"
| #define PACKAGE_BUGREPORT "osi@list.coin-or.org"
| #define OSI_VERSION "0.108.11"
| #define OSI_VERSION_MAJOR 0
| #define OSI_VERSION_MINOR 108
| #define OSI_VERSION_RELEASE 11
| #define COIN_OSI_VERBOSITY 0
| #define COIN_OSI_CHECKLEVEL 0
| #ifdef __cplusplus
| extern "C" void exit (int);
| #endif
| #define PACKAGE "osi"
| #define VERSION "0.108.11"
| #define HAVE_SYS_TYPES_H 1
| #define HAVE_SYS_STAT_H 1
| #define HAVE_STDLIB_H 1
| #define HAVE_STRING_H 1
| #define HAVE_MEMORY_H 1
| #define HAVE_STRINGS_H 1
| #define HAVE_INTTYPES_H 1
| #define HAVE_STDINT_H 1
| #define HAVE_UNISTD_H 1
| #define HAVE_DLFCN_H 1
| #define COIN_HAS_COINUTILS 1
| #define COIN_HAS_SAMPLE 1
| #define GLPK_HAS_INTOPT 1
| #define HAVE_CMATH 1
| #define HAVE_CFLOAT 1
| /* end confdefs.h.  */
| #include <stdio.h>
| #if HAVE_SYS_TYPES_H
| # include <sys/types.h>
| #endif
| #if HAVE_SYS_STAT_H
| # include <sys/stat.h>
| #endif
| #if STDC_HEADERS
| # include <stdlib.h>
| # include <stddef.h>
| #else
| # if HAVE_STDLIB_H
| #  include <stdlib.h>
| # endif
| #endif
| #if HAVE_STRING_H
| # if !STDC_HEADERS && HAVE_MEMORY_H
| #  include <memory.h>
| # endif
| # include <string.h>
| #endif
| #if HAVE_STRINGS_H
| # include <strings.h>
| #endif
| #if HAVE_INTTYPES_H
| # include <inttypes.h>
| #else
| # if HAVE_STDINT_H
| #  include <stdint.h>
| # endif
| #endif
| #if HAVE_UNISTD_H
| # include <unistd.h>
| #endif
| #include <ieeefp.h>
configure:25174: result: no
configure:25178: checking ieeefp.h presence
configure:25188: clang++ -E  conftest.cc
conftest.cc:35:10: fatal error: 'ieeefp.h' file not found
#include <ieeefp.h>
         ^~~~~~~~~~
1 error generated.
configure:25194: $? = 1
configure: failed program was:
| /* confdefs.h.  */
| 
| #define PACKAGE_NAME "Osi"
| #define PACKAGE_TARNAME "osi"
| #define PACKAGE_VERSION "0.108.11"
| #define PACKAGE_STRING "Osi 0.108.11"
| #define PACKAGE_BUGREPORT "osi@list.coin-or.org"
| #define OSI_VERSION "0.108.11"
| #define OSI_VERSION_MAJOR 0
| #define OSI_VERSION_MINOR 108
| #define OSI_VERSION_RELEASE 11
| #define COIN_OSI_VERBOSITY 0
| #define COIN_OSI_CHECKLEVEL 0
| #ifdef __cplusplus
| extern "C" void exit (int);
| #endif
| #define PACKAGE "osi"
| #define VERSION "0.108.11"
| #define HAVE_SYS_TYPES_H 1
| #define HAVE_SYS_STAT_H 1
| #define HAVE_STDLIB_H 1
| #define HAVE_STRING_H 1
| #define HAVE_MEMORY_H 1
| #define HAVE_STRINGS_H 1
| #define HAVE_INTTYPES_H 1
| #define HAVE_STDINT_H 1
| #define HAVE_UNISTD_H 1
| #define HAVE_DLFCN_H 1
| #define COIN_HAS_COINUTILS 1
| #define COIN_HAS_SAMPLE 1
| #define GLPK_HAS_INTOPT 1
| #define HAVE_CMATH 1
| #define HAVE_CFLOAT 1
| /* end confdefs.h.  */
| #include <ieeefp.h>
configure:25214: result: no
configure:25249: checking for ieeefp.h
configure:25256: result: no
configure:25330: checking which command should be used to link input files
configure:25338: result: ln -s
configure:25665: creating ./config.status

## ---------------------- ##
## Running config.status. ##
## ---------------------- ##

This file was extended by Osi config.status 0.108.11, which was
generated by GNU Autoconf 2.59.  Invocation command line was

  CONFIG_FILES    = 
  CONFIG_HEADERS  = 
  CONFIG_LINKS    = 
  CONFIG_COMMANDS = 
  $ ./config.status 

on hirosemoehananoMacBook-Pro.local

config.status:889: creating Makefile
config.status:889: creating examples/Makefile
config.status:889: creating src/Osi/Makefile
config.status:889: creating src/OsiCpx/Makefile
config.status:889: creating src/OsiGlpk/Makefile
config.status:889: creating src/OsiMsk/Makefile
config.status:889: creating src/OsiXpr/Makefile
config.status:889: creating src/OsiGrb/Makefile
config.status:889: creating src/OsiSpx/Makefile
config.status:889: creating src/OsiCommonTest/Makefile
config.status:889: creating test/Makefile
config.status:889: creating osi.pc
config.status:889: creating osi-uninstalled.pc
config.status:889: creating osi-unittests.pc
config.status:889: creating osi-unittests-uninstalled.pc
config.status:889: creating doxydoc/doxygen.conf
config.status:986: creating src/Osi/config.h
config.status:986: creating src/Osi/config_osi.h
config.status:1294: executing depfiles commands
configure:27205: In case of trouble, first consult the troubleshooting page at https://github.com/coin-or-tools/BuildTools/wiki/user-troubleshooting
configure:27208: Configuration of Osi successful

## ---------------- ##
## Cache variables. ##
## ---------------- ##

ac_cv_build=x86_64-apple-darwin21.6.0
ac_cv_build_alias=x86_64-apple-darwin21.6.0
ac_cv_c_compiler_gnu=yes
ac_cv_cxx_compiler_gnu=yes
ac_cv_env_ADD_CFLAGS_set=
ac_cv_env_ADD_CFLAGS_value=
ac_cv_env_ADD_CXXFLAGS_set=
ac_cv_env_ADD_CXXFLAGS_value=
ac_cv_env_CC_set=
ac_cv_env_CC_value=
ac_cv_env_CDEFS_set=
ac_cv_env_CDEFS_value=
ac_cv_env_CFLAGS_set=
ac_cv_env_CFLAGS_value=
ac_cv_env_CPPFLAGS_set=
ac_cv_env_CPPFLAGS_value=
ac_cv_env_CPP_set=
ac_cv_env_CPP_value=
ac_cv_env_CXXCPP_set=
ac_cv_env_CXXCPP_value=
ac_cv_env_CXXDEFS_set=
ac_cv_env_CXXDEFS_value=
ac_cv_env_CXXFLAGS_set=
ac_cv_env_CXXFLAGS_value=
ac_cv_env_CXX_set=
ac_cv_env_CXX_value=
ac_cv_env_DBG_CFLAGS_set=
ac_cv_env_DBG_CFLAGS_value=
ac_cv_env_DBG_CXXFLAGS_set=
ac_cv_env_DBG_CXXFLAGS_value=
ac_cv_env_F77_set=
ac_cv_env_F77_value=
ac_cv_env_FFLAGS_set=
ac_cv_env_FFLAGS_value=
ac_cv_env_LDFLAGS_set=
ac_cv_env_LDFLAGS_value=
ac_cv_env_LT_LDFLAGS_set=
ac_cv_env_LT_LDFLAGS_value=
ac_cv_env_MPICC_set=
ac_cv_env_MPICC_value=
ac_cv_env_MPICXX_set=
ac_cv_env_MPICXX_value=
ac_cv_env_OPT_CFLAGS_set=
ac_cv_env_OPT_CFLAGS_value=
ac_cv_env_OPT_CXXFLAGS_set=
ac_cv_env_OPT_CXXFLAGS_value=
ac_cv_env_PKG_CONFIG_set=
ac_cv_env_PKG_CONFIG_value=
ac_cv_env_build_alias_set=
ac_cv_env_build_alias_value=
ac_cv_env_host_alias_set=
ac_cv_env_host_alias_value=
ac_cv_env_target_alias_set=
ac_cv_env_target_alias_value=
ac_cv_exeext=
ac_cv_f77_compiler_gnu=no
ac_cv_header_cfloat=yes
ac_cv_header_cieeefp=no
ac_cv_header_cmath=yes
ac_cv_header_dlfcn_h=yes
ac_cv_header_ieeefp_h=no
ac_cv_header_inttypes_h=yes
ac_cv_header_memory_h=yes
ac_cv_header_stdc=no
ac_cv_header_stdint_h=yes
ac_cv_header_stdlib_h=yes
ac_cv_header_string_h=yes
ac_cv_header_strings_h=yes
ac_cv_header_sys_stat_h=yes
ac_cv_header_sys_types_h=yes
ac_cv_header_unistd_h=yes
ac_cv_host=x86_64-apple-darwin21.6.0
ac_cv_host_alias=x86_64-apple-darwin21.6.0
ac_cv_objext=o
ac_cv_path_install='/usr/bin/install -c'
ac_cv_prog_AWK=awk
ac_cv_prog_CPP='clang -E'
ac_cv_prog_CXXCPP='clang++ -E'
ac_cv_prog_ac_ct_AR=ar
ac_cv_prog_ac_ct_CC=clang
ac_cv_prog_ac_ct_CXX=clang++
ac_cv_prog_ac_ct_PKG_CONFIG=pkg-config
ac_cv_prog_ac_ct_RANLIB=ranlib
ac_cv_prog_ac_ct_STRIP=strip
ac_cv_prog_cc_g=yes
ac_cv_prog_cc_stdc=
ac_cv_prog_coin_doxy_usedot=NO
ac_cv_prog_coin_have_doxygen=no
ac_cv_prog_coin_have_latex=no
ac_cv_prog_cxx_g=yes
ac_cv_prog_egrep='grep -E'
ac_cv_prog_f77_g=no
ac_cv_prog_have_svnversion=no
ac_cv_prog_make_make_set=yes
am_cv_CC_dependencies_compiler_type=none
am_cv_CXX_dependencies_compiler_type=none
lt_cv_deplibs_check_method=pass_all
lt_cv_file_magic_cmd='$MAGIC_CMD'
lt_cv_file_magic_test_file=
lt_cv_ld_reload_flag=-r
lt_cv_objdir=.libs
lt_cv_path_LD=/Library/Developer/CommandLineTools/usr/bin/ld
lt_cv_path_LDCXX=/Library/Developer/CommandLineTools/usr/bin/ld
lt_cv_path_NM='/usr/bin/nm -B'
lt_cv_path_SED=/usr/bin/sed
lt_cv_prog_compiler_c_o=yes
lt_cv_prog_compiler_c_o_CXX=yes
lt_cv_prog_compiler_rtti_exceptions=yes
lt_cv_prog_gnu_ld=no
lt_cv_prog_gnu_ldcxx=no
lt_cv_sys_global_symbol_pipe='sed -n -e '\''s/^.*[ 	]\([ABCDGIRSTW][ABCDGIRSTW]*\)[ 	][ 	]*_\([_A-Za-z][_A-Za-z0-9]*\)$/\1 _\2 \2/p'\'''
lt_cv_sys_global_symbol_to_c_name_address='sed -n -e '\''s/^: \([^ ]*\) $/  {\"\1\", (lt_ptr) 0},/p'\'' -e '\''s/^[BCDEGRST] \([^ ]*\) \([^ ]*\)$/  {"\2", (lt_ptr) \&\2},/p'\'''
lt_cv_sys_global_symbol_to_cdecl='sed -n -e '\''s/^. .* \(.*\)$/extern int \1;/p'\'''
lt_cv_sys_max_cmd_len=786432
lt_lt_cv_prog_compiler_c_o='"yes"'
lt_lt_cv_prog_compiler_c_o_CXX='"yes"'
lt_lt_cv_sys_global_symbol_pipe='"sed -n -e '\''s/^.*[ 	]\\([ABCDGIRSTW][ABCDGIRSTW]*\\)[ 	][ 	]*_\\([_A-Za-z][_A-Za-z0-9]*\\)\$/\\1 _\\2 \\2/p'\''"'
lt_lt_cv_sys_global_symbol_to_c_name_address='"sed -n -e '\''s/^: \\([^ ]*\\) \$/  {\\\"\\1\\\", (lt_ptr) 0},/p'\'' -e '\''s/^[BCDEGRST] \\([^ ]*\\) \\([^ ]*\\)\$/  {\"\\2\", (lt_ptr) \\&\\2},/p'\''"'
lt_lt_cv_sys_global_symbol_to_cdecl='"sed -n -e '\''s/^. .* \\(.*\\)\$/extern int \\1;/p'\''"'

## ----------------- ##
## Output variables. ##
## ----------------- ##

ABSBUILDDIR='/Users/hiruse/Desktop/menu-app/build/Osi/0.108.11'
ACLOCAL='${SHELL} /Users/hiruse/Desktop/menu-app/Osi/Osi/missing --run aclocal-1.9'
ADD_CFLAGS=''
ADD_CXXFLAGS=''
ALWAYS_FALSE_FALSE=''
ALWAYS_FALSE_TRUE='#'
AMDEPBACKSLASH=''
AMDEP_FALSE=''
AMDEP_TRUE='#'
AMTAR='${SHELL} /Users/hiruse/Desktop/menu-app/Osi/Osi/missing --run tar'
AR='ar'
AUTOCONF='${SHELL} /Users/hiruse/Desktop/menu-app/Osi/Osi/missing --run autoconf'
AUTOHEADER='${SHELL} /Users/hiruse/Desktop/menu-app/Osi/Osi/missing --run autoheader'
AUTOMAKE='${SHELL} /Users/hiruse/Desktop/menu-app/Osi/Osi/missing --run automake-1.9'
AUX_DIR=''
AWK='awk'
BUILDTOOLSDIR=''
CC='clang'
CCDEPMODE='depmode=none'
CDEFS=''
CFLAGS='-O3 -pipe -DNDEBUG -Wimplicit -Wparentheses -Wsequence-point -Wreturn-type -Wcast-qual -Wall -Wno-unknown-pragmas -Wno-long-long   -DOSI_BUILD'
COINUTILS_CFLAGS='-I/Users/hiruse/cbc/include/coin'
COINUTILS_CFLAGS_INSTALLED=''
COINUTILS_DATA=''
COINUTILS_DATA_INSTALLED=''
COINUTILS_DEPENDENCIES=''
COINUTILS_LIBS='-L/Users/hiruse/cbc/lib -lCoinUtils -lbz2 -lz -lm'
COINUTILS_LIBS_INSTALLED=''
COIN_CC_IS_CL_FALSE=''
COIN_CC_IS_CL_TRUE='#'
COIN_CXX_IS_CL_FALSE=''
COIN_CXX_IS_CL_TRUE='#'
COIN_HAS_COINUTILS_FALSE='#'
COIN_HAS_COINUTILS_TRUE=''
COIN_HAS_CPX_FALSE=''
COIN_HAS_CPX_TRUE='#'
COIN_HAS_DOXYGEN_FALSE=''
COIN_HAS_DOXYGEN_TRUE='#'
COIN_HAS_GLPK_FALSE=''
COIN_HAS_GLPK_TRUE='#'
COIN_HAS_GRB_FALSE=''
COIN_HAS_GRB_TRUE='#'
COIN_HAS_LATEX_FALSE=''
COIN_HAS_LATEX_TRUE='#'
COIN_HAS_MSK_FALSE=''
COIN_HAS_MSK_TRUE='#'
COIN_HAS_NETLIB_FALSE=''
COIN_HAS_NETLIB_TRUE='#'
COIN_HAS_PKGCONFIG_FALSE='#'
COIN_HAS_PKGCONFIG_TRUE=''
COIN_HAS_SAMPLE_FALSE='#'
COIN_HAS_SAMPLE_TRUE=''
COIN_HAS_SOPLEX_FALSE=''
COIN_HAS_SOPLEX_TRUE='#'
COIN_HAS_XPR_FALSE=''
COIN_HAS_XPR_TRUE='#'
COIN_PKG_CONFIG_PATH='/Users/hiruse/cbc/lib/pkgconfig:/Users/hiruse/cbc/share/pkgconfig:/Users/hiruse/cbc/lib64/pkgconfig:/Users/hiruse/cbc/lib/pkgconfig:/Users/hiruse/cbc/share/pkgconfig:'
COIN_PKG_CONFIG_PATH_UNINSTALLED='/Users/hiruse/Desktop/menu-app/build/Osi/0.108.11:/Users/hiruse/Desktop/menu-app/build/CoinUtils/2.11.12:/Users/hiruse/Desktop/menu-app/build/Data/miplib3/1.2.9:/Users/hiruse/Desktop/menu-app/build/Data/Sample/1.2.13:'
CPP='clang -E'
CPPFLAGS=''
CPXINCDIR=''
CPXLIB=''
CXX='clang++'
CXXCPP='clang++ -E'
CXXDEFS=''
CXXDEPMODE='depmode=none'
CXXFLAGS='-O3 -pipe -DNDEBUG -Wparentheses -Wreturn-type -Wcast-qual -Wall -Wpointer-arith -Wwrite-strings -Wconversion -Wno-unknown-pragmas -Wno-long-long   -DOSI_BUILD'
CYGPATH_W='echo'
DBG_CFLAGS='-g -O0 -pipe -Wimplicit -Wparentheses -Wsequence-point -Wreturn-type -Wcast-qual -Wall -Wno-unknown-pragmas -Wno-long-long  '
DBG_CXXFLAGS='-g -O0 -pipe -Wparentheses -Wreturn-type -Wcast-qual -Wall -Wpointer-arith -Wwrite-strings -Wconversion -Wno-unknown-pragmas -Wno-long-long  '
DEFS='-DHAVE_CONFIG_H'
DEPDIR='.deps'
DEPENDENCY_LINKING_FALSE='#'
DEPENDENCY_LINKING_TRUE=''
ECHO='/bin/echo'
ECHO_C='ECHO_N=''
ECHO_T=''
EGREP='grep -E'
EXEEXT=''
F77=''
FFLAGS=''
GLPK_CFLAGS=''
GLPK_CFLAGS_INSTALLED=''
GLPK_DATA=''
GLPK_DATA_INSTALLED=''
GLPK_DEPENDENCIES=''
GLPK_LIBS=''
GLPK_LIBS_INSTALLED=''
GRBINCDIR=''
GRBLIB=''
HAVE_EXTERNALS_FALSE=''
HAVE_EXTERNALS_TRUE='#'
INSTALL_DATA='${INSTALL} -m 644'
INSTALL_PROGRAM='${INSTALL}'
INSTALL_SCRIPT='${INSTALL}'
INSTALL_STRIP_PROGRAM='${SHELL} $(install_sh) -c -s'
LDFLAGS=''
LIBEXT='a'
LIBOBJS=''
LIBS=''
LIBTOOL='$(SHELL) $(top_builddir)/libtool'
LIBTOOLM4=''
LN_S='ln -s'
LTLIBOBJS=''
LT_LDFLAGS=' -no-undefined -version-info 14:11:13'
MAINT='#'
MAINTAINER_MODE_FALSE=''
MAINTAINER_MODE_TRUE='#'
MAKEINFO='${SHELL} /Users/hiruse/Desktop/menu-app/Osi/Osi/missing --run makeinfo'
MPICC=''
MPICXX=''
MSKINCDIR=''
MSKLIB=''
NETLIB_CFLAGS=''
NETLIB_CFLAGS_INSTALLED=''
NETLIB_DATA=''
NETLIB_DATA_INSTALLED=''
NETLIB_DEPENDENCIES=''
NETLIB_LIBS=''
NETLIB_LIBS_INSTALLED=''
OBJEXT='o'
OPT_CFLAGS='-O3 -pipe -DNDEBUG -Wimplicit -Wparentheses -Wsequence-point -Wreturn-type -Wcast-qual -Wall -Wno-unknown-pragmas -Wno-long-long  '
OPT_CXXFLAGS='-O3 -pipe -DNDEBUG -Wparentheses -Wreturn-type -Wcast-qual -Wall -Wpointer-arith -Wwrite-strings -Wconversion -Wno-unknown-pragmas -Wno-long-long  '
OSIGLPKLIB_CFLAGS=''
OSIGLPKLIB_CFLAGS_INSTALLED=''
OSIGLPKLIB_DEPENDENCIES=''
OSIGLPKLIB_LIBS=''
OSIGLPKLIB_LIBS_INSTALLED=''
OSIGLPKLIB_PCLIBS=''
OSIGLPKLIB_PCREQUIRES=''
OSILIB_CFLAGS='-I/Users/hiruse/cbc/include/coin '
OSILIB_CFLAGS_INSTALLED=''
OSILIB_DEPENDENCIES='  '
OSILIB_LIBS='-L/Users/hiruse/cbc/lib -lCoinUtils -lbz2 -lz -lm '
OSILIB_LIBS_INSTALLED=''
OSILIB_PCLIBS=''
OSILIB_PCREQUIRES='coinutils '
OSISPXLIB_CFLAGS=''
OSISPXLIB_CFLAGS_INSTALLED=''
OSISPXLIB_DEPENDENCIES=''
OSISPXLIB_LIBS=''
OSISPXLIB_LIBS_INSTALLED=''
OSISPXLIB_PCLIBS=''
OSISPXLIB_PCREQUIRES=''
OSI_EXAMPLES_SOLVER_CFLAGS=''
OSI_EXAMPLES_SOLVER_LIBS=''
OSI_EXAMPLES_SOLVER_NAME=''
OSI_EXAMPLES_SOLVER_PCNAME=''
OSI_SVN_REV=''
PACKAGE='osi'
PACKAGE_BUGREPORT='osi@list.coin-or.org'
PACKAGE_NAME='Osi'
PACKAGE_STRING='Osi 0.108.11'
PACKAGE_TARNAME='osi'
PACKAGE_VERSION='0.108.11'
PATH_SEPARATOR=':'
PKG_CONFIG='pkg-config'
RANLIB='ranlib'
RPATH_FLAGS=''
SAMPLE_CFLAGS=''
SAMPLE_CFLAGS_INSTALLED=''
SAMPLE_DATA='/Users/hiruse/cbc/share/coin/Data/Sample'
SAMPLE_DATA_INSTALLED=''
SAMPLE_DEPENDENCIES=' '
SAMPLE_LIBS=''
SAMPLE_LIBS_INSTALLED=''
SET_MAKE=''
SHELL='/bin/sh'
SOPLEX_CFLAGS=''
SOPLEX_CFLAGS_INSTALLED=''
SOPLEX_DATA=''
SOPLEX_DATA_INSTALLED=''
SOPLEX_DEPENDENCIES=''
SOPLEX_LIBS=''
SOPLEX_LIBS_INSTALLED=''
STRIP='strip'
VERSION='0.108.11'
VPATH_DISTCLEANFILES=''
XPRINCDIR=''
XPRLIB=''
abs_bin_dir='/Users/hiruse/cbc/bin'
abs_include_dir='/Users/hiruse/cbc/include'
abs_lib_dir='/Users/hiruse/cbc/lib'
abs_source_dir='/Users/hiruse/Desktop/menu-app/Osi/Osi'
ac_c_preproc_warn_flag=''
ac_ct_AR='ar'
ac_ct_CC='clang'
ac_ct_CXX='clang++'
ac_ct_F77=''
ac_ct_PKG_CONFIG='pkg-config'
ac_ct_RANLIB='ranlib'
ac_ct_STRIP='strip'
ac_cxx_preproc_warn_flag=''
am__fastdepCC_FALSE=''
am__fastdepCC_TRUE='#'
am__fastdepCXX_FALSE=''
am__fastdepCXX_TRUE='#'
am__include='include'
am__leading_dot='.'
am__quote=''
am__tar='${AMTAR} chof - "$$tardir"'
am__untar='${AMTAR} xf -'
bindir='${exec_prefix}/bin'
build='x86_64-apple-darwin21.6.0'
build_alias=''
build_cpu='x86_64'
build_os='darwin21.6.0'
build_vendor='apple'
coin_doxy_excludes=''
coin_doxy_logname='doxydoc/osi_doxy.log'
coin_doxy_tagfiles=' /Users/hiruse/cbc/share/coin/doc/CoinUtils/doxydoc/coinutils_doxy.tag=/Users/hiruse/cbc/share/coin/doc/CoinUtils/doxydoc/html'
coin_doxy_tagname='doxydoc/osi_doxy.tag'
coin_doxy_usedot='NO'
coin_have_doxygen='no'
coin_have_latex='no'
datadir='${prefix}/share'
dos2unix=''
exec_prefix='${prefix}'
have_autoconf=''
have_automake=''
have_svn=''
have_svnversion='no'
host='x86_64-apple-darwin21.6.0'
host_alias=''
host_cpu='x86_64'
host_os='darwin21.6.0'
host_vendor='apple'
includedir='${prefix}/include'
infodir='${prefix}/info'
install_sh='/Users/hiruse/Desktop/menu-app/Osi/Osi/install-sh'
libdir='${exec_prefix}/lib'
libexecdir='${exec_prefix}/libexec'
localstatedir='${prefix}/var'
mandir='${prefix}/man'
mkdir_p='$(install_sh) -d'
oldincludedir='/usr/include'
prefix='/Users/hiruse/cbc'
program_transform_name='s,x,x,'
sbindir='${exec_prefix}/sbin'
sharedstatedir='${prefix}/com'
sol_cc_compiler=''
sysconfdir='${prefix}/etc'
target_alias=''

## ----------- ##
## confdefs.h. ##
## ----------- ##

#define COIN_HAS_COINUTILS 1
#define COIN_HAS_SAMPLE 1
#define COIN_OSI_CHECKLEVEL 0
#define COIN_OSI_VERBOSITY 0
#define GLPK_HAS_INTOPT 1
#define HAVE_CFLOAT 1
#define HAVE_CMATH 1
#define HAVE_DLFCN_H 1
#define HAVE_INTTYPES_H 1
#define HAVE_MEMORY_H 1
#define HAVE_STDINT_H 1
#define HAVE_STDLIB_H 1
#define HAVE_STRINGS_H 1
#define HAVE_STRING_H 1
#define HAVE_SYS_STAT_H 1
#define HAVE_SYS_TYPES_H 1
#define HAVE_UNISTD_H 1
#define OSI_VERSION "0.108.11"
#define OSI_VERSION_MAJOR 0
#define OSI_VERSION_MINOR 108
#define OSI_VERSION_RELEASE 11
#define PACKAGE "osi"
#define PACKAGE_BUGREPORT "osi@list.coin-or.org"
#define PACKAGE_NAME "Osi"
#define PACKAGE_STRING "Osi 0.108.11"
#define PACKAGE_TARNAME "osi"
#define PACKAGE_VERSION "0.108.11"
#define VERSION "0.108.11"
#endif
#ifdef __cplusplus
extern "C" void exit (int);

configure: exit 0
