This file contains any messages produced by compilers while
running configure, to aid debugging if configure makes a mistake.

It was created by Clp configure 1.17.10, which was
generated by GNU Autoconf 2.59.  Invocation command line was

  $ /Users/hiruse/Desktop/menu-app/Clp/Clp/configure --disable-dependency-tracking --disable-option-checking --prefix=/Users/hiruse/cbc --enable-cbc-parallel --with-coin-instdir=/Users/hiruse/cbc

## --------- ##
## Platform. ##
## --------- ##

hostname = hirosemoehananoMacBook-Pro.local
uname -m = x86_64
uname -r = 21.6.0
uname -s = Darwin
uname -v = Darwin Kernel Version 21.6.0: Wed Apr 24 06:02:02 PDT 2024; root:xnu-8020.240.18.708.4~1/RELEASE_X86_64

/usr/bin/uname -p = i386
/bin/uname -X     = unknown

/bin/arch              = unknown
/usr/bin/arch -k       = unknown
/usr/convex/getsysinfo = unknown
hostinfo               = Mach kernel version:
	 Darwin Kernel Version 21.6.0: Wed Apr 24 06:02:02 PDT 2024; root:xnu-8020.240.18.708.4~1/RELEASE_X86_64
Kernel configured for up to 8 processors.
4 processors are physically available.
8 processors are logically available.
Processor type: x86_64h (Intel x86-64h Haswell)
Processors active: 0 1 2 3 4 5 6 7
Primary memory available: 16.00 gigabytes
Default processor set: 802 tasks, 4354 threads, 8 processors
Load average: 2.23, Mach factor: 5.77
/bin/machine           = unknown
/usr/bin/oslevel       = unknown
/bin/universe          = unknown

PATH: /Users/hiruse/.pyenv/shims
PATH: /Users/hiruse/.local/bin
PATH: /Users/hiruse/google-cloud-sdk/bin
PATH: /usr/local/bin
PATH: /usr/bin
PATH: /bin
PATH: /usr/sbin
PATH: /sbin
PATH: /Users/hiruse/go/bin
PATH: /usr/local/opt/llvm/bin
PATH: /Users/hiruse/bin
PATH: /Users/hiruse/.local/bin
PATH: /Users/hiruse/.goenv/shims
PATH: /Users/hiruse/.nodenv/shims


## ----------- ##
## Core tests. ##
## ----------- ##

configure:1722: checking build system type
configure:1740: result: x86_64-apple-darwin21.6.0
configure:1813: checking for svnversion
configure:1840: result: no
configure:1869: checking whether we want to compile in debug mode
configure:1915: result: no
configure:2165: checking for clang
configure:2181: found /usr/bin/clang
configure:2191: result: clang
configure:2212: checking for C compiler version
configure:2215: clang --version </dev/null >&5
Apple clang version 14.0.0 (clang-1400.0.29.202)
Target: x86_64-apple-darwin21.6.0
Thread model: posix
InstalledDir: /Library/Developer/CommandLineTools/usr/bin
configure:2218: $? = 0
configure:2220: clang -v </dev/null >&5
Apple clang version 14.0.0 (clang-1400.0.29.202)
Target: x86_64-apple-darwin21.6.0
Thread model: posix
InstalledDir: /Library/Developer/CommandLineTools/usr/bin
configure:2223: $? = 0
configure:2225: clang -V </dev/null >&5
clang: error: argument to '-V' is missing (expected 1 value)
clang: error: no input files
configure:2228: $? = 1
configure:2251: checking for C compiler default output file name
configure:2254: clang    conftest.c  >&5
configure:2257: $? = 0
configure:2303: result: a.out
configure:2308: checking whether the C compiler works
configure:2314: ./a.out
configure:2317: $? = 0
configure:2334: result: yes
configure:2341: checking whether we are cross compiling
configure:2343: result: no
configure:2346: checking for suffix of executables
configure:2348: clang -o conftest    conftest.c  >&5
configure:2351: $? = 0
configure:2376: result: 
configure:2382: checking for suffix of object files
configure:2403: clang -c   conftest.c >&5
configure:2406: $? = 0
configure:2428: result: o
configure:2432: checking whether we are using the GNU C compiler
configure:2456: clang -c   conftest.c >&5
configure:2462: $? = 0
configure:2466: test -z 
			 || test ! -s conftest.err
configure:2469: $? = 0
configure:2472: test -s conftest.o
configure:2475: $? = 0
configure:2488: result: yes
configure:2494: checking whether clang accepts -g
configure:2515: clang -c -g  conftest.c >&5
configure:2521: $? = 0
configure:2525: test -z 
			 || test ! -s conftest.err
configure:2528: $? = 0
configure:2531: test -s conftest.o
configure:2534: $? = 0
configure:2545: result: yes
configure:2562: checking for clang option to accept ANSI C
configure:2632: clang  -c -g -O2  conftest.c >&5
configure:2638: $? = 0
configure:2642: test -z 
			 || test ! -s conftest.err
configure:2645: $? = 0
configure:2648: test -s conftest.o
configure:2651: $? = 0
configure:2669: result: none needed
configure:2687: clang -c -g -O2  conftest.c >&5
conftest.c:2:3: error: unknown type name 'choke'
  choke me
  ^
conftest.c:2:11: error: expected ';' after top level declarator
  choke me
          ^
          ;
2 errors generated.
configure:2693: $? = 1
configure: failed program was:
| #ifndef __cplusplus
|   choke me
| #endif
configure:3114: clang -o conftest -O3 -pipe -DNDEBUG -Wimplicit -Wparentheses -Wsequence-point -Wreturn-type -Wcast-qual -Wall -Wno-unknown-pragmas -Wno-long-long   -DCLP_BUILD   conftest.c  >&5
configure:3120: $? = 0
configure:3124: test -z 
			 || test ! -s conftest.err
configure:3127: $? = 0
configure:3130: test -s conftest
configure:3133: $? = 0
configure:3200: C compiler options are: -O3 -pipe -DNDEBUG -Wimplicit -Wparentheses -Wsequence-point -Wreturn-type -Wcast-qual -Wall -Wno-unknown-pragmas -Wno-long-long   -DCLP_BUILD
configure:3315: checking for clang++
configure:3331: found /usr/bin/clang++
configure:3341: result: clang++
configure:3357: checking for C++ compiler version
configure:3360: clang++ --version </dev/null >&5
Apple clang version 14.0.0 (clang-1400.0.29.202)
Target: x86_64-apple-darwin21.6.0
Thread model: posix
InstalledDir: /Library/Developer/CommandLineTools/usr/bin
configure:3363: $? = 0
configure:3365: clang++ -v </dev/null >&5
Apple clang version 14.0.0 (clang-1400.0.29.202)
Target: x86_64-apple-darwin21.6.0
Thread model: posix
InstalledDir: /Library/Developer/CommandLineTools/usr/bin
configure:3368: $? = 0
configure:3370: clang++ -V </dev/null >&5
clang: error: argument to '-V' is missing (expected 1 value)
clang: error: no input files
configure:3373: $? = 1
configure:3376: checking whether we are using the GNU C++ compiler
configure:3400: clang++ -c   conftest.cc >&5
configure:3406: $? = 0
configure:3410: test -z 
			 || test ! -s conftest.err
configure:3413: $? = 0
configure:3416: test -s conftest.o
configure:3419: $? = 0
configure:3432: result: yes
configure:3438: checking whether clang++ accepts -g
configure:3459: clang++ -c -g  conftest.cc >&5
configure:3465: $? = 0
configure:3469: test -z 
			 || test ! -s conftest.err
configure:3472: $? = 0
configure:3475: test -s conftest.o
configure:3478: $? = 0
configure:3489: result: yes
configure:3531: clang++ -c -g -O2  conftest.cc >&5
configure:3537: $? = 0
configure:3541: test -z 
			 || test ! -s conftest.err
configure:3544: $? = 0
configure:3547: test -s conftest.o
configure:3550: $? = 0
configure:3576: clang++ -c -g -O2  conftest.cc >&5
conftest.cc:19:1: error: use of undeclared identifier 'exit'
exit (42);
^
1 error generated.
configure:3582: $? = 1
configure: failed program was:
| /* confdefs.h.  */
| 
| #define PACKAGE_NAME "Clp"
| #define PACKAGE_TARNAME "clp"
| #define PACKAGE_VERSION "1.17.10"
| #define PACKAGE_STRING "Clp 1.17.10"
| #define PACKAGE_BUGREPORT "clp@list.coin-or.org"
| #define CLP_VERSION "1.17.10"
| #define CLP_VERSION_MAJOR 1
| #define CLP_VERSION_MINOR 17
| #define CLP_VERSION_RELEASE 10
| #define COIN_CLP_VERBOSITY 0
| #define COIN_CLP_CHECKLEVEL 0
| /* end confdefs.h.  */
| 
| int
| main ()
| {
| exit (42);
|   ;
|   return 0;
| }
configure:3531: clang++ -c -g -O2  conftest.cc >&5
conftest.cc:15:17: error: use of undeclared identifier 'std'
extern "C" void std::exit (int) throw (); using std::exit;
                ^
conftest.cc:15:49: error: use of undeclared identifier 'std'
extern "C" void std::exit (int) throw (); using std::exit;
                                                ^
2 errors generated.
configure:3537: $? = 1
configure: failed program was:
| /* confdefs.h.  */
| 
| #define PACKAGE_NAME "Clp"
| #define PACKAGE_TARNAME "clp"
| #define PACKAGE_VERSION "1.17.10"
| #define PACKAGE_STRING "Clp 1.17.10"
| #define PACKAGE_BUGREPORT "clp@list.coin-or.org"
| #define CLP_VERSION "1.17.10"
| #define CLP_VERSION_MAJOR 1
| #define CLP_VERSION_MINOR 17
| #define CLP_VERSION_RELEASE 10
| #define COIN_CLP_VERBOSITY 0
| #define COIN_CLP_CHECKLEVEL 0
| /* end confdefs.h.  */
| extern "C" void std::exit (int) throw (); using std::exit;
| #include <stdlib.h>
| int
| main ()
| {
| exit (42);
|   ;
|   return 0;
| }
configure:3531: clang++ -c -g -O2  conftest.cc >&5
conftest.cc:15:17: error: use of undeclared identifier 'std'
extern "C" void std::exit (int); using std::exit;
                ^
conftest.cc:15:40: error: use of undeclared identifier 'std'
extern "C" void std::exit (int); using std::exit;
                                       ^
2 errors generated.
configure:3537: $? = 1
configure: failed program was:
| /* confdefs.h.  */
| 
| #define PACKAGE_NAME "Clp"
| #define PACKAGE_TARNAME "clp"
| #define PACKAGE_VERSION "1.17.10"
| #define PACKAGE_STRING "Clp 1.17.10"
| #define PACKAGE_BUGREPORT "clp@list.coin-or.org"
| #define CLP_VERSION "1.17.10"
| #define CLP_VERSION_MAJOR 1
| #define CLP_VERSION_MINOR 17
| #define CLP_VERSION_RELEASE 10
| #define COIN_CLP_VERBOSITY 0
| #define COIN_CLP_CHECKLEVEL 0
| /* end confdefs.h.  */
| extern "C" void std::exit (int); using std::exit;
| #include <stdlib.h>
| int
| main ()
| {
| exit (42);
|   ;
|   return 0;
| }
configure:3531: clang++ -c -g -O2  conftest.cc >&5
In file included from conftest.cc:16:
In file included from /Library/Developer/CommandLineTools/SDKs/MacOSX.sdk/usr/include/c++/v1/stdlib.h:93:
/Library/Developer/CommandLineTools/SDKs/MacOSX.sdk/usr/include/stdlib.h:145:7: error: 'exit' is missing exception specification 'throw()'
void     exit(int) __dead2;
         ^
conftest.cc:15:17: note: previous declaration is here
extern "C" void exit (int) throw ();
                ^
1 error generated.
configure:3537: $? = 1
configure: failed program was:
| /* confdefs.h.  */
| 
| #define PACKAGE_NAME "Clp"
| #define PACKAGE_TARNAME "clp"
| #define PACKAGE_VERSION "1.17.10"
| #define PACKAGE_STRING "Clp 1.17.10"
| #define PACKAGE_BUGREPORT "clp@list.coin-or.org"
| #define CLP_VERSION "1.17.10"
| #define CLP_VERSION_MAJOR 1
| #define CLP_VERSION_MINOR 17
| #define CLP_VERSION_RELEASE 10
| #define COIN_CLP_VERBOSITY 0
| #define COIN_CLP_CHECKLEVEL 0
| /* end confdefs.h.  */
| extern "C" void exit (int) throw ();
| #include <stdlib.h>
| int
| main ()
| {
| exit (42);
|   ;
|   return 0;
| }
configure:3531: clang++ -c -g -O2  conftest.cc >&5
configure:3537: $? = 0
configure:3541: test -z 
			 || test ! -s conftest.err
configure:3544: $? = 0
configure:3547: test -s conftest.o
configure:3550: $? = 0
configure:3576: clang++ -c -g -O2  conftest.cc >&5
configure:3582: $? = 0
configure:3586: test -z 
			 || test ! -s conftest.err
configure:3589: $? = 0
configure:3592: test -s conftest.o
configure:3595: $? = 0
configure:3627: checking whether C++ compiler clang++ works
configure:3645: clang++ -c -g -O2  conftest.cc >&5
configure:3651: $? = 0
configure:3655: test -z 
			 || test ! -s conftest.err
configure:3658: $? = 0
configure:3661: test -s conftest.o
configure:3664: $? = 0
configure:3666: result: yes
configure:3987: clang++ -o conftest -O3 -pipe -DNDEBUG -Wparentheses -Wreturn-type -Wcast-qual -Wall -Wpointer-arith -Wwrite-strings -Wconversion -Wno-unknown-pragmas -Wno-long-long   -DCLP_BUILD   conftest.cc  >&5
configure:3993: $? = 0
configure:3997: test -z 
			 || test ! -s conftest.err
configure:4000: $? = 0
configure:4003: test -s conftest
configure:4006: $? = 0
configure:4073: C++ compiler options are: -O3 -pipe -DNDEBUG -Wparentheses -Wreturn-type -Wcast-qual -Wall -Wpointer-arith -Wwrite-strings -Wconversion -Wno-unknown-pragmas -Wno-long-long   -DCLP_BUILD
configure:4192: checking for egrep
configure:4202: result: grep -E
configure:4207: checking whether ln -s works
configure:4211: result: yes
configure:4232: checking for a BSD-compatible install
configure:4287: result: /usr/bin/install -c
configure:4298: checking whether build environment is sane
configure:4341: result: yes
configure:4406: checking for gawk
configure:4435: result: no
configure:4406: checking for mawk
configure:4435: result: no
configure:4406: checking for nawk
configure:4435: result: no
configure:4406: checking for awk
configure:4422: found /usr/bin/awk
configure:4432: result: awk
configure:4442: checking whether make sets $(MAKE)
configure:4462: result: yes
configure:4492: checking for style of include used by make
configure:4520: result: GNU
configure:4701: checking dependency style of clang
configure:4791: result: none
configure:4810: checking dependency style of clang++
configure:4900: result: none
configure:4918: checking whether to enable maintainer-specific portions of Makefiles
configure:4927: result: no
configure:5375: checking host system type
configure:5389: result: x86_64-apple-darwin21.6.0
configure:5397: checking for a sed that does not truncate output
configure:5451: result: /usr/bin/sed
configure:5465: checking for ld used by clang
configure:5532: result: /Library/Developer/CommandLineTools/usr/bin/ld
configure:5541: checking if the linker (/Library/Developer/CommandLineTools/usr/bin/ld) is GNU ld
configure:5556: result: no
configure:5561: checking for /Library/Developer/CommandLineTools/usr/bin/ld option to reload object files
configure:5568: result: -r
configure:5586: checking for BSD-compatible nm
configure:5635: result: /usr/bin/nm -B
configure:5639: checking how to recognise dependent libraries
configure:5815: result: pass_all
configure:6051: checking how to run the C preprocessor
configure:6086: clang -E  conftest.c
configure:6092: $? = 0
configure:6124: clang -E  conftest.c
conftest.c:20:10: fatal error: 'ac_nonexistent.h' file not found
#include <ac_nonexistent.h>
         ^~~~~~~~~~~~~~~~~~
1 error generated.
configure:6130: $? = 1
configure: failed program was:
| /* confdefs.h.  */
| 
| #define PACKAGE_NAME "Clp"
| #define PACKAGE_TARNAME "clp"
| #define PACKAGE_VERSION "1.17.10"
| #define PACKAGE_STRING "Clp 1.17.10"
| #define PACKAGE_BUGREPORT "clp@list.coin-or.org"
| #define CLP_VERSION "1.17.10"
| #define CLP_VERSION_MAJOR 1
| #define CLP_VERSION_MINOR 17
| #define CLP_VERSION_RELEASE 10
| #define COIN_CLP_VERBOSITY 0
| #define COIN_CLP_CHECKLEVEL 0
| #ifdef __cplusplus
| extern "C" void exit (int);
| #endif
| #define PACKAGE "clp"
| #define VERSION "1.17.10"
| /* end confdefs.h.  */
| #include <ac_nonexistent.h>
configure:6169: result: clang -E
configure:6193: clang -E  conftest.c
configure:6199: $? = 0
configure:6231: clang -E  conftest.c
conftest.c:20:10: fatal error: 'ac_nonexistent.h' file not found
#include <ac_nonexistent.h>
         ^~~~~~~~~~~~~~~~~~
1 error generated.
configure:6237: $? = 1
configure: failed program was:
| /* confdefs.h.  */
| 
| #define PACKAGE_NAME "Clp"
| #define PACKAGE_TARNAME "clp"
| #define PACKAGE_VERSION "1.17.10"
| #define PACKAGE_STRING "Clp 1.17.10"
| #define PACKAGE_BUGREPORT "clp@list.coin-or.org"
| #define CLP_VERSION "1.17.10"
| #define CLP_VERSION_MAJOR 1
| #define CLP_VERSION_MINOR 17
| #define CLP_VERSION_RELEASE 10
| #define COIN_CLP_VERBOSITY 0
| #define COIN_CLP_CHECKLEVEL 0
| #ifdef __cplusplus
| extern "C" void exit (int);
| #endif
| #define PACKAGE "clp"
| #define VERSION "1.17.10"
| /* end confdefs.h.  */
| #include <ac_nonexistent.h>
configure:6281: checking for ANSI C header files
configure:6306: clang -c -O3 -pipe -DNDEBUG -Wimplicit -Wparentheses -Wsequence-point -Wreturn-type -Wcast-qual -Wall -Wno-unknown-pragmas -Wno-long-long   -DCLP_BUILD  conftest.c >&5
configure:6312: $? = 0
configure:6316: test -z 
			 || test ! -s conftest.err
configure:6319: $? = 0
configure:6322: test -s conftest.o
configure:6325: $? = 0
configure:6414: clang -o conftest -O3 -pipe -DNDEBUG -Wimplicit -Wparentheses -Wsequence-point -Wreturn-type -Wcast-qual -Wall -Wno-unknown-pragmas -Wno-long-long   -DCLP_BUILD   conftest.c  >&5
conftest.c:37:7: error: implicitly declaring library function 'exit' with type 'void (int) __attribute__((noreturn))' [-Werror,-Wimplicit-function-declaration]
      exit(2);
      ^
conftest.c:37:7: note: include the header <stdlib.h> or explicitly provide a declaration for 'exit'
1 error generated.
configure:6417: $? = 1
configure: program exited with status 1
configure: failed program was:
| /* confdefs.h.  */
| 
| #define PACKAGE_NAME "Clp"
| #define PACKAGE_TARNAME "clp"
| #define PACKAGE_VERSION "1.17.10"
| #define PACKAGE_STRING "Clp 1.17.10"
| #define PACKAGE_BUGREPORT "clp@list.coin-or.org"
| #define CLP_VERSION "1.17.10"
| #define CLP_VERSION_MAJOR 1
| #define CLP_VERSION_MINOR 17
| #define CLP_VERSION_RELEASE 10
| #define COIN_CLP_VERBOSITY 0
| #define COIN_CLP_CHECKLEVEL 0
| #ifdef __cplusplus
| extern "C" void exit (int);
| #endif
| #define PACKAGE "clp"
| #define VERSION "1.17.10"
| /* end confdefs.h.  */
| #include <ctype.h>
| #if ((' ' & 0x0FF) == 0x020)
| # define ISLOWER(c) ('a' <= (c) && (c) <= 'z')
| # define TOUPPER(c) (ISLOWER(c) ? 'A' + ((c) - 'a') : (c))
| #else
| # define ISLOWER(c) 		   (('a' <= (c) && (c) <= 'i') 		     || ('j' <= (c) && (c) <= 'r') 		     || ('s' <= (c) && (c) <= 'z'))
| # define TOUPPER(c) (ISLOWER(c) ? ((c) | 0x40) : (c))
| #endif
| 
| #define XOR(e, f) (((e) && !(f)) || (!(e) && (f)))
| int
| main ()
| {
|   int i;
|   for (i = 0; i < 256; i++)
|     if (XOR (islower (i), ISLOWER (i))
| 	|| toupper (i) != TOUPPER (i))
|       exit(2);
|   exit (0);
| }
configure:6437: result: no
configure:6461: checking for sys/types.h
configure:6477: clang -c -O3 -pipe -DNDEBUG -Wimplicit -Wparentheses -Wsequence-point -Wreturn-type -Wcast-qual -Wall -Wno-unknown-pragmas -Wno-long-long   -DCLP_BUILD  conftest.c >&5
configure:6483: $? = 0
configure:6487: test -z 
			 || test ! -s conftest.err
configure:6490: $? = 0
configure:6493: test -s conftest.o
configure:6496: $? = 0
configure:6507: result: yes
configure:6461: checking for sys/stat.h
configure:6477: clang -c -O3 -pipe -DNDEBUG -Wimplicit -Wparentheses -Wsequence-point -Wreturn-type -Wcast-qual -Wall -Wno-unknown-pragmas -Wno-long-long   -DCLP_BUILD  conftest.c >&5
configure:6483: $? = 0
configure:6487: test -z 
			 || test ! -s conftest.err
configure:6490: $? = 0
configure:6493: test -s conftest.o
configure:6496: $? = 0
configure:6507: result: yes
configure:6461: checking for stdlib.h
configure:6477: clang -c -O3 -pipe -DNDEBUG -Wimplicit -Wparentheses -Wsequence-point -Wreturn-type -Wcast-qual -Wall -Wno-unknown-pragmas -Wno-long-long   -DCLP_BUILD  conftest.c >&5
configure:6483: $? = 0
configure:6487: test -z 
			 || test ! -s conftest.err
configure:6490: $? = 0
configure:6493: test -s conftest.o
configure:6496: $? = 0
configure:6507: result: yes
configure:6461: checking for string.h
configure:6477: clang -c -O3 -pipe -DNDEBUG -Wimplicit -Wparentheses -Wsequence-point -Wreturn-type -Wcast-qual -Wall -Wno-unknown-pragmas -Wno-long-long   -DCLP_BUILD  conftest.c >&5
configure:6483: $? = 0
configure:6487: test -z 
			 || test ! -s conftest.err
configure:6490: $? = 0
configure:6493: test -s conftest.o
configure:6496: $? = 0
configure:6507: result: yes
configure:6461: checking for memory.h
configure:6477: clang -c -O3 -pipe -DNDEBUG -Wimplicit -Wparentheses -Wsequence-point -Wreturn-type -Wcast-qual -Wall -Wno-unknown-pragmas -Wno-long-long   -DCLP_BUILD  conftest.c >&5
configure:6483: $? = 0
configure:6487: test -z 
			 || test ! -s conftest.err
configure:6490: $? = 0
configure:6493: test -s conftest.o
configure:6496: $? = 0
configure:6507: result: yes
configure:6461: checking for strings.h
configure:6477: clang -c -O3 -pipe -DNDEBUG -Wimplicit -Wparentheses -Wsequence-point -Wreturn-type -Wcast-qual -Wall -Wno-unknown-pragmas -Wno-long-long   -DCLP_BUILD  conftest.c >&5
configure:6483: $? = 0
configure:6487: test -z 
			 || test ! -s conftest.err
configure:6490: $? = 0
configure:6493: test -s conftest.o
configure:6496: $? = 0
configure:6507: result: yes
configure:6461: checking for inttypes.h
configure:6477: clang -c -O3 -pipe -DNDEBUG -Wimplicit -Wparentheses -Wsequence-point -Wreturn-type -Wcast-qual -Wall -Wno-unknown-pragmas -Wno-long-long   -DCLP_BUILD  conftest.c >&5
configure:6483: $? = 0
configure:6487: test -z 
			 || test ! -s conftest.err
configure:6490: $? = 0
configure:6493: test -s conftest.o
configure:6496: $? = 0
configure:6507: result: yes
configure:6461: checking for stdint.h
configure:6477: clang -c -O3 -pipe -DNDEBUG -Wimplicit -Wparentheses -Wsequence-point -Wreturn-type -Wcast-qual -Wall -Wno-unknown-pragmas -Wno-long-long   -DCLP_BUILD  conftest.c >&5
configure:6483: $? = 0
configure:6487: test -z 
			 || test ! -s conftest.err
configure:6490: $? = 0
configure:6493: test -s conftest.o
configure:6496: $? = 0
configure:6507: result: yes
configure:6461: checking for unistd.h
configure:6477: clang -c -O3 -pipe -DNDEBUG -Wimplicit -Wparentheses -Wsequence-point -Wreturn-type -Wcast-qual -Wall -Wno-unknown-pragmas -Wno-long-long   -DCLP_BUILD  conftest.c >&5
configure:6483: $? = 0
configure:6487: test -z 
			 || test ! -s conftest.err
configure:6490: $? = 0
configure:6493: test -s conftest.o
configure:6496: $? = 0
configure:6507: result: yes
configure:6533: checking dlfcn.h usability
configure:6545: clang -c -O3 -pipe -DNDEBUG -Wimplicit -Wparentheses -Wsequence-point -Wreturn-type -Wcast-qual -Wall -Wno-unknown-pragmas -Wno-long-long   -DCLP_BUILD  conftest.c >&5
configure:6551: $? = 0
configure:6555: test -z 
			 || test ! -s conftest.err
configure:6558: $? = 0
configure:6561: test -s conftest.o
configure:6564: $? = 0
configure:6574: result: yes
configure:6578: checking dlfcn.h presence
configure:6588: clang -E  conftest.c
configure:6594: $? = 0
configure:6614: result: yes
configure:6649: checking for dlfcn.h
configure:6656: result: yes
configure:6679: checking how to run the C++ preprocessor
configure:6710: clang++ -E  conftest.cc
configure:6716: $? = 0
configure:6748: clang++ -E  conftest.cc
conftest.cc:30:10: fatal error: 'ac_nonexistent.h' file not found
#include <ac_nonexistent.h>
         ^~~~~~~~~~~~~~~~~~
1 error generated.
configure:6754: $? = 1
configure: failed program was:
| /* confdefs.h.  */
| 
| #define PACKAGE_NAME "Clp"
| #define PACKAGE_TARNAME "clp"
| #define PACKAGE_VERSION "1.17.10"
| #define PACKAGE_STRING "Clp 1.17.10"
| #define PACKAGE_BUGREPORT "clp@list.coin-or.org"
| #define CLP_VERSION "1.17.10"
| #define CLP_VERSION_MAJOR 1
| #define CLP_VERSION_MINOR 17
| #define CLP_VERSION_RELEASE 10
| #define COIN_CLP_VERBOSITY 0
| #define COIN_CLP_CHECKLEVEL 0
| #ifdef __cplusplus
| extern "C" void exit (int);
| #endif
| #define PACKAGE "clp"
| #define VERSION "1.17.10"
| #define HAVE_SYS_TYPES_H 1
| #define HAVE_SYS_STAT_H 1
| #define HAVE_STDLIB_H 1
| #define HAVE_STRING_H 1
| #define HAVE_MEMORY_H 1
| #define HAVE_STRINGS_H 1
| #define HAVE_INTTYPES_H 1
| #define HAVE_STDINT_H 1
| #define HAVE_UNISTD_H 1
| #define HAVE_DLFCN_H 1
| /* end confdefs.h.  */
| #include <ac_nonexistent.h>
configure:6793: result: clang++ -E
configure:6817: clang++ -E  conftest.cc
configure:6823: $? = 0
configure:6855: clang++ -E  conftest.cc
conftest.cc:30:10: fatal error: 'ac_nonexistent.h' file not found
#include <ac_nonexistent.h>
         ^~~~~~~~~~~~~~~~~~
1 error generated.
configure:6861: $? = 1
configure: failed program was:
| /* confdefs.h.  */
| 
| #define PACKAGE_NAME "Clp"
| #define PACKAGE_TARNAME "clp"
| #define PACKAGE_VERSION "1.17.10"
| #define PACKAGE_STRING "Clp 1.17.10"
| #define PACKAGE_BUGREPORT "clp@list.coin-or.org"
| #define CLP_VERSION "1.17.10"
| #define CLP_VERSION_MAJOR 1
| #define CLP_VERSION_MINOR 17
| #define CLP_VERSION_RELEASE 10
| #define COIN_CLP_VERBOSITY 0
| #define COIN_CLP_CHECKLEVEL 0
| #ifdef __cplusplus
| extern "C" void exit (int);
| #endif
| #define PACKAGE "clp"
| #define VERSION "1.17.10"
| #define HAVE_SYS_TYPES_H 1
| #define HAVE_SYS_STAT_H 1
| #define HAVE_STDLIB_H 1
| #define HAVE_STRING_H 1
| #define HAVE_MEMORY_H 1
| #define HAVE_STRINGS_H 1
| #define HAVE_INTTYPES_H 1
| #define HAVE_STDINT_H 1
| #define HAVE_UNISTD_H 1
| #define HAVE_DLFCN_H 1
| /* end confdefs.h.  */
| #include <ac_nonexistent.h>
configure:6957: checking for g77
configure:6986: result: no
configure:6957: checking for f77
configure:6986: result: no
configure:6957: checking for xlf
configure:6986: result: no
configure:6957: checking for frt
configure:6986: result: no
configure:6957: checking for pgf77
configure:6986: result: no
configure:6957: checking for fort77
configure:6986: result: no
configure:6957: checking for fl32
configure:6986: result: no
configure:6957: checking for af77
configure:6986: result: no
configure:6957: checking for f90
configure:6986: result: no
configure:6957: checking for xlf90
configure:6986: result: no
configure:6957: checking for pgf90
configure:6986: result: no
configure:6957: checking for epcf90
configure:6986: result: no
configure:6957: checking for f95
configure:6986: result: no
configure:6957: checking for fort
configure:6986: result: no
configure:6957: checking for xlf95
configure:6986: result: no
configure:6957: checking for ifc
configure:6986: result: no
configure:6957: checking for efc
configure:6986: result: no
configure:6957: checking for pgf95
configure:6986: result: no
configure:6957: checking for lf95
configure:6986: result: no
configure:6957: checking for gfortran
configure:6986: result: no
configure:6998: checking for Fortran 77 compiler version
configure:7001:  --version </dev/null >&5
/Users/hiruse/Desktop/menu-app/Clp/Clp/configure: line 7002: --version: command not found
configure:7004: $? = 127
configure:7006:  -v </dev/null >&5
/Users/hiruse/Desktop/menu-app/Clp/Clp/configure: line 7007: -v: command not found
configure:7009: $? = 127
configure:7011:  -V </dev/null >&5
/Users/hiruse/Desktop/menu-app/Clp/Clp/configure: line 7012: -V: command not found
configure:7014: $? = 127
configure:7022: checking whether we are using the GNU Fortran 77 compiler
configure:7036:  -c  conftest.F >&5
/Users/hiruse/Desktop/menu-app/Clp/Clp/configure: line 7037: -c: command not found
configure:7042: $? = 127
configure: failed program was:
|       program main
| #ifndef __GNUC__
|        choke me
| #endif
| 
|       end
configure:7068: result: no
configure:7074: checking whether  accepts -g
configure:7086:  -c -g conftest.f >&5
/Users/hiruse/Desktop/menu-app/Clp/Clp/configure: line 7087: -c: command not found
configure:7092: $? = 127
configure: failed program was:
|       program main
| 
|       end
configure:7117: result: no
configure:7147: checking the maximum length of command line arguments
configure:7256: result: 786432
configure:7267: checking command to parse /usr/bin/nm -B output from clang object
configure:7372: clang -c -O3 -pipe -DNDEBUG -Wimplicit -Wparentheses -Wsequence-point -Wreturn-type -Wcast-qual -Wall -Wno-unknown-pragmas -Wno-long-long   -DCLP_BUILD  conftest.c >&5
configure:7375: $? = 0
configure:7379: /usr/bin/nm -B conftest.o \| sed -n -e 's/^.*[ 	]\([ABCDGIRSTW][ABCDGIRSTW]*\)[ 	][ 	]*\([_A-Za-z][_A-Za-z0-9]*\)$/\1 \2 \2/p' \> conftest.nm
configure:7382: $? = 0
cannot find nm_test_var in conftest.nm
configure:7372: clang -c -O3 -pipe -DNDEBUG -Wimplicit -Wparentheses -Wsequence-point -Wreturn-type -Wcast-qual -Wall -Wno-unknown-pragmas -Wno-long-long   -DCLP_BUILD  conftest.c >&5
configure:7375: $? = 0
configure:7379: /usr/bin/nm -B conftest.o \| sed -n -e 's/^.*[ 	]\([ABCDGIRSTW][ABCDGIRSTW]*\)[ 	][ 	]*_\([_A-Za-z][_A-Za-z0-9]*\)$/\1 _\2 \2/p' \> conftest.nm
configure:7382: $? = 0
configure:7434: clang -o conftest -O3 -pipe -DNDEBUG -Wimplicit -Wparentheses -Wsequence-point -Wreturn-type -Wcast-qual -Wall -Wno-unknown-pragmas -Wno-long-long   -DCLP_BUILD   conftest.c conftstm.o >&5
configure:7437: $? = 0
configure:7475: result: ok
configure:7479: checking for objdir
configure:7494: result: .libs
configure:7584: checking for ar
configure:7600: found /usr/bin/ar
configure:7611: result: ar
configure:7664: checking for ranlib
configure:7680: found /usr/bin/ranlib
configure:7691: result: ranlib
configure:7744: checking for strip
configure:7760: found /usr/bin/strip
configure:7771: result: strip
configure:8047: checking if clang supports -fno-rtti -fno-exceptions
configure:8065: clang -c -O3 -pipe -DNDEBUG -Wimplicit -Wparentheses -Wsequence-point -Wreturn-type -Wcast-qual -Wall -Wno-unknown-pragmas -Wno-long-long   -DCLP_BUILD  -fno-rtti -fno-exceptions conftest.c >&5
configure:8069: $? = 0
configure:8082: result: yes
configure:8097: checking for clang option to produce PIC
configure:8307: result: -fno-common
configure:8315: checking if clang PIC flag -fno-common works
configure:8333: clang -c -O3 -pipe -DNDEBUG -Wimplicit -Wparentheses -Wsequence-point -Wreturn-type -Wcast-qual -Wall -Wno-unknown-pragmas -Wno-long-long   -DCLP_BUILD  -fno-common -DPIC conftest.c >&5
configure:8337: $? = 0
configure:8350: result: yes
configure:8378: checking if clang static flag -static works
configure:8406: result: no
configure:8416: checking if clang supports -c -o file.o
configure:8437: clang -c -O3 -pipe -DNDEBUG -Wimplicit -Wparentheses -Wsequence-point -Wreturn-type -Wcast-qual -Wall -Wno-unknown-pragmas -Wno-long-long   -DCLP_BUILD  -o out/conftest2.o conftest.c >&5
configure:8441: $? = 0
configure:8463: result: yes
configure:8489: checking whether the clang linker (/Library/Developer/CommandLineTools/usr/bin/ld) supports shared libraries
configure:9447: result: yes
configure:9514: checking dynamic linker characteristics
configure:10102: result: darwin21.6.0 dyld
configure:10111: checking how to hardcode library paths into programs
configure:10136: result: immediate
configure:10150: checking whether stripping libraries is possible
configure:10163: result: yes
configure:10989: checking if libtool supports shared libraries
configure:10991: result: yes
configure:10994: checking whether to build shared libraries
configure:11015: result: yes
configure:11018: checking whether to build static libraries
configure:11022: result: no
configure:11114: creating libtool
configure:11702: checking for ld used by clang++
configure:11769: result: /Library/Developer/CommandLineTools/usr/bin/ld
configure:11778: checking if the linker (/Library/Developer/CommandLineTools/usr/bin/ld) is GNU ld
configure:11793: result: no
configure:11844: checking whether the clang++ linker (/Library/Developer/CommandLineTools/usr/bin/ld) supports shared libraries
configure:12782: result: yes
configure:12804: clang++ -c -O3 -pipe -DNDEBUG -Wparentheses -Wreturn-type -Wcast-qual -Wall -Wpointer-arith -Wwrite-strings -Wconversion -Wno-unknown-pragmas -Wno-long-long   -DCLP_BUILD  conftest.cpp >&5
configure:12807: $? = 0
configure:12926: checking for clang++ option to produce PIC
configure:13200: result: -fno-common
configure:13208: checking if clang++ PIC flag -fno-common works
configure:13226: clang++ -c -O3 -pipe -DNDEBUG -Wparentheses -Wreturn-type -Wcast-qual -Wall -Wpointer-arith -Wwrite-strings -Wconversion -Wno-unknown-pragmas -Wno-long-long   -DCLP_BUILD  -fno-common -DPIC conftest.cpp >&5
configure:13230: $? = 0
configure:13243: result: yes
configure:13271: checking if clang++ static flag -static works
configure:13299: result: no
configure:13309: checking if clang++ supports -c -o file.o
configure:13330: clang++ -c -O3 -pipe -DNDEBUG -Wparentheses -Wreturn-type -Wcast-qual -Wall -Wpointer-arith -Wwrite-strings -Wconversion -Wno-unknown-pragmas -Wno-long-long   -DCLP_BUILD  -o out/conftest2.o conftest.cpp >&5
configure:13334: $? = 0
configure:13356: result: yes
configure:13382: checking whether the clang++ linker (/Library/Developer/CommandLineTools/usr/bin/ld) supports shared libraries
configure:13407: result: yes
configure:13474: checking dynamic linker characteristics
configure:14062: result: darwin21.6.0 dyld
configure:14071: checking how to hardcode library paths into programs
configure:14096: result: immediate
configure:20269: Build is "x86_64-apple-darwin21.6.0".
configure:20273: checking for dos2unix
configure:20302: result: no
configure:20562: checking if library version is set
configure:20566: result: 15:10:14
configure:20639: checking for pkg-config
configure:20655: found /usr/local/bin/pkg-config
configure:20665: result: pkg-config
configure:20680: checking pkg-config is at least version 0.16.0
configure:20683: result: yes
configure:20790: checking for COIN-OR package CoinUtils
configure:20932: result: yes: 2.11.12 
configure:21305: checking for COIN-OR package Osi
configure:21447: result: yes: 0.108.11 
configure:21815: checking for COIN-OR package OsiTests
configure:21946: result: yes: 0.108.11 
configure:22295: checking for COIN-OR package Sample
configure:22426: result: yes: 1.2.13 
configure:22775: checking for COIN-OR package Netlib
configure:22924: result: not given: Package 'coindatanetlib' not found
configure:23305: checking if user provides library for AMD
configure:23350: result: no
configure:23498: checking if user provides library for CHOLMOD
configure:23543: result: no
configure:23689: checking for COIN-OR package Glpk
configure:23853: result: not given: Package 'coinglpk' not found
configure:24223: checking for COIN-OR package Mumps
configure:24387: result: not given: Package 'coinmumps' not found
configure:30140: checking for COIN-OR package ASL
configure:30304: result: not given: Package 'coinasl' not found
configure:31011: checking cmath usability
configure:31023: clang++ -c -O3 -pipe -DNDEBUG -Wparentheses -Wreturn-type -Wcast-qual -Wall -Wpointer-arith -Wwrite-strings -Wconversion -Wno-unknown-pragmas -Wno-long-long   -DCLP_BUILD  conftest.cc >&5
configure:31029: $? = 0
configure:31033: test -z 
			 || test ! -s conftest.err
configure:31036: $? = 0
configure:31039: test -s conftest.o
configure:31042: $? = 0
configure:31052: result: yes
configure:31056: checking cmath presence
configure:31066: clang++ -E  conftest.cc
configure:31072: $? = 0
configure:31092: result: yes
configure:31127: checking for cmath
configure:31134: result: yes
configure:31340: checking cfloat usability
configure:31352: clang++ -c -O3 -pipe -DNDEBUG -Wparentheses -Wreturn-type -Wcast-qual -Wall -Wpointer-arith -Wwrite-strings -Wconversion -Wno-unknown-pragmas -Wno-long-long   -DCLP_BUILD  conftest.cc >&5
configure:31358: $? = 0
configure:31362: test -z 
			 || test ! -s conftest.err
configure:31365: $? = 0
configure:31368: test -s conftest.o
configure:31371: $? = 0
configure:31381: result: yes
configure:31385: checking cfloat presence
configure:31395: clang++ -E  conftest.cc
configure:31401: $? = 0
configure:31421: result: yes
configure:31456: checking for cfloat
configure:31463: result: yes
configure:31669: checking cieeefp usability
configure:31681: clang++ -c -O3 -pipe -DNDEBUG -Wparentheses -Wreturn-type -Wcast-qual -Wall -Wpointer-arith -Wwrite-strings -Wconversion -Wno-unknown-pragmas -Wno-long-long   -DCLP_BUILD  conftest.cc >&5
conftest.cc:70:10: fatal error: 'cieeefp' file not found
#include <cieeefp>
         ^~~~~~~~~
1 error generated.
configure:31687: $? = 1
configure: failed program was:
| /* confdefs.h.  */
| 
| #define PACKAGE_NAME "Clp"
| #define PACKAGE_TARNAME "clp"
| #define PACKAGE_VERSION "1.17.10"
| #define PACKAGE_STRING "Clp 1.17.10"
| #define PACKAGE_BUGREPORT "clp@list.coin-or.org"
| #define CLP_VERSION "1.17.10"
| #define CLP_VERSION_MAJOR 1
| #define CLP_VERSION_MINOR 17
| #define CLP_VERSION_RELEASE 10
| #define COIN_CLP_VERBOSITY 0
| #define COIN_CLP_CHECKLEVEL 0
| #ifdef __cplusplus
| extern "C" void exit (int);
| #endif
| #define PACKAGE "clp"
| #define VERSION "1.17.10"
| #define HAVE_SYS_TYPES_H 1
| #define HAVE_SYS_STAT_H 1
| #define HAVE_STDLIB_H 1
| #define HAVE_STRING_H 1
| #define HAVE_MEMORY_H 1
| #define HAVE_STRINGS_H 1
| #define HAVE_INTTYPES_H 1
| #define HAVE_STDINT_H 1
| #define HAVE_UNISTD_H 1
| #define HAVE_DLFCN_H 1
| #define COIN_HAS_COINUTILS 1
| #define COIN_HAS_OSI 1
| #define COIN_HAS_OSITESTS 1
| #define COIN_HAS_SAMPLE 1
| #define HAVE_CMATH 1
| #define HAVE_CFLOAT 1
| /* end confdefs.h.  */
| #include <stdio.h>
| #if HAVE_SYS_TYPES_H
| # include <sys/types.h>
| #endif
| #if HAVE_SYS_STAT_H
| # include <sys/stat.h>
| #endif
| #if STDC_HEADERS
| # include <stdlib.h>
| # include <stddef.h>
| #else
| # if HAVE_STDLIB_H
| #  include <stdlib.h>
| # endif
| #endif
| #if HAVE_STRING_H
| # if !STDC_HEADERS && HAVE_MEMORY_H
| #  include <memory.h>
| # endif
| # include <string.h>
| #endif
| #if HAVE_STRINGS_H
| # include <strings.h>
| #endif
| #if HAVE_INTTYPES_H
| # include <inttypes.h>
| #else
| # if HAVE_STDINT_H
| #  include <stdint.h>
| # endif
| #endif
| #if HAVE_UNISTD_H
| # include <unistd.h>
| #endif
| #include <cieeefp>
configure:31710: result: no
configure:31714: checking cieeefp presence
configure:31724: clang++ -E  conftest.cc
conftest.cc:36:10: fatal error: 'cieeefp' file not found
#include <cieeefp>
         ^~~~~~~~~
1 error generated.
configure:31730: $? = 1
configure: failed program was:
| /* confdefs.h.  */
| 
| #define PACKAGE_NAME "Clp"
| #define PACKAGE_TARNAME "clp"
| #define PACKAGE_VERSION "1.17.10"
| #define PACKAGE_STRING "Clp 1.17.10"
| #define PACKAGE_BUGREPORT "clp@list.coin-or.org"
| #define CLP_VERSION "1.17.10"
| #define CLP_VERSION_MAJOR 1
| #define CLP_VERSION_MINOR 17
| #define CLP_VERSION_RELEASE 10
| #define COIN_CLP_VERBOSITY 0
| #define COIN_CLP_CHECKLEVEL 0
| #ifdef __cplusplus
| extern "C" void exit (int);
| #endif
| #define PACKAGE "clp"
| #define VERSION "1.17.10"
| #define HAVE_SYS_TYPES_H 1
| #define HAVE_SYS_STAT_H 1
| #define HAVE_STDLIB_H 1
| #define HAVE_STRING_H 1
| #define HAVE_MEMORY_H 1
| #define HAVE_STRINGS_H 1
| #define HAVE_INTTYPES_H 1
| #define HAVE_STDINT_H 1
| #define HAVE_UNISTD_H 1
| #define HAVE_DLFCN_H 1
| #define COIN_HAS_COINUTILS 1
| #define COIN_HAS_OSI 1
| #define COIN_HAS_OSITESTS 1
| #define COIN_HAS_SAMPLE 1
| #define HAVE_CMATH 1
| #define HAVE_CFLOAT 1
| /* end confdefs.h.  */
| #include <cieeefp>
configure:31750: result: no
configure:31785: checking for cieeefp
configure:31792: result: no
configure:31827: checking ieeefp.h usability
configure:31839: clang++ -c -O3 -pipe -DNDEBUG -Wparentheses -Wreturn-type -Wcast-qual -Wall -Wpointer-arith -Wwrite-strings -Wconversion -Wno-unknown-pragmas -Wno-long-long   -DCLP_BUILD  conftest.cc >&5
conftest.cc:70:10: fatal error: 'ieeefp.h' file not found
#include <ieeefp.h>
         ^~~~~~~~~~
1 error generated.
configure:31845: $? = 1
configure: failed program was:
| /* confdefs.h.  */
| 
| #define PACKAGE_NAME "Clp"
| #define PACKAGE_TARNAME "clp"
| #define PACKAGE_VERSION "1.17.10"
| #define PACKAGE_STRING "Clp 1.17.10"
| #define PACKAGE_BUGREPORT "clp@list.coin-or.org"
| #define CLP_VERSION "1.17.10"
| #define CLP_VERSION_MAJOR 1
| #define CLP_VERSION_MINOR 17
| #define CLP_VERSION_RELEASE 10
| #define COIN_CLP_VERBOSITY 0
| #define COIN_CLP_CHECKLEVEL 0
| #ifdef __cplusplus
| extern "C" void exit (int);
| #endif
| #define PACKAGE "clp"
| #define VERSION "1.17.10"
| #define HAVE_SYS_TYPES_H 1
| #define HAVE_SYS_STAT_H 1
| #define HAVE_STDLIB_H 1
| #define HAVE_STRING_H 1
| #define HAVE_MEMORY_H 1
| #define HAVE_STRINGS_H 1
| #define HAVE_INTTYPES_H 1
| #define HAVE_STDINT_H 1
| #define HAVE_UNISTD_H 1
| #define HAVE_DLFCN_H 1
| #define COIN_HAS_COINUTILS 1
| #define COIN_HAS_OSI 1
| #define COIN_HAS_OSITESTS 1
| #define COIN_HAS_SAMPLE 1
| #define HAVE_CMATH 1
| #define HAVE_CFLOAT 1
| /* end confdefs.h.  */
| #include <stdio.h>
| #if HAVE_SYS_TYPES_H
| # include <sys/types.h>
| #endif
| #if HAVE_SYS_STAT_H
| # include <sys/stat.h>
| #endif
| #if STDC_HEADERS
| # include <stdlib.h>
| # include <stddef.h>
| #else
| # if HAVE_STDLIB_H
| #  include <stdlib.h>
| # endif
| #endif
| #if HAVE_STRING_H
| # if !STDC_HEADERS && HAVE_MEMORY_H
| #  include <memory.h>
| # endif
| # include <string.h>
| #endif
| #if HAVE_STRINGS_H
| # include <strings.h>
| #endif
| #if HAVE_INTTYPES_H
| # include <inttypes.h>
| #else
| # if HAVE_STDINT_H
| #  include <stdint.h>
| # endif
| #endif
| #if HAVE_UNISTD_H
| # include <unistd.h>
| #endif
| #include <ieeefp.h>
configure:31868: result: no
configure:31872: checking ieeefp.h presence
configure:31882: clang++ -E  conftest.cc
conftest.cc:36:10: fatal error: 'ieeefp.h' file not found
#include <ieeefp.h>
         ^~~~~~~~~~
1 error generated.
configure:31888: $? = 1
configure: failed program was:
| /* confdefs.h.  */
| 
| #define PACKAGE_NAME "Clp"
| #define PACKAGE_TARNAME "clp"
| #define PACKAGE_VERSION "1.17.10"
| #define PACKAGE_STRING "Clp 1.17.10"
| #define PACKAGE_BUGREPORT "clp@list.coin-or.org"
| #define CLP_VERSION "1.17.10"
| #define CLP_VERSION_MAJOR 1
| #define CLP_VERSION_MINOR 17
| #define CLP_VERSION_RELEASE 10
| #define COIN_CLP_VERBOSITY 0
| #define COIN_CLP_CHECKLEVEL 0
| #ifdef __cplusplus
| extern "C" void exit (int);
| #endif
| #define PACKAGE "clp"
| #define VERSION "1.17.10"
| #define HAVE_SYS_TYPES_H 1
| #define HAVE_SYS_STAT_H 1
| #define HAVE_STDLIB_H 1
| #define HAVE_STRING_H 1
| #define HAVE_MEMORY_H 1
| #define HAVE_STRINGS_H 1
| #define HAVE_INTTYPES_H 1
| #define HAVE_STDINT_H 1
| #define HAVE_UNISTD_H 1
| #define HAVE_DLFCN_H 1
| #define COIN_HAS_COINUTILS 1
| #define COIN_HAS_OSI 1
| #define COIN_HAS_OSITESTS 1
| #define COIN_HAS_SAMPLE 1
| #define HAVE_CMATH 1
| #define HAVE_CFLOAT 1
| /* end confdefs.h.  */
| #include <ieeefp.h>
configure:31908: result: no
configure:31943: checking for ieeefp.h
configure:31950: result: no
configure:31981: checking whether this is a VPATH configuration
configure:31988: result: yes
configure:32038: configuring doxygen documentation options
configure:32045: checking for doxygen
configure:32072: result: no
configure:32081: checking for latex
configure:32108: result: no
configure:32136: checking for dot
configure:32163: result: NO
configure:32214: checking for doxygen doc'n for CoinUtils 
configure:32246: result: /Users/hiruse/cbc/share/coin/doc/CoinUtils/doxydoc (tag)
configure:32214: checking for doxygen doc'n for Osi 
configure:32246: result: /Users/hiruse/cbc/share/coin/doc/Osi/doxydoc (tag)
configure:32281: checking which command should be used to link input files
configure:32289: result: ln -s
configure:32700: creating ./config.status

## ---------------------- ##
## Running config.status. ##
## ---------------------- ##

This file was extended by Clp config.status 1.17.10, which was
generated by GNU Autoconf 2.59.  Invocation command line was

  CONFIG_FILES    = 
  CONFIG_HEADERS  = 
  CONFIG_LINKS    = 
  CONFIG_COMMANDS = 
  $ ./config.status 

on hirosemoehananoMacBook-Pro.local

config.status:897: creating Makefile
config.status:897: creating examples/Makefile
config.status:897: creating src/Makefile
config.status:897: creating src/OsiClp/Makefile
config.status:897: creating test/Makefile
config.status:897: creating clp.pc
config.status:897: creating clp-uninstalled.pc
config.status:897: creating osi-clp.pc
config.status:897: creating osi-clp-uninstalled.pc
config.status:897: creating doxydoc/doxygen.conf
config.status:994: creating src/config.h
config.status:994: creating src/config_clp.h
config.status:1304: executing depfiles commands
configure:34200: Creating VPATH links for data files
configure:34248: In case of trouble, first consult the troubleshooting page at https://github.com/coin-or-tools/BuildTools/wiki/user-troubleshooting
configure:34251: Configuration of Clp successful

## ---------------- ##
## Cache variables. ##
## ---------------- ##

ac_cv_build=x86_64-apple-darwin21.6.0
ac_cv_build_alias=x86_64-apple-darwin21.6.0
ac_cv_c_compiler_gnu=yes
ac_cv_cxx_compiler_gnu=yes
ac_cv_env_ADD_CFLAGS_set=
ac_cv_env_ADD_CFLAGS_value=
ac_cv_env_ADD_CXXFLAGS_set=
ac_cv_env_ADD_CXXFLAGS_value=
ac_cv_env_ADD_FFLAGS_set=
ac_cv_env_ADD_FFLAGS_value=
ac_cv_env_CC_set=
ac_cv_env_CC_value=
ac_cv_env_CDEFS_set=
ac_cv_env_CDEFS_value=
ac_cv_env_CFLAGS_set=
ac_cv_env_CFLAGS_value=
ac_cv_env_CPPFLAGS_set=
ac_cv_env_CPPFLAGS_value=
ac_cv_env_CPP_set=
ac_cv_env_CPP_value=
ac_cv_env_CXXCPP_set=
ac_cv_env_CXXCPP_value=
ac_cv_env_CXXDEFS_set=
ac_cv_env_CXXDEFS_value=
ac_cv_env_CXXFLAGS_set=
ac_cv_env_CXXFLAGS_value=
ac_cv_env_CXX_set=
ac_cv_env_CXX_value=
ac_cv_env_DBG_CFLAGS_set=
ac_cv_env_DBG_CFLAGS_value=
ac_cv_env_DBG_CXXFLAGS_set=
ac_cv_env_DBG_CXXFLAGS_value=
ac_cv_env_DBG_FFLAGS_set=
ac_cv_env_DBG_FFLAGS_value=
ac_cv_env_F77_set=
ac_cv_env_F77_value=
ac_cv_env_FFLAGS_set=
ac_cv_env_FFLAGS_value=
ac_cv_env_LDFLAGS_set=
ac_cv_env_LDFLAGS_value=
ac_cv_env_LT_LDFLAGS_set=
ac_cv_env_LT_LDFLAGS_value=
ac_cv_env_MPICC_set=
ac_cv_env_MPICC_value=
ac_cv_env_MPICXX_set=
ac_cv_env_MPICXX_value=
ac_cv_env_MPIF77_set=
ac_cv_env_MPIF77_value=
ac_cv_env_OPT_CFLAGS_set=
ac_cv_env_OPT_CFLAGS_value=
ac_cv_env_OPT_CXXFLAGS_set=
ac_cv_env_OPT_CXXFLAGS_value=
ac_cv_env_OPT_FFLAGS_set=
ac_cv_env_OPT_FFLAGS_value=
ac_cv_env_PKG_CONFIG_set=
ac_cv_env_PKG_CONFIG_value=
ac_cv_env_build_alias_set=
ac_cv_env_build_alias_value=
ac_cv_env_host_alias_set=
ac_cv_env_host_alias_value=
ac_cv_env_target_alias_set=
ac_cv_env_target_alias_value=
ac_cv_exeext=
ac_cv_f77_compiler_gnu=no
ac_cv_header_cfloat=yes
ac_cv_header_cieeefp=no
ac_cv_header_cmath=yes
ac_cv_header_dlfcn_h=yes
ac_cv_header_ieeefp_h=no
ac_cv_header_inttypes_h=yes
ac_cv_header_memory_h=yes
ac_cv_header_stdc=no
ac_cv_header_stdint_h=yes
ac_cv_header_stdlib_h=yes
ac_cv_header_string_h=yes
ac_cv_header_strings_h=yes
ac_cv_header_sys_stat_h=yes
ac_cv_header_sys_types_h=yes
ac_cv_header_unistd_h=yes
ac_cv_host=x86_64-apple-darwin21.6.0
ac_cv_host_alias=x86_64-apple-darwin21.6.0
ac_cv_objext=o
ac_cv_path_install='/usr/bin/install -c'
ac_cv_prog_AWK=awk
ac_cv_prog_CPP='clang -E'
ac_cv_prog_CXXCPP='clang++ -E'
ac_cv_prog_ac_ct_AR=ar
ac_cv_prog_ac_ct_CC=clang
ac_cv_prog_ac_ct_CXX=clang++
ac_cv_prog_ac_ct_PKG_CONFIG=pkg-config
ac_cv_prog_ac_ct_RANLIB=ranlib
ac_cv_prog_ac_ct_STRIP=strip
ac_cv_prog_cc_g=yes
ac_cv_prog_cc_stdc=
ac_cv_prog_coin_doxy_usedot=NO
ac_cv_prog_coin_have_doxygen=no
ac_cv_prog_coin_have_latex=no
ac_cv_prog_cxx_g=yes
ac_cv_prog_egrep='grep -E'
ac_cv_prog_f77_g=no
ac_cv_prog_have_svnversion=no
ac_cv_prog_make_make_set=yes
am_cv_CC_dependencies_compiler_type=none
am_cv_CXX_dependencies_compiler_type=none
lt_cv_deplibs_check_method=pass_all
lt_cv_file_magic_cmd='$MAGIC_CMD'
lt_cv_file_magic_test_file=
lt_cv_ld_reload_flag=-r
lt_cv_objdir=.libs
lt_cv_path_LD=/Library/Developer/CommandLineTools/usr/bin/ld
lt_cv_path_LDCXX=/Library/Developer/CommandLineTools/usr/bin/ld
lt_cv_path_NM='/usr/bin/nm -B'
lt_cv_path_SED=/usr/bin/sed
lt_cv_prog_compiler_c_o=yes
lt_cv_prog_compiler_c_o_CXX=yes
lt_cv_prog_compiler_rtti_exceptions=yes
lt_cv_prog_gnu_ld=no
lt_cv_prog_gnu_ldcxx=no
lt_cv_sys_global_symbol_pipe='sed -n -e '\''s/^.*[ 	]\([ABCDGIRSTW][ABCDGIRSTW]*\)[ 	][ 	]*_\([_A-Za-z][_A-Za-z0-9]*\)$/\1 _\2 \2/p'\'''
lt_cv_sys_global_symbol_to_c_name_address='sed -n -e '\''s/^: \([^ ]*\) $/  {\"\1\", (lt_ptr) 0},/p'\'' -e '\''s/^[BCDEGRST] \([^ ]*\) \([^ ]*\)$/  {"\2", (lt_ptr) \&\2},/p'\'''
lt_cv_sys_global_symbol_to_cdecl='sed -n -e '\''s/^. .* \(.*\)$/extern int \1;/p'\'''
lt_cv_sys_max_cmd_len=786432
lt_lt_cv_prog_compiler_c_o='"yes"'
lt_lt_cv_prog_compiler_c_o_CXX='"yes"'
lt_lt_cv_sys_global_symbol_pipe='"sed -n -e '\''s/^.*[ 	]\\([ABCDGIRSTW][ABCDGIRSTW]*\\)[ 	][ 	]*_\\([_A-Za-z][_A-Za-z0-9]*\\)\$/\\1 _\\2 \\2/p'\''"'
lt_lt_cv_sys_global_symbol_to_c_name_address='"sed -n -e '\''s/^: \\([^ ]*\\) \$/  {\\\"\\1\\\", (lt_ptr) 0},/p'\'' -e '\''s/^[BCDEGRST] \\([^ ]*\\) \\([^ ]*\\)\$/  {\"\\2\", (lt_ptr) \\&\\2},/p'\''"'
lt_lt_cv_sys_global_symbol_to_cdecl='"sed -n -e '\''s/^. .* \\(.*\\)\$/extern int \\1;/p'\''"'

## ----------------- ##
## Output variables. ##
## ----------------- ##

ABSBUILDDIR='/Users/hiruse/Desktop/menu-app/build/Clp/1.17.10'
ACLOCAL='${SHELL} /Users/hiruse/Desktop/menu-app/Clp/Clp/missing --run aclocal-1.9'
ADD_CFLAGS=''
ADD_CXXFLAGS=''
ADD_FFLAGS=''
ALWAYS_FALSE_FALSE=''
ALWAYS_FALSE_TRUE='#'
AMDEPBACKSLASH=''
AMDEP_FALSE=''
AMDEP_TRUE='#'
AMDINCDIR=''
AMDLIB=''
AMTAR='${SHELL} /Users/hiruse/Desktop/menu-app/Clp/Clp/missing --run tar'
AR='ar'
ASL_CFLAGS=''
ASL_CFLAGS_INSTALLED=''
ASL_DATA=''
ASL_DATA_INSTALLED=''
ASL_DEPENDENCIES=''
ASL_LIBS=''
ASL_LIBS_INSTALLED=''
AUTOCONF='${SHELL} /Users/hiruse/Desktop/menu-app/Clp/Clp/missing --run autoconf'
AUTOHEADER='${SHELL} /Users/hiruse/Desktop/menu-app/Clp/Clp/missing --run autoheader'
AUTOMAKE='${SHELL} /Users/hiruse/Desktop/menu-app/Clp/Clp/missing --run automake-1.9'
AUX_DIR=''
AWK='awk'
BLAS_CFLAGS=''
BLAS_CFLAGS_INSTALLED=''
BLAS_DATA=''
BLAS_DATA_INSTALLED=''
BLAS_DEPENDENCIES=''
BLAS_LIBS=''
BLAS_LIBS_INSTALLED=''
BUILDTOOLSDIR=''
CC='clang'
CCDEPMODE='depmode=none'
CDEFS=''
CFLAGS='-O3 -pipe -DNDEBUG -Wimplicit -Wparentheses -Wsequence-point -Wreturn-type -Wcast-qual -Wall -Wno-unknown-pragmas -Wno-long-long   -DCLP_BUILD'
CHOLMODINCDIR=''
CHOLMODLIB=''
CLPLIB_CFLAGS='-I/Users/hiruse/cbc/include/coin '
CLPLIB_CFLAGS_INSTALLED=''
CLPLIB_DEPENDENCIES='  '
CLPLIB_LIBS='-L/Users/hiruse/cbc/lib -lCoinUtils -lbz2 -lz -lm '
CLPLIB_LIBS_INSTALLED=''
CLPLIB_PCLIBS=''
CLPLIB_PCREQUIRES='coinutils '
CLP_SVN_REV=''
COINUTILS_CFLAGS='-I/Users/hiruse/cbc/include/coin'
COINUTILS_CFLAGS_INSTALLED=''
COINUTILS_DATA=''
COINUTILS_DATA_INSTALLED=''
COINUTILS_DEPENDENCIES=''
COINUTILS_LIBS='-L/Users/hiruse/cbc/lib -lCoinUtils -lbz2 -lz -lm'
COINUTILS_LIBS_INSTALLED=''
COIN_CC_IS_CL_FALSE=''
COIN_CC_IS_CL_TRUE='#'
COIN_CXX_IS_CL_FALSE=''
COIN_CXX_IS_CL_TRUE='#'
COIN_HAS_ABC_FALSE=''
COIN_HAS_ABC_TRUE='#'
COIN_HAS_AMD_FALSE=''
COIN_HAS_AMD_TRUE='#'
COIN_HAS_ASL_FALSE=''
COIN_HAS_ASL_TRUE='#'
COIN_HAS_BLAS_FALSE=''
COIN_HAS_BLAS_TRUE='#'
COIN_HAS_CHOLMOD_FALSE=''
COIN_HAS_CHOLMOD_TRUE='#'
COIN_HAS_COINUTILS_FALSE='#'
COIN_HAS_COINUTILS_TRUE=''
COIN_HAS_DOXYGEN_FALSE=''
COIN_HAS_DOXYGEN_TRUE='#'
COIN_HAS_GLPK_FALSE=''
COIN_HAS_GLPK_TRUE='#'
COIN_HAS_LATEX_FALSE=''
COIN_HAS_LATEX_TRUE='#'
COIN_HAS_MUMPS_FALSE=''
COIN_HAS_MUMPS_TRUE='#'
COIN_HAS_NETLIB_FALSE=''
COIN_HAS_NETLIB_TRUE='#'
COIN_HAS_OSITESTS_FALSE='#'
COIN_HAS_OSITESTS_TRUE=''
COIN_HAS_OSI_FALSE='#'
COIN_HAS_OSI_TRUE=''
COIN_HAS_PKGCONFIG_FALSE='#'
COIN_HAS_PKGCONFIG_TRUE=''
COIN_HAS_SAMPLE_FALSE='#'
COIN_HAS_SAMPLE_TRUE=''
COIN_HAS_WSMP_FALSE=''
COIN_HAS_WSMP_TRUE='#'
COIN_PKG_CONFIG_PATH='/Users/hiruse/cbc/lib/pkgconfig:/Users/hiruse/cbc/share/pkgconfig:/Users/hiruse/cbc/lib64/pkgconfig:/Users/hiruse/cbc/lib/pkgconfig:/Users/hiruse/cbc/share/pkgconfig:'
COIN_PKG_CONFIG_PATH_UNINSTALLED='/Users/hiruse/Desktop/menu-app/build/Clp/1.17.10:/Users/hiruse/Desktop/menu-app/build/Osi/0.108.11:/Users/hiruse/Desktop/menu-app/build/CoinUtils/2.11.12:/Users/hiruse/Desktop/menu-app/build/Data/miplib3/1.2.9:/Users/hiruse/Desktop/menu-app/build/Data/Sample/1.2.13:'
CPP='clang -E'
CPPFLAGS=''
CXX='clang++'
CXXCPP='clang++ -E'
CXXDEFS=''
CXXDEPMODE='depmode=none'
CXXFLAGS='-O3 -pipe -DNDEBUG -Wparentheses -Wreturn-type -Wcast-qual -Wall -Wpointer-arith -Wwrite-strings -Wconversion -Wno-unknown-pragmas -Wno-long-long   -DCLP_BUILD'
CYGPATH_W='echo'
DBG_CFLAGS='-g -O0 -pipe -Wimplicit -Wparentheses -Wsequence-point -Wreturn-type -Wcast-qual -Wall -Wno-unknown-pragmas -Wno-long-long  '
DBG_CXXFLAGS='-g -O0 -pipe -Wparentheses -Wreturn-type -Wcast-qual -Wall -Wpointer-arith -Wwrite-strings -Wconversion -Wno-unknown-pragmas -Wno-long-long  '
DBG_FFLAGS=''
DEFS='-DHAVE_CONFIG_H'
DEPDIR='.deps'
DEPENDENCY_LINKING_FALSE='#'
DEPENDENCY_LINKING_TRUE=''
ECHO='/bin/echo'
ECHO_C='ECHO_N=''
ECHO_T=''
EGREP='grep -E'
EXEEXT=''
F77=''
FFLAGS=''
FLIBS=''
GLPK_CFLAGS=''
GLPK_CFLAGS_INSTALLED=''
GLPK_DATA=''
GLPK_DATA_INSTALLED=''
GLPK_DEPENDENCIES=''
GLPK_LIBS=''
GLPK_LIBS_INSTALLED=''
HAVE_EXTERNALS_FALSE=''
HAVE_EXTERNALS_TRUE='#'
INSTALL_DATA='${INSTALL} -m 644'
INSTALL_PROGRAM='${INSTALL}'
INSTALL_SCRIPT='${INSTALL}'
INSTALL_STRIP_PROGRAM='${SHELL} $(install_sh) -c -s'
LDFLAGS=''
LIBEXT='a'
LIBOBJS=''
LIBS=''
LIBTOOL='$(SHELL) $(top_builddir)/libtool'
LIBTOOLM4=''
LN_S='ln -s'
LTLIBOBJS=''
LT_LDFLAGS=' -no-undefined -version-info 15:10:14'
MAINT='#'
MAINTAINER_MODE_FALSE=''
MAINTAINER_MODE_TRUE='#'
MAKEINFO='${SHELL} /Users/hiruse/Desktop/menu-app/Clp/Clp/missing --run makeinfo'
MPICC=''
MPICXX=''
MPIF77=''
MUMPS_CFLAGS=''
MUMPS_CFLAGS_INSTALLED=''
MUMPS_DATA=''
MUMPS_DATA_INSTALLED=''
MUMPS_DEPENDENCIES=''
MUMPS_LIBS=''
MUMPS_LIBS_INSTALLED=''
NETLIB_CFLAGS=''
NETLIB_CFLAGS_INSTALLED=''
NETLIB_DATA=''
NETLIB_DATA_INSTALLED=''
NETLIB_DEPENDENCIES=''
NETLIB_LIBS=''
NETLIB_LIBS_INSTALLED=''
OBJEXT='o'
OPT_CFLAGS='-O3 -pipe -DNDEBUG -Wimplicit -Wparentheses -Wsequence-point -Wreturn-type -Wcast-qual -Wall -Wno-unknown-pragmas -Wno-long-long  '
OPT_CXXFLAGS='-O3 -pipe -DNDEBUG -Wparentheses -Wreturn-type -Wcast-qual -Wall -Wpointer-arith -Wwrite-strings -Wconversion -Wno-unknown-pragmas -Wno-long-long  '
OPT_FFLAGS=''
OSICLPLIB_CFLAGS='-I/Users/hiruse/cbc/include/coin '
OSICLPLIB_CFLAGS_INSTALLED=''
OSICLPLIB_DEPENDENCIES='  '
OSICLPLIB_LIBS='-L/Users/hiruse/cbc/lib -lOsi -lCoinUtils -lbz2 -lz -lm '
OSICLPLIB_LIBS_INSTALLED=''
OSICLPLIB_PCLIBS=''
OSICLPLIB_PCREQUIRES='osi '
OSITESTS_CFLAGS='-I/Users/hiruse/cbc/include/coin'
OSITESTS_CFLAGS_INSTALLED=''
OSITESTS_DATA=''
OSITESTS_DATA_INSTALLED=''
OSITESTS_DEPENDENCIES=''
OSITESTS_LIBS='-L/Users/hiruse/cbc/lib -lOsiCommonTests -lOsi -lCoinUtils -lbz2 -lz -lm'
OSITESTS_LIBS_INSTALLED=''
OSI_CFLAGS='-I/Users/hiruse/cbc/include/coin'
OSI_CFLAGS_INSTALLED=''
OSI_DATA=''
OSI_DATA_INSTALLED=''
OSI_DEPENDENCIES=''
OSI_LIBS='-L/Users/hiruse/cbc/lib -lOsi -lCoinUtils -lbz2 -lz -lm'
OSI_LIBS_INSTALLED=''
PACKAGE='clp'
PACKAGE_BUGREPORT='clp@list.coin-or.org'
PACKAGE_NAME='Clp'
PACKAGE_STRING='Clp 1.17.10'
PACKAGE_TARNAME='clp'
PACKAGE_VERSION='1.17.10'
PATH_SEPARATOR=':'
PKG_CONFIG='pkg-config'
RANLIB='ranlib'
RPATH_FLAGS=''
SAMPLE_CFLAGS=''
SAMPLE_CFLAGS_INSTALLED=''
SAMPLE_DATA='/Users/hiruse/cbc/share/coin/Data/Sample'
SAMPLE_DATA_INSTALLED=''
SAMPLE_DEPENDENCIES=' '
SAMPLE_LIBS=''
SAMPLE_LIBS_INSTALLED=''
SET_MAKE=''
SHELL='/bin/sh'
STRIP='strip'
VERSION='1.17.10'
VPATH_DISTCLEANFILES=' examples/hello.mps examples/input.130 examples/g.tiny examples/gparm.tiny'
abs_bin_dir='/Users/hiruse/cbc/bin'
abs_include_dir='/Users/hiruse/cbc/include'
abs_lib_dir='/Users/hiruse/cbc/lib'
abs_source_dir='/Users/hiruse/Desktop/menu-app/Clp/Clp'
ac_c_preproc_warn_flag=''
ac_ct_AR='ar'
ac_ct_CC='clang'
ac_ct_CXX='clang++'
ac_ct_F77=''
ac_ct_PKG_CONFIG='pkg-config'
ac_ct_RANLIB='ranlib'
ac_ct_STRIP='strip'
ac_cxx_preproc_warn_flag=''
am__fastdepCC_FALSE=''
am__fastdepCC_TRUE='#'
am__fastdepCXX_FALSE=''
am__fastdepCXX_TRUE='#'
am__include='include'
am__leading_dot='.'
am__quote=''
am__tar='${AMTAR} chof - "$$tardir"'
am__untar='${AMTAR} xf -'
bindir='${exec_prefix}/bin'
build='x86_64-apple-darwin21.6.0'
build_alias=''
build_cpu='x86_64'
build_os='darwin21.6.0'
build_vendor='apple'
coin_doxy_excludes=''
coin_doxy_logname='doxydoc/clp_doxy.log'
coin_doxy_tagfiles=' /Users/hiruse/cbc/share/coin/doc/CoinUtils/doxydoc/coinutils_doxy.tag=/Users/hiruse/cbc/share/coin/doc/CoinUtils/doxydoc/html /Users/hiruse/cbc/share/coin/doc/Osi/doxydoc/osi_doxy.tag=/Users/hiruse/cbc/share/coin/doc/Osi/doxydoc/html'
coin_doxy_tagname='doxydoc/clp_doxy.tag'
coin_doxy_usedot='NO'
coin_have_doxygen='no'
coin_have_latex='no'
datadir='${prefix}/share'
dos2unix=''
exec_prefix='${prefix}'
have_autoconf=''
have_automake=''
have_svn=''
have_svnversion='no'
host='x86_64-apple-darwin21.6.0'
host_alias=''
host_cpu='x86_64'
host_os='darwin21.6.0'
host_vendor='apple'
includedir='${prefix}/include'
infodir='${prefix}/info'
install_sh='/Users/hiruse/Desktop/menu-app/Clp/Clp/install-sh'
libdir='${exec_prefix}/lib'
libexecdir='${exec_prefix}/libexec'
localstatedir='${prefix}/var'
mandir='${prefix}/man'
mkdir_p='$(install_sh) -d'
oldincludedir='/usr/include'
prefix='/Users/hiruse/cbc'
program_transform_name='s,x,x,'
sbindir='${exec_prefix}/sbin'
sharedstatedir='${prefix}/com'
sol_cc_compiler=''
sysconfdir='${prefix}/etc'
target_alias=''

## ----------- ##
## confdefs.h. ##
## ----------- ##

#define CLP_VERSION "1.17.10"
#define CLP_VERSION_MAJOR 1
#define CLP_VERSION_MINOR 17
#define CLP_VERSION_RELEASE 10
#define COIN_CLP_CHECKLEVEL 0
#define COIN_CLP_VERBOSITY 0
#define COIN_HAS_COINUTILS 1
#define COIN_HAS_OSI 1
#define COIN_HAS_OSITESTS 1
#define COIN_HAS_SAMPLE 1
#define HAVE_CFLOAT 1
#define HAVE_CMATH 1
#define HAVE_DLFCN_H 1
#define HAVE_INTTYPES_H 1
#define HAVE_MEMORY_H 1
#define HAVE_STDINT_H 1
#define HAVE_STDLIB_H 1
#define HAVE_STRINGS_H 1
#define HAVE_STRING_H 1
#define HAVE_SYS_STAT_H 1
#define HAVE_SYS_TYPES_H 1
#define HAVE_UNISTD_H 1
#define PACKAGE "clp"
#define PACKAGE_BUGREPORT "clp@list.coin-or.org"
#define PACKAGE_NAME "Clp"
#define PACKAGE_STRING "Clp 1.17.10"
#define PACKAGE_TARNAME "clp"
#define PACKAGE_VERSION "1.17.10"
#define VERSION "1.17.10"
#endif
#ifdef __cplusplus
extern "C" void exit (int);

configure: exit 0
