This file contains any messages produced by compilers while
running configure, to aid debugging if configure makes a mistake.

It was created by DataMiplib3 configure 1.2.9, which was
generated by GNU Autoconf 2.59.  Invocation command line was

  $ /Users/hiruse/Desktop/menu-app/Data/miplib3/configure --disable-dependency-tracking --disable-option-checking --prefix=/Users/hiruse/cbc --enable-cbc-parallel --with-coin-instdir=/Users/hiruse/cbc

## --------- ##
## Platform. ##
## --------- ##

hostname = hirosemoehananoMacBook-Pro.local
uname -m = x86_64
uname -r = 21.6.0
uname -s = Darwin
uname -v = Darwin Kernel Version 21.6.0: Wed Apr 24 06:02:02 PDT 2024; root:xnu-8020.240.18.708.4~1/RELEASE_X86_64

/usr/bin/uname -p = i386
/bin/uname -X     = unknown

/bin/arch              = unknown
/usr/bin/arch -k       = unknown
/usr/convex/getsysinfo = unknown
hostinfo               = Mach kernel version:
	 Darwin Kernel Version 21.6.0: Wed Apr 24 06:02:02 PDT 2024; root:xnu-8020.240.18.708.4~1/RELEASE_X86_64
Kernel configured for up to 8 processors.
4 processors are physically available.
8 processors are logically available.
Processor type: x86_64h (Intel x86-64h Haswell)
Processors active: 0 1 2 3 4 5 6 7
Primary memory available: 16.00 gigabytes
Default processor set: 805 tasks, 4339 threads, 8 processors
Load average: 3.51, Mach factor: 4.54
/bin/machine           = unknown
/usr/bin/oslevel       = unknown
/bin/universe          = unknown

PATH: /Users/hiruse/.pyenv/shims
PATH: /Users/hiruse/.local/bin
PATH: /Users/hiruse/google-cloud-sdk/bin
PATH: /usr/local/bin
PATH: /usr/bin
PATH: /bin
PATH: /usr/sbin
PATH: /sbin
PATH: /Users/hiruse/go/bin
PATH: /usr/local/opt/llvm/bin
PATH: /Users/hiruse/bin
PATH: /Users/hiruse/.local/bin
PATH: /Users/hiruse/.goenv/shims
PATH: /Users/hiruse/.nodenv/shims


## ----------- ##
## Core tests. ##
## ----------- ##

configure:1407: checking for svnversion
configure:1434: result: no
configure:1466: checking for egrep
configure:1476: result: grep -E
configure:1481: checking whether ln -s works
configure:1485: result: yes
configure:1531: checking for a BSD-compatible install
configure:1586: result: /usr/bin/install -c
configure:1597: checking whether build environment is sane
configure:1640: result: yes
configure:1705: checking for gawk
configure:1734: result: no
configure:1705: checking for mawk
configure:1734: result: no
configure:1705: checking for nawk
configure:1734: result: no
configure:1705: checking for awk
configure:1721: found /usr/bin/awk
configure:1731: result: awk
configure:1741: checking whether make sets $(MAKE)
configure:1761: result: yes
configure:1934: checking whether to enable maintainer-specific portions of Makefiles
configure:1943: result: no
configure:2341: checking for style of include used by make
configure:2369: result: GNU
configure:2440: checking for gcc
configure:2456: found /usr/bin/gcc
configure:2466: result: gcc
configure:2710: checking for C compiler version
configure:2713: gcc --version </dev/null >&5
Apple clang version 14.0.0 (clang-1400.0.29.202)
Target: x86_64-apple-darwin21.6.0
Thread model: posix
InstalledDir: /Library/Developer/CommandLineTools/usr/bin
configure:2716: $? = 0
configure:2718: gcc -v </dev/null >&5
Apple clang version 14.0.0 (clang-1400.0.29.202)
Target: x86_64-apple-darwin21.6.0
Thread model: posix
InstalledDir: /Library/Developer/CommandLineTools/usr/bin
configure:2721: $? = 0
configure:2723: gcc -V </dev/null >&5
clang: error: argument to '-V' is missing (expected 1 value)
clang: error: no input files
configure:2726: $? = 1
configure:2749: checking for C compiler default output file name
configure:2752: gcc    conftest.c  >&5
configure:2755: $? = 0
configure:2801: result: a.out
configure:2806: checking whether the C compiler works
configure:2812: ./a.out
configure:2815: $? = 0
configure:2832: result: yes
configure:2839: checking whether we are cross compiling
configure:2841: result: no
configure:2844: checking for suffix of executables
configure:2846: gcc -o conftest    conftest.c  >&5
configure:2849: $? = 0
configure:2874: result: 
configure:2880: checking for suffix of object files
configure:2901: gcc -c   conftest.c >&5
configure:2904: $? = 0
configure:2926: result: o
configure:2930: checking whether we are using the GNU C compiler
configure:2954: gcc -c   conftest.c >&5
configure:2960: $? = 0
configure:2964: test -z 
			 || test ! -s conftest.err
configure:2967: $? = 0
configure:2970: test -s conftest.o
configure:2973: $? = 0
configure:2986: result: yes
configure:2992: checking whether gcc accepts -g
configure:3013: gcc -c -g  conftest.c >&5
configure:3019: $? = 0
configure:3023: test -z 
			 || test ! -s conftest.err
configure:3026: $? = 0
configure:3029: test -s conftest.o
configure:3032: $? = 0
configure:3043: result: yes
configure:3060: checking for gcc option to accept ANSI C
configure:3130: gcc  -c -g -O2  conftest.c >&5
configure:3136: $? = 0
configure:3140: test -z 
			 || test ! -s conftest.err
configure:3143: $? = 0
configure:3146: test -s conftest.o
configure:3149: $? = 0
configure:3167: result: none needed
configure:3185: gcc -c -g -O2  conftest.c >&5
conftest.c:2:3: error: unknown type name 'choke'
  choke me
  ^
conftest.c:2:11: error: expected ';' after top level declarator
  choke me
          ^
          ;
2 errors generated.
configure:3191: $? = 1
configure: failed program was:
| #ifndef __cplusplus
|   choke me
| #endif
configure:3326: checking dependency style of gcc
configure:3416: result: none
configure:3439: checking how to run the C preprocessor
configure:3474: gcc -E  conftest.c
configure:3480: $? = 0
configure:3512: gcc -E  conftest.c
conftest.c:15:10: fatal error: 'ac_nonexistent.h' file not found
#include <ac_nonexistent.h>
         ^~~~~~~~~~~~~~~~~~
1 error generated.
configure:3518: $? = 1
configure: failed program was:
| /* confdefs.h.  */
| 
| #define PACKAGE_NAME "DataMiplib3"
| #define PACKAGE_TARNAME "datamiplib3"
| #define PACKAGE_VERSION "1.2.9"
| #define PACKAGE_STRING "DataMiplib3 1.2.9"
| #define PACKAGE_BUGREPORT "https://projects.coin-or.org/BuildTools/"
| #define DATAMIPLIB3_VERSION "1.2.9"
| #define DATAMIPLIB3_VERSION_MAJOR 1
| #define DATAMIPLIB3_VERSION_MINOR 2
| #define DATAMIPLIB3_VERSION_RELEASE 9
| #define PACKAGE "datamiplib3"
| #define VERSION "1.2.9"
| /* end confdefs.h.  */
| #include <ac_nonexistent.h>
configure:3557: result: gcc -E
configure:3581: gcc -E  conftest.c
configure:3587: $? = 0
configure:3619: gcc -E  conftest.c
conftest.c:15:10: fatal error: 'ac_nonexistent.h' file not found
#include <ac_nonexistent.h>
         ^~~~~~~~~~~~~~~~~~
1 error generated.
configure:3625: $? = 1
configure: failed program was:
| /* confdefs.h.  */
| 
| #define PACKAGE_NAME "DataMiplib3"
| #define PACKAGE_TARNAME "datamiplib3"
| #define PACKAGE_VERSION "1.2.9"
| #define PACKAGE_STRING "DataMiplib3 1.2.9"
| #define PACKAGE_BUGREPORT "https://projects.coin-or.org/BuildTools/"
| #define DATAMIPLIB3_VERSION "1.2.9"
| #define DATAMIPLIB3_VERSION_MAJOR 1
| #define DATAMIPLIB3_VERSION_MINOR 2
| #define DATAMIPLIB3_VERSION_RELEASE 9
| #define PACKAGE "datamiplib3"
| #define VERSION "1.2.9"
| /* end confdefs.h.  */
| #include <ac_nonexistent.h>
configure:3669: checking for ANSI C header files
configure:3694: gcc -c -g -O2  conftest.c >&5
configure:3700: $? = 0
configure:3704: test -z 
			 || test ! -s conftest.err
configure:3707: $? = 0
configure:3710: test -s conftest.o
configure:3713: $? = 0
configure:3802: gcc -o conftest -g -O2   conftest.c  >&5
conftest.c:32:7: error: implicitly declaring library function 'exit' with type 'void (int) __attribute__((noreturn))' [-Werror,-Wimplicit-function-declaration]
      exit(2);
      ^
conftest.c:32:7: note: include the header <stdlib.h> or explicitly provide a declaration for 'exit'
1 error generated.
configure:3805: $? = 1
configure: program exited with status 1
configure: failed program was:
| /* confdefs.h.  */
| 
| #define PACKAGE_NAME "DataMiplib3"
| #define PACKAGE_TARNAME "datamiplib3"
| #define PACKAGE_VERSION "1.2.9"
| #define PACKAGE_STRING "DataMiplib3 1.2.9"
| #define PACKAGE_BUGREPORT "https://projects.coin-or.org/BuildTools/"
| #define DATAMIPLIB3_VERSION "1.2.9"
| #define DATAMIPLIB3_VERSION_MAJOR 1
| #define DATAMIPLIB3_VERSION_MINOR 2
| #define DATAMIPLIB3_VERSION_RELEASE 9
| #define PACKAGE "datamiplib3"
| #define VERSION "1.2.9"
| /* end confdefs.h.  */
| #include <ctype.h>
| #if ((' ' & 0x0FF) == 0x020)
| # define ISLOWER(c) ('a' <= (c) && (c) <= 'z')
| # define TOUPPER(c) (ISLOWER(c) ? 'A' + ((c) - 'a') : (c))
| #else
| # define ISLOWER(c) 		   (('a' <= (c) && (c) <= 'i') 		     || ('j' <= (c) && (c) <= 'r') 		     || ('s' <= (c) && (c) <= 'z'))
| # define TOUPPER(c) (ISLOWER(c) ? ((c) | 0x40) : (c))
| #endif
| 
| #define XOR(e, f) (((e) && !(f)) || (!(e) && (f)))
| int
| main ()
| {
|   int i;
|   for (i = 0; i < 256; i++)
|     if (XOR (islower (i), ISLOWER (i))
| 	|| toupper (i) != TOUPPER (i))
|       exit(2);
|   exit (0);
| }
configure:3825: result: no
configure:3849: checking for sys/types.h
configure:3865: gcc -c -g -O2  conftest.c >&5
configure:3871: $? = 0
configure:3875: test -z 
			 || test ! -s conftest.err
configure:3878: $? = 0
configure:3881: test -s conftest.o
configure:3884: $? = 0
configure:3895: result: yes
configure:3849: checking for sys/stat.h
configure:3865: gcc -c -g -O2  conftest.c >&5
configure:3871: $? = 0
configure:3875: test -z 
			 || test ! -s conftest.err
configure:3878: $? = 0
configure:3881: test -s conftest.o
configure:3884: $? = 0
configure:3895: result: yes
configure:3849: checking for stdlib.h
configure:3865: gcc -c -g -O2  conftest.c >&5
configure:3871: $? = 0
configure:3875: test -z 
			 || test ! -s conftest.err
configure:3878: $? = 0
configure:3881: test -s conftest.o
configure:3884: $? = 0
configure:3895: result: yes
configure:3849: checking for string.h
configure:3865: gcc -c -g -O2  conftest.c >&5
configure:3871: $? = 0
configure:3875: test -z 
			 || test ! -s conftest.err
configure:3878: $? = 0
configure:3881: test -s conftest.o
configure:3884: $? = 0
configure:3895: result: yes
configure:3849: checking for memory.h
configure:3865: gcc -c -g -O2  conftest.c >&5
configure:3871: $? = 0
configure:3875: test -z 
			 || test ! -s conftest.err
configure:3878: $? = 0
configure:3881: test -s conftest.o
configure:3884: $? = 0
configure:3895: result: yes
configure:3849: checking for strings.h
configure:3865: gcc -c -g -O2  conftest.c >&5
configure:3871: $? = 0
configure:3875: test -z 
			 || test ! -s conftest.err
configure:3878: $? = 0
configure:3881: test -s conftest.o
configure:3884: $? = 0
configure:3895: result: yes
configure:3849: checking for inttypes.h
configure:3865: gcc -c -g -O2  conftest.c >&5
configure:3871: $? = 0
configure:3875: test -z 
			 || test ! -s conftest.err
configure:3878: $? = 0
configure:3881: test -s conftest.o
configure:3884: $? = 0
configure:3895: result: yes
configure:3849: checking for stdint.h
configure:3865: gcc -c -g -O2  conftest.c >&5
configure:3871: $? = 0
configure:3875: test -z 
			 || test ! -s conftest.err
configure:3878: $? = 0
configure:3881: test -s conftest.o
configure:3884: $? = 0
configure:3895: result: yes
configure:3849: checking for unistd.h
configure:3865: gcc -c -g -O2  conftest.c >&5
configure:3871: $? = 0
configure:3875: test -z 
			 || test ! -s conftest.err
configure:3878: $? = 0
configure:3881: test -s conftest.o
configure:3884: $? = 0
configure:3895: result: yes
configure:3944: checking zlib.h usability
configure:3956: gcc -c -g -O2  conftest.c >&5
configure:3962: $? = 0
configure:3966: test -z 
			 || test ! -s conftest.err
configure:3969: $? = 0
configure:3972: test -s conftest.o
configure:3975: $? = 0
configure:3985: result: yes
configure:3989: checking zlib.h presence
configure:3999: gcc -E  conftest.c
configure:4005: $? = 0
configure:4025: result: yes
configure:4060: checking for zlib.h
configure:4067: result: yes
configure:4083: checking for gzopen in -lz
configure:4113: gcc -o conftest -g -O2   conftest.c -lz   >&5
configure:4119: $? = 0
configure:4123: test -z 
			 || test ! -s conftest.err
configure:4126: $? = 0
configure:4129: test -s conftest
configure:4132: $? = 0
configure:4145: result: yes
configure:4182: checking whether this is a VPATH configuration
configure:4189: result: yes
configure:4198: checking build system type
configure:4216: result: x86_64-apple-darwin21.6.0
configure:4289: Creating links to the example files (*.gz miplib3.cat)
configure:4335: checking which command should be used to link input files
configure:4343: result: ln -s
configure:4561: creating ./config.status

## ---------------------- ##
## Running config.status. ##
## ---------------------- ##

This file was extended by DataMiplib3 config.status 1.2.9, which was
generated by GNU Autoconf 2.59.  Invocation command line was

  CONFIG_FILES    = 
  CONFIG_HEADERS  = 
  CONFIG_LINKS    = 
  CONFIG_COMMANDS = 
  $ ./config.status 

on hirosemoehananoMacBook-Pro.local

config.status:715: creating Makefile
config.status:715: creating coindatamiplib3.pc
config.status:715: creating coindatamiplib3-uninstalled.pc
config.status:891: executing depfiles commands
configure:5683: In case of trouble, first consult the troubleshooting page at https://github.com/coin-or-tools/BuildTools/wiki/user-troubleshooting
configure:5686: Configuration of DataMiplib3 successful

## ---------------- ##
## Cache variables. ##
## ---------------- ##

ac_cv_build=x86_64-apple-darwin21.6.0
ac_cv_build_alias=x86_64-apple-darwin21.6.0
ac_cv_c_compiler_gnu=yes
ac_cv_env_CC_set=
ac_cv_env_CC_value=
ac_cv_env_CFLAGS_set=
ac_cv_env_CFLAGS_value=
ac_cv_env_CPPFLAGS_set=
ac_cv_env_CPPFLAGS_value=
ac_cv_env_CPP_set=
ac_cv_env_CPP_value=
ac_cv_env_LDFLAGS_set=
ac_cv_env_LDFLAGS_value=
ac_cv_env_build_alias_set=
ac_cv_env_build_alias_value=
ac_cv_env_host_alias_set=
ac_cv_env_host_alias_value=
ac_cv_env_target_alias_set=
ac_cv_env_target_alias_value=
ac_cv_exeext=
ac_cv_header_inttypes_h=yes
ac_cv_header_memory_h=yes
ac_cv_header_stdc=no
ac_cv_header_stdint_h=yes
ac_cv_header_stdlib_h=yes
ac_cv_header_string_h=yes
ac_cv_header_strings_h=yes
ac_cv_header_sys_stat_h=yes
ac_cv_header_sys_types_h=yes
ac_cv_header_unistd_h=yes
ac_cv_header_zlib_h=yes
ac_cv_lib_z_gzopen=yes
ac_cv_objext=o
ac_cv_path_install='/usr/bin/install -c'
ac_cv_prog_AWK=awk
ac_cv_prog_CPP='gcc -E'
ac_cv_prog_ac_ct_CC=gcc
ac_cv_prog_cc_g=yes
ac_cv_prog_cc_stdc=
ac_cv_prog_egrep='grep -E'
ac_cv_prog_have_svnversion=no
ac_cv_prog_make_make_set=yes
am_cv_CC_dependencies_compiler_type=none

## ----------------- ##
## Output variables. ##
## ----------------- ##

ABSBUILDDIR='/Users/hiruse/Desktop/menu-app/build/Data/miplib3/1.2.9'
ACLOCAL='${SHELL} /Users/hiruse/Desktop/menu-app/Data/miplib3/missing --run aclocal-1.9'
ALWAYS_FALSE_FALSE=''
ALWAYS_FALSE_TRUE='#'
AMDEPBACKSLASH=''
AMDEP_FALSE=''
AMDEP_TRUE='#'
AMTAR='${SHELL} /Users/hiruse/Desktop/menu-app/Data/miplib3/missing --run tar'
AUTOCONF='${SHELL} /Users/hiruse/Desktop/menu-app/Data/miplib3/missing --run autoconf'
AUTOHEADER='${SHELL} /Users/hiruse/Desktop/menu-app/Data/miplib3/missing --run autoheader'
AUTOMAKE='${SHELL} /Users/hiruse/Desktop/menu-app/Data/miplib3/missing --run automake-1.9'
AUX_DIR=''
AWK='awk'
BUILDTOOLSDIR=''
CC='gcc'
CCDEPMODE='depmode=none'
CFLAGS='-g -O2'
COIN_HAS_ZLIB_FALSE='#'
COIN_HAS_ZLIB_TRUE=''
CPP='gcc -E'
CPPFLAGS=''
CYGPATH_W='echo'
DATAMIPLIB3_SVN_REV=''
DEFS='-DPACKAGE_NAME=\"DataMiplib3\" -DPACKAGE_TARNAME=\"datamiplib3\" -DPACKAGE_VERSION=\"1.2.9\" -DPACKAGE_STRING=\"DataMiplib3\ 1.2.9\" -DPACKAGE_BUGREPORT=\"https://projects.coin-or.org/BuildTools/\" -DDATAMIPLIB3_VERSION=\"1.2.9\" -DDATAMIPLIB3_VERSION_MAJOR=1 -DDATAMIPLIB3_VERSION_MINOR=2 -DDATAMIPLIB3_VERSION_RELEASE=9 -DPACKAGE=\"datamiplib3\" -DVERSION=\"1.2.9\" -DHAVE_SYS_TYPES_H=1 -DHAVE_SYS_STAT_H=1 -DHAVE_STDLIB_H=1 -DHAVE_STRING_H=1 -DHAVE_MEMORY_H=1 -DHAVE_STRINGS_H=1 -DHAVE_INTTYPES_H=1 -DHAVE_STDINT_H=1 -DHAVE_UNISTD_H=1 -DHAVE_ZLIB_H=1 -DCOIN_HAS_ZLIB=1 '
DEPDIR='.deps'
ECHO_C='ECHO_N=''
ECHO_T=''
EGREP='grep -E'
EXAMPLE_CLEAN_FILES=' *.gz miplib3.cat'
EXAMPLE_FILES=' 10teams.gz air03.gz air04.gz air05.gz arki001.gz bell3a.gz bell5.gz blend2.gz cap6000.gz dano3mip.gz danoint.gz dcmulti.gz dsbmip.gz egout.gz enigma.gz fast0507.gz fiber.gz fixnet6.gz flugpl.gz gen.gz gesa2.gz gesa2_o.gz gesa3.gz gesa3_o.gz gt2.gz harp2.gz khb05250.gz l152lav.gz lseu.gz markshare1.gz markshare2.gz mas74.gz mas76.gz miplib3.cat misc03.gz misc06.gz misc07.gz mitre.gz mkc.gz mod008.gz mod010.gz mod011.gz modglob.gz noswot.gz nw04.gz p0033.gz p0201.gz p0282.gz p0548.gz p2756.gz pk1.gz pp08a.gz pp08aCUTS.gz qiu.gz qnet1.gz qnet1_o.gz rentacar.gz rgn.gz rout.gz set1ch.gz seymour.gz stein27.gz stein45.gz swath.gz vpm1.gz vpm2.gz'
EXAMPLE_UNCOMPRESSED_FILES=' 10teams air03 air04 air05 arki001 bell3a bell5 blend2 cap6000 dano3mip danoint dcmulti dsbmip egout enigma fast0507 fiber fixnet6 flugpl gen gesa2 gesa2_o gesa3 gesa3_o gt2 harp2 khb05250 l152lav lseu markshare1 markshare2 mas74 mas76 misc03 misc06 misc07 mitre mkc mod008 mod010 mod011 modglob noswot nw04 p0033 p0201 p0282 p0548 p2756 pk1 pp08a pp08aCUTS qiu qnet1 qnet1_o rentacar rgn rout set1ch seymour stein27 stein45 swath vpm1 vpm2'
EXEEXT=''
HAVE_EXTERNALS_FALSE=''
HAVE_EXTERNALS_TRUE='#'
INSTALL_DATA='${INSTALL} -m 644'
INSTALL_PROGRAM='${INSTALL}'
INSTALL_SCRIPT='${INSTALL}'
INSTALL_STRIP_PROGRAM='${SHELL} $(install_sh) -c -s'
LDFLAGS=''
LIBEXT='a'
LIBOBJS=''
LIBS=''
LIBTOOLM4=''
LN_S='ln -s'
LTLIBOBJS=''
MAINT='#'
MAINTAINER_MODE_FALSE=''
MAINTAINER_MODE_TRUE='#'
MAKEINFO='${SHELL} /Users/hiruse/Desktop/menu-app/Data/miplib3/missing --run makeinfo'
OBJEXT='o'
PACKAGE='datamiplib3'
PACKAGE_BUGREPORT='https://projects.coin-or.org/BuildTools/'
PACKAGE_NAME='DataMiplib3'
PACKAGE_STRING='DataMiplib3 1.2.9'
PACKAGE_TARNAME='datamiplib3'
PACKAGE_VERSION='1.2.9'
PATH_SEPARATOR=':'
SET_MAKE=''
SHELL='/bin/sh'
STRIP=''
VERSION='1.2.9'
VPATH_DISTCLEANFILES=''
abs_bin_dir='/Users/hiruse/cbc/bin'
abs_include_dir='/Users/hiruse/cbc/include'
abs_lib_dir='/Users/hiruse/cbc/lib'
abs_source_dir='/Users/hiruse/Desktop/menu-app/Data/miplib3'
ac_ct_CC='gcc'
ac_ct_STRIP=''
am__fastdepCC_FALSE=''
am__fastdepCC_TRUE='#'
am__include='include'
am__leading_dot='.'
am__quote=''
am__tar='${AMTAR} chof - "$$tardir"'
am__untar='${AMTAR} xf -'
bindir='${exec_prefix}/bin'
build='x86_64-apple-darwin21.6.0'
build_alias=''
build_cpu='x86_64'
build_os='darwin21.6.0'
build_vendor='apple'
datadir='${prefix}/share'
exec_prefix='${prefix}'
have_autoconf=''
have_automake=''
have_svn=''
have_svnversion='no'
host_alias=''
includedir='${prefix}/include'
infodir='${prefix}/info'
install_sh='/Users/hiruse/Desktop/menu-app/Data/miplib3/install-sh'
libdir='${exec_prefix}/lib'
libexecdir='${exec_prefix}/libexec'
localstatedir='${prefix}/var'
mandir='${prefix}/man'
mkdir_p='$(install_sh) -d'
oldincludedir='/usr/include'
prefix='/Users/hiruse/cbc'
program_transform_name='s,x,x,'
sbindir='${exec_prefix}/sbin'
sharedstatedir='${prefix}/com'
sysconfdir='${prefix}/etc'
target_alias=''

## ----------- ##
## confdefs.h. ##
## ----------- ##

#define COIN_HAS_ZLIB 1
#define DATAMIPLIB3_VERSION "1.2.9"
#define DATAMIPLIB3_VERSION_MAJOR 1
#define DATAMIPLIB3_VERSION_MINOR 2
#define DATAMIPLIB3_VERSION_RELEASE 9
#define HAVE_INTTYPES_H 1
#define HAVE_MEMORY_H 1
#define HAVE_STDINT_H 1
#define HAVE_STDLIB_H 1
#define HAVE_STRINGS_H 1
#define HAVE_STRING_H 1
#define HAVE_SYS_STAT_H 1
#define HAVE_SYS_TYPES_H 1
#define HAVE_UNISTD_H 1
#define HAVE_ZLIB_H 1
#define PACKAGE "datamiplib3"
#define PACKAGE_BUGREPORT "https://projects.coin-or.org/BuildTools/"
#define PACKAGE_NAME "DataMiplib3"
#define PACKAGE_STRING "DataMiplib3 1.2.9"
#define PACKAGE_TARNAME "datamiplib3"
#define PACKAGE_VERSION "1.2.9"
#define VERSION "1.2.9"

configure: exit 0
