This file contains any messages produced by compilers while
running configure, to aid debugging if configure makes a mistake.

It was created by CoinUtils configure 2.11.12, which was
generated by GNU Autoconf 2.59.  Invocation command line was

  $ /Users/hiruse/Desktop/menu-app/CoinUtils/CoinUtils/configure --disable-dependency-tracking --disable-option-checking --prefix=/Users/hiruse/cbc --enable-cbc-parallel --with-coin-instdir=/Users/hiruse/cbc

## --------- ##
## Platform. ##
## --------- ##

hostname = hirosemoehananoMacBook-Pro.local
uname -m = x86_64
uname -r = 21.6.0
uname -s = Darwin
uname -v = Darwin Kernel Version 21.6.0: Wed Apr 24 06:02:02 PDT 2024; root:xnu-8020.240.18.708.4~1/RELEASE_X86_64

/usr/bin/uname -p = i386
/bin/uname -X     = unknown

/bin/arch              = unknown
/usr/bin/arch -k       = unknown
/usr/convex/getsysinfo = unknown
hostinfo               = Mach kernel version:
	 Darwin Kernel Version 21.6.0: Wed Apr 24 06:02:02 PDT 2024; root:xnu-8020.240.18.708.4~1/RELEASE_X86_64
Kernel configured for up to 8 processors.
4 processors are physically available.
8 processors are logically available.
Processor type: x86_64h (Intel x86-64h Haswell)
Processors active: 0 1 2 3 4 5 6 7
Primary memory available: 16.00 gigabytes
Default processor set: 805 tasks, 4320 threads, 8 processors
Load average: 3.99, Mach factor: 4.25
/bin/machine           = unknown
/usr/bin/oslevel       = unknown
/bin/universe          = unknown

PATH: /Users/hiruse/.pyenv/shims
PATH: /Users/hiruse/.local/bin
PATH: /Users/hiruse/google-cloud-sdk/bin
PATH: /usr/local/bin
PATH: /usr/bin
PATH: /bin
PATH: /usr/sbin
PATH: /sbin
PATH: /Users/hiruse/go/bin
PATH: /usr/local/opt/llvm/bin
PATH: /Users/hiruse/bin
PATH: /Users/hiruse/.local/bin
PATH: /Users/hiruse/.goenv/shims
PATH: /Users/hiruse/.nodenv/shims


## ----------- ##
## Core tests. ##
## ----------- ##

configure:1718: checking build system type
configure:1736: result: x86_64-apple-darwin21.6.0
configure:1809: checking for svnversion
configure:1836: result: no
configure:1865: checking whether we want to compile in debug mode
configure:1911: result: no
configure:2161: checking for clang
configure:2177: found /usr/bin/clang
configure:2187: result: clang
configure:2208: checking for C compiler version
configure:2211: clang --version </dev/null >&5
Apple clang version 14.0.0 (clang-1400.0.29.202)
Target: x86_64-apple-darwin21.6.0
Thread model: posix
InstalledDir: /Library/Developer/CommandLineTools/usr/bin
configure:2214: $? = 0
configure:2216: clang -v </dev/null >&5
Apple clang version 14.0.0 (clang-1400.0.29.202)
Target: x86_64-apple-darwin21.6.0
Thread model: posix
InstalledDir: /Library/Developer/CommandLineTools/usr/bin
configure:2219: $? = 0
configure:2221: clang -V </dev/null >&5
clang: error: argument to '-V' is missing (expected 1 value)
clang: error: no input files
configure:2224: $? = 1
configure:2247: checking for C compiler default output file name
configure:2250: clang    conftest.c  >&5
configure:2253: $? = 0
configure:2299: result: a.out
configure:2304: checking whether the C compiler works
configure:2310: ./a.out
configure:2313: $? = 0
configure:2330: result: yes
configure:2337: checking whether we are cross compiling
configure:2339: result: no
configure:2342: checking for suffix of executables
configure:2344: clang -o conftest    conftest.c  >&5
configure:2347: $? = 0
configure:2372: result: 
configure:2378: checking for suffix of object files
configure:2399: clang -c   conftest.c >&5
configure:2402: $? = 0
configure:2424: result: o
configure:2428: checking whether we are using the GNU C compiler
configure:2452: clang -c   conftest.c >&5
configure:2458: $? = 0
configure:2462: test -z 
			 || test ! -s conftest.err
configure:2465: $? = 0
configure:2468: test -s conftest.o
configure:2471: $? = 0
configure:2484: result: yes
configure:2490: checking whether clang accepts -g
configure:2511: clang -c -g  conftest.c >&5
configure:2517: $? = 0
configure:2521: test -z 
			 || test ! -s conftest.err
configure:2524: $? = 0
configure:2527: test -s conftest.o
configure:2530: $? = 0
configure:2541: result: yes
configure:2558: checking for clang option to accept ANSI C
configure:2628: clang  -c -g -O2  conftest.c >&5
configure:2634: $? = 0
configure:2638: test -z 
			 || test ! -s conftest.err
configure:2641: $? = 0
configure:2644: test -s conftest.o
configure:2647: $? = 0
configure:2665: result: none needed
configure:2683: clang -c -g -O2  conftest.c >&5
conftest.c:2:3: error: unknown type name 'choke'
  choke me
  ^
conftest.c:2:11: error: expected ';' after top level declarator
  choke me
          ^
          ;
2 errors generated.
configure:2689: $? = 1
configure: failed program was:
| #ifndef __cplusplus
|   choke me
| #endif
configure:3110: clang -o conftest -O3 -pipe -DNDEBUG -Wimplicit -Wparentheses -Wsequence-point -Wreturn-type -Wcast-qual -Wall -Wno-unknown-pragmas -Wno-long-long   -DCOINUTILS_BUILD   conftest.c  >&5
configure:3116: $? = 0
configure:3120: test -z 
			 || test ! -s conftest.err
configure:3123: $? = 0
configure:3126: test -s conftest
configure:3129: $? = 0
configure:3196: C compiler options are: -O3 -pipe -DNDEBUG -Wimplicit -Wparentheses -Wsequence-point -Wreturn-type -Wcast-qual -Wall -Wno-unknown-pragmas -Wno-long-long   -DCOINUTILS_BUILD
configure:3311: checking for clang++
configure:3327: found /usr/bin/clang++
configure:3337: result: clang++
configure:3353: checking for C++ compiler version
configure:3356: clang++ --version </dev/null >&5
Apple clang version 14.0.0 (clang-1400.0.29.202)
Target: x86_64-apple-darwin21.6.0
Thread model: posix
InstalledDir: /Library/Developer/CommandLineTools/usr/bin
configure:3359: $? = 0
configure:3361: clang++ -v </dev/null >&5
Apple clang version 14.0.0 (clang-1400.0.29.202)
Target: x86_64-apple-darwin21.6.0
Thread model: posix
InstalledDir: /Library/Developer/CommandLineTools/usr/bin
configure:3364: $? = 0
configure:3366: clang++ -V </dev/null >&5
clang: error: argument to '-V' is missing (expected 1 value)
clang: error: no input files
configure:3369: $? = 1
configure:3372: checking whether we are using the GNU C++ compiler
configure:3396: clang++ -c   conftest.cc >&5
configure:3402: $? = 0
configure:3406: test -z 
			 || test ! -s conftest.err
configure:3409: $? = 0
configure:3412: test -s conftest.o
configure:3415: $? = 0
configure:3428: result: yes
configure:3434: checking whether clang++ accepts -g
configure:3455: clang++ -c -g  conftest.cc >&5
configure:3461: $? = 0
configure:3465: test -z 
			 || test ! -s conftest.err
configure:3468: $? = 0
configure:3471: test -s conftest.o
configure:3474: $? = 0
configure:3485: result: yes
configure:3527: clang++ -c -g -O2  conftest.cc >&5
configure:3533: $? = 0
configure:3537: test -z 
			 || test ! -s conftest.err
configure:3540: $? = 0
configure:3543: test -s conftest.o
configure:3546: $? = 0
configure:3572: clang++ -c -g -O2  conftest.cc >&5
conftest.cc:19:1: error: use of undeclared identifier 'exit'
exit (42);
^
1 error generated.
configure:3578: $? = 1
configure: failed program was:
| /* confdefs.h.  */
| 
| #define PACKAGE_NAME "CoinUtils"
| #define PACKAGE_TARNAME "coinutils"
| #define PACKAGE_VERSION "2.11.12"
| #define PACKAGE_STRING "CoinUtils 2.11.12"
| #define PACKAGE_BUGREPORT "http://projects.coin-or.org/CoinUtils"
| #define COINUTILS_VERSION "2.11.12"
| #define COINUTILS_VERSION_MAJOR 2
| #define COINUTILS_VERSION_MINOR 11
| #define COINUTILS_VERSION_RELEASE 12
| #define COIN_COINUTILS_VERBOSITY 0
| #define COIN_COINUTILS_CHECKLEVEL 0
| /* end confdefs.h.  */
| 
| int
| main ()
| {
| exit (42);
|   ;
|   return 0;
| }
configure:3527: clang++ -c -g -O2  conftest.cc >&5
conftest.cc:15:17: error: use of undeclared identifier 'std'
extern "C" void std::exit (int) throw (); using std::exit;
                ^
conftest.cc:15:49: error: use of undeclared identifier 'std'
extern "C" void std::exit (int) throw (); using std::exit;
                                                ^
2 errors generated.
configure:3533: $? = 1
configure: failed program was:
| /* confdefs.h.  */
| 
| #define PACKAGE_NAME "CoinUtils"
| #define PACKAGE_TARNAME "coinutils"
| #define PACKAGE_VERSION "2.11.12"
| #define PACKAGE_STRING "CoinUtils 2.11.12"
| #define PACKAGE_BUGREPORT "http://projects.coin-or.org/CoinUtils"
| #define COINUTILS_VERSION "2.11.12"
| #define COINUTILS_VERSION_MAJOR 2
| #define COINUTILS_VERSION_MINOR 11
| #define COINUTILS_VERSION_RELEASE 12
| #define COIN_COINUTILS_VERBOSITY 0
| #define COIN_COINUTILS_CHECKLEVEL 0
| /* end confdefs.h.  */
| extern "C" void std::exit (int) throw (); using std::exit;
| #include <stdlib.h>
| int
| main ()
| {
| exit (42);
|   ;
|   return 0;
| }
configure:3527: clang++ -c -g -O2  conftest.cc >&5
conftest.cc:15:17: error: use of undeclared identifier 'std'
extern "C" void std::exit (int); using std::exit;
                ^
conftest.cc:15:40: error: use of undeclared identifier 'std'
extern "C" void std::exit (int); using std::exit;
                                       ^
2 errors generated.
configure:3533: $? = 1
configure: failed program was:
| /* confdefs.h.  */
| 
| #define PACKAGE_NAME "CoinUtils"
| #define PACKAGE_TARNAME "coinutils"
| #define PACKAGE_VERSION "2.11.12"
| #define PACKAGE_STRING "CoinUtils 2.11.12"
| #define PACKAGE_BUGREPORT "http://projects.coin-or.org/CoinUtils"
| #define COINUTILS_VERSION "2.11.12"
| #define COINUTILS_VERSION_MAJOR 2
| #define COINUTILS_VERSION_MINOR 11
| #define COINUTILS_VERSION_RELEASE 12
| #define COIN_COINUTILS_VERBOSITY 0
| #define COIN_COINUTILS_CHECKLEVEL 0
| /* end confdefs.h.  */
| extern "C" void std::exit (int); using std::exit;
| #include <stdlib.h>
| int
| main ()
| {
| exit (42);
|   ;
|   return 0;
| }
configure:3527: clang++ -c -g -O2  conftest.cc >&5
In file included from conftest.cc:16:
In file included from /Library/Developer/CommandLineTools/SDKs/MacOSX.sdk/usr/include/c++/v1/stdlib.h:93:
/Library/Developer/CommandLineTools/SDKs/MacOSX.sdk/usr/include/stdlib.h:145:7: error: 'exit' is missing exception specification 'throw()'
void     exit(int) __dead2;
         ^
conftest.cc:15:17: note: previous declaration is here
extern "C" void exit (int) throw ();
                ^
1 error generated.
configure:3533: $? = 1
configure: failed program was:
| /* confdefs.h.  */
| 
| #define PACKAGE_NAME "CoinUtils"
| #define PACKAGE_TARNAME "coinutils"
| #define PACKAGE_VERSION "2.11.12"
| #define PACKAGE_STRING "CoinUtils 2.11.12"
| #define PACKAGE_BUGREPORT "http://projects.coin-or.org/CoinUtils"
| #define COINUTILS_VERSION "2.11.12"
| #define COINUTILS_VERSION_MAJOR 2
| #define COINUTILS_VERSION_MINOR 11
| #define COINUTILS_VERSION_RELEASE 12
| #define COIN_COINUTILS_VERBOSITY 0
| #define COIN_COINUTILS_CHECKLEVEL 0
| /* end confdefs.h.  */
| extern "C" void exit (int) throw ();
| #include <stdlib.h>
| int
| main ()
| {
| exit (42);
|   ;
|   return 0;
| }
configure:3527: clang++ -c -g -O2  conftest.cc >&5
configure:3533: $? = 0
configure:3537: test -z 
			 || test ! -s conftest.err
configure:3540: $? = 0
configure:3543: test -s conftest.o
configure:3546: $? = 0
configure:3572: clang++ -c -g -O2  conftest.cc >&5
configure:3578: $? = 0
configure:3582: test -z 
			 || test ! -s conftest.err
configure:3585: $? = 0
configure:3588: test -s conftest.o
configure:3591: $? = 0
configure:3623: checking whether C++ compiler clang++ works
configure:3641: clang++ -c -g -O2  conftest.cc >&5
configure:3647: $? = 0
configure:3651: test -z 
			 || test ! -s conftest.err
configure:3654: $? = 0
configure:3657: test -s conftest.o
configure:3660: $? = 0
configure:3662: result: yes
configure:3983: clang++ -o conftest -O3 -pipe -DNDEBUG -Wparentheses -Wreturn-type -Wcast-qual -Wall -Wpointer-arith -Wwrite-strings -Wconversion -Wno-unknown-pragmas -Wno-long-long   -DCOINUTILS_BUILD   conftest.cc  >&5
configure:3989: $? = 0
configure:3993: test -z 
			 || test ! -s conftest.err
configure:3996: $? = 0
configure:3999: test -s conftest
configure:4002: $? = 0
configure:4069: C++ compiler options are: -O3 -pipe -DNDEBUG -Wparentheses -Wreturn-type -Wcast-qual -Wall -Wpointer-arith -Wwrite-strings -Wconversion -Wno-unknown-pragmas -Wno-long-long   -DCOINUTILS_BUILD
configure:4140: Trying to determine Fortran compiler name
configure:4189: checking for xlf_r
configure:4218: result: no
configure:4189: checking for fort77
configure:4218: result: no
configure:4189: checking for gfortran
configure:4218: result: no
configure:4189: checking for ifort
configure:4218: result: no
configure:4189: checking for g95
configure:4218: result: no
configure:4189: checking for f77
configure:4218: result: no
configure:4189: checking for g77
configure:4218: result: no
configure:4189: checking for pgf90
configure:4218: result: no
configure:4189: checking for pgf77
configure:4218: result: no
configure:4189: checking for ifc
configure:4218: result: no
configure:4189: checking for frt
configure:4218: result: no
configure:4189: checking for af77
configure:4218: result: no
configure:4467: WARNING: Failed to find a Fortran compiler!
configure:4755: Fortran compiler options are:  
configure:5770: checking for egrep
configure:5780: result: grep -E
configure:5785: checking whether ln -s works
configure:5789: result: yes
configure:5810: checking for a BSD-compatible install
configure:5865: result: /usr/bin/install -c
configure:5876: checking whether build environment is sane
configure:5919: result: yes
configure:5984: checking for gawk
configure:6013: result: no
configure:5984: checking for mawk
configure:6013: result: no
configure:5984: checking for nawk
configure:6013: result: no
configure:5984: checking for awk
configure:6000: found /usr/bin/awk
configure:6010: result: awk
configure:6020: checking whether make sets $(MAKE)
configure:6040: result: yes
configure:6070: checking for style of include used by make
configure:6098: result: GNU
configure:6279: checking dependency style of clang
configure:6369: result: none
configure:6388: checking dependency style of clang++
configure:6478: result: none
configure:6496: checking whether to enable maintainer-specific portions of Makefiles
configure:6505: result: no
configure:6953: checking host system type
configure:6967: result: x86_64-apple-darwin21.6.0
configure:6975: checking for a sed that does not truncate output
configure:7029: result: /usr/bin/sed
configure:7043: checking for ld used by clang
configure:7110: result: /Library/Developer/CommandLineTools/usr/bin/ld
configure:7119: checking if the linker (/Library/Developer/CommandLineTools/usr/bin/ld) is GNU ld
configure:7134: result: no
configure:7139: checking for /Library/Developer/CommandLineTools/usr/bin/ld option to reload object files
configure:7146: result: -r
configure:7164: checking for BSD-compatible nm
configure:7213: result: /usr/bin/nm -B
configure:7217: checking how to recognise dependent libraries
configure:7393: result: pass_all
configure:7637: checking how to run the C preprocessor
configure:7672: clang -E  conftest.c
configure:7678: $? = 0
configure:7710: clang -E  conftest.c
conftest.c:20:10: fatal error: 'ac_nonexistent.h' file not found
#include <ac_nonexistent.h>
         ^~~~~~~~~~~~~~~~~~
1 error generated.
configure:7716: $? = 1
configure: failed program was:
| /* confdefs.h.  */
| 
| #define PACKAGE_NAME "CoinUtils"
| #define PACKAGE_TARNAME "coinutils"
| #define PACKAGE_VERSION "2.11.12"
| #define PACKAGE_STRING "CoinUtils 2.11.12"
| #define PACKAGE_BUGREPORT "http://projects.coin-or.org/CoinUtils"
| #define COINUTILS_VERSION "2.11.12"
| #define COINUTILS_VERSION_MAJOR 2
| #define COINUTILS_VERSION_MINOR 11
| #define COINUTILS_VERSION_RELEASE 12
| #define COIN_COINUTILS_VERBOSITY 0
| #define COIN_COINUTILS_CHECKLEVEL 0
| #ifdef __cplusplus
| extern "C" void exit (int);
| #endif
| #define PACKAGE "coinutils"
| #define VERSION "2.11.12"
| /* end confdefs.h.  */
| #include <ac_nonexistent.h>
configure:7755: result: clang -E
configure:7779: clang -E  conftest.c
configure:7785: $? = 0
configure:7817: clang -E  conftest.c
conftest.c:20:10: fatal error: 'ac_nonexistent.h' file not found
#include <ac_nonexistent.h>
         ^~~~~~~~~~~~~~~~~~
1 error generated.
configure:7823: $? = 1
configure: failed program was:
| /* confdefs.h.  */
| 
| #define PACKAGE_NAME "CoinUtils"
| #define PACKAGE_TARNAME "coinutils"
| #define PACKAGE_VERSION "2.11.12"
| #define PACKAGE_STRING "CoinUtils 2.11.12"
| #define PACKAGE_BUGREPORT "http://projects.coin-or.org/CoinUtils"
| #define COINUTILS_VERSION "2.11.12"
| #define COINUTILS_VERSION_MAJOR 2
| #define COINUTILS_VERSION_MINOR 11
| #define COINUTILS_VERSION_RELEASE 12
| #define COIN_COINUTILS_VERBOSITY 0
| #define COIN_COINUTILS_CHECKLEVEL 0
| #ifdef __cplusplus
| extern "C" void exit (int);
| #endif
| #define PACKAGE "coinutils"
| #define VERSION "2.11.12"
| /* end confdefs.h.  */
| #include <ac_nonexistent.h>
configure:7867: checking for ANSI C header files
configure:7900: clang -c -O3 -pipe -DNDEBUG -Wimplicit -Wparentheses -Wsequence-point -Wreturn-type -Wcast-qual -Wall -Wno-unknown-pragmas -Wno-long-long   -DCOINUTILS_BUILD  conftest.c >&5
configure:7906: $? = 0
configure:7910: test -z 
			 || test ! -s conftest.err
configure:7913: $? = 0
configure:7916: test -s conftest.o
configure:7919: $? = 0
configure:8008: clang -o conftest -O3 -pipe -DNDEBUG -Wimplicit -Wparentheses -Wsequence-point -Wreturn-type -Wcast-qual -Wall -Wno-unknown-pragmas -Wno-long-long   -DCOINUTILS_BUILD   conftest.c  >&5
conftest.c:37:7: error: implicitly declaring library function 'exit' with type 'void (int) __attribute__((noreturn))' [-Werror,-Wimplicit-function-declaration]
      exit(2);
      ^
conftest.c:37:7: note: include the header <stdlib.h> or explicitly provide a declaration for 'exit'
1 error generated.
configure:8011: $? = 1
configure: program exited with status 1
configure: failed program was:
| /* confdefs.h.  */
| 
| #define PACKAGE_NAME "CoinUtils"
| #define PACKAGE_TARNAME "coinutils"
| #define PACKAGE_VERSION "2.11.12"
| #define PACKAGE_STRING "CoinUtils 2.11.12"
| #define PACKAGE_BUGREPORT "http://projects.coin-or.org/CoinUtils"
| #define COINUTILS_VERSION "2.11.12"
| #define COINUTILS_VERSION_MAJOR 2
| #define COINUTILS_VERSION_MINOR 11
| #define COINUTILS_VERSION_RELEASE 12
| #define COIN_COINUTILS_VERBOSITY 0
| #define COIN_COINUTILS_CHECKLEVEL 0
| #ifdef __cplusplus
| extern "C" void exit (int);
| #endif
| #define PACKAGE "coinutils"
| #define VERSION "2.11.12"
| /* end confdefs.h.  */
| #include <ctype.h>
| #if ((' ' & 0x0FF) == 0x020)
| # define ISLOWER(c) ('a' <= (c) && (c) <= 'z')
| # define TOUPPER(c) (ISLOWER(c) ? 'A' + ((c) - 'a') : (c))
| #else
| # define ISLOWER(c) 		   (('a' <= (c) && (c) <= 'i') 		     || ('j' <= (c) && (c) <= 'r') 		     || ('s' <= (c) && (c) <= 'z'))
| # define TOUPPER(c) (ISLOWER(c) ? ((c) | 0x40) : (c))
| #endif
| 
| #define XOR(e, f) (((e) && !(f)) || (!(e) && (f)))
| int
| main ()
| {
|   int i;
|   for (i = 0; i < 256; i++)
|     if (XOR (islower (i), ISLOWER (i))
| 	|| toupper (i) != TOUPPER (i))
|       exit(2);
|   exit (0);
| }
configure:8031: result: no
configure:8055: checking for sys/types.h
configure:8071: clang -c -O3 -pipe -DNDEBUG -Wimplicit -Wparentheses -Wsequence-point -Wreturn-type -Wcast-qual -Wall -Wno-unknown-pragmas -Wno-long-long   -DCOINUTILS_BUILD  conftest.c >&5
configure:8077: $? = 0
configure:8081: test -z 
			 || test ! -s conftest.err
configure:8084: $? = 0
configure:8087: test -s conftest.o
configure:8090: $? = 0
configure:8101: result: yes
configure:8055: checking for sys/stat.h
configure:8071: clang -c -O3 -pipe -DNDEBUG -Wimplicit -Wparentheses -Wsequence-point -Wreturn-type -Wcast-qual -Wall -Wno-unknown-pragmas -Wno-long-long   -DCOINUTILS_BUILD  conftest.c >&5
configure:8077: $? = 0
configure:8081: test -z 
			 || test ! -s conftest.err
configure:8084: $? = 0
configure:8087: test -s conftest.o
configure:8090: $? = 0
configure:8101: result: yes
configure:8055: checking for stdlib.h
configure:8071: clang -c -O3 -pipe -DNDEBUG -Wimplicit -Wparentheses -Wsequence-point -Wreturn-type -Wcast-qual -Wall -Wno-unknown-pragmas -Wno-long-long   -DCOINUTILS_BUILD  conftest.c >&5
configure:8077: $? = 0
configure:8081: test -z 
			 || test ! -s conftest.err
configure:8084: $? = 0
configure:8087: test -s conftest.o
configure:8090: $? = 0
configure:8101: result: yes
configure:8055: checking for string.h
configure:8071: clang -c -O3 -pipe -DNDEBUG -Wimplicit -Wparentheses -Wsequence-point -Wreturn-type -Wcast-qual -Wall -Wno-unknown-pragmas -Wno-long-long   -DCOINUTILS_BUILD  conftest.c >&5
configure:8077: $? = 0
configure:8081: test -z 
			 || test ! -s conftest.err
configure:8084: $? = 0
configure:8087: test -s conftest.o
configure:8090: $? = 0
configure:8101: result: yes
configure:8055: checking for memory.h
configure:8071: clang -c -O3 -pipe -DNDEBUG -Wimplicit -Wparentheses -Wsequence-point -Wreturn-type -Wcast-qual -Wall -Wno-unknown-pragmas -Wno-long-long   -DCOINUTILS_BUILD  conftest.c >&5
configure:8077: $? = 0
configure:8081: test -z 
			 || test ! -s conftest.err
configure:8084: $? = 0
configure:8087: test -s conftest.o
configure:8090: $? = 0
configure:8101: result: yes
configure:8055: checking for strings.h
configure:8071: clang -c -O3 -pipe -DNDEBUG -Wimplicit -Wparentheses -Wsequence-point -Wreturn-type -Wcast-qual -Wall -Wno-unknown-pragmas -Wno-long-long   -DCOINUTILS_BUILD  conftest.c >&5
configure:8077: $? = 0
configure:8081: test -z 
			 || test ! -s conftest.err
configure:8084: $? = 0
configure:8087: test -s conftest.o
configure:8090: $? = 0
configure:8101: result: yes
configure:8055: checking for inttypes.h
configure:8071: clang -c -O3 -pipe -DNDEBUG -Wimplicit -Wparentheses -Wsequence-point -Wreturn-type -Wcast-qual -Wall -Wno-unknown-pragmas -Wno-long-long   -DCOINUTILS_BUILD  conftest.c >&5
configure:8077: $? = 0
configure:8081: test -z 
			 || test ! -s conftest.err
configure:8084: $? = 0
configure:8087: test -s conftest.o
configure:8090: $? = 0
configure:8101: result: yes
configure:8055: checking for stdint.h
configure:8071: clang -c -O3 -pipe -DNDEBUG -Wimplicit -Wparentheses -Wsequence-point -Wreturn-type -Wcast-qual -Wall -Wno-unknown-pragmas -Wno-long-long   -DCOINUTILS_BUILD  conftest.c >&5
configure:8077: $? = 0
configure:8081: test -z 
			 || test ! -s conftest.err
configure:8084: $? = 0
configure:8087: test -s conftest.o
configure:8090: $? = 0
configure:8101: result: yes
configure:8055: checking for unistd.h
configure:8071: clang -c -O3 -pipe -DNDEBUG -Wimplicit -Wparentheses -Wsequence-point -Wreturn-type -Wcast-qual -Wall -Wno-unknown-pragmas -Wno-long-long   -DCOINUTILS_BUILD  conftest.c >&5
configure:8077: $? = 0
configure:8081: test -z 
			 || test ! -s conftest.err
configure:8084: $? = 0
configure:8087: test -s conftest.o
configure:8090: $? = 0
configure:8101: result: yes
configure:8127: checking dlfcn.h usability
configure:8139: clang -c -O3 -pipe -DNDEBUG -Wimplicit -Wparentheses -Wsequence-point -Wreturn-type -Wcast-qual -Wall -Wno-unknown-pragmas -Wno-long-long   -DCOINUTILS_BUILD  conftest.c >&5
configure:8145: $? = 0
configure:8149: test -z 
			 || test ! -s conftest.err
configure:8152: $? = 0
configure:8155: test -s conftest.o
configure:8158: $? = 0
configure:8168: result: yes
configure:8172: checking dlfcn.h presence
configure:8182: clang -E  conftest.c
configure:8188: $? = 0
configure:8208: result: yes
configure:8243: checking for dlfcn.h
configure:8250: result: yes
configure:8273: checking how to run the C++ preprocessor
configure:8304: clang++ -E  conftest.cc
configure:8310: $? = 0
configure:8342: clang++ -E  conftest.cc
conftest.cc:30:10: fatal error: 'ac_nonexistent.h' file not found
#include <ac_nonexistent.h>
         ^~~~~~~~~~~~~~~~~~
1 error generated.
configure:8348: $? = 1
configure: failed program was:
| /* confdefs.h.  */
| 
| #define PACKAGE_NAME "CoinUtils"
| #define PACKAGE_TARNAME "coinutils"
| #define PACKAGE_VERSION "2.11.12"
| #define PACKAGE_STRING "CoinUtils 2.11.12"
| #define PACKAGE_BUGREPORT "http://projects.coin-or.org/CoinUtils"
| #define COINUTILS_VERSION "2.11.12"
| #define COINUTILS_VERSION_MAJOR 2
| #define COINUTILS_VERSION_MINOR 11
| #define COINUTILS_VERSION_RELEASE 12
| #define COIN_COINUTILS_VERBOSITY 0
| #define COIN_COINUTILS_CHECKLEVEL 0
| #ifdef __cplusplus
| extern "C" void exit (int);
| #endif
| #define PACKAGE "coinutils"
| #define VERSION "2.11.12"
| #define HAVE_SYS_TYPES_H 1
| #define HAVE_SYS_STAT_H 1
| #define HAVE_STDLIB_H 1
| #define HAVE_STRING_H 1
| #define HAVE_MEMORY_H 1
| #define HAVE_STRINGS_H 1
| #define HAVE_INTTYPES_H 1
| #define HAVE_STDINT_H 1
| #define HAVE_UNISTD_H 1
| #define HAVE_DLFCN_H 1
| /* end confdefs.h.  */
| #include <ac_nonexistent.h>
configure:8387: result: clang++ -E
configure:8411: clang++ -E  conftest.cc
configure:8417: $? = 0
configure:8449: clang++ -E  conftest.cc
conftest.cc:30:10: fatal error: 'ac_nonexistent.h' file not found
#include <ac_nonexistent.h>
         ^~~~~~~~~~~~~~~~~~
1 error generated.
configure:8455: $? = 1
configure: failed program was:
| /* confdefs.h.  */
| 
| #define PACKAGE_NAME "CoinUtils"
| #define PACKAGE_TARNAME "coinutils"
| #define PACKAGE_VERSION "2.11.12"
| #define PACKAGE_STRING "CoinUtils 2.11.12"
| #define PACKAGE_BUGREPORT "http://projects.coin-or.org/CoinUtils"
| #define COINUTILS_VERSION "2.11.12"
| #define COINUTILS_VERSION_MAJOR 2
| #define COINUTILS_VERSION_MINOR 11
| #define COINUTILS_VERSION_RELEASE 12
| #define COIN_COINUTILS_VERBOSITY 0
| #define COIN_COINUTILS_CHECKLEVEL 0
| #ifdef __cplusplus
| extern "C" void exit (int);
| #endif
| #define PACKAGE "coinutils"
| #define VERSION "2.11.12"
| #define HAVE_SYS_TYPES_H 1
| #define HAVE_SYS_STAT_H 1
| #define HAVE_STDLIB_H 1
| #define HAVE_STRING_H 1
| #define HAVE_MEMORY_H 1
| #define HAVE_STRINGS_H 1
| #define HAVE_INTTYPES_H 1
| #define HAVE_STDINT_H 1
| #define HAVE_UNISTD_H 1
| #define HAVE_DLFCN_H 1
| /* end confdefs.h.  */
| #include <ac_nonexistent.h>
configure:8504: checking the maximum length of command line arguments
configure:8613: result: 786432
configure:8624: checking command to parse /usr/bin/nm -B output from clang object
configure:8729: clang++ -c -O3 -pipe -DNDEBUG -Wparentheses -Wreturn-type -Wcast-qual -Wall -Wpointer-arith -Wwrite-strings -Wconversion -Wno-unknown-pragmas -Wno-long-long   -DCOINUTILS_BUILD  conftest.cc >&5
configure:8732: $? = 0
configure:8736: /usr/bin/nm -B conftest.o \| sed -n -e 's/^.*[ 	]\([ABCDGIRSTW][ABCDGIRSTW]*\)[ 	][ 	]*\([_A-Za-z][_A-Za-z0-9]*\)$/\1 \2 \2/p' \> conftest.nm
configure:8739: $? = 0
cannot find nm_test_var in conftest.nm
configure:8729: clang++ -c -O3 -pipe -DNDEBUG -Wparentheses -Wreturn-type -Wcast-qual -Wall -Wpointer-arith -Wwrite-strings -Wconversion -Wno-unknown-pragmas -Wno-long-long   -DCOINUTILS_BUILD  conftest.cc >&5
configure:8732: $? = 0
configure:8736: /usr/bin/nm -B conftest.o \| sed -n -e 's/^.*[ 	]\([ABCDGIRSTW][ABCDGIRSTW]*\)[ 	][ 	]*_\([_A-Za-z][_A-Za-z0-9]*\)$/\1 _\2 \2/p' \> conftest.nm
configure:8739: $? = 0
configure:8791: clang++ -o conftest -O3 -pipe -DNDEBUG -Wparentheses -Wreturn-type -Wcast-qual -Wall -Wpointer-arith -Wwrite-strings -Wconversion -Wno-unknown-pragmas -Wno-long-long   -DCOINUTILS_BUILD   conftest.cc conftstm.o >&5
conftest.cc:19:1: warning: unused variable 'lt_preloaded_symbols' [-Wunused-const-variable]
lt_preloaded_symbols[] =
^
1 warning generated.
configure:8794: $? = 0
configure:8832: result: ok
configure:8836: checking for objdir
configure:8851: result: .libs
configure:8941: checking for ar
configure:8957: found /usr/bin/ar
configure:8968: result: ar
configure:9021: checking for ranlib
configure:9037: found /usr/bin/ranlib
configure:9048: result: ranlib
configure:9101: checking for strip
configure:9117: found /usr/bin/strip
configure:9128: result: strip
configure:9404: checking if clang supports -fno-rtti -fno-exceptions
configure:9422: clang -c -O3 -pipe -DNDEBUG -Wimplicit -Wparentheses -Wsequence-point -Wreturn-type -Wcast-qual -Wall -Wno-unknown-pragmas -Wno-long-long   -DCOINUTILS_BUILD  -fno-rtti -fno-exceptions conftest.c >&5
configure:9426: $? = 0
configure:9439: result: yes
configure:9454: checking for clang option to produce PIC
configure:9664: result: -fno-common
configure:9672: checking if clang PIC flag -fno-common works
configure:9690: clang -c -O3 -pipe -DNDEBUG -Wimplicit -Wparentheses -Wsequence-point -Wreturn-type -Wcast-qual -Wall -Wno-unknown-pragmas -Wno-long-long   -DCOINUTILS_BUILD  -fno-common -DPIC conftest.c >&5
configure:9694: $? = 0
configure:9707: result: yes
configure:9735: checking if clang static flag -static works
configure:9763: result: no
configure:9773: checking if clang supports -c -o file.o
configure:9794: clang -c -O3 -pipe -DNDEBUG -Wimplicit -Wparentheses -Wsequence-point -Wreturn-type -Wcast-qual -Wall -Wno-unknown-pragmas -Wno-long-long   -DCOINUTILS_BUILD  -o out/conftest2.o conftest.c >&5
configure:9798: $? = 0
configure:9820: result: yes
configure:9846: checking whether the clang linker (/Library/Developer/CommandLineTools/usr/bin/ld) supports shared libraries
configure:10820: result: yes
configure:10887: checking dynamic linker characteristics
configure:11475: result: darwin21.6.0 dyld
configure:11484: checking how to hardcode library paths into programs
configure:11509: result: immediate
configure:11523: checking whether stripping libraries is possible
configure:11536: result: yes
configure:12418: checking if libtool supports shared libraries
configure:12420: result: yes
configure:12423: checking whether to build shared libraries
configure:12444: result: yes
configure:12447: checking whether to build static libraries
configure:12451: result: no
configure:12543: creating libtool
configure:13131: checking for ld used by clang++
configure:13198: result: /Library/Developer/CommandLineTools/usr/bin/ld
configure:13207: checking if the linker (/Library/Developer/CommandLineTools/usr/bin/ld) is GNU ld
configure:13222: result: no
configure:13273: checking whether the clang++ linker (/Library/Developer/CommandLineTools/usr/bin/ld) supports shared libraries
configure:14227: result: yes
configure:14249: clang++ -c -O3 -pipe -DNDEBUG -Wparentheses -Wreturn-type -Wcast-qual -Wall -Wpointer-arith -Wwrite-strings -Wconversion -Wno-unknown-pragmas -Wno-long-long   -DCOINUTILS_BUILD  conftest.cpp >&5
configure:14252: $? = 0
configure:14371: checking for clang++ option to produce PIC
configure:14645: result: -fno-common
configure:14653: checking if clang++ PIC flag -fno-common works
configure:14671: clang++ -c -O3 -pipe -DNDEBUG -Wparentheses -Wreturn-type -Wcast-qual -Wall -Wpointer-arith -Wwrite-strings -Wconversion -Wno-unknown-pragmas -Wno-long-long   -DCOINUTILS_BUILD  -fno-common -DPIC conftest.cpp >&5
configure:14675: $? = 0
configure:14688: result: yes
configure:14716: checking if clang++ static flag -static works
configure:14744: result: no
configure:14754: checking if clang++ supports -c -o file.o
configure:14775: clang++ -c -O3 -pipe -DNDEBUG -Wparentheses -Wreturn-type -Wcast-qual -Wall -Wpointer-arith -Wwrite-strings -Wconversion -Wno-unknown-pragmas -Wno-long-long   -DCOINUTILS_BUILD  -o out/conftest2.o conftest.cpp >&5
configure:14779: $? = 0
configure:14801: result: yes
configure:14827: checking whether the clang++ linker (/Library/Developer/CommandLineTools/usr/bin/ld) supports shared libraries
configure:14852: result: yes
configure:14919: checking dynamic linker characteristics
configure:15507: result: darwin21.6.0 dyld
configure:15516: checking how to hardcode library paths into programs
configure:15541: result: immediate
configure:16067: checking if libtool supports shared libraries
configure:16069: result: yes
configure:16072: checking whether to build shared libraries
configure:16092: result: yes
configure:16095: checking whether to build static libraries
configure:16099: result: no
configure:16109: checking for unavailable option to produce PIC
configure:16319: result: -fno-common
configure:16327: checking if unavailable PIC flag -fno-common works
configure:16345: unavailable -c   -fno-common conftest.f >&5
/Users/hiruse/Desktop/menu-app/CoinUtils/CoinUtils/configure: line 16346: unavailable: command not found
configure:16349: $? = 127
configure:16362: result: no
configure:16390: checking if unavailable static flag -static works
configure:16418: result: no
configure:16428: checking if unavailable supports -c -o file.o
configure:16449: unavailable -c   -o out/conftest2.o conftest.f >&5
/Users/hiruse/Desktop/menu-app/CoinUtils/CoinUtils/configure: line 16450: unavailable: command not found
configure:16453: $? = 127
configure:16475: result: no
configure:16501: checking whether the unavailable linker (/Library/Developer/CommandLineTools/usr/bin/ld) supports shared libraries
configure:17439: result: yes
configure:17506: checking dynamic linker characteristics
configure:18094: result: darwin21.6.0 dyld
configure:18103: checking how to hardcode library paths into programs
configure:18128: result: immediate
configure:21730: Build is "x86_64-apple-darwin21.6.0".
configure:21734: checking for dos2unix
configure:21763: result: no
configure:22023: checking if library version is set
configure:22027: result: 14:12:11
configure:22079: checking cmath usability
configure:22091: clang++ -c -O3 -pipe -DNDEBUG -Wparentheses -Wreturn-type -Wcast-qual -Wall -Wpointer-arith -Wwrite-strings -Wconversion -Wno-unknown-pragmas -Wno-long-long   -DCOINUTILS_BUILD  conftest.cc >&5
configure:22097: $? = 0
configure:22101: test -z 
			 || test ! -s conftest.err
configure:22104: $? = 0
configure:22107: test -s conftest.o
configure:22110: $? = 0
configure:22120: result: yes
configure:22124: checking cmath presence
configure:22134: clang++ -E  conftest.cc
configure:22140: $? = 0
configure:22160: result: yes
configure:22195: checking for cmath
configure:22202: result: yes
configure:22408: checking cfloat usability
configure:22420: clang++ -c -O3 -pipe -DNDEBUG -Wparentheses -Wreturn-type -Wcast-qual -Wall -Wpointer-arith -Wwrite-strings -Wconversion -Wno-unknown-pragmas -Wno-long-long   -DCOINUTILS_BUILD  conftest.cc >&5
configure:22426: $? = 0
configure:22430: test -z 
			 || test ! -s conftest.err
configure:22433: $? = 0
configure:22436: test -s conftest.o
configure:22439: $? = 0
configure:22449: result: yes
configure:22453: checking cfloat presence
configure:22463: clang++ -E  conftest.cc
configure:22469: $? = 0
configure:22489: result: yes
configure:22524: checking for cfloat
configure:22531: result: yes
configure:22737: checking cieeefp usability
configure:22749: clang++ -c -O3 -pipe -DNDEBUG -Wparentheses -Wreturn-type -Wcast-qual -Wall -Wpointer-arith -Wwrite-strings -Wconversion -Wno-unknown-pragmas -Wno-long-long   -DCOINUTILS_BUILD  conftest.cc >&5
conftest.cc:66:10: fatal error: 'cieeefp' file not found
#include <cieeefp>
         ^~~~~~~~~
1 error generated.
configure:22755: $? = 1
configure: failed program was:
| /* confdefs.h.  */
| 
| #define PACKAGE_NAME "CoinUtils"
| #define PACKAGE_TARNAME "coinutils"
| #define PACKAGE_VERSION "2.11.12"
| #define PACKAGE_STRING "CoinUtils 2.11.12"
| #define PACKAGE_BUGREPORT "http://projects.coin-or.org/CoinUtils"
| #define COINUTILS_VERSION "2.11.12"
| #define COINUTILS_VERSION_MAJOR 2
| #define COINUTILS_VERSION_MINOR 11
| #define COINUTILS_VERSION_RELEASE 12
| #define COIN_COINUTILS_VERBOSITY 0
| #define COIN_COINUTILS_CHECKLEVEL 0
| #ifdef __cplusplus
| extern "C" void exit (int);
| #endif
| #define PACKAGE "coinutils"
| #define VERSION "2.11.12"
| #define HAVE_SYS_TYPES_H 1
| #define HAVE_SYS_STAT_H 1
| #define HAVE_STDLIB_H 1
| #define HAVE_STRING_H 1
| #define HAVE_MEMORY_H 1
| #define HAVE_STRINGS_H 1
| #define HAVE_INTTYPES_H 1
| #define HAVE_STDINT_H 1
| #define HAVE_UNISTD_H 1
| #define HAVE_DLFCN_H 1
| #define HAVE_CMATH 1
| #define HAVE_CFLOAT 1
| /* end confdefs.h.  */
| #include <stdio.h>
| #if HAVE_SYS_TYPES_H
| # include <sys/types.h>
| #endif
| #if HAVE_SYS_STAT_H
| # include <sys/stat.h>
| #endif
| #if STDC_HEADERS
| # include <stdlib.h>
| # include <stddef.h>
| #else
| # if HAVE_STDLIB_H
| #  include <stdlib.h>
| # endif
| #endif
| #if HAVE_STRING_H
| # if !STDC_HEADERS && HAVE_MEMORY_H
| #  include <memory.h>
| # endif
| # include <string.h>
| #endif
| #if HAVE_STRINGS_H
| # include <strings.h>
| #endif
| #if HAVE_INTTYPES_H
| # include <inttypes.h>
| #else
| # if HAVE_STDINT_H
| #  include <stdint.h>
| # endif
| #endif
| #if HAVE_UNISTD_H
| # include <unistd.h>
| #endif
| #include <cieeefp>
configure:22778: result: no
configure:22782: checking cieeefp presence
configure:22792: clang++ -E  conftest.cc
conftest.cc:32:10: fatal error: 'cieeefp' file not found
#include <cieeefp>
         ^~~~~~~~~
1 error generated.
configure:22798: $? = 1
configure: failed program was:
| /* confdefs.h.  */
| 
| #define PACKAGE_NAME "CoinUtils"
| #define PACKAGE_TARNAME "coinutils"
| #define PACKAGE_VERSION "2.11.12"
| #define PACKAGE_STRING "CoinUtils 2.11.12"
| #define PACKAGE_BUGREPORT "http://projects.coin-or.org/CoinUtils"
| #define COINUTILS_VERSION "2.11.12"
| #define COINUTILS_VERSION_MAJOR 2
| #define COINUTILS_VERSION_MINOR 11
| #define COINUTILS_VERSION_RELEASE 12
| #define COIN_COINUTILS_VERBOSITY 0
| #define COIN_COINUTILS_CHECKLEVEL 0
| #ifdef __cplusplus
| extern "C" void exit (int);
| #endif
| #define PACKAGE "coinutils"
| #define VERSION "2.11.12"
| #define HAVE_SYS_TYPES_H 1
| #define HAVE_SYS_STAT_H 1
| #define HAVE_STDLIB_H 1
| #define HAVE_STRING_H 1
| #define HAVE_MEMORY_H 1
| #define HAVE_STRINGS_H 1
| #define HAVE_INTTYPES_H 1
| #define HAVE_STDINT_H 1
| #define HAVE_UNISTD_H 1
| #define HAVE_DLFCN_H 1
| #define HAVE_CMATH 1
| #define HAVE_CFLOAT 1
| /* end confdefs.h.  */
| #include <cieeefp>
configure:22818: result: no
configure:22853: checking for cieeefp
configure:22860: result: no
configure:22895: checking ieeefp.h usability
configure:22907: clang++ -c -O3 -pipe -DNDEBUG -Wparentheses -Wreturn-type -Wcast-qual -Wall -Wpointer-arith -Wwrite-strings -Wconversion -Wno-unknown-pragmas -Wno-long-long   -DCOINUTILS_BUILD  conftest.cc >&5
conftest.cc:66:10: fatal error: 'ieeefp.h' file not found
#include <ieeefp.h>
         ^~~~~~~~~~
1 error generated.
configure:22913: $? = 1
configure: failed program was:
| /* confdefs.h.  */
| 
| #define PACKAGE_NAME "CoinUtils"
| #define PACKAGE_TARNAME "coinutils"
| #define PACKAGE_VERSION "2.11.12"
| #define PACKAGE_STRING "CoinUtils 2.11.12"
| #define PACKAGE_BUGREPORT "http://projects.coin-or.org/CoinUtils"
| #define COINUTILS_VERSION "2.11.12"
| #define COINUTILS_VERSION_MAJOR 2
| #define COINUTILS_VERSION_MINOR 11
| #define COINUTILS_VERSION_RELEASE 12
| #define COIN_COINUTILS_VERBOSITY 0
| #define COIN_COINUTILS_CHECKLEVEL 0
| #ifdef __cplusplus
| extern "C" void exit (int);
| #endif
| #define PACKAGE "coinutils"
| #define VERSION "2.11.12"
| #define HAVE_SYS_TYPES_H 1
| #define HAVE_SYS_STAT_H 1
| #define HAVE_STDLIB_H 1
| #define HAVE_STRING_H 1
| #define HAVE_MEMORY_H 1
| #define HAVE_STRINGS_H 1
| #define HAVE_INTTYPES_H 1
| #define HAVE_STDINT_H 1
| #define HAVE_UNISTD_H 1
| #define HAVE_DLFCN_H 1
| #define HAVE_CMATH 1
| #define HAVE_CFLOAT 1
| /* end confdefs.h.  */
| #include <stdio.h>
| #if HAVE_SYS_TYPES_H
| # include <sys/types.h>
| #endif
| #if HAVE_SYS_STAT_H
| # include <sys/stat.h>
| #endif
| #if STDC_HEADERS
| # include <stdlib.h>
| # include <stddef.h>
| #else
| # if HAVE_STDLIB_H
| #  include <stdlib.h>
| # endif
| #endif
| #if HAVE_STRING_H
| # if !STDC_HEADERS && HAVE_MEMORY_H
| #  include <memory.h>
| # endif
| # include <string.h>
| #endif
| #if HAVE_STRINGS_H
| # include <strings.h>
| #endif
| #if HAVE_INTTYPES_H
| # include <inttypes.h>
| #else
| # if HAVE_STDINT_H
| #  include <stdint.h>
| # endif
| #endif
| #if HAVE_UNISTD_H
| # include <unistd.h>
| #endif
| #include <ieeefp.h>
configure:22936: result: no
configure:22940: checking ieeefp.h presence
configure:22950: clang++ -E  conftest.cc
conftest.cc:32:10: fatal error: 'ieeefp.h' file not found
#include <ieeefp.h>
         ^~~~~~~~~~
1 error generated.
configure:22956: $? = 1
configure: failed program was:
| /* confdefs.h.  */
| 
| #define PACKAGE_NAME "CoinUtils"
| #define PACKAGE_TARNAME "coinutils"
| #define PACKAGE_VERSION "2.11.12"
| #define PACKAGE_STRING "CoinUtils 2.11.12"
| #define PACKAGE_BUGREPORT "http://projects.coin-or.org/CoinUtils"
| #define COINUTILS_VERSION "2.11.12"
| #define COINUTILS_VERSION_MAJOR 2
| #define COINUTILS_VERSION_MINOR 11
| #define COINUTILS_VERSION_RELEASE 12
| #define COIN_COINUTILS_VERBOSITY 0
| #define COIN_COINUTILS_CHECKLEVEL 0
| #ifdef __cplusplus
| extern "C" void exit (int);
| #endif
| #define PACKAGE "coinutils"
| #define VERSION "2.11.12"
| #define HAVE_SYS_TYPES_H 1
| #define HAVE_SYS_STAT_H 1
| #define HAVE_STDLIB_H 1
| #define HAVE_STRING_H 1
| #define HAVE_MEMORY_H 1
| #define HAVE_STRINGS_H 1
| #define HAVE_INTTYPES_H 1
| #define HAVE_STDINT_H 1
| #define HAVE_UNISTD_H 1
| #define HAVE_DLFCN_H 1
| #define HAVE_CMATH 1
| #define HAVE_CFLOAT 1
| /* end confdefs.h.  */
| #include <ieeefp.h>
configure:22976: result: no
configure:23011: checking for ieeefp.h
configure:23018: result: no
configure:23042: checking whether isfinite is declared
configure:23096: clang++ -c -O3 -pipe -DNDEBUG -Wparentheses -Wreturn-type -Wcast-qual -Wall -Wpointer-arith -Wwrite-strings -Wconversion -Wno-unknown-pragmas -Wno-long-long   -DCOINUTILS_BUILD  conftest.cc >&5
conftest.cc:67:22: error: address of overloaded function 'isfinite' does not match required type 'char'
  char *p = (char *) isfinite;
                     ^~~~~~~~
/Library/Developer/CommandLineTools/SDKs/MacOSX.sdk/usr/include/c++/v1/math.h:452:1: note: candidate template ignored: could not match 'typename std::enable_if<std::is_arithmetic<_A1>::value && std::numeric_limits<_A1>::has_infinity, bool>::type (_A1) throw()' against 'char'
isfinite(_A1 __lcpp_x) _NOEXCEPT
^
/Library/Developer/CommandLineTools/SDKs/MacOSX.sdk/usr/include/c++/v1/math.h:462:1: note: candidate template ignored: could not match 'typename std::enable_if<std::is_arithmetic<_A1>::value && !std::numeric_limits<_A1>::has_infinity, bool>::type (_A1) throw()' against 'char'
isfinite(_A1) _NOEXCEPT
^
1 error generated.
configure:23102: $? = 1
configure: failed program was:
| /* confdefs.h.  */
| 
| #define PACKAGE_NAME "CoinUtils"
| #define PACKAGE_TARNAME "coinutils"
| #define PACKAGE_VERSION "2.11.12"
| #define PACKAGE_STRING "CoinUtils 2.11.12"
| #define PACKAGE_BUGREPORT "http://projects.coin-or.org/CoinUtils"
| #define COINUTILS_VERSION "2.11.12"
| #define COINUTILS_VERSION_MAJOR 2
| #define COINUTILS_VERSION_MINOR 11
| #define COINUTILS_VERSION_RELEASE 12
| #define COIN_COINUTILS_VERBOSITY 0
| #define COIN_COINUTILS_CHECKLEVEL 0
| #ifdef __cplusplus
| extern "C" void exit (int);
| #endif
| #define PACKAGE "coinutils"
| #define VERSION "2.11.12"
| #define HAVE_SYS_TYPES_H 1
| #define HAVE_SYS_STAT_H 1
| #define HAVE_STDLIB_H 1
| #define HAVE_STRING_H 1
| #define HAVE_MEMORY_H 1
| #define HAVE_STRINGS_H 1
| #define HAVE_INTTYPES_H 1
| #define HAVE_STDINT_H 1
| #define HAVE_UNISTD_H 1
| #define HAVE_DLFCN_H 1
| #define HAVE_CMATH 1
| #define HAVE_CFLOAT 1
| /* end confdefs.h.  */
| 
| #ifdef HAVE_CMATH
| # include <cmath>
| #else
| # ifdef HAVE_MATH_H
| #  include <math.h>
| # endif
| #endif
| #ifdef HAVE_CFLOAT
| # include <cfloat>
| #else
| # ifdef HAVE_FLOAT_H
| #  include <float.h>
| # endif
| #endif
| #ifdef HAVE_CIEEEFP
| # include <cieeefp>
| #else
| # ifdef HAVE_IEEEFP_H
| #  include <ieeefp.h>
| # endif
| #endif
| 
| #ifdef F77_DUMMY_MAIN
| 
| #  ifdef __cplusplus
|      extern "C"
| #  endif
|    int F77_DUMMY_MAIN() { return 1; }
| 
| #endif
| int
| main ()
| {
| #ifndef isfinite
|   char *p = (char *) isfinite;
| #endif
| 
|   ;
|   return 0;
| }
configure:23126: result: no
configure:23133: checking whether finite is declared
configure:23187: clang++ -c -O3 -pipe -DNDEBUG -Wparentheses -Wreturn-type -Wcast-qual -Wall -Wpointer-arith -Wwrite-strings -Wconversion -Wno-unknown-pragmas -Wno-long-long   -DCOINUTILS_BUILD  conftest.cc >&5
conftest.cc:67:22: warning: 'finite' is deprecated: first deprecated in macOS 10.9 - Use `isfinite((double)x)` instead. [-Wdeprecated-declarations]
  char *p = (char *) finite;
                     ^
/Library/Developer/CommandLineTools/SDKs/MacOSX.sdk/usr/include/math.h:752:12: note: 'finite' has been explicitly marked deprecated here
extern int finite(double)
           ^
conftest.cc:67:9: warning: unused variable 'p' [-Wunused-variable]
  char *p = (char *) finite;
        ^
2 warnings generated.
configure:23193: $? = 0
configure:23197: test -z 
			 || test ! -s conftest.err
configure:23200: $? = 0
configure:23203: test -s conftest.o
configure:23206: $? = 0
configure:23217: result: yes
configure:23360: checking for cmath
configure:23365: result: yes
configure:23689: checking for cfloat
configure:23694: result: yes
configure:24018: checking for cieeefp
configure:24023: result: no
configure:24176: checking for ieeefp.h
configure:24181: result: no
configure:24332: checking whether isnan is declared
configure:24386: clang++ -c -O3 -pipe -DNDEBUG -Wparentheses -Wreturn-type -Wcast-qual -Wall -Wpointer-arith -Wwrite-strings -Wconversion -Wno-unknown-pragmas -Wno-long-long   -DCOINUTILS_BUILD  conftest.cc >&5
conftest.cc:70:22: error: address of overloaded function 'isnan' does not match required type 'char'
  char *p = (char *) isnan;
                     ^~~~~
/Library/Developer/CommandLineTools/SDKs/MacOSX.sdk/usr/include/c++/v1/math.h:562:1: note: candidate function
isnan(long double __lcpp_x) _NOEXCEPT { return __libcpp_isnan(__lcpp_x); }
^
/Library/Developer/CommandLineTools/SDKs/MacOSX.sdk/usr/include/c++/v1/math.h:558:1: note: candidate function
isnan(double __lcpp_x) _NOEXCEPT { return __libcpp_isnan(__lcpp_x); }
^
/Library/Developer/CommandLineTools/SDKs/MacOSX.sdk/usr/include/c++/v1/math.h:554:1: note: candidate function
isnan(float __lcpp_x) _NOEXCEPT { return __libcpp_isnan(__lcpp_x); }
^
/Library/Developer/CommandLineTools/SDKs/MacOSX.sdk/usr/include/c++/v1/math.h:540:1: note: candidate template ignored: could not match 'typename std::enable_if<std::is_floating_point<_A1>::value, bool>::type (_A1) throw()' against 'char'
isnan(_A1 __lcpp_x) _NOEXCEPT
^
/Library/Developer/CommandLineTools/SDKs/MacOSX.sdk/usr/include/c++/v1/math.h:548:1: note: candidate template ignored: could not match 'typename std::enable_if<std::is_integral<_A1>::value, bool>::type (_A1) throw()' against 'char'
isnan(_A1) _NOEXCEPT
^
1 error generated.
configure:24392: $? = 1
configure: failed program was:
| /* confdefs.h.  */
| 
| #define PACKAGE_NAME "CoinUtils"
| #define PACKAGE_TARNAME "coinutils"
| #define PACKAGE_VERSION "2.11.12"
| #define PACKAGE_STRING "CoinUtils 2.11.12"
| #define PACKAGE_BUGREPORT "http://projects.coin-or.org/CoinUtils"
| #define COINUTILS_VERSION "2.11.12"
| #define COINUTILS_VERSION_MAJOR 2
| #define COINUTILS_VERSION_MINOR 11
| #define COINUTILS_VERSION_RELEASE 12
| #define COIN_COINUTILS_VERBOSITY 0
| #define COIN_COINUTILS_CHECKLEVEL 0
| #ifdef __cplusplus
| extern "C" void exit (int);
| #endif
| #define PACKAGE "coinutils"
| #define VERSION "2.11.12"
| #define HAVE_SYS_TYPES_H 1
| #define HAVE_SYS_STAT_H 1
| #define HAVE_STDLIB_H 1
| #define HAVE_STRING_H 1
| #define HAVE_MEMORY_H 1
| #define HAVE_STRINGS_H 1
| #define HAVE_INTTYPES_H 1
| #define HAVE_STDINT_H 1
| #define HAVE_UNISTD_H 1
| #define HAVE_DLFCN_H 1
| #define HAVE_CMATH 1
| #define HAVE_CFLOAT 1
| #define COIN_C_FINITE finite
| #define HAVE_CMATH 1
| #define HAVE_CFLOAT 1
| /* end confdefs.h.  */
| 
| #ifdef HAVE_CMATH
| # include <cmath>
| #else
| # ifdef HAVE_MATH_H
| #  include <math.h>
| # endif
| #endif
| #ifdef HAVE_CFLOAT
| # include <cfloat>
| #else
| # ifdef HAVE_FLOAT_H
| #  include <float.h>
| # endif
| #endif
| #ifdef HAVE_CIEEEFP
| # include <cieeefp>
| #else
| # ifdef HAVE_IEEEFP_H
| #  include <ieeefp.h>
| # endif
| #endif
| 
| #ifdef F77_DUMMY_MAIN
| 
| #  ifdef __cplusplus
|      extern "C"
| #  endif
|    int F77_DUMMY_MAIN() { return 1; }
| 
| #endif
| int
| main ()
| {
| #ifndef isnan
|   char *p = (char *) isnan;
| #endif
| 
|   ;
|   return 0;
| }
configure:24416: result: no
configure:24428: checking whether std::isnan(42.42) is declared
configure:24482: clang++ -c -O3 -pipe -DNDEBUG -Wparentheses -Wreturn-type -Wcast-qual -Wall -Wpointer-arith -Wwrite-strings -Wconversion -Wno-unknown-pragmas -Wno-long-long   -DCOINUTILS_BUILD  conftest.cc >&5
conftest.cc:69:12: warning: extra tokens at end of #ifndef directive [-Wextra-tokens]
#ifndef std::isnan(42.42)
           ^
           //
conftest.cc:70:9: warning: unused variable 'p' [-Wunused-variable]
  char *p = (char *) std::isnan(42.42);
        ^
2 warnings generated.
configure:24488: $? = 0
configure:24492: test -z 
			 || test ! -s conftest.err
configure:24495: $? = 0
configure:24498: test -s conftest.o
configure:24501: $? = 0
configure:24512: result: yes
configure:24992: checking cinttypes usability
configure:25004: clang++ -c -O3 -pipe -DNDEBUG -Wparentheses -Wreturn-type -Wcast-qual -Wall -Wpointer-arith -Wwrite-strings -Wconversion -Wno-unknown-pragmas -Wno-long-long   -DCOINUTILS_BUILD  conftest.cc >&5
configure:25010: $? = 0
configure:25014: test -z 
			 || test ! -s conftest.err
configure:25017: $? = 0
configure:25020: test -s conftest.o
configure:25023: $? = 0
configure:25033: result: yes
configure:25037: checking cinttypes presence
configure:25047: clang++ -E  conftest.cc
configure:25053: $? = 0
configure:25073: result: yes
configure:25108: checking for cinttypes
configure:25115: result: yes
configure:25321: checking cstdint usability
configure:25333: clang++ -c -O3 -pipe -DNDEBUG -Wparentheses -Wreturn-type -Wcast-qual -Wall -Wpointer-arith -Wwrite-strings -Wconversion -Wno-unknown-pragmas -Wno-long-long   -DCOINUTILS_BUILD  conftest.cc >&5
configure:25339: $? = 0
configure:25343: test -z 
			 || test ! -s conftest.err
configure:25346: $? = 0
configure:25349: test -s conftest.o
configure:25352: $? = 0
configure:25362: result: yes
configure:25366: checking cstdint presence
configure:25376: clang++ -E  conftest.cc
configure:25382: $? = 0
configure:25402: result: yes
configure:25437: checking for cstdint
configure:25444: result: yes
configure:25633: checking for int64_t
configure:25674: clang++ -c -O3 -pipe -DNDEBUG -Wparentheses -Wreturn-type -Wcast-qual -Wall -Wpointer-arith -Wwrite-strings -Wconversion -Wno-unknown-pragmas -Wno-long-long   -DCOINUTILS_BUILD  conftest.cc >&5
configure:25680: $? = 0
configure:25684: test -z 
			 || test ! -s conftest.err
configure:25687: $? = 0
configure:25690: test -s conftest.o
configure:25693: $? = 0
configure:25704: result: yes
configure:27184: checking for intptr_t
configure:27225: clang++ -c -O3 -pipe -DNDEBUG -Wparentheses -Wreturn-type -Wcast-qual -Wall -Wpointer-arith -Wwrite-strings -Wconversion -Wno-unknown-pragmas -Wno-long-long   -DCOINUTILS_BUILD  conftest.cc >&5
configure:27231: $? = 0
configure:27235: test -z 
			 || test ! -s conftest.err
configure:27238: $? = 0
configure:27241: test -s conftest.o
configure:27244: $? = 0
configure:27255: result: yes
configure:29219: checking windows.h usability
configure:29231: clang++ -c -O3 -pipe -DNDEBUG -Wparentheses -Wreturn-type -Wcast-qual -Wall -Wpointer-arith -Wwrite-strings -Wconversion -Wno-unknown-pragmas -Wno-long-long   -DCOINUTILS_BUILD  conftest.cc >&5
conftest.cc:78:10: fatal error: 'windows.h' file not found
#include <windows.h>
         ^~~~~~~~~~~
1 error generated.
configure:29237: $? = 1
configure: failed program was:
| /* confdefs.h.  */
| 
| #define PACKAGE_NAME "CoinUtils"
| #define PACKAGE_TARNAME "coinutils"
| #define PACKAGE_VERSION "2.11.12"
| #define PACKAGE_STRING "CoinUtils 2.11.12"
| #define PACKAGE_BUGREPORT "http://projects.coin-or.org/CoinUtils"
| #define COINUTILS_VERSION "2.11.12"
| #define COINUTILS_VERSION_MAJOR 2
| #define COINUTILS_VERSION_MINOR 11
| #define COINUTILS_VERSION_RELEASE 12
| #define COIN_COINUTILS_VERBOSITY 0
| #define COIN_COINUTILS_CHECKLEVEL 0
| #ifdef __cplusplus
| extern "C" void exit (int);
| #endif
| #define PACKAGE "coinutils"
| #define VERSION "2.11.12"
| #define HAVE_SYS_TYPES_H 1
| #define HAVE_SYS_STAT_H 1
| #define HAVE_STDLIB_H 1
| #define HAVE_STRING_H 1
| #define HAVE_MEMORY_H 1
| #define HAVE_STRINGS_H 1
| #define HAVE_INTTYPES_H 1
| #define HAVE_STDINT_H 1
| #define HAVE_UNISTD_H 1
| #define HAVE_DLFCN_H 1
| #define HAVE_CMATH 1
| #define HAVE_CFLOAT 1
| #define COIN_C_FINITE finite
| #define HAVE_CMATH 1
| #define HAVE_CFLOAT 1
| #define COIN_C_ISNAN std::isnan
| #define COINUTILS_MEMPOOL_MAXPOOLED -1
| #define HAVE_CINTTYPES 1
| #define HAVE_CSTDINT 1
| #define COIN_INT64_T int64_t
| #define COIN_UINT64_T int64_t
| #define COIN_INTPTR_T intptr_t
| #define COINUTILS_HAS_STDINT_H 1
| #define COINUTILS_HAS_CSTDINT 1
| /* end confdefs.h.  */
| #include <stdio.h>
| #if HAVE_SYS_TYPES_H
| # include <sys/types.h>
| #endif
| #if HAVE_SYS_STAT_H
| # include <sys/stat.h>
| #endif
| #if STDC_HEADERS
| # include <stdlib.h>
| # include <stddef.h>
| #else
| # if HAVE_STDLIB_H
| #  include <stdlib.h>
| # endif
| #endif
| #if HAVE_STRING_H
| # if !STDC_HEADERS && HAVE_MEMORY_H
| #  include <memory.h>
| # endif
| # include <string.h>
| #endif
| #if HAVE_STRINGS_H
| # include <strings.h>
| #endif
| #if HAVE_INTTYPES_H
| # include <inttypes.h>
| #else
| # if HAVE_STDINT_H
| #  include <stdint.h>
| # endif
| #endif
| #if HAVE_UNISTD_H
| # include <unistd.h>
| #endif
| #include <windows.h>
configure:29260: result: no
configure:29264: checking windows.h presence
configure:29274: clang++ -E  conftest.cc
conftest.cc:44:10: fatal error: 'windows.h' file not found
#include <windows.h>
         ^~~~~~~~~~~
1 error generated.
configure:29280: $? = 1
configure: failed program was:
| /* confdefs.h.  */
| 
| #define PACKAGE_NAME "CoinUtils"
| #define PACKAGE_TARNAME "coinutils"
| #define PACKAGE_VERSION "2.11.12"
| #define PACKAGE_STRING "CoinUtils 2.11.12"
| #define PACKAGE_BUGREPORT "http://projects.coin-or.org/CoinUtils"
| #define COINUTILS_VERSION "2.11.12"
| #define COINUTILS_VERSION_MAJOR 2
| #define COINUTILS_VERSION_MINOR 11
| #define COINUTILS_VERSION_RELEASE 12
| #define COIN_COINUTILS_VERBOSITY 0
| #define COIN_COINUTILS_CHECKLEVEL 0
| #ifdef __cplusplus
| extern "C" void exit (int);
| #endif
| #define PACKAGE "coinutils"
| #define VERSION "2.11.12"
| #define HAVE_SYS_TYPES_H 1
| #define HAVE_SYS_STAT_H 1
| #define HAVE_STDLIB_H 1
| #define HAVE_STRING_H 1
| #define HAVE_MEMORY_H 1
| #define HAVE_STRINGS_H 1
| #define HAVE_INTTYPES_H 1
| #define HAVE_STDINT_H 1
| #define HAVE_UNISTD_H 1
| #define HAVE_DLFCN_H 1
| #define HAVE_CMATH 1
| #define HAVE_CFLOAT 1
| #define COIN_C_FINITE finite
| #define HAVE_CMATH 1
| #define HAVE_CFLOAT 1
| #define COIN_C_ISNAN std::isnan
| #define COINUTILS_MEMPOOL_MAXPOOLED -1
| #define HAVE_CINTTYPES 1
| #define HAVE_CSTDINT 1
| #define COIN_INT64_T int64_t
| #define COIN_UINT64_T int64_t
| #define COIN_INTPTR_T intptr_t
| #define COINUTILS_HAS_STDINT_H 1
| #define COINUTILS_HAS_CSTDINT 1
| /* end confdefs.h.  */
| #include <windows.h>
configure:29300: result: no
configure:29335: checking for windows.h
configure:29342: result: no
configure:29373: checking endian.h usability
configure:29385: clang++ -c -O3 -pipe -DNDEBUG -Wparentheses -Wreturn-type -Wcast-qual -Wall -Wpointer-arith -Wwrite-strings -Wconversion -Wno-unknown-pragmas -Wno-long-long   -DCOINUTILS_BUILD  conftest.cc >&5
conftest.cc:78:10: fatal error: 'endian.h' file not found
#include <endian.h>
         ^~~~~~~~~~
1 error generated.
configure:29391: $? = 1
configure: failed program was:
| /* confdefs.h.  */
| 
| #define PACKAGE_NAME "CoinUtils"
| #define PACKAGE_TARNAME "coinutils"
| #define PACKAGE_VERSION "2.11.12"
| #define PACKAGE_STRING "CoinUtils 2.11.12"
| #define PACKAGE_BUGREPORT "http://projects.coin-or.org/CoinUtils"
| #define COINUTILS_VERSION "2.11.12"
| #define COINUTILS_VERSION_MAJOR 2
| #define COINUTILS_VERSION_MINOR 11
| #define COINUTILS_VERSION_RELEASE 12
| #define COIN_COINUTILS_VERBOSITY 0
| #define COIN_COINUTILS_CHECKLEVEL 0
| #ifdef __cplusplus
| extern "C" void exit (int);
| #endif
| #define PACKAGE "coinutils"
| #define VERSION "2.11.12"
| #define HAVE_SYS_TYPES_H 1
| #define HAVE_SYS_STAT_H 1
| #define HAVE_STDLIB_H 1
| #define HAVE_STRING_H 1
| #define HAVE_MEMORY_H 1
| #define HAVE_STRINGS_H 1
| #define HAVE_INTTYPES_H 1
| #define HAVE_STDINT_H 1
| #define HAVE_UNISTD_H 1
| #define HAVE_DLFCN_H 1
| #define HAVE_CMATH 1
| #define HAVE_CFLOAT 1
| #define COIN_C_FINITE finite
| #define HAVE_CMATH 1
| #define HAVE_CFLOAT 1
| #define COIN_C_ISNAN std::isnan
| #define COINUTILS_MEMPOOL_MAXPOOLED -1
| #define HAVE_CINTTYPES 1
| #define HAVE_CSTDINT 1
| #define COIN_INT64_T int64_t
| #define COIN_UINT64_T int64_t
| #define COIN_INTPTR_T intptr_t
| #define COINUTILS_HAS_STDINT_H 1
| #define COINUTILS_HAS_CSTDINT 1
| /* end confdefs.h.  */
| #include <stdio.h>
| #if HAVE_SYS_TYPES_H
| # include <sys/types.h>
| #endif
| #if HAVE_SYS_STAT_H
| # include <sys/stat.h>
| #endif
| #if STDC_HEADERS
| # include <stdlib.h>
| # include <stddef.h>
| #else
| # if HAVE_STDLIB_H
| #  include <stdlib.h>
| # endif
| #endif
| #if HAVE_STRING_H
| # if !STDC_HEADERS && HAVE_MEMORY_H
| #  include <memory.h>
| # endif
| # include <string.h>
| #endif
| #if HAVE_STRINGS_H
| # include <strings.h>
| #endif
| #if HAVE_INTTYPES_H
| # include <inttypes.h>
| #else
| # if HAVE_STDINT_H
| #  include <stdint.h>
| # endif
| #endif
| #if HAVE_UNISTD_H
| # include <unistd.h>
| #endif
| #include <endian.h>
configure:29414: result: no
configure:29418: checking endian.h presence
configure:29428: clang++ -E  conftest.cc
conftest.cc:44:10: fatal error: 'endian.h' file not found
#include <endian.h>
         ^~~~~~~~~~
1 error generated.
configure:29434: $? = 1
configure: failed program was:
| /* confdefs.h.  */
| 
| #define PACKAGE_NAME "CoinUtils"
| #define PACKAGE_TARNAME "coinutils"
| #define PACKAGE_VERSION "2.11.12"
| #define PACKAGE_STRING "CoinUtils 2.11.12"
| #define PACKAGE_BUGREPORT "http://projects.coin-or.org/CoinUtils"
| #define COINUTILS_VERSION "2.11.12"
| #define COINUTILS_VERSION_MAJOR 2
| #define COINUTILS_VERSION_MINOR 11
| #define COINUTILS_VERSION_RELEASE 12
| #define COIN_COINUTILS_VERBOSITY 0
| #define COIN_COINUTILS_CHECKLEVEL 0
| #ifdef __cplusplus
| extern "C" void exit (int);
| #endif
| #define PACKAGE "coinutils"
| #define VERSION "2.11.12"
| #define HAVE_SYS_TYPES_H 1
| #define HAVE_SYS_STAT_H 1
| #define HAVE_STDLIB_H 1
| #define HAVE_STRING_H 1
| #define HAVE_MEMORY_H 1
| #define HAVE_STRINGS_H 1
| #define HAVE_INTTYPES_H 1
| #define HAVE_STDINT_H 1
| #define HAVE_UNISTD_H 1
| #define HAVE_DLFCN_H 1
| #define HAVE_CMATH 1
| #define HAVE_CFLOAT 1
| #define COIN_C_FINITE finite
| #define HAVE_CMATH 1
| #define HAVE_CFLOAT 1
| #define COIN_C_ISNAN std::isnan
| #define COINUTILS_MEMPOOL_MAXPOOLED -1
| #define HAVE_CINTTYPES 1
| #define HAVE_CSTDINT 1
| #define COIN_INT64_T int64_t
| #define COIN_UINT64_T int64_t
| #define COIN_INTPTR_T intptr_t
| #define COINUTILS_HAS_STDINT_H 1
| #define COINUTILS_HAS_CSTDINT 1
| /* end confdefs.h.  */
| #include <endian.h>
configure:29454: result: no
configure:29489: checking for endian.h
configure:29496: result: no
configure:29583: checking for pkg-config
configure:29599: found /usr/local/bin/pkg-config
configure:29609: result: pkg-config
configure:29624: checking pkg-config is at least version 0.16.0
configure:29627: result: yes
configure:32093: checking for BLAS in Veclib
configure:32370: clang++ -o conftest -O3 -pipe -DNDEBUG -Wparentheses -Wreturn-type -Wcast-qual -Wall -Wpointer-arith -Wwrite-strings -Wconversion -Wno-unknown-pragmas -Wno-long-long   -DCOINUTILS_BUILD   conftest.cc -framework Accelerate  >&5
Undefined symbols for architecture x86_64:
  "_unknown", referenced from:
      _main in conftest-cd40fc.o
ld: symbol(s) not found for architecture x86_64
clang: error: linker command failed with exit code 1 (use -v to see invocation)
configure:32376: $? = 1
configure: failed program was:
| /* confdefs.h.  */
| 
| #define PACKAGE_NAME "CoinUtils"
| #define PACKAGE_TARNAME "coinutils"
| #define PACKAGE_VERSION "2.11.12"
| #define PACKAGE_STRING "CoinUtils 2.11.12"
| #define PACKAGE_BUGREPORT "http://projects.coin-or.org/CoinUtils"
| #define COINUTILS_VERSION "2.11.12"
| #define COINUTILS_VERSION_MAJOR 2
| #define COINUTILS_VERSION_MINOR 11
| #define COINUTILS_VERSION_RELEASE 12
| #define COIN_COINUTILS_VERBOSITY 0
| #define COIN_COINUTILS_CHECKLEVEL 0
| #ifdef __cplusplus
| extern "C" void exit (int);
| #endif
| #define PACKAGE "coinutils"
| #define VERSION "2.11.12"
| #define HAVE_SYS_TYPES_H 1
| #define HAVE_SYS_STAT_H 1
| #define HAVE_STDLIB_H 1
| #define HAVE_STRING_H 1
| #define HAVE_MEMORY_H 1
| #define HAVE_STRINGS_H 1
| #define HAVE_INTTYPES_H 1
| #define HAVE_STDINT_H 1
| #define HAVE_UNISTD_H 1
| #define HAVE_DLFCN_H 1
| #define HAVE_CMATH 1
| #define HAVE_CFLOAT 1
| #define COIN_C_FINITE finite
| #define HAVE_CMATH 1
| #define HAVE_CFLOAT 1
| #define COIN_C_ISNAN std::isnan
| #define COINUTILS_MEMPOOL_MAXPOOLED -1
| #define HAVE_CINTTYPES 1
| #define HAVE_CSTDINT 1
| #define COIN_INT64_T int64_t
| #define COIN_UINT64_T int64_t
| #define COIN_INTPTR_T intptr_t
| #define COINUTILS_HAS_STDINT_H 1
| #define COINUTILS_HAS_CSTDINT 1
| /* end confdefs.h.  */
| extern "C" {void unknown();}
| #ifdef F77_DUMMY_MAIN
| 
| #  ifdef __cplusplus
|      extern "C"
| #  endif
|    int F77_DUMMY_MAIN() { return 1; }
| 
| #endif
| int
| main ()
| {
| unknown()
|   ;
|   return 0;
| }
configure:32479: result: no
configure:32491: checking whether -lblas has BLAS
configure:32768: clang++ -o conftest -O3 -pipe -DNDEBUG -Wparentheses -Wreturn-type -Wcast-qual -Wall -Wpointer-arith -Wwrite-strings -Wconversion -Wno-unknown-pragmas -Wno-long-long   -DCOINUTILS_BUILD   conftest.cc -lblas  >&5
Undefined symbols for architecture x86_64:
  "_unknown", referenced from:
      _main in conftest-454bb2.o
ld: symbol(s) not found for architecture x86_64
clang: error: linker command failed with exit code 1 (use -v to see invocation)
configure:32774: $? = 1
configure: failed program was:
| /* confdefs.h.  */
| 
| #define PACKAGE_NAME "CoinUtils"
| #define PACKAGE_TARNAME "coinutils"
| #define PACKAGE_VERSION "2.11.12"
| #define PACKAGE_STRING "CoinUtils 2.11.12"
| #define PACKAGE_BUGREPORT "http://projects.coin-or.org/CoinUtils"
| #define COINUTILS_VERSION "2.11.12"
| #define COINUTILS_VERSION_MAJOR 2
| #define COINUTILS_VERSION_MINOR 11
| #define COINUTILS_VERSION_RELEASE 12
| #define COIN_COINUTILS_VERBOSITY 0
| #define COIN_COINUTILS_CHECKLEVEL 0
| #ifdef __cplusplus
| extern "C" void exit (int);
| #endif
| #define PACKAGE "coinutils"
| #define VERSION "2.11.12"
| #define HAVE_SYS_TYPES_H 1
| #define HAVE_SYS_STAT_H 1
| #define HAVE_STDLIB_H 1
| #define HAVE_STRING_H 1
| #define HAVE_MEMORY_H 1
| #define HAVE_STRINGS_H 1
| #define HAVE_INTTYPES_H 1
| #define HAVE_STDINT_H 1
| #define HAVE_UNISTD_H 1
| #define HAVE_DLFCN_H 1
| #define HAVE_CMATH 1
| #define HAVE_CFLOAT 1
| #define COIN_C_FINITE finite
| #define HAVE_CMATH 1
| #define HAVE_CFLOAT 1
| #define COIN_C_ISNAN std::isnan
| #define COINUTILS_MEMPOOL_MAXPOOLED -1
| #define HAVE_CINTTYPES 1
| #define HAVE_CSTDINT 1
| #define COIN_INT64_T int64_t
| #define COIN_UINT64_T int64_t
| #define COIN_INTPTR_T intptr_t
| #define COINUTILS_HAS_STDINT_H 1
| #define COINUTILS_HAS_CSTDINT 1
| /* end confdefs.h.  */
| extern "C" {void unknown();}
| #ifdef F77_DUMMY_MAIN
| 
| #  ifdef __cplusplus
|      extern "C"
| #  endif
|    int F77_DUMMY_MAIN() { return 1; }
| 
| #endif
| int
| main ()
| {
| unknown()
|   ;
|   return 0;
| }
configure:32877: result: no
configure:32895: checking for COIN-OR package Blas
configure:33059: result: not given: Package 'coinblas' not found
configure:35332: checking whether -llapack has LAPACK
configure:35609: clang++ -o conftest -O3 -pipe -DNDEBUG -Wparentheses -Wreturn-type -Wcast-qual -Wall -Wpointer-arith -Wwrite-strings -Wconversion -Wno-unknown-pragmas -Wno-long-long   -DCOINUTILS_BUILD   conftest.cc -llapack   >&5
Undefined symbols for architecture x86_64:
  "_unknown", referenced from:
      _main in conftest-8bdeee.o
ld: symbol(s) not found for architecture x86_64
clang: error: linker command failed with exit code 1 (use -v to see invocation)
configure:35615: $? = 1
configure: failed program was:
| /* confdefs.h.  */
| 
| #define PACKAGE_NAME "CoinUtils"
| #define PACKAGE_TARNAME "coinutils"
| #define PACKAGE_VERSION "2.11.12"
| #define PACKAGE_STRING "CoinUtils 2.11.12"
| #define PACKAGE_BUGREPORT "http://projects.coin-or.org/CoinUtils"
| #define COINUTILS_VERSION "2.11.12"
| #define COINUTILS_VERSION_MAJOR 2
| #define COINUTILS_VERSION_MINOR 11
| #define COINUTILS_VERSION_RELEASE 12
| #define COIN_COINUTILS_VERBOSITY 0
| #define COIN_COINUTILS_CHECKLEVEL 0
| #ifdef __cplusplus
| extern "C" void exit (int);
| #endif
| #define PACKAGE "coinutils"
| #define VERSION "2.11.12"
| #define HAVE_SYS_TYPES_H 1
| #define HAVE_SYS_STAT_H 1
| #define HAVE_STDLIB_H 1
| #define HAVE_STRING_H 1
| #define HAVE_MEMORY_H 1
| #define HAVE_STRINGS_H 1
| #define HAVE_INTTYPES_H 1
| #define HAVE_STDINT_H 1
| #define HAVE_UNISTD_H 1
| #define HAVE_DLFCN_H 1
| #define HAVE_CMATH 1
| #define HAVE_CFLOAT 1
| #define COIN_C_FINITE finite
| #define HAVE_CMATH 1
| #define HAVE_CFLOAT 1
| #define COIN_C_ISNAN std::isnan
| #define COINUTILS_MEMPOOL_MAXPOOLED -1
| #define HAVE_CINTTYPES 1
| #define HAVE_CSTDINT 1
| #define COIN_INT64_T int64_t
| #define COIN_UINT64_T int64_t
| #define COIN_INTPTR_T intptr_t
| #define COINUTILS_HAS_STDINT_H 1
| #define COINUTILS_HAS_CSTDINT 1
| /* end confdefs.h.  */
| extern "C" {void unknown();}
| #ifdef F77_DUMMY_MAIN
| 
| #  ifdef __cplusplus
|      extern "C"
| #  endif
|    int F77_DUMMY_MAIN() { return 1; }
| 
| #endif
| int
| main ()
| {
| unknown()
|   ;
|   return 0;
| }
configure:35718: result: no
configure:35736: checking for COIN-OR package Lapack
configure:35900: result: not given: Package 'coinlapack' not found
configure:36297: checking for COIN-OR package Glpk
configure:36461: result: not given: Package 'coinglpk' not found
configure:36807: checking for COIN-OR package Sample
configure:36938: result: yes: 1.2.13 
configure:37287: checking for COIN-OR package Netlib
configure:37436: result: not given: Package 'coindatanetlib' not found
configure:37804: checking zlib.h usability
configure:37816: clang++ -c -O3 -pipe -DNDEBUG -Wparentheses -Wreturn-type -Wcast-qual -Wall -Wpointer-arith -Wwrite-strings -Wconversion -Wno-unknown-pragmas -Wno-long-long   -DCOINUTILS_BUILD  conftest.cc >&5
configure:37822: $? = 0
configure:37826: test -z 
			 || test ! -s conftest.err
configure:37829: $? = 0
configure:37832: test -s conftest.o
configure:37835: $? = 0
configure:37845: result: yes
configure:37849: checking zlib.h presence
configure:37859: clang++ -E  conftest.cc
configure:37865: $? = 0
configure:37885: result: yes
configure:37920: checking for zlib.h
configure:37927: result: yes
configure:37943: checking for gzopen in -lz
configure:37981: clang++ -o conftest -O3 -pipe -DNDEBUG -Wparentheses -Wreturn-type -Wcast-qual -Wall -Wpointer-arith -Wwrite-strings -Wconversion -Wno-unknown-pragmas -Wno-long-long   -DCOINUTILS_BUILD   conftest.cc -lz   >&5
configure:37987: $? = 0
configure:37991: test -z 
			 || test ! -s conftest.err
configure:37994: $? = 0
configure:37997: test -s conftest
configure:38000: $? = 0
configure:38013: result: yes
configure:38084: checking bzlib.h usability
configure:38096: clang++ -c -O3 -pipe -DNDEBUG -Wparentheses -Wreturn-type -Wcast-qual -Wall -Wpointer-arith -Wwrite-strings -Wconversion -Wno-unknown-pragmas -Wno-long-long   -DCOINUTILS_BUILD  conftest.cc >&5
configure:38102: $? = 0
configure:38106: test -z 
			 || test ! -s conftest.err
configure:38109: $? = 0
configure:38112: test -s conftest.o
configure:38115: $? = 0
configure:38125: result: yes
configure:38129: checking bzlib.h presence
configure:38139: clang++ -E  conftest.cc
configure:38145: $? = 0
configure:38165: result: yes
configure:38200: checking for bzlib.h
configure:38207: result: yes
configure:38223: checking for BZ2_bzReadOpen in -lbz2
configure:38261: clang++ -o conftest -O3 -pipe -DNDEBUG -Wparentheses -Wreturn-type -Wcast-qual -Wall -Wpointer-arith -Wwrite-strings -Wconversion -Wno-unknown-pragmas -Wno-long-long   -DCOINUTILS_BUILD   conftest.cc -lbz2   >&5
configure:38267: $? = 0
configure:38271: test -z 
			 || test ! -s conftest.err
configure:38274: $? = 0
configure:38277: test -s conftest
configure:38280: $? = 0
configure:38293: result: yes
configure:38652: checking whether this is a VPATH configuration
configure:38659: result: yes
configure:38679: configuring doxygen documentation options
configure:38686: checking for doxygen
configure:38713: result: no
configure:38722: checking for latex
configure:38749: result: no
configure:38777: checking for dot
configure:38804: result: NO
configure:38916: checking which command should be used to link input files
configure:38924: result: ln -s
configure:39258: creating ./config.status

## ---------------------- ##
## Running config.status. ##
## ---------------------- ##

This file was extended by CoinUtils config.status 2.11.12, which was
generated by GNU Autoconf 2.59.  Invocation command line was

  CONFIG_FILES    = 
  CONFIG_HEADERS  = 
  CONFIG_LINKS    = 
  CONFIG_COMMANDS = 
  $ ./config.status 

on hirosemoehananoMacBook-Pro.local

config.status:840: creating Makefile
config.status:840: creating src/Makefile
config.status:840: creating test/Makefile
config.status:840: creating coinutils.pc
config.status:840: creating coinutils-uninstalled.pc
config.status:840: creating doxydoc/doxygen.conf
config.status:937: creating src/config.h
config.status:937: creating src/config_coinutils.h
config.status:1291: executing depfiles commands
configure:40701: Creating VPATH links for data files
configure:40749: In case of trouble, first consult the troubleshooting page at https://github.com/coin-or-tools/BuildTools/wiki/user-troubleshooting
configure:40752: Configuration of CoinUtils successful

## ---------------- ##
## Cache variables. ##
## ---------------- ##

ac_cv_build=x86_64-apple-darwin21.6.0
ac_cv_build_alias=x86_64-apple-darwin21.6.0
ac_cv_c_compiler_gnu=yes
ac_cv_cxx_compiler_gnu=yes
ac_cv_env_ADD_CFLAGS_set=
ac_cv_env_ADD_CFLAGS_value=
ac_cv_env_ADD_CXXFLAGS_set=
ac_cv_env_ADD_CXXFLAGS_value=
ac_cv_env_ADD_FFLAGS_set=
ac_cv_env_ADD_FFLAGS_value=
ac_cv_env_CC_set=
ac_cv_env_CC_value=
ac_cv_env_CDEFS_set=
ac_cv_env_CDEFS_value=
ac_cv_env_CFLAGS_set=
ac_cv_env_CFLAGS_value=
ac_cv_env_CPPFLAGS_set=
ac_cv_env_CPPFLAGS_value=
ac_cv_env_CPP_set=
ac_cv_env_CPP_value=
ac_cv_env_CXXCPP_set=
ac_cv_env_CXXCPP_value=
ac_cv_env_CXXDEFS_set=
ac_cv_env_CXXDEFS_value=
ac_cv_env_CXXFLAGS_set=
ac_cv_env_CXXFLAGS_value=
ac_cv_env_CXX_set=
ac_cv_env_CXX_value=
ac_cv_env_DBG_CFLAGS_set=
ac_cv_env_DBG_CFLAGS_value=
ac_cv_env_DBG_CXXFLAGS_set=
ac_cv_env_DBG_CXXFLAGS_value=
ac_cv_env_DBG_FFLAGS_set=
ac_cv_env_DBG_FFLAGS_value=
ac_cv_env_F77_set=
ac_cv_env_F77_value=
ac_cv_env_FFLAGS_set=
ac_cv_env_FFLAGS_value=
ac_cv_env_LDFLAGS_set=
ac_cv_env_LDFLAGS_value=
ac_cv_env_LT_LDFLAGS_set=
ac_cv_env_LT_LDFLAGS_value=
ac_cv_env_MPICC_set=
ac_cv_env_MPICC_value=
ac_cv_env_MPICXX_set=
ac_cv_env_MPICXX_value=
ac_cv_env_MPIF77_set=
ac_cv_env_MPIF77_value=
ac_cv_env_OPT_CFLAGS_set=
ac_cv_env_OPT_CFLAGS_value=
ac_cv_env_OPT_CXXFLAGS_set=
ac_cv_env_OPT_CXXFLAGS_value=
ac_cv_env_OPT_FFLAGS_set=
ac_cv_env_OPT_FFLAGS_value=
ac_cv_env_PKG_CONFIG_set=
ac_cv_env_PKG_CONFIG_value=
ac_cv_env_build_alias_set=
ac_cv_env_build_alias_value=
ac_cv_env_host_alias_set=
ac_cv_env_host_alias_value=
ac_cv_env_target_alias_set=
ac_cv_env_target_alias_value=
ac_cv_exeext=
ac_cv_have_decl_finite=yes
ac_cv_have_decl_isfinite=no
ac_cv_have_decl_isnan=no
ac_cv_have_decl_std__isnan_42_42_=yes
ac_cv_header_bzlib_h=yes
ac_cv_header_cfloat=yes
ac_cv_header_cieeefp=no
ac_cv_header_cinttypes=yes
ac_cv_header_cmath=yes
ac_cv_header_cstdint=yes
ac_cv_header_dlfcn_h=yes
ac_cv_header_endian_h=no
ac_cv_header_ieeefp_h=no
ac_cv_header_inttypes_h=yes
ac_cv_header_memory_h=yes
ac_cv_header_stdc=no
ac_cv_header_stdint_h=yes
ac_cv_header_stdlib_h=yes
ac_cv_header_string_h=yes
ac_cv_header_strings_h=yes
ac_cv_header_sys_stat_h=yes
ac_cv_header_sys_types_h=yes
ac_cv_header_unistd_h=yes
ac_cv_header_windows_h=no
ac_cv_header_zlib_h=yes
ac_cv_host=x86_64-apple-darwin21.6.0
ac_cv_host_alias=x86_64-apple-darwin21.6.0
ac_cv_lib_bz2_BZ2_bzReadOpen=yes
ac_cv_lib_z_gzopen=yes
ac_cv_objext=o
ac_cv_path_install='/usr/bin/install -c'
ac_cv_prog_AWK=awk
ac_cv_prog_CPP='clang -E'
ac_cv_prog_CXXCPP='clang++ -E'
ac_cv_prog_ac_ct_AR=ar
ac_cv_prog_ac_ct_CC=clang
ac_cv_prog_ac_ct_CXX=clang++
ac_cv_prog_ac_ct_PKG_CONFIG=pkg-config
ac_cv_prog_ac_ct_RANLIB=ranlib
ac_cv_prog_ac_ct_STRIP=strip
ac_cv_prog_cc_g=yes
ac_cv_prog_cc_stdc=
ac_cv_prog_coin_doxy_usedot=NO
ac_cv_prog_coin_have_doxygen=no
ac_cv_prog_coin_have_latex=no
ac_cv_prog_cxx_g=yes
ac_cv_prog_egrep='grep -E'
ac_cv_prog_have_svnversion=no
ac_cv_prog_make_make_set=yes
ac_cv_type_int64_t=yes
ac_cv_type_intptr_t=yes
am_cv_CC_dependencies_compiler_type=none
am_cv_CXX_dependencies_compiler_type=none
lt_cv_deplibs_check_method=pass_all
lt_cv_file_magic_cmd='$MAGIC_CMD'
lt_cv_file_magic_test_file=
lt_cv_ld_reload_flag=-r
lt_cv_objdir=.libs
lt_cv_path_LD=/Library/Developer/CommandLineTools/usr/bin/ld
lt_cv_path_LDCXX=/Library/Developer/CommandLineTools/usr/bin/ld
lt_cv_path_NM='/usr/bin/nm -B'
lt_cv_path_SED=/usr/bin/sed
lt_cv_prog_compiler_c_o=yes
lt_cv_prog_compiler_c_o_CXX=yes
lt_cv_prog_compiler_c_o_F77=no
lt_cv_prog_compiler_rtti_exceptions=yes
lt_cv_prog_gnu_ld=no
lt_cv_prog_gnu_ldcxx=no
lt_cv_sys_global_symbol_pipe='sed -n -e '\''s/^.*[ 	]\([ABCDGIRSTW][ABCDGIRSTW]*\)[ 	][ 	]*_\([_A-Za-z][_A-Za-z0-9]*\)$/\1 _\2 \2/p'\'''
lt_cv_sys_global_symbol_to_c_name_address='sed -n -e '\''s/^: \([^ ]*\) $/  {\"\1\", (lt_ptr) 0},/p'\'' -e '\''s/^[BCDEGRST] \([^ ]*\) \([^ ]*\)$/  {"\2", (lt_ptr) \&\2},/p'\'''
lt_cv_sys_global_symbol_to_cdecl='sed -n -e '\''s/^. .* \(.*\)$/extern int \1;/p'\'''
lt_cv_sys_max_cmd_len=786432
lt_lt_cv_prog_compiler_c_o='"yes"'
lt_lt_cv_prog_compiler_c_o_CXX='"yes"'
lt_lt_cv_prog_compiler_c_o_F77='"no"'
lt_lt_cv_sys_global_symbol_pipe='"sed -n -e '\''s/^.*[ 	]\\([ABCDGIRSTW][ABCDGIRSTW]*\\)[ 	][ 	]*_\\([_A-Za-z][_A-Za-z0-9]*\\)\$/\\1 _\\2 \\2/p'\''"'
lt_lt_cv_sys_global_symbol_to_c_name_address='"sed -n -e '\''s/^: \\([^ ]*\\) \$/  {\\\"\\1\\\", (lt_ptr) 0},/p'\'' -e '\''s/^[BCDEGRST] \\([^ ]*\\) \\([^ ]*\\)\$/  {\"\\2\", (lt_ptr) \\&\\2},/p'\''"'
lt_lt_cv_sys_global_symbol_to_cdecl='"sed -n -e '\''s/^. .* \\(.*\\)\$/extern int \\1;/p'\''"'

## ----------------- ##
## Output variables. ##
## ----------------- ##

ABSBUILDDIR='/Users/hiruse/Desktop/menu-app/build/CoinUtils/2.11.12'
ACLOCAL='${SHELL} /Users/hiruse/Desktop/menu-app/CoinUtils/CoinUtils/missing --run aclocal-1.9'
ADD_CFLAGS=''
ADD_CXXFLAGS=''
ADD_FFLAGS=''
ALWAYS_FALSE_FALSE=''
ALWAYS_FALSE_TRUE='#'
AMDEPBACKSLASH=''
AMDEP_FALSE=''
AMDEP_TRUE='#'
AMTAR='${SHELL} /Users/hiruse/Desktop/menu-app/CoinUtils/CoinUtils/missing --run tar'
AR='ar'
AUTOCONF='${SHELL} /Users/hiruse/Desktop/menu-app/CoinUtils/CoinUtils/missing --run autoconf'
AUTOHEADER='${SHELL} /Users/hiruse/Desktop/menu-app/CoinUtils/CoinUtils/missing --run autoheader'
AUTOMAKE='${SHELL} /Users/hiruse/Desktop/menu-app/CoinUtils/CoinUtils/missing --run automake-1.9'
AUX_DIR=''
AWK='awk'
BLAS_CFLAGS=''
BLAS_CFLAGS_INSTALLED=''
BLAS_DATA=''
BLAS_DATA_INSTALLED=''
BLAS_DEPENDENCIES=''
BLAS_LIBS=''
BLAS_LIBS_INSTALLED=''
BUILDTOOLSDIR=''
CC='clang'
CCDEPMODE='depmode=none'
CDEFS=''
CFLAGS='-O3 -pipe -DNDEBUG -Wimplicit -Wparentheses -Wsequence-point -Wreturn-type -Wcast-qual -Wall -Wno-unknown-pragmas -Wno-long-long   -DCOINUTILS_BUILD'
COINUTILSLIB_CFLAGS=''
COINUTILSLIB_CFLAGS_INSTALLED=''
COINUTILSLIB_DEPENDENCIES=''
COINUTILSLIB_LIBS='-lbz2 -lz -lm '
COINUTILSLIB_LIBS_INSTALLED='-lbz2 -lz -lm '
COINUTILSLIB_PCLIBS='-lbz2 -lz -lm '
COINUTILSLIB_PCREQUIRES=''
COINUTILS_SVN_REV=''
COIN_CC_IS_CL_FALSE=''
COIN_CC_IS_CL_TRUE='#'
COIN_CXX_IS_CL_FALSE=''
COIN_CXX_IS_CL_TRUE='#'
COIN_HAS_BLAS_FALSE=''
COIN_HAS_BLAS_TRUE='#'
COIN_HAS_DOXYGEN_FALSE=''
COIN_HAS_DOXYGEN_TRUE='#'
COIN_HAS_GLPK_FALSE=''
COIN_HAS_GLPK_TRUE='#'
COIN_HAS_LAPACK_FALSE=''
COIN_HAS_LAPACK_TRUE='#'
COIN_HAS_LATEX_FALSE=''
COIN_HAS_LATEX_TRUE='#'
COIN_HAS_NETLIB_FALSE=''
COIN_HAS_NETLIB_TRUE='#'
COIN_HAS_PKGCONFIG_FALSE='#'
COIN_HAS_PKGCONFIG_TRUE=''
COIN_HAS_SAMPLE_FALSE='#'
COIN_HAS_SAMPLE_TRUE=''
COIN_HAS_ZLIB_FALSE='#'
COIN_HAS_ZLIB_TRUE=''
COIN_PKG_CONFIG_PATH='/Users/hiruse/cbc/lib/pkgconfig:/Users/hiruse/cbc/share/pkgconfig:/Users/hiruse/cbc/lib64/pkgconfig:/Users/hiruse/cbc/lib/pkgconfig:/Users/hiruse/cbc/share/pkgconfig:'
COIN_PKG_CONFIG_PATH_UNINSTALLED='/Users/hiruse/Desktop/menu-app/build/CoinUtils/2.11.12:/Users/hiruse/Desktop/menu-app/build/Data/miplib3/1.2.9:/Users/hiruse/Desktop/menu-app/build/Data/Sample/1.2.13:'
CPP='clang -E'
CPPFLAGS=''
CXX='clang++'
CXXCPP='clang++ -E'
CXXDEFS=''
CXXDEPMODE='depmode=none'
CXXFLAGS='-O3 -pipe -DNDEBUG -Wparentheses -Wreturn-type -Wcast-qual -Wall -Wpointer-arith -Wwrite-strings -Wconversion -Wno-unknown-pragmas -Wno-long-long   -DCOINUTILS_BUILD'
CYGPATH_W='echo'
DBG_CFLAGS='-g -O0 -pipe -Wimplicit -Wparentheses -Wsequence-point -Wreturn-type -Wcast-qual -Wall -Wno-unknown-pragmas -Wno-long-long  '
DBG_CXXFLAGS='-g -O0 -pipe -Wparentheses -Wreturn-type -Wcast-qual -Wall -Wpointer-arith -Wwrite-strings -Wconversion -Wno-unknown-pragmas -Wno-long-long  '
DBG_FFLAGS=' '
DEFS='-DHAVE_CONFIG_H'
DEPDIR='.deps'
DEPENDENCY_LINKING_FALSE='#'
DEPENDENCY_LINKING_TRUE=''
ECHO='/bin/echo'
ECHO_C='ECHO_N=''
ECHO_T=''
EGREP='grep -E'
EXEEXT=''
F77='unavailable'
FFLAGS=' '
FLIBS=''
GLPK_CFLAGS=''
GLPK_CFLAGS_INSTALLED=''
GLPK_DATA=''
GLPK_DATA_INSTALLED=''
GLPK_DEPENDENCIES=''
GLPK_LIBS=''
GLPK_LIBS_INSTALLED=''
HAVE_EXTERNALS_FALSE=''
HAVE_EXTERNALS_TRUE='#'
INSTALL_DATA='${INSTALL} -m 644'
INSTALL_PROGRAM='${INSTALL}'
INSTALL_SCRIPT='${INSTALL}'
INSTALL_STRIP_PROGRAM='${SHELL} $(install_sh) -c -s'
LAPACK_CFLAGS=''
LAPACK_CFLAGS_INSTALLED=''
LAPACK_DATA=''
LAPACK_DATA_INSTALLED=''
LAPACK_DEPENDENCIES=''
LAPACK_LIBS=''
LAPACK_LIBS_INSTALLED=''
LDFLAGS=''
LIBEXT='a'
LIBOBJS=''
LIBS=''
LIBTOOL='$(SHELL) $(top_builddir)/libtool'
LIBTOOLM4=''
LN_S='ln -s'
LTLIBOBJS=''
LT_LDFLAGS=' -no-undefined -version-info 14:12:11'
MAINT='#'
MAINTAINER_MODE_FALSE=''
MAINTAINER_MODE_TRUE='#'
MAKEINFO='${SHELL} /Users/hiruse/Desktop/menu-app/CoinUtils/CoinUtils/missing --run makeinfo'
MPICC=''
MPICXX=''
MPIF77=''
NETLIB_CFLAGS=''
NETLIB_CFLAGS_INSTALLED=''
NETLIB_DATA=''
NETLIB_DATA_INSTALLED=''
NETLIB_DEPENDENCIES=''
NETLIB_LIBS=''
NETLIB_LIBS_INSTALLED=''
OBJEXT='o'
OPT_CFLAGS='-O3 -pipe -DNDEBUG -Wimplicit -Wparentheses -Wsequence-point -Wreturn-type -Wcast-qual -Wall -Wno-unknown-pragmas -Wno-long-long  '
OPT_CXXFLAGS='-O3 -pipe -DNDEBUG -Wparentheses -Wreturn-type -Wcast-qual -Wall -Wpointer-arith -Wwrite-strings -Wconversion -Wno-unknown-pragmas -Wno-long-long  '
OPT_FFLAGS=' '
PACKAGE='coinutils'
PACKAGE_BUGREPORT='http://projects.coin-or.org/CoinUtils'
PACKAGE_NAME='CoinUtils'
PACKAGE_STRING='CoinUtils 2.11.12'
PACKAGE_TARNAME='coinutils'
PACKAGE_VERSION='2.11.12'
PATH_SEPARATOR=':'
PKG_CONFIG='pkg-config'
RANLIB='ranlib'
RPATH_FLAGS=''
SAMPLE_CFLAGS=''
SAMPLE_CFLAGS_INSTALLED=''
SAMPLE_DATA='/Users/hiruse/cbc/share/coin/Data/Sample'
SAMPLE_DATA_INSTALLED=''
SAMPLE_DEPENDENCIES=' '
SAMPLE_LIBS=''
SAMPLE_LIBS_INSTALLED=''
SET_MAKE=''
SHELL='/bin/sh'
STRIP='strip'
VERSION='2.11.12'
VPATH_DISTCLEANFILES=' test/plan.mod'
abs_bin_dir='/Users/hiruse/cbc/bin'
abs_include_dir='/Users/hiruse/cbc/include'
abs_lib_dir='/Users/hiruse/cbc/lib'
abs_source_dir='/Users/hiruse/Desktop/menu-app/CoinUtils/CoinUtils'
ac_c_preproc_warn_flag=''
ac_ct_AR='ar'
ac_ct_CC='clang'
ac_ct_CXX='clang++'
ac_ct_F77='unavailable'
ac_ct_PKG_CONFIG='pkg-config'
ac_ct_RANLIB='ranlib'
ac_ct_STRIP='strip'
ac_cxx_preproc_warn_flag=''
am__fastdepCC_FALSE=''
am__fastdepCC_TRUE='#'
am__fastdepCXX_FALSE=''
am__fastdepCXX_TRUE='#'
am__include='include'
am__leading_dot='.'
am__quote=''
am__tar='${AMTAR} chof - "$$tardir"'
am__untar='${AMTAR} xf -'
bindir='${exec_prefix}/bin'
build='x86_64-apple-darwin21.6.0'
build_alias=''
build_cpu='x86_64'
build_os='darwin21.6.0'
build_vendor='apple'
coin_doxy_excludes=''
coin_doxy_logname='doxydoc/coinutils_doxy.log'
coin_doxy_tagfiles=''
coin_doxy_tagname='doxydoc/coinutils_doxy.tag'
coin_doxy_usedot='NO'
coin_have_doxygen='no'
coin_have_latex='no'
datadir='${prefix}/share'
dos2unix=''
exec_prefix='${prefix}'
have_autoconf=''
have_automake=''
have_svn=''
have_svnversion='no'
host='x86_64-apple-darwin21.6.0'
host_alias=''
host_cpu='x86_64'
host_os='darwin21.6.0'
host_vendor='apple'
includedir='${prefix}/include'
infodir='${prefix}/info'
install_sh='/Users/hiruse/Desktop/menu-app/CoinUtils/CoinUtils/install-sh'
libdir='${exec_prefix}/lib'
libexecdir='${exec_prefix}/libexec'
localstatedir='${prefix}/var'
mandir='${prefix}/man'
mkdir_p='$(install_sh) -d'
oldincludedir='/usr/include'
prefix='/Users/hiruse/cbc'
program_transform_name='s,x,x,'
sbindir='${exec_prefix}/sbin'
sharedstatedir='${prefix}/com'
sol_cc_compiler=''
sysconfdir='${prefix}/etc'
target_alias=''

## ----------- ##
## confdefs.h. ##
## ----------- ##

#define COINUTILS_HAS_CSTDINT 1
#define COINUTILS_HAS_STDINT_H 1
#define COINUTILS_MEMPOOL_MAXPOOLED -1
#define COINUTILS_VERSION "2.11.12"
#define COINUTILS_VERSION_MAJOR 2
#define COINUTILS_VERSION_MINOR 11
#define COINUTILS_VERSION_RELEASE 12
#define COIN_COINUTILS_CHECKLEVEL 0
#define COIN_COINUTILS_VERBOSITY 0
#define COIN_C_FINITE finite
#define COIN_C_ISNAN std::isnan
#define COIN_HAS_BZLIB 1
#define COIN_HAS_SAMPLE 1
#define COIN_HAS_ZLIB 1
#define COIN_INT64_T int64_t
#define COIN_INTPTR_T intptr_t
#define COIN_UINT64_T int64_t
#define HAVE_BZLIB_H 1
#define HAVE_CFLOAT 1
#define HAVE_CFLOAT 1
#define HAVE_CINTTYPES 1
#define HAVE_CMATH 1
#define HAVE_CMATH 1
#define HAVE_CSTDINT 1
#define HAVE_DLFCN_H 1
#define HAVE_INTTYPES_H 1
#define HAVE_MEMORY_H 1
#define HAVE_STDINT_H 1
#define HAVE_STDLIB_H 1
#define HAVE_STRINGS_H 1
#define HAVE_STRING_H 1
#define HAVE_SYS_STAT_H 1
#define HAVE_SYS_TYPES_H 1
#define HAVE_UNISTD_H 1
#define HAVE_ZLIB_H 1
#define PACKAGE "coinutils"
#define PACKAGE_BUGREPORT "http://projects.coin-or.org/CoinUtils"
#define PACKAGE_NAME "CoinUtils"
#define PACKAGE_STRING "CoinUtils 2.11.12"
#define PACKAGE_TARNAME "coinutils"
#define PACKAGE_VERSION "2.11.12"
#define VERSION "2.11.12"
#endif
#ifdef __cplusplus
extern "C" void exit (int);

configure: exit 0
