This file contains any messages produced by compilers while
running configure, to aid debugging if configure makes a mistake.

It was created by Cgl configure 0.60.9, which was
generated by GNU Autoconf 2.59.  Invocation command line was

  $ /Users/hiruse/Desktop/menu-app/Cgl/Cgl/configure --disable-dependency-tracking --disable-option-checking --prefix=/Users/hiruse/cbc --enable-cbc-parallel --with-coin-instdir=/Users/hiruse/cbc

## --------- ##
## Platform. ##
## --------- ##

hostname = hirosemoehananoMacBook-Pro.local
uname -m = x86_64
uname -r = 21.6.0
uname -s = Darwin
uname -v = Darwin Kernel Version 21.6.0: Wed Apr 24 06:02:02 PDT 2024; root:xnu-8020.240.18.708.4~1/RELEASE_X86_64

/usr/bin/uname -p = i386
/bin/uname -X     = unknown

/bin/arch              = unknown
/usr/bin/arch -k       = unknown
/usr/convex/getsysinfo = unknown
hostinfo               = Mach kernel version:
	 Darwin Kernel Version 21.6.0: Wed Apr 24 06:02:02 PDT 2024; root:xnu-8020.240.18.708.4~1/RELEASE_X86_64
Kernel configured for up to 8 processors.
4 processors are physically available.
8 processors are logically available.
Processor type: x86_64h (Intel x86-64h Haswell)
Processors active: 0 1 2 3 4 5 6 7
Primary memory available: 16.00 gigabytes
Default processor set: 806 tasks, 4348 threads, 8 processors
Load average: 3.83, Mach factor: 4.43
/bin/machine           = unknown
/usr/bin/oslevel       = unknown
/bin/universe          = unknown

PATH: /Users/hiruse/.pyenv/shims
PATH: /Users/hiruse/.local/bin
PATH: /Users/hiruse/google-cloud-sdk/bin
PATH: /usr/local/bin
PATH: /usr/bin
PATH: /bin
PATH: /usr/sbin
PATH: /sbin
PATH: /Users/hiruse/go/bin
PATH: /usr/local/opt/llvm/bin
PATH: /Users/hiruse/bin
PATH: /Users/hiruse/.local/bin
PATH: /Users/hiruse/.goenv/shims
PATH: /Users/hiruse/.nodenv/shims


## ----------- ##
## Core tests. ##
## ----------- ##

configure:1695: checking build system type
configure:1713: result: x86_64-apple-darwin21.6.0
configure:1786: checking for svnversion
configure:1813: result: no
configure:1842: checking whether we want to compile in debug mode
configure:1888: result: no
configure:2138: checking for clang
configure:2154: found /usr/bin/clang
configure:2164: result: clang
configure:2185: checking for C compiler version
configure:2188: clang --version </dev/null >&5
Apple clang version 14.0.0 (clang-1400.0.29.202)
Target: x86_64-apple-darwin21.6.0
Thread model: posix
InstalledDir: /Library/Developer/CommandLineTools/usr/bin
configure:2191: $? = 0
configure:2193: clang -v </dev/null >&5
Apple clang version 14.0.0 (clang-1400.0.29.202)
Target: x86_64-apple-darwin21.6.0
Thread model: posix
InstalledDir: /Library/Developer/CommandLineTools/usr/bin
configure:2196: $? = 0
configure:2198: clang -V </dev/null >&5
clang: error: argument to '-V' is missing (expected 1 value)
clang: error: no input files
configure:2201: $? = 1
configure:2224: checking for C compiler default output file name
configure:2227: clang    conftest.c  >&5
configure:2230: $? = 0
configure:2276: result: a.out
configure:2281: checking whether the C compiler works
configure:2287: ./a.out
configure:2290: $? = 0
configure:2307: result: yes
configure:2314: checking whether we are cross compiling
configure:2316: result: no
configure:2319: checking for suffix of executables
configure:2321: clang -o conftest    conftest.c  >&5
configure:2324: $? = 0
configure:2349: result: 
configure:2355: checking for suffix of object files
configure:2376: clang -c   conftest.c >&5
configure:2379: $? = 0
configure:2401: result: o
configure:2405: checking whether we are using the GNU C compiler
configure:2429: clang -c   conftest.c >&5
configure:2435: $? = 0
configure:2439: test -z 
			 || test ! -s conftest.err
configure:2442: $? = 0
configure:2445: test -s conftest.o
configure:2448: $? = 0
configure:2461: result: yes
configure:2467: checking whether clang accepts -g
configure:2488: clang -c -g  conftest.c >&5
configure:2494: $? = 0
configure:2498: test -z 
			 || test ! -s conftest.err
configure:2501: $? = 0
configure:2504: test -s conftest.o
configure:2507: $? = 0
configure:2518: result: yes
configure:2535: checking for clang option to accept ANSI C
configure:2605: clang  -c -g -O2  conftest.c >&5
configure:2611: $? = 0
configure:2615: test -z 
			 || test ! -s conftest.err
configure:2618: $? = 0
configure:2621: test -s conftest.o
configure:2624: $? = 0
configure:2642: result: none needed
configure:2660: clang -c -g -O2  conftest.c >&5
conftest.c:2:3: error: unknown type name 'choke'
  choke me
  ^
conftest.c:2:11: error: expected ';' after top level declarator
  choke me
          ^
          ;
2 errors generated.
configure:2666: $? = 1
configure: failed program was:
| #ifndef __cplusplus
|   choke me
| #endif
configure:3087: clang -o conftest -O3 -pipe -DNDEBUG -Wimplicit -Wparentheses -Wsequence-point -Wreturn-type -Wcast-qual -Wall -Wno-unknown-pragmas -Wno-long-long   -DCGL_BUILD   conftest.c  >&5
configure:3093: $? = 0
configure:3097: test -z 
			 || test ! -s conftest.err
configure:3100: $? = 0
configure:3103: test -s conftest
configure:3106: $? = 0
configure:3173: C compiler options are: -O3 -pipe -DNDEBUG -Wimplicit -Wparentheses -Wsequence-point -Wreturn-type -Wcast-qual -Wall -Wno-unknown-pragmas -Wno-long-long   -DCGL_BUILD
configure:3288: checking for clang++
configure:3304: found /usr/bin/clang++
configure:3314: result: clang++
configure:3330: checking for C++ compiler version
configure:3333: clang++ --version </dev/null >&5
Apple clang version 14.0.0 (clang-1400.0.29.202)
Target: x86_64-apple-darwin21.6.0
Thread model: posix
InstalledDir: /Library/Developer/CommandLineTools/usr/bin
configure:3336: $? = 0
configure:3338: clang++ -v </dev/null >&5
Apple clang version 14.0.0 (clang-1400.0.29.202)
Target: x86_64-apple-darwin21.6.0
Thread model: posix
InstalledDir: /Library/Developer/CommandLineTools/usr/bin
configure:3341: $? = 0
configure:3343: clang++ -V </dev/null >&5
clang: error: argument to '-V' is missing (expected 1 value)
clang: error: no input files
configure:3346: $? = 1
configure:3349: checking whether we are using the GNU C++ compiler
configure:3373: clang++ -c   conftest.cc >&5
configure:3379: $? = 0
configure:3383: test -z 
			 || test ! -s conftest.err
configure:3386: $? = 0
configure:3389: test -s conftest.o
configure:3392: $? = 0
configure:3405: result: yes
configure:3411: checking whether clang++ accepts -g
configure:3432: clang++ -c -g  conftest.cc >&5
configure:3438: $? = 0
configure:3442: test -z 
			 || test ! -s conftest.err
configure:3445: $? = 0
configure:3448: test -s conftest.o
configure:3451: $? = 0
configure:3462: result: yes
configure:3504: clang++ -c -g -O2  conftest.cc >&5
configure:3510: $? = 0
configure:3514: test -z 
			 || test ! -s conftest.err
configure:3517: $? = 0
configure:3520: test -s conftest.o
configure:3523: $? = 0
configure:3549: clang++ -c -g -O2  conftest.cc >&5
conftest.cc:19:1: error: use of undeclared identifier 'exit'
exit (42);
^
1 error generated.
configure:3555: $? = 1
configure: failed program was:
| /* confdefs.h.  */
| 
| #define PACKAGE_NAME "Cgl"
| #define PACKAGE_TARNAME "cgl"
| #define PACKAGE_VERSION "0.60.9"
| #define PACKAGE_STRING "Cgl 0.60.9"
| #define PACKAGE_BUGREPORT "cgl@list.coin-or.org"
| #define CGL_VERSION "0.60.9"
| #define CGL_VERSION_MAJOR 0
| #define CGL_VERSION_MINOR 60
| #define CGL_VERSION_RELEASE 9
| #define COIN_CGL_VERBOSITY 0
| #define COIN_CGL_CHECKLEVEL 0
| /* end confdefs.h.  */
| 
| int
| main ()
| {
| exit (42);
|   ;
|   return 0;
| }
configure:3504: clang++ -c -g -O2  conftest.cc >&5
conftest.cc:15:17: error: use of undeclared identifier 'std'
extern "C" void std::exit (int) throw (); using std::exit;
                ^
conftest.cc:15:49: error: use of undeclared identifier 'std'
extern "C" void std::exit (int) throw (); using std::exit;
                                                ^
2 errors generated.
configure:3510: $? = 1
configure: failed program was:
| /* confdefs.h.  */
| 
| #define PACKAGE_NAME "Cgl"
| #define PACKAGE_TARNAME "cgl"
| #define PACKAGE_VERSION "0.60.9"
| #define PACKAGE_STRING "Cgl 0.60.9"
| #define PACKAGE_BUGREPORT "cgl@list.coin-or.org"
| #define CGL_VERSION "0.60.9"
| #define CGL_VERSION_MAJOR 0
| #define CGL_VERSION_MINOR 60
| #define CGL_VERSION_RELEASE 9
| #define COIN_CGL_VERBOSITY 0
| #define COIN_CGL_CHECKLEVEL 0
| /* end confdefs.h.  */
| extern "C" void std::exit (int) throw (); using std::exit;
| #include <stdlib.h>
| int
| main ()
| {
| exit (42);
|   ;
|   return 0;
| }
configure:3504: clang++ -c -g -O2  conftest.cc >&5
conftest.cc:15:17: error: use of undeclared identifier 'std'
extern "C" void std::exit (int); using std::exit;
                ^
conftest.cc:15:40: error: use of undeclared identifier 'std'
extern "C" void std::exit (int); using std::exit;
                                       ^
2 errors generated.
configure:3510: $? = 1
configure: failed program was:
| /* confdefs.h.  */
| 
| #define PACKAGE_NAME "Cgl"
| #define PACKAGE_TARNAME "cgl"
| #define PACKAGE_VERSION "0.60.9"
| #define PACKAGE_STRING "Cgl 0.60.9"
| #define PACKAGE_BUGREPORT "cgl@list.coin-or.org"
| #define CGL_VERSION "0.60.9"
| #define CGL_VERSION_MAJOR 0
| #define CGL_VERSION_MINOR 60
| #define CGL_VERSION_RELEASE 9
| #define COIN_CGL_VERBOSITY 0
| #define COIN_CGL_CHECKLEVEL 0
| /* end confdefs.h.  */
| extern "C" void std::exit (int); using std::exit;
| #include <stdlib.h>
| int
| main ()
| {
| exit (42);
|   ;
|   return 0;
| }
configure:3504: clang++ -c -g -O2  conftest.cc >&5
In file included from conftest.cc:16:
In file included from /Library/Developer/CommandLineTools/SDKs/MacOSX.sdk/usr/include/c++/v1/stdlib.h:93:
/Library/Developer/CommandLineTools/SDKs/MacOSX.sdk/usr/include/stdlib.h:145:7: error: 'exit' is missing exception specification 'throw()'
void     exit(int) __dead2;
         ^
conftest.cc:15:17: note: previous declaration is here
extern "C" void exit (int) throw ();
                ^
1 error generated.
configure:3510: $? = 1
configure: failed program was:
| /* confdefs.h.  */
| 
| #define PACKAGE_NAME "Cgl"
| #define PACKAGE_TARNAME "cgl"
| #define PACKAGE_VERSION "0.60.9"
| #define PACKAGE_STRING "Cgl 0.60.9"
| #define PACKAGE_BUGREPORT "cgl@list.coin-or.org"
| #define CGL_VERSION "0.60.9"
| #define CGL_VERSION_MAJOR 0
| #define CGL_VERSION_MINOR 60
| #define CGL_VERSION_RELEASE 9
| #define COIN_CGL_VERBOSITY 0
| #define COIN_CGL_CHECKLEVEL 0
| /* end confdefs.h.  */
| extern "C" void exit (int) throw ();
| #include <stdlib.h>
| int
| main ()
| {
| exit (42);
|   ;
|   return 0;
| }
configure:3504: clang++ -c -g -O2  conftest.cc >&5
configure:3510: $? = 0
configure:3514: test -z 
			 || test ! -s conftest.err
configure:3517: $? = 0
configure:3520: test -s conftest.o
configure:3523: $? = 0
configure:3549: clang++ -c -g -O2  conftest.cc >&5
configure:3555: $? = 0
configure:3559: test -z 
			 || test ! -s conftest.err
configure:3562: $? = 0
configure:3565: test -s conftest.o
configure:3568: $? = 0
configure:3600: checking whether C++ compiler clang++ works
configure:3618: clang++ -c -g -O2  conftest.cc >&5
configure:3624: $? = 0
configure:3628: test -z 
			 || test ! -s conftest.err
configure:3631: $? = 0
configure:3634: test -s conftest.o
configure:3637: $? = 0
configure:3639: result: yes
configure:3960: clang++ -o conftest -O3 -pipe -DNDEBUG -Wparentheses -Wreturn-type -Wcast-qual -Wall -Wpointer-arith -Wwrite-strings -Wconversion -Wno-unknown-pragmas -Wno-long-long   -DCGL_BUILD   conftest.cc  >&5
configure:3966: $? = 0
configure:3970: test -z 
			 || test ! -s conftest.err
configure:3973: $? = 0
configure:3976: test -s conftest
configure:3979: $? = 0
configure:4046: C++ compiler options are: -O3 -pipe -DNDEBUG -Wparentheses -Wreturn-type -Wcast-qual -Wall -Wpointer-arith -Wwrite-strings -Wconversion -Wno-unknown-pragmas -Wno-long-long   -DCGL_BUILD
configure:4165: checking for egrep
configure:4175: result: grep -E
configure:4180: checking whether ln -s works
configure:4184: result: yes
configure:4205: checking for a BSD-compatible install
configure:4260: result: /usr/bin/install -c
configure:4271: checking whether build environment is sane
configure:4314: result: yes
configure:4379: checking for gawk
configure:4408: result: no
configure:4379: checking for mawk
configure:4408: result: no
configure:4379: checking for nawk
configure:4408: result: no
configure:4379: checking for awk
configure:4395: found /usr/bin/awk
configure:4405: result: awk
configure:4415: checking whether make sets $(MAKE)
configure:4435: result: yes
configure:4465: checking for style of include used by make
configure:4493: result: GNU
configure:4674: checking dependency style of clang
configure:4764: result: none
configure:4783: checking dependency style of clang++
configure:4873: result: none
configure:4891: checking whether to enable maintainer-specific portions of Makefiles
configure:4900: result: no
configure:5348: checking host system type
configure:5362: result: x86_64-apple-darwin21.6.0
configure:5370: checking for a sed that does not truncate output
configure:5424: result: /usr/bin/sed
configure:5438: checking for ld used by clang
configure:5505: result: /Library/Developer/CommandLineTools/usr/bin/ld
configure:5514: checking if the linker (/Library/Developer/CommandLineTools/usr/bin/ld) is GNU ld
configure:5529: result: no
configure:5534: checking for /Library/Developer/CommandLineTools/usr/bin/ld option to reload object files
configure:5541: result: -r
configure:5559: checking for BSD-compatible nm
configure:5608: result: /usr/bin/nm -B
configure:5612: checking how to recognise dependent libraries
configure:5788: result: pass_all
configure:6024: checking how to run the C preprocessor
configure:6059: clang -E  conftest.c
configure:6065: $? = 0
configure:6097: clang -E  conftest.c
conftest.c:20:10: fatal error: 'ac_nonexistent.h' file not found
#include <ac_nonexistent.h>
         ^~~~~~~~~~~~~~~~~~
1 error generated.
configure:6103: $? = 1
configure: failed program was:
| /* confdefs.h.  */
| 
| #define PACKAGE_NAME "Cgl"
| #define PACKAGE_TARNAME "cgl"
| #define PACKAGE_VERSION "0.60.9"
| #define PACKAGE_STRING "Cgl 0.60.9"
| #define PACKAGE_BUGREPORT "cgl@list.coin-or.org"
| #define CGL_VERSION "0.60.9"
| #define CGL_VERSION_MAJOR 0
| #define CGL_VERSION_MINOR 60
| #define CGL_VERSION_RELEASE 9
| #define COIN_CGL_VERBOSITY 0
| #define COIN_CGL_CHECKLEVEL 0
| #ifdef __cplusplus
| extern "C" void exit (int);
| #endif
| #define PACKAGE "cgl"
| #define VERSION "0.60.9"
| /* end confdefs.h.  */
| #include <ac_nonexistent.h>
configure:6142: result: clang -E
configure:6166: clang -E  conftest.c
configure:6172: $? = 0
configure:6204: clang -E  conftest.c
conftest.c:20:10: fatal error: 'ac_nonexistent.h' file not found
#include <ac_nonexistent.h>
         ^~~~~~~~~~~~~~~~~~
1 error generated.
configure:6210: $? = 1
configure: failed program was:
| /* confdefs.h.  */
| 
| #define PACKAGE_NAME "Cgl"
| #define PACKAGE_TARNAME "cgl"
| #define PACKAGE_VERSION "0.60.9"
| #define PACKAGE_STRING "Cgl 0.60.9"
| #define PACKAGE_BUGREPORT "cgl@list.coin-or.org"
| #define CGL_VERSION "0.60.9"
| #define CGL_VERSION_MAJOR 0
| #define CGL_VERSION_MINOR 60
| #define CGL_VERSION_RELEASE 9
| #define COIN_CGL_VERBOSITY 0
| #define COIN_CGL_CHECKLEVEL 0
| #ifdef __cplusplus
| extern "C" void exit (int);
| #endif
| #define PACKAGE "cgl"
| #define VERSION "0.60.9"
| /* end confdefs.h.  */
| #include <ac_nonexistent.h>
configure:6254: checking for ANSI C header files
configure:6279: clang -c -O3 -pipe -DNDEBUG -Wimplicit -Wparentheses -Wsequence-point -Wreturn-type -Wcast-qual -Wall -Wno-unknown-pragmas -Wno-long-long   -DCGL_BUILD  conftest.c >&5
configure:6285: $? = 0
configure:6289: test -z 
			 || test ! -s conftest.err
configure:6292: $? = 0
configure:6295: test -s conftest.o
configure:6298: $? = 0
configure:6387: clang -o conftest -O3 -pipe -DNDEBUG -Wimplicit -Wparentheses -Wsequence-point -Wreturn-type -Wcast-qual -Wall -Wno-unknown-pragmas -Wno-long-long   -DCGL_BUILD   conftest.c  >&5
conftest.c:37:7: error: implicitly declaring library function 'exit' with type 'void (int) __attribute__((noreturn))' [-Werror,-Wimplicit-function-declaration]
      exit(2);
      ^
conftest.c:37:7: note: include the header <stdlib.h> or explicitly provide a declaration for 'exit'
1 error generated.
configure:6390: $? = 1
configure: program exited with status 1
configure: failed program was:
| /* confdefs.h.  */
| 
| #define PACKAGE_NAME "Cgl"
| #define PACKAGE_TARNAME "cgl"
| #define PACKAGE_VERSION "0.60.9"
| #define PACKAGE_STRING "Cgl 0.60.9"
| #define PACKAGE_BUGREPORT "cgl@list.coin-or.org"
| #define CGL_VERSION "0.60.9"
| #define CGL_VERSION_MAJOR 0
| #define CGL_VERSION_MINOR 60
| #define CGL_VERSION_RELEASE 9
| #define COIN_CGL_VERBOSITY 0
| #define COIN_CGL_CHECKLEVEL 0
| #ifdef __cplusplus
| extern "C" void exit (int);
| #endif
| #define PACKAGE "cgl"
| #define VERSION "0.60.9"
| /* end confdefs.h.  */
| #include <ctype.h>
| #if ((' ' & 0x0FF) == 0x020)
| # define ISLOWER(c) ('a' <= (c) && (c) <= 'z')
| # define TOUPPER(c) (ISLOWER(c) ? 'A' + ((c) - 'a') : (c))
| #else
| # define ISLOWER(c) 		   (('a' <= (c) && (c) <= 'i') 		     || ('j' <= (c) && (c) <= 'r') 		     || ('s' <= (c) && (c) <= 'z'))
| # define TOUPPER(c) (ISLOWER(c) ? ((c) | 0x40) : (c))
| #endif
| 
| #define XOR(e, f) (((e) && !(f)) || (!(e) && (f)))
| int
| main ()
| {
|   int i;
|   for (i = 0; i < 256; i++)
|     if (XOR (islower (i), ISLOWER (i))
| 	|| toupper (i) != TOUPPER (i))
|       exit(2);
|   exit (0);
| }
configure:6410: result: no
configure:6434: checking for sys/types.h
configure:6450: clang -c -O3 -pipe -DNDEBUG -Wimplicit -Wparentheses -Wsequence-point -Wreturn-type -Wcast-qual -Wall -Wno-unknown-pragmas -Wno-long-long   -DCGL_BUILD  conftest.c >&5
configure:6456: $? = 0
configure:6460: test -z 
			 || test ! -s conftest.err
configure:6463: $? = 0
configure:6466: test -s conftest.o
configure:6469: $? = 0
configure:6480: result: yes
configure:6434: checking for sys/stat.h
configure:6450: clang -c -O3 -pipe -DNDEBUG -Wimplicit -Wparentheses -Wsequence-point -Wreturn-type -Wcast-qual -Wall -Wno-unknown-pragmas -Wno-long-long   -DCGL_BUILD  conftest.c >&5
configure:6456: $? = 0
configure:6460: test -z 
			 || test ! -s conftest.err
configure:6463: $? = 0
configure:6466: test -s conftest.o
configure:6469: $? = 0
configure:6480: result: yes
configure:6434: checking for stdlib.h
configure:6450: clang -c -O3 -pipe -DNDEBUG -Wimplicit -Wparentheses -Wsequence-point -Wreturn-type -Wcast-qual -Wall -Wno-unknown-pragmas -Wno-long-long   -DCGL_BUILD  conftest.c >&5
configure:6456: $? = 0
configure:6460: test -z 
			 || test ! -s conftest.err
configure:6463: $? = 0
configure:6466: test -s conftest.o
configure:6469: $? = 0
configure:6480: result: yes
configure:6434: checking for string.h
configure:6450: clang -c -O3 -pipe -DNDEBUG -Wimplicit -Wparentheses -Wsequence-point -Wreturn-type -Wcast-qual -Wall -Wno-unknown-pragmas -Wno-long-long   -DCGL_BUILD  conftest.c >&5
configure:6456: $? = 0
configure:6460: test -z 
			 || test ! -s conftest.err
configure:6463: $? = 0
configure:6466: test -s conftest.o
configure:6469: $? = 0
configure:6480: result: yes
configure:6434: checking for memory.h
configure:6450: clang -c -O3 -pipe -DNDEBUG -Wimplicit -Wparentheses -Wsequence-point -Wreturn-type -Wcast-qual -Wall -Wno-unknown-pragmas -Wno-long-long   -DCGL_BUILD  conftest.c >&5
configure:6456: $? = 0
configure:6460: test -z 
			 || test ! -s conftest.err
configure:6463: $? = 0
configure:6466: test -s conftest.o
configure:6469: $? = 0
configure:6480: result: yes
configure:6434: checking for strings.h
configure:6450: clang -c -O3 -pipe -DNDEBUG -Wimplicit -Wparentheses -Wsequence-point -Wreturn-type -Wcast-qual -Wall -Wno-unknown-pragmas -Wno-long-long   -DCGL_BUILD  conftest.c >&5
configure:6456: $? = 0
configure:6460: test -z 
			 || test ! -s conftest.err
configure:6463: $? = 0
configure:6466: test -s conftest.o
configure:6469: $? = 0
configure:6480: result: yes
configure:6434: checking for inttypes.h
configure:6450: clang -c -O3 -pipe -DNDEBUG -Wimplicit -Wparentheses -Wsequence-point -Wreturn-type -Wcast-qual -Wall -Wno-unknown-pragmas -Wno-long-long   -DCGL_BUILD  conftest.c >&5
configure:6456: $? = 0
configure:6460: test -z 
			 || test ! -s conftest.err
configure:6463: $? = 0
configure:6466: test -s conftest.o
configure:6469: $? = 0
configure:6480: result: yes
configure:6434: checking for stdint.h
configure:6450: clang -c -O3 -pipe -DNDEBUG -Wimplicit -Wparentheses -Wsequence-point -Wreturn-type -Wcast-qual -Wall -Wno-unknown-pragmas -Wno-long-long   -DCGL_BUILD  conftest.c >&5
configure:6456: $? = 0
configure:6460: test -z 
			 || test ! -s conftest.err
configure:6463: $? = 0
configure:6466: test -s conftest.o
configure:6469: $? = 0
configure:6480: result: yes
configure:6434: checking for unistd.h
configure:6450: clang -c -O3 -pipe -DNDEBUG -Wimplicit -Wparentheses -Wsequence-point -Wreturn-type -Wcast-qual -Wall -Wno-unknown-pragmas -Wno-long-long   -DCGL_BUILD  conftest.c >&5
configure:6456: $? = 0
configure:6460: test -z 
			 || test ! -s conftest.err
configure:6463: $? = 0
configure:6466: test -s conftest.o
configure:6469: $? = 0
configure:6480: result: yes
configure:6506: checking dlfcn.h usability
configure:6518: clang -c -O3 -pipe -DNDEBUG -Wimplicit -Wparentheses -Wsequence-point -Wreturn-type -Wcast-qual -Wall -Wno-unknown-pragmas -Wno-long-long   -DCGL_BUILD  conftest.c >&5
configure:6524: $? = 0
configure:6528: test -z 
			 || test ! -s conftest.err
configure:6531: $? = 0
configure:6534: test -s conftest.o
configure:6537: $? = 0
configure:6547: result: yes
configure:6551: checking dlfcn.h presence
configure:6561: clang -E  conftest.c
configure:6567: $? = 0
configure:6587: result: yes
configure:6622: checking for dlfcn.h
configure:6629: result: yes
configure:6652: checking how to run the C++ preprocessor
configure:6683: clang++ -E  conftest.cc
configure:6689: $? = 0
configure:6721: clang++ -E  conftest.cc
conftest.cc:30:10: fatal error: 'ac_nonexistent.h' file not found
#include <ac_nonexistent.h>
         ^~~~~~~~~~~~~~~~~~
1 error generated.
configure:6727: $? = 1
configure: failed program was:
| /* confdefs.h.  */
| 
| #define PACKAGE_NAME "Cgl"
| #define PACKAGE_TARNAME "cgl"
| #define PACKAGE_VERSION "0.60.9"
| #define PACKAGE_STRING "Cgl 0.60.9"
| #define PACKAGE_BUGREPORT "cgl@list.coin-or.org"
| #define CGL_VERSION "0.60.9"
| #define CGL_VERSION_MAJOR 0
| #define CGL_VERSION_MINOR 60
| #define CGL_VERSION_RELEASE 9
| #define COIN_CGL_VERBOSITY 0
| #define COIN_CGL_CHECKLEVEL 0
| #ifdef __cplusplus
| extern "C" void exit (int);
| #endif
| #define PACKAGE "cgl"
| #define VERSION "0.60.9"
| #define HAVE_SYS_TYPES_H 1
| #define HAVE_SYS_STAT_H 1
| #define HAVE_STDLIB_H 1
| #define HAVE_STRING_H 1
| #define HAVE_MEMORY_H 1
| #define HAVE_STRINGS_H 1
| #define HAVE_INTTYPES_H 1
| #define HAVE_STDINT_H 1
| #define HAVE_UNISTD_H 1
| #define HAVE_DLFCN_H 1
| /* end confdefs.h.  */
| #include <ac_nonexistent.h>
configure:6766: result: clang++ -E
configure:6790: clang++ -E  conftest.cc
configure:6796: $? = 0
configure:6828: clang++ -E  conftest.cc
conftest.cc:30:10: fatal error: 'ac_nonexistent.h' file not found
#include <ac_nonexistent.h>
         ^~~~~~~~~~~~~~~~~~
1 error generated.
configure:6834: $? = 1
configure: failed program was:
| /* confdefs.h.  */
| 
| #define PACKAGE_NAME "Cgl"
| #define PACKAGE_TARNAME "cgl"
| #define PACKAGE_VERSION "0.60.9"
| #define PACKAGE_STRING "Cgl 0.60.9"
| #define PACKAGE_BUGREPORT "cgl@list.coin-or.org"
| #define CGL_VERSION "0.60.9"
| #define CGL_VERSION_MAJOR 0
| #define CGL_VERSION_MINOR 60
| #define CGL_VERSION_RELEASE 9
| #define COIN_CGL_VERBOSITY 0
| #define COIN_CGL_CHECKLEVEL 0
| #ifdef __cplusplus
| extern "C" void exit (int);
| #endif
| #define PACKAGE "cgl"
| #define VERSION "0.60.9"
| #define HAVE_SYS_TYPES_H 1
| #define HAVE_SYS_STAT_H 1
| #define HAVE_STDLIB_H 1
| #define HAVE_STRING_H 1
| #define HAVE_MEMORY_H 1
| #define HAVE_STRINGS_H 1
| #define HAVE_INTTYPES_H 1
| #define HAVE_STDINT_H 1
| #define HAVE_UNISTD_H 1
| #define HAVE_DLFCN_H 1
| /* end confdefs.h.  */
| #include <ac_nonexistent.h>
configure:6930: checking for g77
configure:6959: result: no
configure:6930: checking for f77
configure:6959: result: no
configure:6930: checking for xlf
configure:6959: result: no
configure:6930: checking for frt
configure:6959: result: no
configure:6930: checking for pgf77
configure:6959: result: no
configure:6930: checking for fort77
configure:6959: result: no
configure:6930: checking for fl32
configure:6959: result: no
configure:6930: checking for af77
configure:6959: result: no
configure:6930: checking for f90
configure:6959: result: no
configure:6930: checking for xlf90
configure:6959: result: no
configure:6930: checking for pgf90
configure:6959: result: no
configure:6930: checking for epcf90
configure:6959: result: no
configure:6930: checking for f95
configure:6959: result: no
configure:6930: checking for fort
configure:6959: result: no
configure:6930: checking for xlf95
configure:6959: result: no
configure:6930: checking for ifc
configure:6959: result: no
configure:6930: checking for efc
configure:6959: result: no
configure:6930: checking for pgf95
configure:6959: result: no
configure:6930: checking for lf95
configure:6959: result: no
configure:6930: checking for gfortran
configure:6959: result: no
configure:6971: checking for Fortran 77 compiler version
configure:6974:  --version </dev/null >&5
/Users/hiruse/Desktop/menu-app/Cgl/Cgl/configure: line 6975: --version: command not found
configure:6977: $? = 127
configure:6979:  -v </dev/null >&5
/Users/hiruse/Desktop/menu-app/Cgl/Cgl/configure: line 6980: -v: command not found
configure:6982: $? = 127
configure:6984:  -V </dev/null >&5
/Users/hiruse/Desktop/menu-app/Cgl/Cgl/configure: line 6985: -V: command not found
configure:6987: $? = 127
configure:6995: checking whether we are using the GNU Fortran 77 compiler
configure:7009:  -c  conftest.F >&5
/Users/hiruse/Desktop/menu-app/Cgl/Cgl/configure: line 7010: -c: command not found
configure:7015: $? = 127
configure: failed program was:
|       program main
| #ifndef __GNUC__
|        choke me
| #endif
| 
|       end
configure:7041: result: no
configure:7047: checking whether  accepts -g
configure:7059:  -c -g conftest.f >&5
/Users/hiruse/Desktop/menu-app/Cgl/Cgl/configure: line 7060: -c: command not found
configure:7065: $? = 127
configure: failed program was:
|       program main
| 
|       end
configure:7090: result: no
configure:7120: checking the maximum length of command line arguments
configure:7229: result: 786432
configure:7240: checking command to parse /usr/bin/nm -B output from clang object
configure:7345: clang -c -O3 -pipe -DNDEBUG -Wimplicit -Wparentheses -Wsequence-point -Wreturn-type -Wcast-qual -Wall -Wno-unknown-pragmas -Wno-long-long   -DCGL_BUILD  conftest.c >&5
configure:7348: $? = 0
configure:7352: /usr/bin/nm -B conftest.o \| sed -n -e 's/^.*[ 	]\([ABCDGIRSTW][ABCDGIRSTW]*\)[ 	][ 	]*\([_A-Za-z][_A-Za-z0-9]*\)$/\1 \2 \2/p' \> conftest.nm
configure:7355: $? = 0
cannot find nm_test_var in conftest.nm
configure:7345: clang -c -O3 -pipe -DNDEBUG -Wimplicit -Wparentheses -Wsequence-point -Wreturn-type -Wcast-qual -Wall -Wno-unknown-pragmas -Wno-long-long   -DCGL_BUILD  conftest.c >&5
configure:7348: $? = 0
configure:7352: /usr/bin/nm -B conftest.o \| sed -n -e 's/^.*[ 	]\([ABCDGIRSTW][ABCDGIRSTW]*\)[ 	][ 	]*_\([_A-Za-z][_A-Za-z0-9]*\)$/\1 _\2 \2/p' \> conftest.nm
configure:7355: $? = 0
configure:7407: clang -o conftest -O3 -pipe -DNDEBUG -Wimplicit -Wparentheses -Wsequence-point -Wreturn-type -Wcast-qual -Wall -Wno-unknown-pragmas -Wno-long-long   -DCGL_BUILD   conftest.c conftstm.o >&5
configure:7410: $? = 0
configure:7448: result: ok
configure:7452: checking for objdir
configure:7467: result: .libs
configure:7557: checking for ar
configure:7573: found /usr/bin/ar
configure:7584: result: ar
configure:7637: checking for ranlib
configure:7653: found /usr/bin/ranlib
configure:7664: result: ranlib
configure:7717: checking for strip
configure:7733: found /usr/bin/strip
configure:7744: result: strip
configure:8020: checking if clang supports -fno-rtti -fno-exceptions
configure:8038: clang -c -O3 -pipe -DNDEBUG -Wimplicit -Wparentheses -Wsequence-point -Wreturn-type -Wcast-qual -Wall -Wno-unknown-pragmas -Wno-long-long   -DCGL_BUILD  -fno-rtti -fno-exceptions conftest.c >&5
configure:8042: $? = 0
configure:8055: result: yes
configure:8070: checking for clang option to produce PIC
configure:8280: result: -fno-common
configure:8288: checking if clang PIC flag -fno-common works
configure:8306: clang -c -O3 -pipe -DNDEBUG -Wimplicit -Wparentheses -Wsequence-point -Wreturn-type -Wcast-qual -Wall -Wno-unknown-pragmas -Wno-long-long   -DCGL_BUILD  -fno-common -DPIC conftest.c >&5
configure:8310: $? = 0
configure:8323: result: yes
configure:8351: checking if clang static flag -static works
configure:8379: result: no
configure:8389: checking if clang supports -c -o file.o
configure:8410: clang -c -O3 -pipe -DNDEBUG -Wimplicit -Wparentheses -Wsequence-point -Wreturn-type -Wcast-qual -Wall -Wno-unknown-pragmas -Wno-long-long   -DCGL_BUILD  -o out/conftest2.o conftest.c >&5
configure:8414: $? = 0
configure:8436: result: yes
configure:8462: checking whether the clang linker (/Library/Developer/CommandLineTools/usr/bin/ld) supports shared libraries
configure:9420: result: yes
configure:9487: checking dynamic linker characteristics
configure:10075: result: darwin21.6.0 dyld
configure:10084: checking how to hardcode library paths into programs
configure:10109: result: immediate
configure:10123: checking whether stripping libraries is possible
configure:10136: result: yes
configure:10962: checking if libtool supports shared libraries
configure:10964: result: yes
configure:10967: checking whether to build shared libraries
configure:10988: result: yes
configure:10991: checking whether to build static libraries
configure:10995: result: no
configure:11087: creating libtool
configure:11675: checking for ld used by clang++
configure:11742: result: /Library/Developer/CommandLineTools/usr/bin/ld
configure:11751: checking if the linker (/Library/Developer/CommandLineTools/usr/bin/ld) is GNU ld
configure:11766: result: no
configure:11817: checking whether the clang++ linker (/Library/Developer/CommandLineTools/usr/bin/ld) supports shared libraries
configure:12755: result: yes
configure:12777: clang++ -c -O3 -pipe -DNDEBUG -Wparentheses -Wreturn-type -Wcast-qual -Wall -Wpointer-arith -Wwrite-strings -Wconversion -Wno-unknown-pragmas -Wno-long-long   -DCGL_BUILD  conftest.cpp >&5
configure:12780: $? = 0
configure:12899: checking for clang++ option to produce PIC
configure:13173: result: -fno-common
configure:13181: checking if clang++ PIC flag -fno-common works
configure:13199: clang++ -c -O3 -pipe -DNDEBUG -Wparentheses -Wreturn-type -Wcast-qual -Wall -Wpointer-arith -Wwrite-strings -Wconversion -Wno-unknown-pragmas -Wno-long-long   -DCGL_BUILD  -fno-common -DPIC conftest.cpp >&5
configure:13203: $? = 0
configure:13216: result: yes
configure:13244: checking if clang++ static flag -static works
configure:13272: result: no
configure:13282: checking if clang++ supports -c -o file.o
configure:13303: clang++ -c -O3 -pipe -DNDEBUG -Wparentheses -Wreturn-type -Wcast-qual -Wall -Wpointer-arith -Wwrite-strings -Wconversion -Wno-unknown-pragmas -Wno-long-long   -DCGL_BUILD  -o out/conftest2.o conftest.cpp >&5
configure:13307: $? = 0
configure:13329: result: yes
configure:13355: checking whether the clang++ linker (/Library/Developer/CommandLineTools/usr/bin/ld) supports shared libraries
configure:13380: result: yes
configure:13447: checking dynamic linker characteristics
configure:14035: result: darwin21.6.0 dyld
configure:14044: checking how to hardcode library paths into programs
configure:14069: result: immediate
configure:20242: Build is "x86_64-apple-darwin21.6.0".
configure:20246: checking for dos2unix
configure:20275: result: no
configure:20535: checking if library version is set
configure:20539: result: 11:9:10
configure:20612: checking for pkg-config
configure:20628: found /usr/local/bin/pkg-config
configure:20638: result: pkg-config
configure:20653: checking pkg-config is at least version 0.16.0
configure:20656: result: yes
configure:20763: checking for COIN-OR package CoinUtils
configure:20905: result: yes: 2.11.12 
configure:21279: checking for COIN-OR package Osi
configure:21421: result: yes: 0.108.11 
configure:21795: checking for COIN-OR package Sample
configure:21926: result: yes: 1.2.13 
configure:22277: checking for COIN-OR package Clp
configure:22419: result: yes: 1.17.10 
configure:22787: checking for COIN-OR package OsiClp
configure:22929: result: yes: 1.17.10 
configure:23306: checking for COIN-OR package OsiCpx
configure:23455: result: not given: Package 'osi-cplex' not found
configure:23786: checking for COIN-OR package OsiGlpk
configure:23935: result: not given: Package 'osi-glpk' not found
configure:24267: checking for COIN-OR package OsiMsk
configure:24416: result: not given: Package 'osi-mosek' not found
configure:24747: checking for COIN-OR package OsiXpr
configure:24896: result: not given: Package 'osi-xpress' not found
configure:25227: checking for COIN-OR package OsiVol
configure:25376: result: not given: Package 'osi-vol' not found
configure:25707: checking for COIN-OR package OsiDyLP
configure:25856: result: not given: Package 'osi-dylp' not found
configure:26219: checking cmath usability
configure:26231: clang++ -c -O3 -pipe -DNDEBUG -Wparentheses -Wreturn-type -Wcast-qual -Wall -Wpointer-arith -Wwrite-strings -Wconversion -Wno-unknown-pragmas -Wno-long-long   -DCGL_BUILD  conftest.cc >&5
configure:26237: $? = 0
configure:26241: test -z 
			 || test ! -s conftest.err
configure:26244: $? = 0
configure:26247: test -s conftest.o
configure:26250: $? = 0
configure:26260: result: yes
configure:26264: checking cmath presence
configure:26274: clang++ -E  conftest.cc
configure:26280: $? = 0
configure:26300: result: yes
configure:26335: checking for cmath
configure:26342: result: yes
configure:26548: checking cfloat usability
configure:26560: clang++ -c -O3 -pipe -DNDEBUG -Wparentheses -Wreturn-type -Wcast-qual -Wall -Wpointer-arith -Wwrite-strings -Wconversion -Wno-unknown-pragmas -Wno-long-long   -DCGL_BUILD  conftest.cc >&5
configure:26566: $? = 0
configure:26570: test -z 
			 || test ! -s conftest.err
configure:26573: $? = 0
configure:26576: test -s conftest.o
configure:26579: $? = 0
configure:26589: result: yes
configure:26593: checking cfloat presence
configure:26603: clang++ -E  conftest.cc
configure:26609: $? = 0
configure:26629: result: yes
configure:26664: checking for cfloat
configure:26671: result: yes
configure:26877: checking cieeefp usability
configure:26889: clang++ -c -O3 -pipe -DNDEBUG -Wparentheses -Wreturn-type -Wcast-qual -Wall -Wpointer-arith -Wwrite-strings -Wconversion -Wno-unknown-pragmas -Wno-long-long   -DCGL_BUILD  conftest.cc >&5
conftest.cc:71:10: fatal error: 'cieeefp' file not found
#include <cieeefp>
         ^~~~~~~~~
1 error generated.
configure:26895: $? = 1
configure: failed program was:
| /* confdefs.h.  */
| 
| #define PACKAGE_NAME "Cgl"
| #define PACKAGE_TARNAME "cgl"
| #define PACKAGE_VERSION "0.60.9"
| #define PACKAGE_STRING "Cgl 0.60.9"
| #define PACKAGE_BUGREPORT "cgl@list.coin-or.org"
| #define CGL_VERSION "0.60.9"
| #define CGL_VERSION_MAJOR 0
| #define CGL_VERSION_MINOR 60
| #define CGL_VERSION_RELEASE 9
| #define COIN_CGL_VERBOSITY 0
| #define COIN_CGL_CHECKLEVEL 0
| #ifdef __cplusplus
| extern "C" void exit (int);
| #endif
| #define PACKAGE "cgl"
| #define VERSION "0.60.9"
| #define HAVE_SYS_TYPES_H 1
| #define HAVE_SYS_STAT_H 1
| #define HAVE_STDLIB_H 1
| #define HAVE_STRING_H 1
| #define HAVE_MEMORY_H 1
| #define HAVE_STRINGS_H 1
| #define HAVE_INTTYPES_H 1
| #define HAVE_STDINT_H 1
| #define HAVE_UNISTD_H 1
| #define HAVE_DLFCN_H 1
| #define COIN_HAS_COINUTILS 1
| #define COIN_HAS_OSI 1
| #define COIN_HAS_SAMPLE 1
| #define COIN_HAS_CLP 1
| #define COIN_HAS_OSICLP 1
| #define HAVE_CMATH 1
| #define HAVE_CFLOAT 1
| /* end confdefs.h.  */
| #include <stdio.h>
| #if HAVE_SYS_TYPES_H
| # include <sys/types.h>
| #endif
| #if HAVE_SYS_STAT_H
| # include <sys/stat.h>
| #endif
| #if STDC_HEADERS
| # include <stdlib.h>
| # include <stddef.h>
| #else
| # if HAVE_STDLIB_H
| #  include <stdlib.h>
| # endif
| #endif
| #if HAVE_STRING_H
| # if !STDC_HEADERS && HAVE_MEMORY_H
| #  include <memory.h>
| # endif
| # include <string.h>
| #endif
| #if HAVE_STRINGS_H
| # include <strings.h>
| #endif
| #if HAVE_INTTYPES_H
| # include <inttypes.h>
| #else
| # if HAVE_STDINT_H
| #  include <stdint.h>
| # endif
| #endif
| #if HAVE_UNISTD_H
| # include <unistd.h>
| #endif
| #include <cieeefp>
configure:26918: result: no
configure:26922: checking cieeefp presence
configure:26932: clang++ -E  conftest.cc
conftest.cc:37:10: fatal error: 'cieeefp' file not found
#include <cieeefp>
         ^~~~~~~~~
1 error generated.
configure:26938: $? = 1
configure: failed program was:
| /* confdefs.h.  */
| 
| #define PACKAGE_NAME "Cgl"
| #define PACKAGE_TARNAME "cgl"
| #define PACKAGE_VERSION "0.60.9"
| #define PACKAGE_STRING "Cgl 0.60.9"
| #define PACKAGE_BUGREPORT "cgl@list.coin-or.org"
| #define CGL_VERSION "0.60.9"
| #define CGL_VERSION_MAJOR 0
| #define CGL_VERSION_MINOR 60
| #define CGL_VERSION_RELEASE 9
| #define COIN_CGL_VERBOSITY 0
| #define COIN_CGL_CHECKLEVEL 0
| #ifdef __cplusplus
| extern "C" void exit (int);
| #endif
| #define PACKAGE "cgl"
| #define VERSION "0.60.9"
| #define HAVE_SYS_TYPES_H 1
| #define HAVE_SYS_STAT_H 1
| #define HAVE_STDLIB_H 1
| #define HAVE_STRING_H 1
| #define HAVE_MEMORY_H 1
| #define HAVE_STRINGS_H 1
| #define HAVE_INTTYPES_H 1
| #define HAVE_STDINT_H 1
| #define HAVE_UNISTD_H 1
| #define HAVE_DLFCN_H 1
| #define COIN_HAS_COINUTILS 1
| #define COIN_HAS_OSI 1
| #define COIN_HAS_SAMPLE 1
| #define COIN_HAS_CLP 1
| #define COIN_HAS_OSICLP 1
| #define HAVE_CMATH 1
| #define HAVE_CFLOAT 1
| /* end confdefs.h.  */
| #include <cieeefp>
configure:26958: result: no
configure:26993: checking for cieeefp
configure:27000: result: no
configure:27035: checking ieeefp.h usability
configure:27047: clang++ -c -O3 -pipe -DNDEBUG -Wparentheses -Wreturn-type -Wcast-qual -Wall -Wpointer-arith -Wwrite-strings -Wconversion -Wno-unknown-pragmas -Wno-long-long   -DCGL_BUILD  conftest.cc >&5
conftest.cc:71:10: fatal error: 'ieeefp.h' file not found
#include <ieeefp.h>
         ^~~~~~~~~~
1 error generated.
configure:27053: $? = 1
configure: failed program was:
| /* confdefs.h.  */
| 
| #define PACKAGE_NAME "Cgl"
| #define PACKAGE_TARNAME "cgl"
| #define PACKAGE_VERSION "0.60.9"
| #define PACKAGE_STRING "Cgl 0.60.9"
| #define PACKAGE_BUGREPORT "cgl@list.coin-or.org"
| #define CGL_VERSION "0.60.9"
| #define CGL_VERSION_MAJOR 0
| #define CGL_VERSION_MINOR 60
| #define CGL_VERSION_RELEASE 9
| #define COIN_CGL_VERBOSITY 0
| #define COIN_CGL_CHECKLEVEL 0
| #ifdef __cplusplus
| extern "C" void exit (int);
| #endif
| #define PACKAGE "cgl"
| #define VERSION "0.60.9"
| #define HAVE_SYS_TYPES_H 1
| #define HAVE_SYS_STAT_H 1
| #define HAVE_STDLIB_H 1
| #define HAVE_STRING_H 1
| #define HAVE_MEMORY_H 1
| #define HAVE_STRINGS_H 1
| #define HAVE_INTTYPES_H 1
| #define HAVE_STDINT_H 1
| #define HAVE_UNISTD_H 1
| #define HAVE_DLFCN_H 1
| #define COIN_HAS_COINUTILS 1
| #define COIN_HAS_OSI 1
| #define COIN_HAS_SAMPLE 1
| #define COIN_HAS_CLP 1
| #define COIN_HAS_OSICLP 1
| #define HAVE_CMATH 1
| #define HAVE_CFLOAT 1
| /* end confdefs.h.  */
| #include <stdio.h>
| #if HAVE_SYS_TYPES_H
| # include <sys/types.h>
| #endif
| #if HAVE_SYS_STAT_H
| # include <sys/stat.h>
| #endif
| #if STDC_HEADERS
| # include <stdlib.h>
| # include <stddef.h>
| #else
| # if HAVE_STDLIB_H
| #  include <stdlib.h>
| # endif
| #endif
| #if HAVE_STRING_H
| # if !STDC_HEADERS && HAVE_MEMORY_H
| #  include <memory.h>
| # endif
| # include <string.h>
| #endif
| #if HAVE_STRINGS_H
| # include <strings.h>
| #endif
| #if HAVE_INTTYPES_H
| # include <inttypes.h>
| #else
| # if HAVE_STDINT_H
| #  include <stdint.h>
| # endif
| #endif
| #if HAVE_UNISTD_H
| # include <unistd.h>
| #endif
| #include <ieeefp.h>
configure:27076: result: no
configure:27080: checking ieeefp.h presence
configure:27090: clang++ -E  conftest.cc
conftest.cc:37:10: fatal error: 'ieeefp.h' file not found
#include <ieeefp.h>
         ^~~~~~~~~~
1 error generated.
configure:27096: $? = 1
configure: failed program was:
| /* confdefs.h.  */
| 
| #define PACKAGE_NAME "Cgl"
| #define PACKAGE_TARNAME "cgl"
| #define PACKAGE_VERSION "0.60.9"
| #define PACKAGE_STRING "Cgl 0.60.9"
| #define PACKAGE_BUGREPORT "cgl@list.coin-or.org"
| #define CGL_VERSION "0.60.9"
| #define CGL_VERSION_MAJOR 0
| #define CGL_VERSION_MINOR 60
| #define CGL_VERSION_RELEASE 9
| #define COIN_CGL_VERBOSITY 0
| #define COIN_CGL_CHECKLEVEL 0
| #ifdef __cplusplus
| extern "C" void exit (int);
| #endif
| #define PACKAGE "cgl"
| #define VERSION "0.60.9"
| #define HAVE_SYS_TYPES_H 1
| #define HAVE_SYS_STAT_H 1
| #define HAVE_STDLIB_H 1
| #define HAVE_STRING_H 1
| #define HAVE_MEMORY_H 1
| #define HAVE_STRINGS_H 1
| #define HAVE_INTTYPES_H 1
| #define HAVE_STDINT_H 1
| #define HAVE_UNISTD_H 1
| #define HAVE_DLFCN_H 1
| #define COIN_HAS_COINUTILS 1
| #define COIN_HAS_OSI 1
| #define COIN_HAS_SAMPLE 1
| #define COIN_HAS_CLP 1
| #define COIN_HAS_OSICLP 1
| #define HAVE_CMATH 1
| #define HAVE_CFLOAT 1
| /* end confdefs.h.  */
| #include <ieeefp.h>
configure:27116: result: no
configure:27151: checking for ieeefp.h
configure:27158: result: no
configure:27210: configuring doxygen documentation options
configure:27217: checking for doxygen
configure:27244: result: no
configure:27253: checking for latex
configure:27280: result: no
configure:27308: checking for dot
configure:27335: result: NO
configure:27386: checking for doxygen doc'n for CoinUtils 
configure:27418: result: /Users/hiruse/cbc/share/coin/doc/CoinUtils/doxydoc (tag)
configure:27433: checking whether this is a VPATH configuration
configure:27440: result: yes
configure:27470: checking which command should be used to link input files
configure:27478: result: ln -s
configure:27861: creating ./config.status

## ---------------------- ##
## Running config.status. ##
## ---------------------- ##

This file was extended by Cgl config.status 0.60.9, which was
generated by GNU Autoconf 2.59.  Invocation command line was

  CONFIG_FILES    = 
  CONFIG_HEADERS  = 
  CONFIG_LINKS    = 
  CONFIG_COMMANDS = 
  $ ./config.status 

on hirosemoehananoMacBook-Pro.local

config.status:910: creating Makefile
config.status:910: creating examples/Makefile
config.status:910: creating src/Makefile
config.status:910: creating src/CglAllDifferent/Makefile
config.status:910: creating src/CglClique/Makefile
config.status:910: creating src/CglDuplicateRow/Makefile
config.status:910: creating src/CglFlowCover/Makefile
config.status:910: creating src/CglGMI/Makefile
config.status:910: creating src/CglGomory/Makefile
config.status:910: creating src/CglKnapsackCover/Makefile
config.status:910: creating src/CglLandP/Makefile
config.status:910: creating src/CglLiftAndProject/Makefile
config.status:910: creating src/CglMixedIntegerRounding/Makefile
config.status:910: creating src/CglMixedIntegerRounding2/Makefile
config.status:910: creating src/CglOddHole/Makefile
config.status:910: creating src/CglPreProcess/Makefile
config.status:910: creating src/CglProbing/Makefile
config.status:910: creating src/CglRedSplit/Makefile
config.status:910: creating src/CglRedSplit2/Makefile
config.status:910: creating src/CglResidualCapacity/Makefile
config.status:910: creating src/CglSimpleRounding/Makefile
config.status:910: creating src/CglTwomir/Makefile
config.status:910: creating src/CglZeroHalf/Makefile
config.status:910: creating test/Makefile
config.status:910: creating cgl.pc
config.status:910: creating cgl-uninstalled.pc
config.status:910: creating doxydoc/doxygen.conf
config.status:1007: creating src/config.h
config.status:1007: creating src/config_cgl.h
config.status:1319: executing depfiles commands
configure:29374: Creating VPATH links for data files
configure:29422: In case of trouble, first consult the troubleshooting page at https://github.com/coin-or-tools/BuildTools/wiki/user-troubleshooting
configure:29425: Configuration of Cgl successful

## ---------------- ##
## Cache variables. ##
## ---------------- ##

ac_cv_build=x86_64-apple-darwin21.6.0
ac_cv_build_alias=x86_64-apple-darwin21.6.0
ac_cv_c_compiler_gnu=yes
ac_cv_cxx_compiler_gnu=yes
ac_cv_env_ADD_CFLAGS_set=
ac_cv_env_ADD_CFLAGS_value=
ac_cv_env_ADD_CXXFLAGS_set=
ac_cv_env_ADD_CXXFLAGS_value=
ac_cv_env_CC_set=
ac_cv_env_CC_value=
ac_cv_env_CDEFS_set=
ac_cv_env_CDEFS_value=
ac_cv_env_CFLAGS_set=
ac_cv_env_CFLAGS_value=
ac_cv_env_CPPFLAGS_set=
ac_cv_env_CPPFLAGS_value=
ac_cv_env_CPP_set=
ac_cv_env_CPP_value=
ac_cv_env_CXXCPP_set=
ac_cv_env_CXXCPP_value=
ac_cv_env_CXXDEFS_set=
ac_cv_env_CXXDEFS_value=
ac_cv_env_CXXFLAGS_set=
ac_cv_env_CXXFLAGS_value=
ac_cv_env_CXX_set=
ac_cv_env_CXX_value=
ac_cv_env_DBG_CFLAGS_set=
ac_cv_env_DBG_CFLAGS_value=
ac_cv_env_DBG_CXXFLAGS_set=
ac_cv_env_DBG_CXXFLAGS_value=
ac_cv_env_F77_set=
ac_cv_env_F77_value=
ac_cv_env_FFLAGS_set=
ac_cv_env_FFLAGS_value=
ac_cv_env_LDFLAGS_set=
ac_cv_env_LDFLAGS_value=
ac_cv_env_LT_LDFLAGS_set=
ac_cv_env_LT_LDFLAGS_value=
ac_cv_env_MPICC_set=
ac_cv_env_MPICC_value=
ac_cv_env_MPICXX_set=
ac_cv_env_MPICXX_value=
ac_cv_env_OPT_CFLAGS_set=
ac_cv_env_OPT_CFLAGS_value=
ac_cv_env_OPT_CXXFLAGS_set=
ac_cv_env_OPT_CXXFLAGS_value=
ac_cv_env_PKG_CONFIG_set=
ac_cv_env_PKG_CONFIG_value=
ac_cv_env_build_alias_set=
ac_cv_env_build_alias_value=
ac_cv_env_host_alias_set=
ac_cv_env_host_alias_value=
ac_cv_env_target_alias_set=
ac_cv_env_target_alias_value=
ac_cv_exeext=
ac_cv_f77_compiler_gnu=no
ac_cv_header_cfloat=yes
ac_cv_header_cieeefp=no
ac_cv_header_cmath=yes
ac_cv_header_dlfcn_h=yes
ac_cv_header_ieeefp_h=no
ac_cv_header_inttypes_h=yes
ac_cv_header_memory_h=yes
ac_cv_header_stdc=no
ac_cv_header_stdint_h=yes
ac_cv_header_stdlib_h=yes
ac_cv_header_string_h=yes
ac_cv_header_strings_h=yes
ac_cv_header_sys_stat_h=yes
ac_cv_header_sys_types_h=yes
ac_cv_header_unistd_h=yes
ac_cv_host=x86_64-apple-darwin21.6.0
ac_cv_host_alias=x86_64-apple-darwin21.6.0
ac_cv_objext=o
ac_cv_path_install='/usr/bin/install -c'
ac_cv_prog_AWK=awk
ac_cv_prog_CPP='clang -E'
ac_cv_prog_CXXCPP='clang++ -E'
ac_cv_prog_ac_ct_AR=ar
ac_cv_prog_ac_ct_CC=clang
ac_cv_prog_ac_ct_CXX=clang++
ac_cv_prog_ac_ct_PKG_CONFIG=pkg-config
ac_cv_prog_ac_ct_RANLIB=ranlib
ac_cv_prog_ac_ct_STRIP=strip
ac_cv_prog_cc_g=yes
ac_cv_prog_cc_stdc=
ac_cv_prog_coin_doxy_usedot=NO
ac_cv_prog_coin_have_doxygen=no
ac_cv_prog_coin_have_latex=no
ac_cv_prog_cxx_g=yes
ac_cv_prog_egrep='grep -E'
ac_cv_prog_f77_g=no
ac_cv_prog_have_svnversion=no
ac_cv_prog_make_make_set=yes
am_cv_CC_dependencies_compiler_type=none
am_cv_CXX_dependencies_compiler_type=none
lt_cv_deplibs_check_method=pass_all
lt_cv_file_magic_cmd='$MAGIC_CMD'
lt_cv_file_magic_test_file=
lt_cv_ld_reload_flag=-r
lt_cv_objdir=.libs
lt_cv_path_LD=/Library/Developer/CommandLineTools/usr/bin/ld
lt_cv_path_LDCXX=/Library/Developer/CommandLineTools/usr/bin/ld
lt_cv_path_NM='/usr/bin/nm -B'
lt_cv_path_SED=/usr/bin/sed
lt_cv_prog_compiler_c_o=yes
lt_cv_prog_compiler_c_o_CXX=yes
lt_cv_prog_compiler_rtti_exceptions=yes
lt_cv_prog_gnu_ld=no
lt_cv_prog_gnu_ldcxx=no
lt_cv_sys_global_symbol_pipe='sed -n -e '\''s/^.*[ 	]\([ABCDGIRSTW][ABCDGIRSTW]*\)[ 	][ 	]*_\([_A-Za-z][_A-Za-z0-9]*\)$/\1 _\2 \2/p'\'''
lt_cv_sys_global_symbol_to_c_name_address='sed -n -e '\''s/^: \([^ ]*\) $/  {\"\1\", (lt_ptr) 0},/p'\'' -e '\''s/^[BCDEGRST] \([^ ]*\) \([^ ]*\)$/  {"\2", (lt_ptr) \&\2},/p'\'''
lt_cv_sys_global_symbol_to_cdecl='sed -n -e '\''s/^. .* \(.*\)$/extern int \1;/p'\'''
lt_cv_sys_max_cmd_len=786432
lt_lt_cv_prog_compiler_c_o='"yes"'
lt_lt_cv_prog_compiler_c_o_CXX='"yes"'
lt_lt_cv_sys_global_symbol_pipe='"sed -n -e '\''s/^.*[ 	]\\([ABCDGIRSTW][ABCDGIRSTW]*\\)[ 	][ 	]*_\\([_A-Za-z][_A-Za-z0-9]*\\)\$/\\1 _\\2 \\2/p'\''"'
lt_lt_cv_sys_global_symbol_to_c_name_address='"sed -n -e '\''s/^: \\([^ ]*\\) \$/  {\\\"\\1\\\", (lt_ptr) 0},/p'\'' -e '\''s/^[BCDEGRST] \\([^ ]*\\) \\([^ ]*\\)\$/  {\"\\2\", (lt_ptr) \\&\\2},/p'\''"'
lt_lt_cv_sys_global_symbol_to_cdecl='"sed -n -e '\''s/^. .* \\(.*\\)\$/extern int \\1;/p'\''"'

## ----------------- ##
## Output variables. ##
## ----------------- ##

ABSBUILDDIR='/Users/hiruse/Desktop/menu-app/build/Cgl/0.60.9'
ACLOCAL='${SHELL} /Users/hiruse/Desktop/menu-app/Cgl/Cgl/missing --run aclocal-1.9'
ADD_CFLAGS=''
ADD_CXXFLAGS=''
ALWAYS_FALSE_FALSE=''
ALWAYS_FALSE_TRUE='#'
AMDEPBACKSLASH=''
AMDEP_FALSE=''
AMDEP_TRUE='#'
AMTAR='${SHELL} /Users/hiruse/Desktop/menu-app/Cgl/Cgl/missing --run tar'
AR='ar'
AUTOCONF='${SHELL} /Users/hiruse/Desktop/menu-app/Cgl/Cgl/missing --run autoconf'
AUTOHEADER='${SHELL} /Users/hiruse/Desktop/menu-app/Cgl/Cgl/missing --run autoheader'
AUTOMAKE='${SHELL} /Users/hiruse/Desktop/menu-app/Cgl/Cgl/missing --run automake-1.9'
AUX_DIR=''
AWK='awk'
BUILDTOOLSDIR=''
CC='clang'
CCDEPMODE='depmode=none'
CDEFS=''
CFLAGS='-O3 -pipe -DNDEBUG -Wimplicit -Wparentheses -Wsequence-point -Wreturn-type -Wcast-qual -Wall -Wno-unknown-pragmas -Wno-long-long   -DCGL_BUILD'
CGLLIB_CFLAGS='-I/Users/hiruse/cbc/include/coin -I/Users/hiruse/cbc/include/coin -I/Users/hiruse/cbc/include/coin -I/Users/hiruse/cbc/include/coin '
CGLLIB_CFLAGS_INSTALLED=''
CGLLIB_DEPENDENCIES='  '
CGLLIB_LIBS='-L/Users/hiruse/cbc/lib -lOsiClp -lClpSolver -lClp -lOsi -lCoinUtils -lbz2 -lz -lm -L/Users/hiruse/cbc/lib -lClpSolver -lClp -lCoinUtils -lbz2 -lz -lm -L/Users/hiruse/cbc/lib -lOsi -lCoinUtils -lbz2 -lz -lm -L/Users/hiruse/cbc/lib -lCoinUtils -lbz2 -lz -lm '
CGLLIB_LIBS_INSTALLED=''
CGLLIB_PCLIBS=''
CGLLIB_PCREQUIRES='osi-clp clp osi coinutils '
CGL_SUBDIRS=' CglAllDifferent CglClique CglDuplicateRow CglFlowCover CglGMI CglGomory CglKnapsackCover CglLandP CglLiftAndProject CglMixedIntegerRounding CglMixedIntegerRounding2 CglOddHole CglPreProcess CglProbing CglRedSplit CglRedSplit2 CglResidualCapacity CglSimpleRounding CglTwomir CglZeroHalf'
CGL_SUBLIBS=' CglAllDifferent/libCglAllDifferent.la CglClique/libCglClique.la CglDuplicateRow/libCglDuplicateRow.la CglFlowCover/libCglFlowCover.la CglGMI/libCglGMI.la CglGomory/libCglGomory.la CglKnapsackCover/libCglKnapsackCover.la CglLandP/libCglLandP.la CglLiftAndProject/libCglLiftAndProject.la CglMixedIntegerRounding/libCglMixedIntegerRounding.la CglMixedIntegerRounding2/libCglMixedIntegerRounding2.la CglOddHole/libCglOddHole.la CglPreProcess/libCglPreProcess.la CglProbing/libCglProbing.la CglRedSplit/libCglRedSplit.la CglRedSplit2/libCglRedSplit2.la CglResidualCapacity/libCglResidualCapacity.la CglSimpleRounding/libCglSimpleRounding.la CglTwomir/libCglTwomir.la CglZeroHalf/libCglZeroHalf.la'
CGL_SVN_REV=''
CLP_CFLAGS='-I/Users/hiruse/cbc/include/coin'
CLP_CFLAGS_INSTALLED=''
CLP_DATA=''
CLP_DATA_INSTALLED=''
CLP_DEPENDENCIES=''
CLP_LIBS='-L/Users/hiruse/cbc/lib -lClpSolver -lClp -lCoinUtils -lbz2 -lz -lm'
CLP_LIBS_INSTALLED=''
COINUTILS_CFLAGS='-I/Users/hiruse/cbc/include/coin'
COINUTILS_CFLAGS_INSTALLED=''
COINUTILS_DATA=''
COINUTILS_DATA_INSTALLED=''
COINUTILS_DEPENDENCIES=''
COINUTILS_LIBS='-L/Users/hiruse/cbc/lib -lCoinUtils -lbz2 -lz -lm'
COINUTILS_LIBS_INSTALLED=''
COIN_CC_IS_CL_FALSE=''
COIN_CC_IS_CL_TRUE='#'
COIN_CXX_IS_CL_FALSE=''
COIN_CXX_IS_CL_TRUE='#'
COIN_HAS_CLP_FALSE='#'
COIN_HAS_CLP_TRUE=''
COIN_HAS_COINUTILS_FALSE='#'
COIN_HAS_COINUTILS_TRUE=''
COIN_HAS_DOXYGEN_FALSE=''
COIN_HAS_DOXYGEN_TRUE='#'
COIN_HAS_LATEX_FALSE=''
COIN_HAS_LATEX_TRUE='#'
COIN_HAS_OSICLP_FALSE='#'
COIN_HAS_OSICLP_TRUE=''
COIN_HAS_OSICPX_FALSE=''
COIN_HAS_OSICPX_TRUE='#'
COIN_HAS_OSIDYLP_FALSE=''
COIN_HAS_OSIDYLP_TRUE='#'
COIN_HAS_OSIGLPK_FALSE=''
COIN_HAS_OSIGLPK_TRUE='#'
COIN_HAS_OSIMSK_FALSE=''
COIN_HAS_OSIMSK_TRUE='#'
COIN_HAS_OSIVOL_FALSE=''
COIN_HAS_OSIVOL_TRUE='#'
COIN_HAS_OSIXPR_FALSE=''
COIN_HAS_OSIXPR_TRUE='#'
COIN_HAS_OSI_FALSE='#'
COIN_HAS_OSI_TRUE=''
COIN_HAS_PKGCONFIG_FALSE='#'
COIN_HAS_PKGCONFIG_TRUE=''
COIN_HAS_SAMPLE_FALSE='#'
COIN_HAS_SAMPLE_TRUE=''
COIN_PKG_CONFIG_PATH='/Users/hiruse/cbc/lib/pkgconfig:/Users/hiruse/cbc/share/pkgconfig:/Users/hiruse/cbc/lib64/pkgconfig:/Users/hiruse/cbc/lib/pkgconfig:/Users/hiruse/cbc/share/pkgconfig:'
COIN_PKG_CONFIG_PATH_UNINSTALLED='/Users/hiruse/Desktop/menu-app/build/Cgl/0.60.9:/Users/hiruse/Desktop/menu-app/build/Clp/1.17.10:/Users/hiruse/Desktop/menu-app/build/Osi/0.108.11:/Users/hiruse/Desktop/menu-app/build/CoinUtils/2.11.12:/Users/hiruse/Desktop/menu-app/build/Data/miplib3/1.2.9:/Users/hiruse/Desktop/menu-app/build/Data/Sample/1.2.13:'
CPP='clang -E'
CPPFLAGS=''
CXX='clang++'
CXXCPP='clang++ -E'
CXXDEFS=''
CXXDEPMODE='depmode=none'
CXXFLAGS='-O3 -pipe -DNDEBUG -Wparentheses -Wreturn-type -Wcast-qual -Wall -Wpointer-arith -Wwrite-strings -Wconversion -Wno-unknown-pragmas -Wno-long-long   -DCGL_BUILD'
CYGPATH_W='echo'
DBG_CFLAGS='-g -O0 -pipe -Wimplicit -Wparentheses -Wsequence-point -Wreturn-type -Wcast-qual -Wall -Wno-unknown-pragmas -Wno-long-long  '
DBG_CXXFLAGS='-g -O0 -pipe -Wparentheses -Wreturn-type -Wcast-qual -Wall -Wpointer-arith -Wwrite-strings -Wconversion -Wno-unknown-pragmas -Wno-long-long  '
DEFS='-DHAVE_CONFIG_H'
DEPDIR='.deps'
DEPENDENCY_LINKING_FALSE='#'
DEPENDENCY_LINKING_TRUE=''
ECHO='/bin/echo'
ECHO_C='ECHO_N=''
ECHO_T=''
EGREP='grep -E'
EXEEXT=''
F77=''
FFLAGS=''
HAVE_EXTERNALS_FALSE=''
HAVE_EXTERNALS_TRUE='#'
INSTALL_DATA='${INSTALL} -m 644'
INSTALL_PROGRAM='${INSTALL}'
INSTALL_SCRIPT='${INSTALL}'
INSTALL_STRIP_PROGRAM='${SHELL} $(install_sh) -c -s'
LDFLAGS=''
LIBEXT='a'
LIBOBJS=''
LIBS=''
LIBTOOL='$(SHELL) $(top_builddir)/libtool'
LIBTOOLM4=''
LN_S='ln -s'
LTLIBOBJS=''
LT_LDFLAGS=' -no-undefined -version-info 11:9:10'
MAINT='#'
MAINTAINER_MODE_FALSE=''
MAINTAINER_MODE_TRUE='#'
MAKEINFO='${SHELL} /Users/hiruse/Desktop/menu-app/Cgl/Cgl/missing --run makeinfo'
MPICC=''
MPICXX=''
OBJEXT='o'
OPT_CFLAGS='-O3 -pipe -DNDEBUG -Wimplicit -Wparentheses -Wsequence-point -Wreturn-type -Wcast-qual -Wall -Wno-unknown-pragmas -Wno-long-long  '
OPT_CXXFLAGS='-O3 -pipe -DNDEBUG -Wparentheses -Wreturn-type -Wcast-qual -Wall -Wpointer-arith -Wwrite-strings -Wconversion -Wno-unknown-pragmas -Wno-long-long  '
OSICLP_CFLAGS='-I/Users/hiruse/cbc/include/coin'
OSICLP_CFLAGS_INSTALLED=''
OSICLP_DATA=''
OSICLP_DATA_INSTALLED=''
OSICLP_DEPENDENCIES=''
OSICLP_LIBS='-L/Users/hiruse/cbc/lib -lOsiClp -lClpSolver -lClp -lOsi -lCoinUtils -lbz2 -lz -lm'
OSICLP_LIBS_INSTALLED=''
OSICPX_CFLAGS=''
OSICPX_CFLAGS_INSTALLED=''
OSICPX_DATA=''
OSICPX_DATA_INSTALLED=''
OSICPX_DEPENDENCIES=''
OSICPX_LIBS=''
OSICPX_LIBS_INSTALLED=''
OSIDYLP_CFLAGS=''
OSIDYLP_CFLAGS_INSTALLED=''
OSIDYLP_DATA=''
OSIDYLP_DATA_INSTALLED=''
OSIDYLP_DEPENDENCIES=''
OSIDYLP_LIBS=''
OSIDYLP_LIBS_INSTALLED=''
OSIGLPK_CFLAGS=''
OSIGLPK_CFLAGS_INSTALLED=''
OSIGLPK_DATA=''
OSIGLPK_DATA_INSTALLED=''
OSIGLPK_DEPENDENCIES=''
OSIGLPK_LIBS=''
OSIGLPK_LIBS_INSTALLED=''
OSIMSK_CFLAGS=''
OSIMSK_CFLAGS_INSTALLED=''
OSIMSK_DATA=''
OSIMSK_DATA_INSTALLED=''
OSIMSK_DEPENDENCIES=''
OSIMSK_LIBS=''
OSIMSK_LIBS_INSTALLED=''
OSIVOL_CFLAGS=''
OSIVOL_CFLAGS_INSTALLED=''
OSIVOL_DATA=''
OSIVOL_DATA_INSTALLED=''
OSIVOL_DEPENDENCIES=''
OSIVOL_LIBS=''
OSIVOL_LIBS_INSTALLED=''
OSIXPR_CFLAGS=''
OSIXPR_CFLAGS_INSTALLED=''
OSIXPR_DATA=''
OSIXPR_DATA_INSTALLED=''
OSIXPR_DEPENDENCIES=''
OSIXPR_LIBS=''
OSIXPR_LIBS_INSTALLED=''
OSI_CFLAGS='-I/Users/hiruse/cbc/include/coin'
OSI_CFLAGS_INSTALLED=''
OSI_DATA=''
OSI_DATA_INSTALLED=''
OSI_DEPENDENCIES=''
OSI_LIBS='-L/Users/hiruse/cbc/lib -lOsi -lCoinUtils -lbz2 -lz -lm'
OSI_LIBS_INSTALLED=''
PACKAGE='cgl'
PACKAGE_BUGREPORT='cgl@list.coin-or.org'
PACKAGE_NAME='Cgl'
PACKAGE_STRING='Cgl 0.60.9'
PACKAGE_TARNAME='cgl'
PACKAGE_VERSION='0.60.9'
PATH_SEPARATOR=':'
PKG_CONFIG='pkg-config'
RANLIB='ranlib'
RPATH_FLAGS=''
SAMPLE_CFLAGS=''
SAMPLE_CFLAGS_INSTALLED=''
SAMPLE_DATA='/Users/hiruse/cbc/share/coin/Data/Sample'
SAMPLE_DATA_INSTALLED=''
SAMPLE_DEPENDENCIES=' '
SAMPLE_LIBS=''
SAMPLE_LIBS_INSTALLED=''
SET_MAKE=''
SHELL='/bin/sh'
STRIP='strip'
VERSION='0.60.9'
VPATH_DISTCLEANFILES=' test/CglTestData/capPlan1.mps test/CglTestData/l152lav.mps test/CglTestData/egout.mps test/CglTestData/lseu.mps'
abs_bin_dir='/Users/hiruse/cbc/bin'
abs_include_dir='/Users/hiruse/cbc/include'
abs_lib_dir='/Users/hiruse/cbc/lib'
abs_source_dir='/Users/hiruse/Desktop/menu-app/Cgl/Cgl'
ac_c_preproc_warn_flag=''
ac_ct_AR='ar'
ac_ct_CC='clang'
ac_ct_CXX='clang++'
ac_ct_F77=''
ac_ct_PKG_CONFIG='pkg-config'
ac_ct_RANLIB='ranlib'
ac_ct_STRIP='strip'
ac_cxx_preproc_warn_flag=''
am__fastdepCC_FALSE=''
am__fastdepCC_TRUE='#'
am__fastdepCXX_FALSE=''
am__fastdepCXX_TRUE='#'
am__include='include'
am__leading_dot='.'
am__quote=''
am__tar='${AMTAR} chof - "$$tardir"'
am__untar='${AMTAR} xf -'
bindir='${exec_prefix}/bin'
build='x86_64-apple-darwin21.6.0'
build_alias=''
build_cpu='x86_64'
build_os='darwin21.6.0'
build_vendor='apple'
coin_doxy_excludes=''
coin_doxy_logname='doxydoc/cgl_doxy.log'
coin_doxy_tagfiles=' /Users/hiruse/cbc/share/coin/doc/CoinUtils/doxydoc/coinutils_doxy.tag=/Users/hiruse/cbc/share/coin/doc/CoinUtils/doxydoc/html'
coin_doxy_tagname='doxydoc/cgl_doxy.tag'
coin_doxy_usedot='NO'
coin_have_doxygen='no'
coin_have_latex='no'
datadir='${prefix}/share'
dos2unix=''
exec_prefix='${prefix}'
have_autoconf=''
have_automake=''
have_svn=''
have_svnversion='no'
host='x86_64-apple-darwin21.6.0'
host_alias=''
host_cpu='x86_64'
host_os='darwin21.6.0'
host_vendor='apple'
includedir='${prefix}/include'
infodir='${prefix}/info'
install_sh='/Users/hiruse/Desktop/menu-app/Cgl/Cgl/install-sh'
libdir='${exec_prefix}/lib'
libexecdir='${exec_prefix}/libexec'
localstatedir='${prefix}/var'
mandir='${prefix}/man'
mkdir_p='$(install_sh) -d'
oldincludedir='/usr/include'
prefix='/Users/hiruse/cbc'
program_transform_name='s,x,x,'
sbindir='${exec_prefix}/sbin'
sharedstatedir='${prefix}/com'
sol_cc_compiler=''
sysconfdir='${prefix}/etc'
target_alias=''

## ----------- ##
## confdefs.h. ##
## ----------- ##

#define CGL_VERSION "0.60.9"
#define CGL_VERSION_MAJOR 0
#define CGL_VERSION_MINOR 60
#define CGL_VERSION_RELEASE 9
#define COIN_CGL_CHECKLEVEL 0
#define COIN_CGL_VERBOSITY 0
#define COIN_HAS_CLP 1
#define COIN_HAS_COINUTILS 1
#define COIN_HAS_OSI 1
#define COIN_HAS_OSICLP 1
#define COIN_HAS_SAMPLE 1
#define HAVE_CFLOAT 1
#define HAVE_CMATH 1
#define HAVE_DLFCN_H 1
#define HAVE_INTTYPES_H 1
#define HAVE_MEMORY_H 1
#define HAVE_STDINT_H 1
#define HAVE_STDLIB_H 1
#define HAVE_STRINGS_H 1
#define HAVE_STRING_H 1
#define HAVE_SYS_STAT_H 1
#define HAVE_SYS_TYPES_H 1
#define HAVE_UNISTD_H 1
#define PACKAGE "cgl"
#define PACKAGE_BUGREPORT "cgl@list.coin-or.org"
#define PACKAGE_NAME "Cgl"
#define PACKAGE_STRING "Cgl 0.60.9"
#define PACKAGE_TARNAME "cgl"
#define PACKAGE_VERSION "0.60.9"
#define VERSION "0.60.9"
#endif
#ifdef __cplusplus
extern "C" void exit (int);

configure: exit 0
